
Turn 5
================================================================
warning: entity 2 was directed to use 11 halite to move south, but only 0 halite was available
At command 2 of 3:
    1   m 1 o
>>> 2   m 2 s
    3   g


Turn 9
================================================================
warning: entity 6 was directed to use 8 halite to move east, but only 0 halite was available
At command 4 of 5:
    2   m 2 o
    3   m 4 o
>>> 4   m 6 e
    5   g


Turn 11
================================================================
warning: entity 8 was directed to use 13 halite to move west, but only 0 halite was available
At command 4 of 5:
    2   m 2 o
    3   m 4 o
>>> 4   m 8 w
    5   m 6 w

warning: entity 6 was directed to use 16 halite to move west, but only 15 halite was available
At command 5 of 5:
    3   m 4 o
    4   m 8 w
>>> 5   m 6 w


Turn 49
================================================================
warning: entity 2 was directed to use 6 halite to move east, but only 0 halite was available
At command 5 of 5:
    3   m 1 e
    4   m 4 o
>>> 5   m 2 e


Turn 51
================================================================
warning: entity 2 was directed to use 14 halite to move east, but only 12 halite was available
At command 3 of 5:
    1   m 8 o
    2   m 6 e
>>> 3   m 2 e
    4   m 4 w
    5   m 1 s


Turn 57
================================================================
warning: entity 4 was directed to use 5 halite to move east, but only 0 halite was available
At command 5 of 6:
    3   m 8 o
    4   m 6 n
>>> 5   m 4 e
    6   g


Turn 59
================================================================
warning: entity 4 was directed to use 12 halite to move east, but only 11 halite was available
At command 3 of 6:
    1   m 1 o
    2   m 8 e
>>> 3   m 4 e
    4   m 2 o
    5   m 6 n

warning: entity 13 was directed to use 9 halite to move west, but only 0 halite was available
At command 6 of 6:
    4   m 2 o
    5   m 6 n
>>> 6   m 13 w


Turn 62
================================================================
warning: entity 6 was directed to use 7 halite to move west, but only 0 halite was available
At command 3 of 7:
    1   m 2 o
    2   m 8 o
>>> 3   m 6 w
    4   m 4 o
    5   m 1 s


Turn 64
================================================================
warning: entity 15 was directed to use 4 halite to move east, but only 0 halite was available
At command 7 of 7:
    5   m 6 s
    6   m 1 s
>>> 7   m 15 e


Turn 66
================================================================
warning: entity 1 was directed to use 5 halite to move north, but only 0 halite was available
At command 6 of 8:
    4   m 13 o
    5   m 6 o
>>> 6   m 1 n
    7   m 15 s
    8   g

warning: entity 15 was directed to use 24 halite to move south, but only 9 halite was available
At command 7 of 8:
    5   m 6 o
    6   m 1 n
>>> 7   m 15 s
    8   g


Turn 68
================================================================
warning: entity 16 was directed to use 3 halite to move east, but only 0 halite was available
At command 3 of 8:
    1   m 6 s
    2   m 2 o
>>> 3   m 16 e
    4   m 8 o
    5   m 1 o


Turn 70
================================================================
warning: entity 16 was directed to use 10 halite to move east, but only 7 halite was available
At command 2 of 8:
    1   m 2 o
>>> 2   m 16 e
    3   m 8 o
    4   m 4 o


Turn 71
================================================================
warning: entity 15 was directed to use 21 halite to move east, but only 6 halite was available
At command 8 of 8:
    6   m 6 w
    7   m 1 w
>>> 8   m 15 e


Turn 83
================================================================
warning: entity 2 was directed to use 4 halite to move west, but only 0 halite was available
At command 8 of 8:
    6   m 6 o
    7   m 13 o
>>> 8   m 2 w


Turn 85
================================================================
warning: entity 8 was directed to use 2 halite to move east, but only 0 halite was available
At command 1 of 9:
>>> 1   m 8 e
    2   m 16 e
    3   m 15 o

warning: entity 2 was directed to use 8 halite to move west, but only 7 halite was available
At command 8 of 9:
    6   m 1 o
    7   m 4 o
>>> 8   m 2 w
    9   g


Turn 87
================================================================
warning: entity 19 was directed to use 21 halite to move east, but only 0 halite was available
At command 5 of 10:
    3   m 13 n
    4   m 1 s
>>> 5   m 19 e
    6   m 15 o
    7   m 8 e

warning: entity 8 was directed to use 7 halite to move east, but only 5 halite was available
At command 7 of 10:
    5   m 19 e
    6   m 15 o
>>> 7   m 8 e
    8   m 2 w
    9   m 4 w


Turn 89
================================================================
warning: entity 20 was directed to use 4 halite to move east, but only 0 halite was available
At command 6 of 10:
    4   m 6 o
    5   m 13 o
>>> 6   m 20 e
    7   m 19 e
    8   m 8 e

warning: entity 2 was directed to use 15 halite to move north, but only 5 halite was available
At command 10 of 10:
    8   m 8 e
    9   m 4 w
>>> 10   m 2 n


Turn 90
================================================================
warning: entity 19 was directed to use 34 halite to move west, but only 23 halite was available
At command 8 of 10:
    6   m 20 e
    7   m 2 n
>>> 8   m 19 w
    9   m 4 w
    10   m 8 s


Turn 91
================================================================
warning: entity 20 was directed to use 9 halite to move east, but only 8 halite was available
At command 7 of 10:
    5   m 13 o
    6   m 19 e
>>> 7   m 20 e
    8   m 2 o
    9   m 8 s

warning: entity 8 was directed to use 20 halite to move south, but only 12 halite was available
At command 9 of 10:
    7   m 20 e
    8   m 2 o
>>> 9   m 8 s
    10   m 4 s


Turn 93
================================================================
warning: entity 19 was directed to use 48 halite to move north, but only 2 halite was available
At command 7 of 10:
    5   m 13 o
    6   m 2 o
>>> 7   m 19 n
    8   m 20 e
    9   m 8 o


Turn 94
================================================================
warning: entity 20 was directed to use 29 halite to move east, but only 7 halite was available
At command 9 of 11:
    7   m 19 n
    8   m 8 o
>>> 9   m 20 e
    10   m 4 e
    11   g

warning: entity 4 was directed to use 15 halite to move east, but only 0 halite was available
At command 10 of 11:
    8   m 8 o
    9   m 20 e
>>> 10   m 4 e
    11   g


Turn 96
================================================================
warning: entity 22 was directed to use 3 halite to move west, but only 0 halite was available
At command 9 of 11:
    7   m 19 s
    8   m 1 o
>>> 9   m 22 w
    10   m 20 o
    11   m 4 e


Turn 97
================================================================
warning: entity 4 was directed to use 25 halite to move east, but only 14 halite was available
At command 9 of 11:
    7   m 22 w
    8   m 20 e
>>> 9   m 4 e
    10   m 13 o
    11   m 19 o


Turn 99
================================================================
warning: entity 22 was directed to use 14 halite to move west, but only 0 halite was available
At command 8 of 11:
    6   m 19 s
    7   m 20 o
>>> 8   m 22 w
    9   m 15 o
    10   m 16 o

warning: entity 4 was directed to use 82 halite to move south, but only 59 halite was available
At command 11 of 11:
    9   m 15 o
    10   m 16 o
>>> 11   m 4 s


Turn 124
================================================================
warning: entity 20 was directed to use 3 halite to move north, but only 0 halite was available
At command 10 of 11:
    8   m 15 o
    9   m 22 n
>>> 10   m 20 n
    11   m 13 e


Turn 127
================================================================
warning: entity 8 was directed to use 5 halite to move east, but only 0 halite was available
At command 6 of 12:
    4   m 6 o
    5   m 15 w
>>> 6   m 8 e
    7   m 20 e
    8   m 1 o

warning: entity 20 was directed to use 6 halite to move east, but only 4 halite was available
At command 7 of 12:
    5   m 15 w
    6   m 8 e
>>> 7   m 20 e
    8   m 1 o
    9   m 22 w


Turn 130
================================================================
warning: entity 30 was directed to use 2 halite to move east, but only 0 halite was available
At command 13 of 13:
    11   m 16 w
    12   m 15 o
>>> 13   m 30 e


Turn 131
================================================================
warning: entity 8 was directed to use 13 halite to move south, but only 3 halite was available
At command 9 of 13:
    7   m 6 o
    8   m 19 w
>>> 9   m 8 s
    10   m 1 e
    11   m 4 w


Turn 132
================================================================
warning: entity 30 was directed to use 8 halite to move north, but only 5 halite was available
At command 9 of 13:
    7   m 4 w
    8   m 29 e
>>> 9   m 30 n
    10   m 19 n
    11   m 1 e

warning: entity 20 was directed to use 35 halite to move west, but only 11 halite was available
At command 13 of 13:
    11   m 1 e
    12   m 16 w
>>> 13   m 20 w


Turn 133
================================================================
warning: entity 29 was directed to use 4 halite to move east, but only 2 halite was available
At command 8 of 13:
    6   m 20 o
    7   m 16 w
>>> 8   m 29 e
    9   m 8 s
    10   m 19 e

warning: entity 19 was directed to use 2 halite to move east, but only 0 halite was available
At command 10 of 13:
    8   m 29 e
    9   m 8 s
>>> 10   m 19 e
    11   m 13 n
    12   m 4 o


Turn 135
================================================================
warning: entity 13 was directed to use 1 halite to move north, but only 0 halite was available
At command 6 of 13:
    4   m 8 o
    5   m 15 o
>>> 6   m 13 n
    7   m 2 s
    8   m 30 n

warning: entity 19 was directed to use 7 halite to move north, but only 5 halite was available
At command 10 of 13:
    8   m 30 n
    9   m 6 o
>>> 10   m 19 n
    11   m 29 e
    12   m 16 s


Turn 136
================================================================
warning: entity 29 was directed to use 9 halite to move south, but only 7 halite was available
At command 7 of 13:
    5   m 6 o
    6   m 19 e
>>> 7   m 29 s
    8   m 22 n
    9   m 30 n


Turn 137
================================================================
warning: entity 13 was directed to use 6 halite to move west, but only 3 halite was available
At command 10 of 13:
    8   m 19 e
    9   m 2 e
>>> 10   m 13 w
    11   m 22 o
    12   m 30 n


Turn 138
================================================================
warning: entity 19 was directed to use 21 halite to move east, but only 0 halite was available
At command 9 of 13:
    7   m 22 o
    8   m 1 o
>>> 9   m 19 e
    10   m 2 e
    11   m 29 o

warning: entity 4 was directed to use 1 halite to move east, but only 0 halite was available
At command 12 of 13:
    10   m 2 e
    11   m 29 o
>>> 12   m 4 e
    13   m 30 o


Turn 140
================================================================
warning: entity 15 was directed to use 1 halite to move north, but only 0 halite was available
At command 8 of 13:
    6   m 19 e
    7   m 6 e
>>> 8   m 15 n
    9   m 1 e
    10   m 29 n

warning: entity 4 was directed to use 5 halite to move east, but only 4 halite was available
At command 11 of 13:
    9   m 1 e
    10   m 29 n
>>> 11   m 4 e
    12   m 13 n
    13   m 2 s


Turn 142
================================================================
warning: entity 15 was directed to use 4 halite to move west, but only 3 halite was available
At command 7 of 13:
    5   m 20 o
    6   m 13 o
>>> 7   m 15 w
    8   m 4 e
    9   m 6 e

warning: entity 4 was directed to use 18 halite to move east, but only 14 halite was available
At command 8 of 13:
    6   m 13 o
    7   m 15 w
>>> 8   m 4 e
    9   m 6 e
    10   m 29 o

warning: entity 16 was directed to use 1 halite to move east, but only 0 halite was available
At command 11 of 13:
    9   m 6 e
    10   m 29 o
>>> 11   m 16 e
    12   m 19 o
    13   m 1 n


Turn 144
================================================================
warning: entity 1 was directed to use 2 halite to move east, but only 0 halite was available
At command 7 of 14:
    5   m 29 s
    6   m 19 o
>>> 7   m 1 e
    8   m 2 e
    9   m 20 o


Turn 145
================================================================
warning: entity 16 was directed to use 13 halite to move east, but only 1 halite was available
At command 12 of 14:
    10   m 15 w
    11   m 4 e
>>> 12   m 16 e
    13   m 6 n
    14   m 34 s


Turn 146
================================================================
warning: entity 1 was directed to use 15 halite to move east, but only 5 halite was available
At command 10 of 14:
    8   m 4 e
    9   m 22 o
>>> 10   m 1 e
    11   m 19 o
    12   m 15 w


Turn 147
================================================================
warning: entity 34 was directed to use 4 halite to move east, but only 0 halite was available
At command 10 of 14:
    8   m 13 o
    9   m 2 e
>>> 10   m 34 e
    11   m 16 e
    12   m 4 e


Turn 148
================================================================
warning: entity 2 was directed to use 2 halite to move east, but only 0 halite was available
At command 6 of 14:
    4   m 13 o
    5   m 34 e
>>> 6   m 2 e
    7   m 8 o
    8   m 16 e

warning: entity 16 was directed to use 12 halite to move east, but only 10 halite was available
At command 8 of 14:
    6   m 2 e
    7   m 8 o
>>> 8   m 16 e
    9   m 1 e
    10   m 19 e

warning: entity 15 was directed to use 3 halite to move north, but only 1 halite was available
At command 11 of 14:
    9   m 1 e
    10   m 19 e
>>> 11   m 15 n
    12   m 30 s
    13   m 4 o


Turn 149
================================================================
warning: entity 1 was directed to use 62 halite to move east, but only 14 halite was available
At command 13 of 14:
    11   m 19 o
    12   m 34 e
>>> 13   m 1 e
    14   m 6 s


Turn 150
================================================================
warning: entity 2 was directed to use 11 halite to move east, but only 4 halite was available
At command 9 of 15:
    7   m 1 e
    8   m 34 e
>>> 9   m 2 e
    10   m 30 o
    11   m 13 o


Turn 151
================================================================
warning: entity 34 was directed to use 7 halite to move east, but only 1 halite was available
At command 10 of 15:
    8   m 13 o
    9   m 15 w
>>> 10   m 34 e
    11   m 6 e
    12   m 29 s

warning: entity 6 was directed to use 3 halite to move east, but only 0 halite was available
At command 11 of 15:
    9   m 15 w
    10   m 34 e
>>> 11   m 6 e
    12   m 29 s
    13   m 1 e


Turn 153
================================================================
warning: entity 6 was directed to use 9 halite to move east, but only 6 halite was available
At command 8 of 16:
    6   m 15 n
    7   m 29 e
>>> 8   m 6 e
    9   m 8 o
    10   m 1 e

warning: entity 2 was directed to use 46 halite to move east, but only 6 halite was available
At command 14 of 16:
    12   m 34 s
    13   m 16 o
>>> 14   m 2 e
    15   m 36 w
    16   m 38 e

warning: entity 36 was directed to use 3 halite to move west, but only 0 halite was available
At command 15 of 16:
    13   m 16 o
    14   m 2 e
>>> 15   m 36 w
    16   m 38 e


Turn 154
================================================================
warning: entity 38 was directed to use 1 halite to move east, but only 0 halite was available
At command 10 of 17:
    8   m 19 o
    9   m 1 o
>>> 10   m 38 e
    11   m 20 w
    12   m 30 o


Turn 156
================================================================
warning: entity 36 was directed to use 9 halite to move west, but only 7 halite was available
At command 9 of 18:
    7   m 34 o
    8   m 4 o
>>> 9   m 36 w
    10   m 16 o
    11   m 2 e

warning: entity 38 was directed to use 8 halite to move east, but only 3 halite was available
At command 14 of 18:
    12   m 1 o
    13   m 20 w
>>> 14   m 38 e
    15   m 6 e
    16   m 8 w


Turn 157
================================================================
warning: entity 40 was directed to use 3 halite to move east, but only 0 halite was available
At command 14 of 18:
    12   m 38 e
    13   m 2 e
>>> 14   m 40 e
    15   m 20 e
    16   m 6 e


Turn 158
================================================================
warning: entity 6 was directed to use 15 halite to move south, but only 10 halite was available
At command 9 of 19:
    7   m 29 o
    8   m 38 e
>>> 9   m 6 s
    10   m 19 o
    11   m 30 n

