
Turn 5
================================================================
warning: entity 3 was directed to use 68 halite to move north, but only 0 halite was available
At command 2 of 3:
    1   m 1 o
>>> 2   m 3 n
    3   g


Turn 7
================================================================
warning: entity 5 was directed to use 52 halite to move north, but only 0 halite was available
At command 2 of 4:
    1   m 1 o
>>> 2   m 5 n
    3   m 3 o
    4   g


Turn 9
================================================================
warning: entity 6 was directed to use 36 halite to move north, but only 0 halite was available
At command 4 of 5:
    2   m 5 o
    3   m 3 o
>>> 4   m 6 n
    5   g


Turn 11
================================================================
warning: entity 8 was directed to use 51 halite to move west, but only 0 halite was available
At command 5 of 5:
    3   m 5 e
    4   m 6 o
>>> 5   m 8 w


Turn 14
================================================================
warning: entity 8 was directed to use 47 halite to move north, but only 44 halite was available
At command 5 of 5:
    3   m 5 o
    4   m 3 o
>>> 5   m 8 n


Turn 29
================================================================
warning: entity 3 was directed to use 45 halite to move west, but only 0 halite was available
At command 5 of 5:
    3   m 1 o
    4   m 5 s
>>> 5   m 3 w


Turn 39
================================================================
warning: entity 5 was directed to use 34 halite to move south, but only 0 halite was available
At command 5 of 6:
    3   m 1 n
    4   m 3 n
>>> 5   m 5 s
    6   g


Turn 41
================================================================
warning: entity 12 was directed to use 21 halite to move north, but only 0 halite was available
At command 6 of 6:
    4   m 1 s
    5   m 3 o
>>> 6   m 12 n


Turn 43
================================================================
warning: entity 12 was directed to use 41 halite to move north, but only 38 halite was available
At command 4 of 7:
    2   m 6 o
    3   m 8 w
>>> 4   m 12 n
    5   m 1 e
    6   m 5 o

warning: entity 1 was directed to use 25 halite to move east, but only 0 halite was available
At command 5 of 7:
    3   m 8 w
    4   m 12 n
>>> 5   m 1 e
    6   m 5 o
    7   g


Turn 45
================================================================
warning: entity 13 was directed to use 16 halite to move north, but only 0 halite was available
At command 1 of 7:
>>> 1   m 13 n
    2   m 5 o
    3   m 8 o


Turn 47
================================================================
warning: entity 13 was directed to use 31 halite to move north, but only 29 halite was available
At command 1 of 7:
>>> 1   m 13 n
    2   m 5 s
    3   m 8 w


Turn 59
================================================================
warning: entity 8 was directed to use 27 halite to move east, but only 0 halite was available
At command 7 of 8:
    5   m 12 o
    6   m 1 o
>>> 7   m 8 e
    8   g


Turn 61
================================================================
warning: entity 16 was directed to use 19 halite to move north, but only 0 halite was available
At command 8 of 8:
    6   m 3 o
    7   m 8 n
>>> 8   m 16 n


Turn 64
================================================================
warning: entity 16 was directed to use 6 halite to move east, but only 0 halite was available
At command 7 of 8:
    5   m 12 o
    6   m 1 o
>>> 7   m 16 e
    8   m 8 o


Turn 78
================================================================
warning: entity 6 was directed to use 14 halite to move west, but only 0 halite was available
At command 6 of 9:
    4   m 1 o
    5   m 12 w
>>> 6   m 6 w
    7   m 13 o
    8   m 5 o


Turn 80
================================================================
warning: entity 17 was directed to use 12 halite to move west, but only 0 halite was available
At command 8 of 9:
    6   m 5 n
    7   m 1 o
>>> 8   m 17 w
    9   m 13 s


Turn 82
================================================================
warning: entity 17 was directed to use 46 halite to move west, but only 21 halite was available
At command 7 of 9:
    5   m 6 w
    6   m 12 s
>>> 7   m 17 w
    8   m 13 e
    9   m 5 n

warning: entity 13 was directed to use 20 halite to move east, but only 0 halite was available
At command 8 of 9:
    6   m 12 s
    7   m 17 w
>>> 8   m 13 e
    9   m 5 n


Turn 83
================================================================
warning: entity 6 was directed to use 9 halite to move west, but only 8 halite was available
At command 7 of 9:
    5   m 16 o
    6   m 8 o
>>> 7   m 6 w
    8   m 12 s
    9   m 5 o


Turn 84
================================================================
warning: entity 12 was directed to use 8 halite to move west, but only 0 halite was available
At command 6 of 10:
    4   m 6 w
    5   m 5 o
>>> 6   m 12 w
    7   m 1 o
    8   m 17 n


Turn 86
================================================================
warning: entity 20 was directed to use 9 halite to move north, but only 0 halite was available
At command 4 of 11:
    2   m 5 w
    3   m 3 o
>>> 4   m 20 n
    5   m 17 n
    6   m 12 s

warning: entity 12 was directed to use 34 halite to move south, but only 14 halite was available
At command 6 of 11:
    4   m 20 n
    5   m 17 n
>>> 6   m 12 s
    7   m 1 w
    8   m 8 o


Turn 87
================================================================
warning: entity 13 was directed to use 18 halite to move west, but only 16 halite was available
At command 9 of 11:
    7   m 5 e
    8   m 17 o
>>> 9   m 13 w
    10   m 1 e
    11   m 21 e


Turn 88
================================================================
warning: entity 20 was directed to use 34 halite to move west, but only 17 halite was available
At command 8 of 11:
    6   m 16 o
    7   m 12 s
>>> 8   m 20 w
    9   m 5 n
    10   m 1 w

warning: entity 21 was directed to use 15 halite to move north, but only 0 halite was available
At command 11 of 11:
    9   m 5 n
    10   m 1 w
>>> 11   m 21 n


Turn 91
================================================================
warning: entity 5 was directed to use 12 halite to move north, but only 0 halite was available
At command 11 of 12:
    9   m 1 s
    10   m 20 w
>>> 11   m 5 n
    12   g


Turn 93
================================================================
warning: entity 22 was directed to use 11 halite to move east, but only 0 halite was available
At command 5 of 12:
    3   m 12 o
    4   m 8 o
>>> 5   m 22 e
    6   m 21 n
    7   m 17 o

warning: entity 21 was directed to use 15 halite to move north, but only 14 halite was available
At command 6 of 12:
    4   m 8 o
    5   m 22 e
>>> 6   m 21 n
    7   m 17 o
    8   m 5 n


Turn 94
================================================================
warning: entity 5 was directed to use 4 halite to move north, but only 1 halite was available
At command 12 of 12:
    10   m 1 n
    11   m 16 o
>>> 12   m 5 n


Turn 95
================================================================
warning: entity 22 was directed to use 26 halite to move east, but only 21 halite was available
At command 11 of 12:
    9   m 5 n
    10   m 1 n
>>> 11   m 22 e
    12   m 21 n


Turn 97
================================================================
warning: entity 1 was directed to use 6 halite to move west, but only 0 halite was available
At command 10 of 13:
    8   m 8 s
    9   m 22 e
>>> 10   m 1 w
    11   m 20 n
    12   m 21 o


Turn 98
================================================================
warning: entity 5 was directed to use 4 halite to move north, but only 1 halite was available
At command 10 of 13:
    8   m 21 o
    9   m 8 o
>>> 10   m 5 n
    11   m 22 e
    12   m 20 o


Turn 99
================================================================
warning: entity 1 was directed to use 44 halite to move south, but only 11 halite was available
At command 11 of 13:
    9   m 20 o
    10   m 16 o
>>> 11   m 1 s
    12   m 22 e
    13   m 24 w

warning: entity 24 was directed to use 9 halite to move west, but only 0 halite was available
At command 13 of 13:
    11   m 1 s
    12   m 22 e
>>> 13   m 24 w


Turn 100
================================================================
warning: entity 5 was directed to use 17 halite to move south, but only 10 halite was available
At command 12 of 13:
    10   m 3 o
    11   m 17 o
>>> 12   m 5 s
    13   m 22 s


Turn 103
================================================================
warning: entity 24 was directed to use 11 halite to move north, but only 8 halite was available
At command 13 of 13:
    11   m 8 o
    12   m 1 s
>>> 13   m 24 n


Turn 113
================================================================
warning: entity 3 was directed to use 8 halite to move east, but only 0 halite was available
At command 13 of 14:
    11   m 12 o
    12   m 24 e
>>> 13   m 3 e
    14   g


Turn 115
================================================================
warning: entity 26 was directed to use 6 halite to move west, but only 0 halite was available
At command 11 of 14:
    9   m 6 o
    10   m 8 o
>>> 11   m 26 w
    12   m 3 s
    13   m 22 o

warning: entity 3 was directed to use 19 halite to move south, but only 16 halite was available
At command 12 of 14:
    10   m 8 o
    11   m 26 w
>>> 12   m 3 s
    13   m 22 o
    14   m 17 o


Turn 117
================================================================
warning: entity 26 was directed to use 25 halite to move west, but only 12 halite was available
At command 8 of 14:
    6   m 6 o
    7   m 8 o
>>> 8   m 26 w
    9   m 16 o
    10   m 13 o


Turn 123
================================================================
warning: entity 26 was directed to use 2 halite to move north, but only 0 halite was available
At command 14 of 14:
    12   m 16 n
    13   m 24 o
>>> 14   m 26 n


Turn 137
================================================================
warning: entity 16 was directed to use 4 halite to move east, but only 0 halite was available
At command 10 of 15:
    8   m 13 o
    9   m 24 o
>>> 10   m 16 e
    11   m 12 o
    12   m 6 o


Turn 139
================================================================
warning: entity 16 was directed to use 14 halite to move east, but only 9 halite was available
At command 11 of 15:
    9   m 1 o
    10   m 3 o
>>> 11   m 16 e
    12   m 28 w
    13   m 17 o

warning: entity 28 was directed to use 5 halite to move west, but only 0 halite was available
At command 12 of 15:
    10   m 3 o
    11   m 16 e
>>> 12   m 28 w
    13   m 17 o
    14   m 22 o


Turn 141
================================================================
warning: entity 28 was directed to use 19 halite to move west, but only 10 halite was available
At command 14 of 15:
    12   m 16 e
    13   m 1 o
>>> 14   m 28 w
    15   m 8 s


Turn 144
================================================================
warning: entity 28 was directed to use 10 halite to move west, but only 0 halite was available
At command 13 of 15:
    11   m 6 o
    12   m 22 o
>>> 13   m 28 w
    14   m 16 e
    15   m 8 s


Turn 151
================================================================
warning: entity 8 was directed to use 6 halite to move east, but only 0 halite was available
At command 15 of 15:
    13   m 22 o
    14   m 28 n
>>> 15   m 8 e


Turn 153
================================================================
warning: entity 8 was directed to use 21 halite to move east, but only 12 halite was available
At command 14 of 14:
    12   m 24 o
    13   m 3 o
>>> 14   m 8 e


Turn 170
================================================================
warning: entity 13 was directed to use 3 halite to move west, but only 0 halite was available
At command 14 of 15:
    12   m 17 o
    13   m 22 w
>>> 14   m 13 w
    15   g


Turn 172
================================================================
warning: entity 13 was directed to use 14 halite to move west, but only 8 halite was available
At command 13 of 15:
    11   m 5 o
    12   m 21 n
>>> 13   m 13 w
    14   m 22 n
    15   m 34 s

warning: entity 34 was directed to use 3 halite to move south, but only 0 halite was available
At command 15 of 15:
    13   m 13 w
    14   m 22 n
>>> 15   m 34 s


Turn 174
================================================================
warning: entity 34 was directed to use 10 halite to move east, but only 7 halite was available
At command 15 of 15:
    13   m 8 o
    14   m 16 w
>>> 15   m 34 e


Turn 176
================================================================
warning: entity 13 was directed to use 45 halite to move west, but only 22 halite was available
At command 15 of 15:
    13   m 24 w
    14   m 12 w
>>> 15   m 13 w


Turn 178
================================================================
warning: entity 22 was directed to use 2 halite to move east, but only 0 halite was available
At command 9 of 16:
    7   m 26 o
    8   m 8 e
>>> 9   m 22 e
    10   m 16 w
    11   m 34 e


Turn 180
================================================================
warning: entity 22 was directed to use 8 halite to move east, but only 5 halite was available
At command 10 of 16:
    8   m 17 e
    9   m 21 o
>>> 10   m 22 e
    11   m 24 s
    12   m 16 n

warning: entity 35 was directed to use 2 halite to move south, but only 0 halite was available
At command 16 of 16:
    14   m 13 e
    15   m 12 n
>>> 16   m 35 s


Turn 182
================================================================
warning: entity 35 was directed to use 33 halite to move south, but only 5 halite was available
At command 12 of 16:
    10   m 26 o
    11   m 21 o
>>> 12   m 35 s
    13   m 17 e
    14   m 24 s


Turn 186
================================================================
warning: entity 22 was directed to use 5 halite to move south, but only 4 halite was available
At command 7 of 16:
    5   m 13 o
    6   m 1 e
>>> 7   m 22 s
    8   m 17 s
    9   m 8 o

warning: entity 16 was directed to use 1 halite to move north, but only 0 halite was available
At command 10 of 16:
    8   m 17 s
    9   m 8 o
>>> 10   m 16 n
    11   m 21 o
    12   m 20 s


Turn 189
================================================================
warning: entity 16 was directed to use 6 halite to move east, but only 0 halite was available
At command 15 of 16:
    13   m 20 o
    14   m 22 o
>>> 15   m 16 e
    16   m 3 e


Turn 191
================================================================
warning: entity 12 was directed to use 2 halite to move south, but only 0 halite was available
At command 8 of 17:
    6   m 5 o
    7   m 13 o
>>> 8   m 12 s
    9   m 21 o
    10   m 34 o


Turn 192
================================================================
warning: entity 16 was directed to use 11 halite to move east, but only 6 halite was available
At command 13 of 17:
    11   m 20 o
    12   m 26 w
>>> 13   m 16 e
    14   m 35 o
    15   m 1 n


Turn 193
================================================================
warning: entity 12 was directed to use 24 halite to move south, but only 4 halite was available
At command 13 of 17:
    11   m 35 o
    12   m 24 o
>>> 13   m 12 s
    14   m 26 n
    15   m 1 n


Turn 197
================================================================
warning: entity 20 was directed to use 10 halite to move west, but only 3 halite was available
At command 13 of 18:
    11   m 26 o
    12   m 37 e
>>> 13   m 20 w
    14   m 8 n
    15   m 24 s

warning: entity 38 was directed to use 4 halite to move east, but only 0 halite was available
At command 18 of 18:
    16   m 3 n
    17   m 12 s
>>> 18   m 38 e


Turn 199
================================================================
warning: entity 24 was directed to use 1 halite to move west, but only 0 halite was available
At command 11 of 19:
    9   m 8 o
    10   m 3 n
>>> 11   m 24 w
    12   m 21 o
    13   m 38 e

warning: entity 38 was directed to use 16 halite to move east, but only 9 halite was available
At command 13 of 19:
    11   m 24 w
    12   m 21 o
>>> 13   m 38 e
    14   m 5 o
    15   m 20 w

warning: entity 20 was directed to use 23 halite to move west, but only 22 halite was available
At command 15 of 19:
    13   m 38 e
    14   m 5 o
>>> 15   m 20 w
    16   m 17 e
    17   m 1 n


Turn 201
================================================================
warning: entity 24 was directed to use 8 halite to move north, but only 3 halite was available
At command 11 of 19:
    9   m 12 w
    10   m 13 n
>>> 11   m 24 n
    12   m 38 n
    13   m 20 w

warning: entity 39 was directed to use 3 halite to move east, but only 0 halite was available
At command 19 of 19:
    17   m 3 n
    18   m 17 s
>>> 19   m 39 e


Turn 203
================================================================
warning: entity 39 was directed to use 12 halite to move east, but only 7 halite was available
At command 10 of 19:
    8   m 24 w
    9   m 26 w
>>> 10   m 39 e
    11   m 8 o
    12   m 6 o

warning: entity 37 was directed to use 8 halite to move east, but only 4 halite was available
At command 15 of 19:
    13   m 20 w
    14   m 13 o
>>> 15   m 37 e
    16   m 3 o
    17   m 12 o


Turn 204
================================================================
warning: entity 17 was directed to use 6 halite to move west, but only 0 halite was available
At command 13 of 19:
    11   m 22 o
    12   m 34 e
>>> 13   m 17 w
    14   m 21 o
    15   m 1 w

warning: entity 24 was directed to use 7 halite to move west, but only 1 halite was available
At command 16 of 19:
    14   m 21 o
    15   m 1 w
>>> 16   m 24 w
    17   m 26 e
    18   m 20 w


Turn 206
================================================================
warning: entity 17 was directed to use 17 halite to move west, but only 11 halite was available
At command 14 of 19:
    12   m 16 e
    13   m 37 e
>>> 14   m 17 w
    15   m 24 w
    16   m 20 n

warning: entity 1 was directed to use 21 halite to move west, but only 0 halite was available
At command 18 of 19:
    16   m 20 n
    17   m 39 s
>>> 18   m 1 w
    19   m 3 w


Turn 207
================================================================
warning: entity 39 was directed to use 12 halite to move north, but only 5 halite was available
At command 8 of 20:
    6   m 17 w
    7   m 1 w
>>> 8   m 39 n
    9   m 8 o
    10   m 12 s


Turn 208
================================================================
warning: entity 3 was directed to use 18 halite to move west, but only 0 halite was available
At command 18 of 19:
    16   m 16 e
    17   m 24 w
>>> 18   m 3 w
    19   m 42 w


Turn 210
================================================================
warning: entity 42 was directed to use 15 halite to move west, but only 0 halite was available
At command 19 of 20:
    17   m 35 s
    18   m 17 w
>>> 19   m 42 w
    20   m 44 w


Turn 212
================================================================
warning: entity 42 was directed to use 126 halite to move west, but only 29 halite was available
At command 13 of 21:
    11   m 26 o
    12   m 21 w
>>> 13   m 42 w
    14   m 17 w
    15   m 5 e

warning: entity 44 was directed to use 4 halite to move west, but only 0 halite was available
At command 20 of 21:
    18   m 39 n
    19   m 35 o
>>> 20   m 44 w
    21   m 45 w


Turn 214
================================================================
warning: entity 44 was directed to use 13 halite to move west, but only 9 halite was available
At command 16 of 21:
    14   m 21 w
    15   m 42 n
>>> 16   m 44 w
    17   m 17 w
    18   m 5 w


Turn 215
================================================================
warning: entity 46 was directed to use 2 halite to move east, but only 0 halite was available
At command 19 of 21:
    17   m 42 w
    18   m 17 o
>>> 19   m 46 e
    20   m 5 e
    21   m 6 s


Turn 217
================================================================
warning: entity 46 was directed to use 9 halite to move east, but only 6 halite was available
At command 17 of 21:
    15   m 45 w
    16   m 17 o
>>> 17   m 46 e
    18   m 44 w
    19   m 21 s


Turn 218
================================================================
warning: entity 45 was directed to use 5 halite to move west, but only 0 halite was available
At command 17 of 21:
    15   m 20 o
    16   m 12 o
>>> 17   m 45 w
    18   m 44 w
    19   m 5 e


Turn 222
================================================================
warning: entity 46 was directed to use 6 halite to move south, but only 4 halite was available
At command 19 of 21:
    17   m 6 s
    18   m 42 o
>>> 19   m 46 s
    20   m 44 o
    21   m 21 s


Turn 227
================================================================
warning: entity 6 was directed to use 14 halite to move south, but only 0 halite was available
At command 15 of 22:
    13   m 26 o
    14   m 13 o
>>> 15   m 6 s
    16   m 42 o
    17   m 17 o


Turn 228
================================================================
warning: entity 47 was directed to use 1 halite to move east, but only 0 halite was available
At command 22 of 22:
    20   m 5 s
    21   m 21 s
>>> 22   m 47 e


Turn 230
================================================================
warning: entity 47 was directed to use 6 halite to move east, but only 4 halite was available
At command 19 of 22:
    17   m 46 e
    18   m 6 s
>>> 19   m 47 e
    20   m 16 w
    21   m 5 s


Turn 233
================================================================
warning: entity 21 was directed to use 2 halite to move west, but only 0 halite was available
At command 21 of 22:
    19   m 38 o
    20   m 47 e
>>> 21   m 21 w
    22   m 5 s


Turn 234
================================================================
warning: entity 47 was directed to use 8 halite to move west, but only 1 halite was available
At command 22 of 22:
    20   m 17 o
    21   m 46 s
>>> 22   m 47 w


Turn 235
================================================================
warning: entity 21 was directed to use 9 halite to move west, but only 5 halite was available
At command 21 of 22:
    19   m 39 o
    20   m 8 o
>>> 21   m 21 w
    22   m 5 n


Turn 236
================================================================
warning: entity 5 was directed to use 3 halite to move east, but only 0 halite was available
At command 22 of 22:
    20   m 12 o
    21   m 47 n
>>> 22   m 5 e


Turn 238
================================================================
warning: entity 5 was directed to use 34 halite to move north, but only 8 halite was available
At command 16 of 21:
    14   m 39 s
    15   m 6 s
>>> 16   m 5 n
    17   m 45 o
    18   m 26 o


Turn 243
================================================================
warning: entity 5 was directed to use 27 halite to move north, but only 26 halite was available
At command 20 of 20:
    18   m 45 o
    19   m 38 w
>>> 20   m 5 n


Turn 259
================================================================
warning: entity 17 was directed to use 11 halite to move south, but only 0 halite was available
At command 17 of 20:
    15   m 37 o
    16   m 34 w
>>> 17   m 17 s
    18   m 12 n
    19   m 45 o


Turn 268
================================================================
warning: entity 34 was directed to use 2 halite to move west, but only 0 halite was available
At command 15 of 20:
    13   m 35 o
    14   m 26 e
>>> 15   m 34 w
    16   m 44 o
    17   m 22 w


Turn 272
================================================================
warning: entity 12 was directed to use 1 halite to move east, but only 0 halite was available
At command 18 of 20:
    16   m 39 o
    17   m 34 n
>>> 18   m 12 e
    19   m 20 e
    20   m 22 w


Turn 273
================================================================
warning: entity 34 was directed to use 10 halite to move north, but only 3 halite was available
At command 20 of 20:
    18   m 13 o
    19   m 45 o
>>> 20   m 34 n


Turn 274
================================================================
warning: entity 12 was directed to use 6 halite to move east, but only 3 halite was available
At command 18 of 20:
    16   m 17 o
    17   m 42 o
>>> 18   m 12 e
    19   m 26 w
    20   m 8 s

warning: entity 26 was directed to use 1 halite to move west, but only 0 halite was available
At command 19 of 20:
    17   m 42 o
    18   m 12 e
>>> 19   m 26 w
    20   m 8 s


Turn 276
================================================================
warning: entity 26 was directed to use 8 halite to move east, but only 3 halite was available
At command 11 of 20:
    9   m 6 o
    10   m 46 o
>>> 11   m 26 e
    12   m 38 o
    13   m 35 n

warning: entity 34 was directed to use 16 halite to move north, but only 15 halite was available
At command 19 of 20:
    17   m 8 s
    18   m 20 w
>>> 19   m 34 n
    20   m 24 s


Turn 277
================================================================
warning: entity 24 was directed to use 8 halite to move south, but only 0 halite was available
At command 14 of 20:
    12   m 34 n
    13   m 12 e
>>> 14   m 24 s
    15   m 16 o
    16   m 13 n


Turn 278
================================================================
warning: entity 13 was directed to use 1 halite to move west, but only 0 halite was available
At command 7 of 20:
    5   m 16 o
    6   m 46 w
>>> 7   m 13 w
    8   m 38 o
    9   m 5 o


Turn 280
================================================================
warning: entity 13 was directed to use 6 halite to move west, but only 3 halite was available
At command 11 of 20:
    9   m 42 o
    10   m 38 n
>>> 11   m 13 w
    12   m 22 n
    13   m 45 o


Turn 281
================================================================
warning: entity 26 was directed to use 7 halite to move north, but only 4 halite was available
At command 18 of 20:
    16   m 35 o
    17   m 8 s
>>> 18   m 26 n
    19   m 20 w
    20   m 34 o


Turn 285
================================================================
warning: entity 13 was directed to use 5 halite to move north, but only 1 halite was available
At command 18 of 20:
    16   m 17 o
    17   m 22 o
>>> 18   m 13 n
    19   m 8 s
    20   m 26 n


Turn 289
================================================================
warning: entity 8 was directed to use 4 halite to move north, but only 0 halite was available
At command 19 of 19:
    17   m 5 o
    18   m 22 s
>>> 19   m 8 n


Turn 292
================================================================
warning: entity 35 was directed to use 1 halite to move east, but only 0 halite was available
At command 17 of 19:
    15   m 8 w
    16   m 20 o
>>> 17   m 35 e
    18   m 42 w
    19   m 22 n


Turn 294
================================================================
warning: entity 8 was directed to use 4 halite to move north, but only 0 halite was available
At command 14 of 19:
    12   m 5 o
    13   m 12 o
>>> 14   m 8 n
    15   m 35 n
    16   m 22 n


Turn 296
================================================================
warning: entity 35 was directed to use 5 halite to move north, but only 2 halite was available
At command 18 of 19:
    16   m 26 o
    17   m 38 w
>>> 18   m 35 n
    19   m 42 w


Turn 297
================================================================
warning: entity 22 was directed to use 13 halite to move west, but only 0 halite was available
At command 15 of 19:
    13   m 20 n
    14   m 6 e
>>> 15   m 22 w
    16   m 8 n
    17   m 44 w


Turn 298
================================================================
warning: entity 8 was directed to use 7 halite to move north, but only 1 halite was available
At command 17 of 19:
    15   m 20 n
    16   m 6 o
>>> 17   m 8 n
    18   m 44 w
    19   m 38 e


Turn 299
================================================================
warning: entity 20 was directed to use 5 halite to move north, but only 0 halite was available
At command 18 of 19:
    16   m 22 w
    17   m 35 n
>>> 18   m 20 n
    19   m 44 w


Turn 303
================================================================
warning: entity 35 was directed to use 5 halite to move east, but only 1 halite was available
At command 19 of 19:
    17   m 38 s
    18   m 22 w
>>> 19   m 35 e


Turn 309
================================================================
warning: entity 42 was directed to use 1 halite to move north, but only 0 halite was available
At command 19 of 19:
    17   m 17 o
    18   m 38 s
>>> 19   m 42 n


Turn 312
================================================================
warning: entity 42 was directed to use 8 halite to move north, but only 1 halite was available
At command 18 of 19:
    16   m 38 s
    17   m 22 o
>>> 18   m 42 n
    19   m 45 o


Turn 314
================================================================
warning: entity 42 was directed to use 21 halite to move west, but only 17 halite was available
At command 18 of 19:
    16   m 44 w
    17   m 12 o
>>> 18   m 42 w
    19   m 17 o


Turn 320
================================================================
warning: entity 38 was directed to use 3 halite to move west, but only 0 halite was available
At command 16 of 19:
    14   m 44 s
    15   m 20 o
>>> 16   m 38 w
    17   m 12 n
    18   m 39 w


Turn 326
================================================================
warning: entity 38 was directed to use 7 halite to move north, but only 6 halite was available
At command 12 of 18:
    10   m 45 w
    11   m 13 o
>>> 12   m 38 n
    13   m 5 s
    14   m 26 o


Turn 338
================================================================
warning: entity 5 was directed to use 4 halite to move east, but only 0 halite was available
At command 17 of 18:
    15   m 44 s
    16   m 16 w
>>> 17   m 5 e
    18   m 45 w


Turn 343
================================================================
warning: entity 5 was directed to use 4 halite to move south, but only 1 halite was available
At command 15 of 18:
    13   m 46 n
    14   m 34 o
>>> 15   m 5 s
    16   m 39 n
    17   m 35 o


Turn 352
================================================================
warning: entity 45 was directed to use 1 halite to move south, but only 0 halite was available
At command 15 of 18:
    13   m 26 e
    14   m 44 o
>>> 15   m 45 s
    16   m 46 n
    17   m 6 s


Turn 354
================================================================
warning: entity 45 was directed to use 6 halite to move east, but only 3 halite was available
At command 11 of 18:
    9   m 5 o
    10   m 42 o
>>> 11   m 45 e
    12   m 39 s
    13   m 24 o


Turn 357
================================================================
warning: entity 6 was directed to use 1 halite to move south, but only 0 halite was available
At command 14 of 18:
    12   m 44 o
    13   m 24 o
>>> 14   m 6 s
    15   m 45 e
    16   m 39 s


Turn 358
================================================================
warning: entity 16 was directed to use 4 halite to move east, but only 0 halite was available
At command 17 of 18:
    15   m 45 e
    16   m 39 o
>>> 17   m 16 e
    18   m 26 s


Turn 369
================================================================
warning: entity 46 was directed to use 3 halite to move south, but only 0 halite was available
At command 13 of 18:
    11   m 35 o
    12   m 45 o
>>> 13   m 46 s
    14   m 38 o
    15   m 5 o


Turn 387
================================================================
warning: entity 34 was directed to use 2 halite to move west, but only 0 halite was available
At command 17 of 17:
    15   m 8 n
    16   m 17 s
>>> 17   m 34 w

