
Turn 5
================================================================
warning: entity 3 was directed to use 44 halite to move south, but only 0 halite was available
At command 2 of 3:
    1   m 1 o
>>> 2   m 3 s
    3   g


Turn 7
================================================================
warning: entity 4 was directed to use 70 halite to move west, but only 0 halite was available
At command 3 of 4:
    1   m 1 o
    2   m 3 o
>>> 3   m 4 w
    4   g


Turn 9
================================================================
warning: entity 6 was directed to use 45 halite to move west, but only 0 halite was available
At command 4 of 5:
    2   m 3 o
    3   m 4 n
>>> 4   m 6 w
    5   g


Turn 22
================================================================
warning: entity 1 was directed to use 49 halite to move east, but only 0 halite was available
At command 5 of 5:
    3   m 4 w
    4   m 3 o
>>> 5   m 1 e


Turn 29
================================================================
warning: entity 3 was directed to use 34 halite to move west, but only 0 halite was available
At command 4 of 6:
    2   m 1 o
    3   m 8 e
>>> 4   m 3 w
    5   m 6 w
    6   g


Turn 31
================================================================
warning: entity 10 was directed to use 37 halite to move south, but only 0 halite was available
At command 1 of 6:
>>> 1   m 10 s
    2   m 1 o
    3   m 4 s


Turn 32
================================================================
warning: entity 3 was directed to use 36 halite to move west, but only 28 halite was available
At command 4 of 6:
    2   m 1 o
    3   m 6 o
>>> 4   m 3 w
    5   m 4 s
    6   m 8 n


Turn 38
================================================================
warning: entity 11 was directed to use 25 halite to move south, but only 0 halite was available
At command 3 of 7:
    1   m 6 o
    2   m 10 o
>>> 3   m 11 s
    4   m 3 o
    5   m 1 o


Turn 40
================================================================
warning: entity 11 was directed to use 51 halite to move south, but only 46 halite was available
At command 3 of 7:
    1   m 6 o
    2   m 10 o
>>> 3   m 11 s
    4   m 3 e
    5   m 8 o


Turn 41
================================================================
warning: entity 4 was directed to use 18 halite to move east, but only 0 halite was available
At command 7 of 8:
    5   m 8 o
    6   m 1 w
>>> 7   m 4 e
    8   g


Turn 43
================================================================
warning: entity 14 was directed to use 19 halite to move west, but only 0 halite was available
At command 1 of 8:
>>> 1   m 14 w
    2   m 6 n
    3   m 10 s

warning: entity 4 was directed to use 36 halite to move east, but only 34 halite was available
At command 8 of 8:
    6   m 8 o
    7   m 1 w
>>> 8   m 4 e


Turn 46
================================================================
warning: entity 14 was directed to use 52 halite to move east, but only 0 halite was available
At command 4 of 8:
    2   m 3 o
    3   m 1 w
>>> 4   m 14 e
    5   m 6 o
    6   m 10 o


Turn 47
================================================================
warning: entity 4 was directed to use 55 halite to move east, but only 33 halite was available
At command 6 of 8:
    4   m 6 o
    5   m 10 o
>>> 6   m 4 e
    7   m 1 w
    8   m 8 e


Turn 48
================================================================
warning: entity 1 was directed to use 14 halite to move west, but only 0 halite was available
At command 7 of 8:
    5   m 3 n
    6   m 11 o
>>> 7   m 1 w
    8   m 8 s


Turn 50
================================================================
warning: entity 6 was directed to use 7 halite to move east, but only 0 halite was available
At command 5 of 9:
    3   m 3 e
    4   m 11 o
>>> 5   m 6 e
    6   m 14 e
    7   m 1 n

warning: entity 1 was directed to use 33 halite to move north, but only 26 halite was available
At command 7 of 9:
    5   m 6 e
    6   m 14 e
>>> 7   m 1 n
    8   m 8 o
    9   g


Turn 51
================================================================
warning: entity 14 was directed to use 22 halite to move west, but only 10 halite was available
At command 5 of 9:
    3   m 3 e
    4   m 11 o
>>> 5   m 14 w
    6   m 6 e
    7   m 17 w


Turn 52
================================================================
warning: entity 6 was directed to use 33 halite to move south, but only 15 halite was available
At command 3 of 10:
    1   m 11 o
    2   m 14 e
>>> 3   m 6 s
    4   m 8 o
    5   m 1 w

warning: entity 17 was directed to use 10 halite to move west, but only 0 halite was available
At command 9 of 10:
    7   m 4 e
    8   m 3 n
>>> 9   m 17 w
    10   g


Turn 54
================================================================
warning: entity 17 was directed to use 25 halite to move west, but only 19 halite was available
At command 7 of 10:
    5   m 6 e
    6   m 3 s
>>> 7   m 17 w
    8   m 1 n
    9   m 10 s

warning: entity 18 was directed to use 2 halite to move west, but only 0 halite was available
At command 10 of 10:
    8   m 1 n
    9   m 10 s
>>> 10   m 18 w


Turn 55
================================================================
warning: entity 1 was directed to use 18 halite to move south, but only 15 halite was available
At command 10 of 10:
    8   m 11 e
    9   m 6 o
>>> 10   m 1 s


Turn 56
================================================================
warning: entity 18 was directed to use 38 halite to move west, but only 5 halite was available
At command 7 of 10:
    5   m 1 o
    6   m 3 w
>>> 7   m 18 w
    8   m 17 w
    9   m 10 s


Turn 57
================================================================
warning: entity 3 was directed to use 8 halite to move west, but only 0 halite was available
At command 5 of 11:
    3   m 18 w
    4   m 11 o
>>> 5   m 3 w
    6   m 8 o
    7   m 6 s


Turn 59
================================================================
warning: entity 3 was directed to use 18 halite to move west, but only 15 halite was available
At command 7 of 11:
    5   m 6 o
    6   m 8 e
>>> 7   m 3 w
    8   m 18 w
    9   m 4 s

warning: entity 20 was directed to use 39 halite to move west, but only 0 halite was available
At command 11 of 11:
    9   m 4 s
    10   m 17 o
>>> 11   m 20 w


Turn 62
================================================================
warning: entity 20 was directed to use 13 halite to move north, but only 1 halite was available
At command 11 of 11:
    9   m 14 w
    10   m 3 w
>>> 11   m 20 n


Turn 65
================================================================
warning: entity 20 was directed to use 38 halite to move north, but only 9 halite was available
At command 10 of 11:
    8   m 18 s
    9   m 4 o
>>> 10   m 20 n
    11   m 8 o


Turn 72
================================================================
warning: entity 11 was directed to use 6 halite to move west, but only 0 halite was available
At command 10 of 11:
    8   m 3 o
    9   m 8 o
>>> 10   m 11 w
    11   m 10 n


Turn 74
================================================================
warning: entity 11 was directed to use 14 halite to move west, but only 11 halite was available
At command 10 of 12:
    8   m 3 o
    9   m 8 o
>>> 10   m 11 w
    11   m 10 e
    12   g

warning: entity 10 was directed to use 29 halite to move east, but only 0 halite was available
At command 11 of 12:
    9   m 8 o
    10   m 11 w
>>> 11   m 10 e
    12   g


Turn 76
================================================================
warning: entity 24 was directed to use 4 halite to move west, but only 0 halite was available
At command 12 of 12:
    10   m 11 s
    11   m 6 e
>>> 12   m 24 w


Turn 77
================================================================
warning: entity 10 was directed to use 38 halite to move north, but only 26 halite was available
At command 9 of 12:
    7   m 20 o
    8   m 24 w
>>> 9   m 10 n
    10   m 11 s
    11   m 14 o

warning: entity 11 was directed to use 22 halite to move south, but only 15 halite was available
At command 10 of 12:
    8   m 24 w
    9   m 10 n
>>> 10   m 11 s
    11   m 14 o
    12   m 6 o


Turn 78
================================================================
warning: entity 24 was directed to use 10 halite to move south, but only 9 halite was available
At command 11 of 12:
    9   m 14 o
    10   m 6 e
>>> 11   m 24 s
    12   m 17 o


Turn 80
================================================================
warning: entity 11 was directed to use 41 halite to move south, but only 29 halite was available
At command 7 of 12:
    5   m 1 o
    6   m 6 o
>>> 7   m 11 s
    8   m 10 n
    9   m 4 o


Turn 81
================================================================
warning: entity 24 was directed to use 17 halite to move south, but only 7 halite was available
At command 11 of 12:
    9   m 18 o
    10   m 17 o
>>> 11   m 24 s
    12   m 10 n


Turn 100
================================================================
warning: entity 8 was directed to use 5 halite to move east, but only 0 halite was available
At command 10 of 12:
    8   m 14 e
    9   m 17 o
>>> 10   m 8 e
    11   m 10 o
    12   m 4 o


Turn 102
================================================================
warning: entity 8 was directed to use 24 halite to move south, but only 11 halite was available
At command 9 of 12:
    7   m 6 o
    8   m 18 e
>>> 9   m 8 s
    10   m 1 o
    11   m 3 s

warning: entity 3 was directed to use 2 halite to move south, but only 0 halite was available
At command 11 of 12:
    9   m 8 s
    10   m 1 o
>>> 11   m 3 s
    12   m 14 s


Turn 104
================================================================
warning: entity 3 was directed to use 29 halite to move south, but only 5 halite was available
At command 7 of 13:
    5   m 1 e
    6   m 24 o
>>> 7   m 3 s
    8   m 14 o
    9   m 4 e

warning: entity 4 was directed to use 12 halite to move east, but only 0 halite was available
At command 9 of 13:
    7   m 3 s
    8   m 14 o
>>> 9   m 4 e
    10   m 17 s
    11   m 8 s


Turn 106
================================================================
warning: entity 4 was directed to use 27 halite to move east, but only 22 halite was available
At command 9 of 14:
    7   m 3 s
    8   m 6 w
>>> 9   m 4 e
    10   m 1 e
    11   m 17 w

warning: entity 28 was directed to use 4 halite to move east, but only 0 halite was available
At command 13 of 14:
    11   m 17 w
    12   m 8 o
>>> 13   m 28 e
    14   g


Turn 108
================================================================
warning: entity 28 was directed to use 31 halite to move south, but only 8 halite was available
At command 6 of 14:
    4   m 17 o
    5   m 14 s
>>> 6   m 28 s
    7   m 8 s
    8   m 3 e

warning: entity 3 was directed to use 14 halite to move east, but only 0 halite was available
At command 8 of 14:
    6   m 28 s
    7   m 8 s
>>> 8   m 3 e
    9   m 18 e
    10   m 24 o

warning: entity 29 was directed to use 1 halite to move south, but only 0 halite was available
At command 14 of 14:
    12   m 1 s
    13   m 6 w
>>> 14   m 29 s


Turn 111
================================================================
warning: entity 4 was directed to use 11 halite to move north, but only 5 halite was available
At command 9 of 15:
    7   m 18 w
    8   m 6 w
>>> 9   m 4 n
    10   m 10 o
    11   m 3 s

warning: entity 3 was directed to use 25 halite to move south, but only 15 halite was available
At command 11 of 15:
    9   m 4 n
    10   m 10 o
>>> 11   m 3 s
    12   m 11 e
    13   m 1 e


Turn 113
================================================================
warning: entity 14 was directed to use 23 halite to move south, but only 13 halite was available
At command 13 of 15:
    11   m 18 e
    12   m 29 s
>>> 13   m 14 s
    14   m 28 s
    15   m 11 e


Turn 114
================================================================
warning: entity 29 was directed to use 60 halite to move south, but only 3 halite was available
At command 13 of 15:
    11   m 4 o
    12   m 18 n
>>> 13   m 29 s
    14   m 28 s
    15   m 11 e

warning: entity 28 was directed to use 26 halite to move south, but only 12 halite was available
At command 14 of 15:
    12   m 18 n
    13   m 29 s
>>> 14   m 28 s
    15   m 11 e


Turn 115
================================================================
warning: entity 6 was directed to use 1 halite to move south, but only 0 halite was available
At command 13 of 16:
    11   m 28 s
    12   m 11 e
>>> 13   m 6 s
    14   m 14 s
    15   m 18 o


Turn 117
================================================================
warning: entity 31 was directed to use 1 halite to move south, but only 0 halite was available
At command 6 of 16:
    4   m 11 e
    5   m 17 e
>>> 6   m 31 s
    7   m 24 o
    8   m 3 o

warning: entity 6 was directed to use 18 halite to move south, but only 4 halite was available
At command 9 of 16:
    7   m 24 o
    8   m 3 o
>>> 9   m 6 s
    10   m 20 o
    11   m 30 e


Turn 118
================================================================
warning: entity 14 was directed to use 31 halite to move south, but only 2 halite was available
At command 12 of 16:
    10   m 8 o
    11   m 1 o
>>> 12   m 14 s
    13   m 18 e
    14   m 11 n

warning: entity 30 was directed to use 28 halite to move east, but only 24 halite was available
At command 16 of 16:
    14   m 11 n
    15   m 17 e
>>> 16   m 30 e


Turn 119
================================================================
warning: entity 31 was directed to use 21 halite to move south, but only 4 halite was available
At command 8 of 16:
    6   m 14 s
    7   m 30 e
>>> 8   m 31 s
    9   m 6 s
    10   m 24 n

warning: entity 18 was directed to use 1 halite to move south, but only 0 halite was available
At command 14 of 16:
    12   m 4 o
    13   m 20 e
>>> 14   m 18 s
    15   m 11 n
    16   m 17 e


Turn 121
================================================================
warning: entity 1 was directed to use 2 halite to move south, but only 0 halite was available
At command 7 of 16:
    5   m 29 s
    6   m 24 o
>>> 7   m 1 s
    8   m 3 o
    9   m 11 n

warning: entity 6 was directed to use 36 halite to move south, but only 1 halite was available
At command 10 of 16:
    8   m 3 o
    9   m 11 n
>>> 10   m 6 s
    11   m 31 s
    12   m 18 s

warning: entity 18 was directed to use 17 halite to move south, but only 4 halite was available
At command 12 of 16:
    10   m 6 s
    11   m 31 s
>>> 12   m 18 s
    13   m 14 s
    14   m 30 s


Turn 122
================================================================
warning: entity 31 was directed to use 34 halite to move west, but only 20 halite was available
At command 13 of 17:
    11   m 29 w
    12   m 11 n
>>> 13   m 31 w
    14   m 30 e
    15   m 20 s

warning: entity 30 was directed to use 49 halite to move east, but only 40 halite was available
At command 14 of 17:
    12   m 11 n
    13   m 31 w
>>> 14   m 30 e
    15   m 20 s
    16   m 17 e


Turn 123
================================================================
warning: entity 1 was directed to use 20 halite to move east, but only 5 halite was available
At command 11 of 17:
    9   m 4 o
    10   m 24 n
>>> 11   m 1 e
    12   m 6 s
    13   m 8 s


Turn 124
================================================================
warning: entity 33 was directed to use 2 halite to move north, but only 0 halite was available
At command 17 of 17:
    15   m 8 o
    16   m 20 s
>>> 17   m 33 n


Turn 126
================================================================
warning: entity 33 was directed to use 15 halite to move east, but only 5 halite was available
At command 10 of 18:
    8   m 3 o
    9   m 30 e
>>> 10   m 33 e
    11   m 1 n
    12   m 31 s


Turn 127
================================================================
warning: entity 1 was directed to use 20 halite to move north, but only 3 halite was available
At command 11 of 18:
    9   m 24 w
    10   m 29 w
>>> 11   m 1 n
    12   m 6 s
    13   m 8 o

warning: entity 11 was directed to use 13 halite to move south, but only 0 halite was available
At command 16 of 18:
    14   m 31 o
    15   m 17 o
>>> 16   m 11 s
    17   m 20 s
    18   m 36 e


Turn 128
================================================================
warning: entity 6 was directed to use 38 halite to move south, but only 22 halite was available
At command 10 of 18:
    8   m 17 s
    9   m 11 s
>>> 10   m 6 s
    11   m 29 w
    12   m 30 s


Turn 129
================================================================
warning: entity 33 was directed to use 18 halite to move north, but only 14 halite was available
At command 17 of 18:
    15   m 30 o
    16   m 4 w
>>> 17   m 33 n
    18   m 36 n

warning: entity 36 was directed to use 13 halite to move north, but only 0 halite was available
At command 18 of 18:
    16   m 4 w
    17   m 33 n
>>> 18   m 36 n


Turn 131
================================================================
warning: entity 17 was directed to use 11 halite to move north, but only 0 halite was available
At command 11 of 18:
    9   m 18 s
    10   m 14 o
>>> 11   m 17 n
    12   m 31 o
    13   m 33 n


Turn 132
================================================================
warning: entity 11 was directed to use 16 halite to move south, but only 1 halite was available
At command 13 of 18:
    11   m 29 o
    12   m 4 w
>>> 13   m 11 s
    14   m 33 n
    15   m 36 n

warning: entity 36 was directed to use 13 halite to move north, but only 4 halite was available
At command 15 of 18:
    13   m 11 s
    14   m 33 n
>>> 15   m 36 n
    16   m 1 o
    17   m 20 n

warning: entity 20 was directed to use 1 halite to move north, but only 0 halite was available
At command 17 of 18:
    15   m 36 n
    16   m 1 o
>>> 17   m 20 n
    18   m 3 n


Turn 134
================================================================
warning: entity 20 was directed to use 8 halite to move north, but only 3 halite was available
At command 15 of 18:
    13   m 8 o
    14   m 11 s
>>> 15   m 20 n
    16   m 33 o
    17   m 24 n


Turn 136
================================================================
warning: entity 36 was directed to use 15 halite to move north, but only 6 halite was available
At command 17 of 19:
    15   m 20 e
    16   m 33 o
>>> 17   m 36 n
    18   m 24 s
    19   g

warning: entity 24 was directed to use 1 halite to move south, but only 0 halite was available
At command 18 of 19:
    16   m 33 o
    17   m 36 n
>>> 18   m 24 s
    19   g


Turn 137
================================================================
warning: entity 20 was directed to use 28 halite to move north, but only 3 halite was available
At command 18 of 19:
    16   m 8 e
    17   m 17 w
>>> 18   m 20 n
    19   m 38 e


Turn 140
================================================================
warning: entity 17 was directed to use 11 halite to move east, but only 4 halite was available
At command 14 of 20:
    12   m 14 o
    13   m 31 o
>>> 14   m 17 e
    15   m 36 e
    16   m 24 s


Turn 141
================================================================
warning: entity 24 was directed to use 26 halite to move south, but only 10 halite was available
At command 15 of 20:
    13   m 8 e
    14   m 36 n
>>> 15   m 24 s
    16   m 38 e
    17   m 10 s

warning: entity 38 was directed to use 49 halite to move east, but only 19 halite was available
At command 16 of 20:
    14   m 36 n
    15   m 24 s
>>> 16   m 38 e
    17   m 10 s
    18   m 20 n

warning: entity 3 was directed to use 9 halite to move east, but only 0 halite was available
At command 19 of 20:
    17   m 10 s
    18   m 20 n
>>> 19   m 3 e
    20   m 40 e


Turn 143
================================================================
warning: entity 40 was directed to use 6 halite to move north, but only 0 halite was available
At command 15 of 21:
    13   m 24 w
    14   m 1 w
>>> 15   m 40 n
    16   m 3 e
    17   m 10 s


Turn 144
================================================================
warning: entity 3 was directed to use 12 halite to move west, but only 6 halite was available
At command 11 of 21:
    9   m 36 o
    10   m 40 n
>>> 11   m 3 w
    12   m 38 e
    13   m 24 w


Turn 145
================================================================
warning: entity 42 was directed to use 7 halite to move west, but only 0 halite was available
At command 15 of 21:
    13   m 38 e
    14   m 33 o
>>> 15   m 42 w
    16   m 28 w
    17   m 11 e

warning: entity 40 was directed to use 19 halite to move east, but only 12 halite was available
At command 18 of 21:
    16   m 28 w
    17   m 11 e
>>> 18   m 40 e
    19   m 24 s
    20   m 10 s


Turn 147
================================================================
warning: entity 3 was directed to use 23 halite to move east, but only 15 halite was available
At command 12 of 22:
    10   m 1 n
    11   m 24 w
>>> 12   m 3 e
    13   m 18 e
    14   m 10 n

warning: entity 10 was directed to use 12 halite to move north, but only 0 halite was available
At command 14 of 22:
    12   m 3 e
    13   m 18 e
>>> 14   m 10 n
    15   m 6 o
    16   m 30 n

warning: entity 42 was directed to use 27 halite to move west, but only 15 halite was available
At command 18 of 22:
    16   m 30 n
    17   m 29 o
>>> 18   m 42 w
    19   m 40 e
    20   m 38 e


Turn 149
================================================================
warning: entity 45 was directed to use 4 halite to move east, but only 0 halite was available
At command 22 of 23:
    20   m 20 s
    21   m 38 s
>>> 22   m 45 e
    23   m 46 e


Turn 151
================================================================
warning: entity 45 was directed to use 14 halite to move east, but only 9 halite was available
At command 19 of 24:
    17   m 30 o
    18   m 17 o
>>> 19   m 45 e
    20   m 42 w
    21   m 40 e

warning: entity 10 was directed to use 20 halite to move west, but only 17 halite was available
At command 22 of 24:
    20   m 42 w
    21   m 40 e
>>> 22   m 10 w
    23   m 38 s
    24   m 47 n


Turn 152
================================================================
warning: entity 46 was directed to use 7 halite to move east, but only 3 halite was available
At command 20 of 24:
    18   m 31 o
    19   m 1 o
>>> 20   m 46 e
    21   m 3 e
    22   m 42 s


Turn 153
================================================================
warning: entity 47 was directed to use 69 halite to move west, but only 0 halite was available
At command 23 of 24:
    21   m 10 w
    22   m 45 e
>>> 23   m 47 w
    24   m 40 n

warning: entity 40 was directed to use 2 halite to move north, but only 1 halite was available
At command 24 of 24:
    22   m 45 e
    23   m 47 w
>>> 24   m 40 n


Turn 154
================================================================
warning: entity 42 was directed to use 20 halite to move west, but only 8 halite was available
At command 20 of 24:
    18   m 31 o
    19   m 10 w
>>> 20   m 42 w
    21   m 6 o
    22   m 46 e

warning: entity 46 was directed to use 37 halite to move east, but only 18 halite was available
At command 22 of 24:
    20   m 42 w
    21   m 6 o
>>> 22   m 46 e
    23   m 3 s
    24   m 45 n


Turn 156
================================================================
warning: entity 45 was directed to use 15 halite to move north, but only 6 halite was available
At command 24 of 24:
    22   m 4 w
    23   m 10 w
>>> 24   m 45 n


Turn 157
================================================================
warning: entity 10 was directed to use 7 halite to move west, but only 3 halite was available
At command 13 of 24:
    11   m 1 o
    12   m 45 n
>>> 13   m 10 w
    14   m 14 o
    15   m 28 n


Turn 161
================================================================
warning: entity 28 was directed to use 9 halite to move west, but only 0 halite was available
At command 20 of 24:
    18   m 6 w
    19   m 29 e
>>> 20   m 28 w
    21   m 31 n
    22   m 10 w

warning: entity 10 was directed to use 49 halite to move west, but only 33 halite was available
At command 22 of 24:
    20   m 28 w
    21   m 31 n
>>> 22   m 10 w
    23   m 45 n
    24   m 8 w


Turn 162
================================================================
warning: entity 46 was directed to use 11 halite to move east, but only 7 halite was available
At command 20 of 24:
    18   m 36 o
    19   m 30 w
>>> 20   m 46 e
    21   m 6 w
    22   m 8 n


Turn 163
================================================================
warning: entity 28 was directed to use 22 halite to move west, but only 17 halite was available
At command 11 of 24:
    9   m 46 e
    10   m 31 n
>>> 11   m 28 w
    12   m 30 w
    13   m 45 n

warning: entity 45 was directed to use 14 halite to move north, but only 7 halite was available
At command 13 of 24:
    11   m 28 w
    12   m 30 w
>>> 13   m 45 n
    14   m 40 o
    15   m 24 o


Turn 169
================================================================
warning: entity 4 was directed to use 52 halite to move north, but only 0 halite was available
At command 20 of 24:
    18   m 40 n
    19   m 31 n
>>> 20   m 4 n
    21   m 29 s
    22   m 8 o


Turn 171
================================================================
warning: entity 29 was directed to use 6 halite to move west, but only 0 halite was available
At command 21 of 24:
    19   m 36 o
    20   m 14 s
>>> 21   m 29 w
    22   m 30 n
    23   m 6 n


Turn 173
================================================================
warning: entity 30 was directed to use 39 halite to move north, but only 0 halite was available
At command 24 of 24:
    22   m 6 n
    23   m 3 w
>>> 24   m 30 n


Turn 175
================================================================
warning: entity 28 was directed to use 21 halite to move south, but only 13 halite was available
At command 15 of 24:
    13   m 17 o
    14   m 31 e
>>> 15   m 28 s
    16   m 29 w
    17   m 30 n

warning: entity 8 was directed to use 4 halite to move north, but only 0 halite was available
At command 22 of 24:
    20   m 11 w
    21   m 14 w
>>> 22   m 8 n
    23   m 4 n
    24   m 6 n


Turn 176
================================================================
warning: entity 29 was directed to use 12 halite to move west, but only 2 halite was available
At command 15 of 24:
    13   m 3 w
    14   m 14 w
>>> 15   m 29 w
    16   m 45 o
    17   m 33 o


Turn 177
================================================================
warning: entity 31 was directed to use 7 halite to move south, but only 0 halite was available
At command 22 of 24:
    20   m 3 w
    21   m 42 s
>>> 22   m 31 s
    23   m 11 w
    24   m 4 n


Turn 179
================================================================
warning: entity 6 was directed to use 5 halite to move west, but only 0 halite was available
At command 21 of 25:
    19   m 18 o
    20   m 31 s
>>> 21   m 6 w
    22   m 11 w
    23   m 14 n


Turn 180
================================================================
warning: entity 31 was directed to use 11 halite to move south, but only 7 halite was available
At command 14 of 26:
    12   m 42 o
    13   m 4 n
>>> 14   m 31 s
    15   m 30 n
    16   m 29 s


Turn 181
================================================================
warning: entity 6 was directed to use 16 halite to move south, but only 10 halite was available
At command 13 of 26:
    11   m 45 o
    12   m 14 w
>>> 13   m 6 s
    14   m 10 o
    15   m 33 o

warning: entity 50 was directed to use 5 halite to move east, but only 0 halite was available
At command 25 of 26:
    23   m 4 w
    24   m 11 w
>>> 25   m 50 e
    26   m 51 e


Turn 182
================================================================
warning: entity 29 was directed to use 8 halite to move south, but only 4 halite was available
At command 25 of 27:
    23   m 24 e
    24   m 3 n
>>> 25   m 29 s
    26   m 4 w
    27   g


Turn 183
================================================================
warning: entity 50 was directed to use 12 halite to move east, but only 10 halite was available
At command 20 of 27:
    18   m 3 n
    19   m 6 s
>>> 20   m 50 e
    21   m 30 e
    22   m 1 e

warning: entity 51 was directed to use 5 halite to move north, but only 0 halite was available
At command 23 of 27:
    21   m 30 e
    22   m 1 e
>>> 23   m 51 n
    24   m 36 o
    25   m 31 e

warning: entity 31 was directed to use 8 halite to move east, but only 2 halite was available
At command 25 of 27:
    23   m 51 n
    24   m 36 o
>>> 25   m 31 e
    26   m 24 e
    27   m 53 s


Turn 185
================================================================
warning: entity 51 was directed to use 28 halite to move east, but only 11 halite was available
At command 13 of 27:
    11   m 33 n
    12   m 18 w
>>> 13   m 51 e
    14   m 30 n
    15   m 6 s

warning: entity 31 was directed to use 27 halite to move east, but only 18 halite was available
At command 20 of 27:
    18   m 11 n
    19   m 50 e
>>> 20   m 31 e
    21   m 1 s
    22   m 29 s

warning: entity 53 was directed to use 3 halite to move west, but only 0 halite was available
At command 23 of 27:
    21   m 1 s
    22   m 29 s
>>> 23   m 53 w
    24   m 14 n
    25   m 4 o


Turn 186
================================================================
warning: entity 29 was directed to use 20 halite to move south, but only 15 halite was available
At command 25 of 28:
    23   m 50 s
    24   m 1 s
>>> 25   m 29 s
    26   m 14 n
    27   m 55 e


Turn 187
================================================================
warning: entity 55 was directed to use 4 halite to move east, but only 0 halite was available
At command 18 of 28:
    16   m 24 o
    17   m 36 o
>>> 18   m 55 e
    19   m 8 w
    20   m 50 s

warning: entity 53 was directed to use 12 halite to move south, but only 8 halite was available
At command 23 of 28:
    21   m 51 e
    22   m 31 s
>>> 23   m 53 s
    24   m 30 w
    25   m 18 w


Turn 189
================================================================
warning: entity 56 was directed to use 5 halite to move west, but only 0 halite was available
At command 14 of 27:
    12   m 14 o
    13   m 29 s
>>> 14   m 56 w
    15   m 53 w
    16   m 6 w

warning: entity 55 was directed to use 21 halite to move east, but only 8 halite was available
At command 22 of 27:
    20   m 40 o
    21   m 24 o
>>> 22   m 55 e
    23   m 30 o
    24   m 8 w


Turn 191
================================================================
warning: entity 53 was directed to use 6 halite to move west, but only 3 halite was available
At command 13 of 28:
    11   m 6 w
    12   m 51 s
>>> 13   m 53 w
    14   m 42 e
    15   m 47 o

warning: entity 56 was directed to use 15 halite to move west, but only 11 halite was available
At command 21 of 28:
    19   m 50 s
    20   m 14 o
>>> 21   m 56 w
    22   m 8 n
    23   m 55 s

warning: entity 29 was directed to use 9 halite to move south, but only 5 halite was available
At command 26 of 28:
    24   m 31 s
    25   m 18 n
>>> 26   m 29 s
    27   m 1 s
    28   m 57 e


Turn 192
================================================================
warning: entity 55 was directed to use 14 halite to move south, but only 10 halite was available
At command 18 of 28:
    16   m 45 s
    17   m 6 w
>>> 18   m 55 s
    19   m 42 o
    20   m 28 s

warning: entity 3 was directed to use 2 halite to move west, but only 1 halite was available
At command 22 of 28:
    20   m 28 s
    21   m 24 o
>>> 22   m 3 w
    23   m 17 o
    24   m 38 w


Turn 193
================================================================
warning: entity 53 was directed to use 21 halite to move west, but only 15 halite was available
At command 17 of 28:
    15   m 36 o
    16   m 40 o
>>> 17   m 53 w
    18   m 56 s
    19   m 50 s

warning: entity 57 was directed to use 3 halite to move east, but only 0 halite was available
At command 24 of 28:
    22   m 45 s
    23   m 8 o
>>> 24   m 57 e
    25   m 6 o
    26   m 38 n


Turn 194
================================================================
warning: entity 50 was directed to use 14 halite to move south, but only 12 halite was available
At command 17 of 28:
    15   m 6 w
    16   m 30 o
>>> 17   m 50 s
    18   m 45 s
    19   m 31 s

warning: entity 3 was directed to use 9 halite to move west, but only 6 halite was available
At command 24 of 28:
    22   m 38 w
    23   m 55 s
>>> 24   m 3 w
    25   m 51 o
    26   m 28 o


Turn 195
================================================================
warning: entity 31 was directed to use 17 halite to move south, but only 11 halite was available
At command 21 of 28:
    19   m 24 o
    20   m 38 w
>>> 21   m 31 s
    22   m 53 w
    23   m 42 e

warning: entity 57 was directed to use 15 halite to move east, but only 6 halite was available
At command 25 of 28:
    23   m 42 e
    24   m 40 o
>>> 25   m 57 e
    26   m 45 s
    27   m 55 s


Turn 196
================================================================
warning: entity 56 was directed to use 15 halite to move west, but only 2 halite was available
At command 24 of 29:
    22   m 47 o
    23   m 3 w
>>> 24   m 56 w
    25   m 38 w
    26   m 42 o


Turn 197
================================================================
warning: entity 11 was directed to use 2 halite to move east, but only 0 halite was available
At command 12 of 29:
    10   m 56 w
    11   m 42 e
>>> 12   m 11 e
    13   m 18 n
    14   m 53 e

warning: entity 57 was directed to use 36 halite to move south, but only 35 halite was available
At command 23 of 29:
    21   m 40 o
    22   m 8 o
>>> 23   m 57 s
    24   m 14 n
    25   m 3 w


Turn 198
================================================================
warning: entity 1 was directed to use 9 halite to move north, but only 2 halite was available
At command 23 of 30:
    21   m 45 w
    22   m 56 w
>>> 23   m 1 n
    24   m 42 e
    25   m 18 n


Turn 199
================================================================
warning: entity 58 was directed to use 21 halite to move north, but only 0 halite was available
At command 17 of 30:
    15   m 53 w
    16   m 38 n
>>> 17   m 58 n
    18   m 56 w
    19   m 36 n

warning: entity 11 was directed to use 11 halite to move east, but only 5 halite was available
At command 21 of 30:
    19   m 36 n
    20   m 47 e
>>> 21   m 11 e
    22   m 57 s
    23   m 51 s

warning: entity 3 was directed to use 11 halite to move west, but only 2 halite was available
At command 28 of 30:
    26   m 18 n
    27   m 14 o
>>> 28   m 3 w
    29   m 55 s
    30   m 59 n


Turn 200
================================================================
warning: entity 56 was directed to use 28 halite to move west, but only 11 halite was available
At command 17 of 30:
    15   m 38 n
    16   m 51 s
>>> 17   m 56 w
    18   m 6 o
    19   m 28 o


Turn 201
================================================================
warning: entity 51 was directed to use 9 halite to move south, but only 0 halite was available
At command 14 of 30:
    12   m 38 n
    13   m 57 s
>>> 14   m 51 s
    15   m 55 s
    16   m 1 w

warning: entity 1 was directed to use 4 halite to move west, but only 1 halite was available
At command 16 of 30:
    14   m 51 s
    15   m 55 s
>>> 16   m 1 w
    17   m 40 n
    18   m 8 o

warning: entity 59 was directed to use 3 halite to move north, but only 0 halite was available
At command 19 of 30:
    17   m 40 n
    18   m 8 o
>>> 19   m 59 n
    20   m 33 o
    21   m 36 n

warning: entity 53 was directed to use 16 halite to move west, but only 7 halite was available
At command 28 of 30:
    26   m 50 o
    27   m 18 o
>>> 28   m 53 w
    29   m 47 s
    30   m 45 s


Turn 202
================================================================
warning: entity 11 was directed to use 11 halite to move south, but only 0 halite was available
At command 20 of 30:
    18   m 47 s
    19   m 38 o
>>> 20   m 11 s
    21   m 58 s
    22   m 4 o


Turn 203
================================================================
warning: entity 55 was directed to use 4 halite to move south, but only 0 halite was available
At command 17 of 30:
    15   m 56 w
    16   m 51 o
>>> 17   m 55 s
    18   m 53 w
    19   m 50 o

warning: entity 59 was directed to use 12 halite to move north, but only 6 halite was available
At command 21 of 30:
    19   m 50 o
    20   m 30 o
>>> 21   m 59 n
    22   m 58 n
    23   m 29 o

warning: entity 42 was directed to use 3 halite to move south, but only 0 halite was available
At command 29 of 30:
    27   m 47 s
    28   m 57 e
>>> 29   m 42 s
    30   m 45 o


Turn 204
================================================================
warning: entity 58 was directed to use 13 halite to move north, but only 10 halite was available
At command 17 of 30:
    15   m 42 s
    16   m 45 n
>>> 17   m 58 n
    18   m 28 o
    19   m 56 w

warning: entity 1 was directed to use 5 halite to move west, but only 2 halite was available
At command 21 of 30:
    19   m 56 w
    20   m 36 o
>>> 21   m 1 w
    22   m 17 w
    23   m 18 o


Turn 205
================================================================
warning: entity 3 was directed to use 15 halite to move west, but only 1 halite was available
At command 27 of 30:
    25   m 56 s
    26   m 11 e
>>> 27   m 3 w
    28   m 24 n
    29   m 33 w

warning: entity 24 was directed to use 2 halite to move north, but only 0 halite was available
At command 28 of 30:
    26   m 11 e
    27   m 3 w
>>> 28   m 24 n
    29   m 33 w
    30   m 57 e


Turn 206
================================================================
warning: entity 56 was directed to use 101 halite to move south, but only 26 halite was available
At command 17 of 30:
    15   m 24 n
    16   m 57 n
>>> 17   m 56 s
    18   m 53 w
    19   m 17 w

warning: entity 42 was directed to use 12 halite to move south, but only 0 halite was available
At command 26 of 30:
    24   m 1 w
    25   m 47 s
>>> 26   m 42 s
    27   m 14 w
    28   m 59 o


Turn 207
================================================================
warning: entity 1 was directed to use 12 halite to move west, but only 9 halite was available
At command 18 of 30:
    16   m 40 o
    17   m 30 o
>>> 18   m 1 w
    19   m 11 e
    20   m 3 w

warning: entity 11 was directed to use 10 halite to move east, but only 9 halite was available
At command 19 of 30:
    17   m 30 o
    18   m 1 w
>>> 19   m 11 e
    20   m 3 w
    21   m 24 n

warning: entity 24 was directed to use 9 halite to move north, but only 5 halite was available
At command 21 of 30:
    19   m 11 e
    20   m 3 w
>>> 21   m 24 n
    22   m 53 o
    23   m 17 w

warning: entity 14 was directed to use 2 halite to move south, but only 0 halite was available
At command 29 of 30:
    27   m 58 n
    28   m 47 s
>>> 29   m 14 s
    30   m 33 s


Turn 209
================================================================
warning: entity 42 was directed to use 9 halite to move south, but only 0 halite was available
At command 18 of 30:
    16   m 53 s
    17   m 24 o
>>> 18   m 42 s
    19   m 17 w
    20   m 14 o

warning: entity 58 was directed to use 4 halite to move north, but only 3 halite was available
At command 25 of 30:
    23   m 55 o
    24   m 11 o
>>> 25   m 58 n
    26   m 33 s
    27   m 57 s

warning: entity 18 was directed to use 2 halite to move south, but only 0 halite was available
At command 29 of 30:
    27   m 57 s
    28   m 38 w
>>> 29   m 18 s
    30   m 3 o


Turn 211
================================================================
warning: entity 1 was directed to use 18 halite to move west, but only 7 halite was available
At command 21 of 31:
    19   m 28 s
    20   m 38 s
>>> 21   m 1 w
    22   m 42 w
    23   m 18 s

warning: entity 18 was directed to use 23 halite to move south, but only 4 halite was available
At command 23 of 31:
    21   m 1 w
    22   m 42 w
>>> 23   m 18 s
    24   m 11 s
    25   m 57 s


Turn 212
================================================================
warning: entity 58 was directed to use 23 halite to move north, but only 2 halite was available
At command 28 of 32:
    26   m 42 w
    27   m 57 s
>>> 28   m 58 n
    29   m 17 s
    30   m 33 s


Turn 213
================================================================
warning: entity 60 was directed to use 1 halite to move east, but only 0 halite was available
At command 31 of 32:
    29   m 17 o
    30   m 33 o
>>> 31   m 60 e
    32   m 61 w


Turn 215
================================================================
warning: entity 60 was directed to use 8 halite to move east, but only 4 halite was available
At command 26 of 33:
    24   m 17 o
    25   m 58 n
>>> 26   m 60 e
    27   m 11 e
    28   m 61 s

warning: entity 61 was directed to use 1 halite to move south, but only 0 halite was available
At command 28 of 33:
    26   m 60 e
    27   m 11 e
>>> 28   m 61 s
    29   m 20 w
    30   m 14 w


Turn 216
================================================================
warning: entity 1 was directed to use 42 halite to move south, but only 25 halite was available
At command 25 of 34:
    23   m 11 e
    24   m 6 o
>>> 25   m 1 s
    26   m 18 s
    27   m 47 s


Turn 217
================================================================
warning: entity 60 was directed to use 27 halite to move east, but only 20 halite was available
At command 22 of 34:
    20   m 33 s
    21   m 38 w
>>> 22   m 60 e
    23   m 20 w
    24   m 24 w

warning: entity 61 was directed to use 8 halite to move west, but only 4 halite was available
At command 25 of 34:
    23   m 20 w
    24   m 24 w
>>> 25   m 61 w
    26   m 62 w
    27   m 45 s

warning: entity 62 was directed to use 16 halite to move west, but only 0 halite was available
At command 26 of 34:
    24   m 24 w
    25   m 61 w
>>> 26   m 62 w
    27   m 45 s
    28   m 59 w

warning: entity 58 was directed to use 11 halite to move west, but only 0 halite was available
At command 32 of 34:
    30   m 18 w
    31   m 47 s
>>> 32   m 58 w
    33   m 14 s
    34   m 63 e


Turn 218
================================================================
warning: entity 14 was directed to use 4 halite to move south, but only 0 halite was available
At command 17 of 34:
    15   m 33 s
    16   m 29 o
>>> 17   m 14 s
    18   m 40 n
    19   m 24 w

warning: entity 38 was directed to use 17 halite to move west, but only 7 halite was available
At command 27 of 34:
    25   m 1 o
    26   m 31 o
>>> 27   m 38 w
    28   m 57 o
    29   m 42 w


Turn 219
================================================================
warning: entity 63 was directed to use 1 halite to move south, but only 0 halite was available
At command 34 of 34:
    32   m 42 w
    33   m 47 e
>>> 34   m 63 s


Turn 220
================================================================
warning: entity 61 was directed to use 9 halite to move west, but only 5 halite was available
At command 28 of 35:
    26   m 3 e
    27   m 33 n
>>> 28   m 61 w
    29   m 18 s
    30   m 59 n


Turn 221
================================================================
warning: entity 14 was directed to use 5 halite to move south, but only 0 halite was available
At command 15 of 35:
    13   m 61 w
    14   m 60 e
>>> 15   m 14 s
    16   m 38 w
    17   m 42 w

warning: entity 63 was directed to use 9 halite to move south, but only 4 halite was available
At command 21 of 35:
    19   m 29 e
    20   m 28 w
>>> 21   m 63 s
    22   m 45 e
    23   m 33 s

warning: entity 45 was directed to use 3 halite to move east, but only 0 halite was available
At command 22 of 35:
    20   m 28 w
    21   m 63 s
>>> 22   m 45 e
    23   m 33 s
    24   m 62 n


Turn 222
================================================================
warning: entity 18 was directed to use 10 halite to move south, but only 9 halite was available
At command 14 of 35:
    12   m 45 e
    13   m 1 o
>>> 14   m 18 s
    15   m 24 w
    16   m 42 w

warning: entity 42 was directed to use 3 halite to move west, but only 1 halite was available
At command 16 of 35:
    14   m 18 s
    15   m 24 w
>>> 16   m 42 w
    17   m 64 n
    18   m 40 n


Turn 223
================================================================
warning: entity 63 was directed to use 25 halite to move south, but only 21 halite was available
At command 23 of 35:
    21   m 24 w
    22   m 14 s
>>> 23   m 63 s
    24   m 45 n
    25   m 64 e

warning: entity 45 was directed to use 16 halite to move north, but only 7 halite was available
At command 24 of 35:
    22   m 14 s
    23   m 63 s
>>> 24   m 45 n
    25   m 64 e
    26   m 40 n

warning: entity 64 was directed to use 1 halite to move east, but only 0 halite was available
At command 25 of 35:
    23   m 63 s
    24   m 45 n
>>> 25   m 64 e
    26   m 40 n
    27   m 28 o

warning: entity 61 was directed to use 11 halite to move south, but only 10 halite was available
At command 30 of 35:
    28   m 38 s
    29   m 17 s
>>> 30   m 61 s
    31   m 60 e
    32   m 62 n


Turn 224
================================================================
warning: entity 42 was directed to use 31 halite to move east, but only 26 halite was available
At command 22 of 35:
    20   m 56 e
    21   m 40 n
>>> 22   m 42 e
    23   m 18 s
    24   m 20 n


Turn 225
================================================================
warning: entity 14 was directed to use 6 halite to move north, but only 4 halite was available
At command 17 of 35:
    15   m 40 n
    16   m 56 e
>>> 17   m 14 n
    18   m 31 w
    19   m 38 e

warning: entity 64 was directed to use 10 halite to move north, but only 3 halite was available
At command 27 of 35:
    25   m 33 s
    26   m 45 n
>>> 27   m 64 n
    28   m 28 o
    29   m 61 s

warning: entity 62 was directed to use 11 halite to move north, but only 9 halite was available
At command 32 of 35:
    30   m 18 s
    31   m 20 s
>>> 32   m 62 n
    33   m 3 e
    34   m 47 s


Turn 226
================================================================
warning: entity 60 was directed to use 5 halite to move east, but only 0 halite was available
At command 24 of 34:
    22   m 24 w
    23   m 63 s
>>> 24   m 60 e
    25   m 31 w
    26   m 56 n


Turn 227
================================================================
warning: entity 63 was directed to use 33 halite to move south, but only 23 halite was available
At command 15 of 34:
    13   m 24 o
    14   m 40 n
>>> 15   m 63 s
    16   m 31 n
    17   m 18 w


Turn 229
================================================================
warning: entity 64 was directed to use 8 halite to move north, but only 1 halite was available
At command 27 of 34:
    25   m 58 w
    26   m 56 o
>>> 27   m 64 n
    28   m 60 n
    29   m 59 o

warning: entity 60 was directed to use 118 halite to move north, but only 1 halite was available
At command 28 of 34:
    26   m 56 o
    27   m 64 n
>>> 28   m 60 n
    29   m 59 o
    30   m 38 o

warning: entity 45 was directed to use 4 halite to move north, but only 2 halite was available
At command 33 of 34:
    31   m 20 s
    32   m 61 s
>>> 33   m 45 n
    34   m 3 e


Turn 230
================================================================
warning: entity 62 was directed to use 13 halite to move east, but only 1 halite was available
At command 30 of 34:
    28   m 1 w
    29   m 31 o
>>> 30   m 62 e
    31   m 58 o
    32   m 20 s


Turn 231
================================================================
warning: entity 3 was directed to use 6 halite to move east, but only 0 halite was available
At command 34 of 34:
    32   m 14 s
    33   m 20 o
>>> 34   m 3 e


Turn 233
================================================================
warning: entity 47 was directed to use 1 halite to move west, but only 0 halite was available
At command 18 of 34:
    16   m 29 w
    17   m 55 o
>>> 18   m 47 w
    19   m 24 w
    20   m 62 n

warning: entity 3 was directed to use 20 halite to move south, but only 13 halite was available
At command 29 of 34:
    27   m 61 s
    28   m 36 s
>>> 29   m 3 s
    30   m 14 o
    31   m 51 o

warning: entity 45 was directed to use 5 halite to move east, but only 0 halite was available
At command 33 of 34:
    31   m 51 o
    32   m 38 s
>>> 33   m 45 e
    34   m 63 o


Turn 235
================================================================
warning: entity 47 was directed to use 6 halite to move east, but only 4 halite was available
At command 24 of 34:
    22   m 33 s
    23   m 55 o
>>> 24   m 47 e
    25   m 3 s
    26   m 45 e

warning: entity 64 was directed to use 10 halite to move north, but only 0 halite was available
At command 30 of 34:
    28   m 62 n
    29   m 40 n
>>> 30   m 64 n
    31   m 56 w
    32   m 31 n

warning: entity 56 was directed to use 1 halite to move west, but only 0 halite was available
At command 31 of 34:
    29   m 40 n
    30   m 64 n
>>> 31   m 56 w
    32   m 31 n
    33   m 61 o


Turn 238
================================================================
warning: entity 47 was directed to use 18 halite to move south, but only 5 halite was available
At command 20 of 34:
    18   m 63 e
    19   m 53 e
>>> 20   m 47 s
    21   m 30 o
    22   m 4 o

warning: entity 64 was directed to use 7 halite to move north, but only 2 halite was available
At command 24 of 34:
    22   m 4 o
    23   m 50 n
>>> 24   m 64 n
    25   m 6 e
    26   m 20 o

warning: entity 56 was directed to use 5 halite to move south, but only 0 halite was available
At command 31 of 34:
    29   m 29 n
    30   m 60 o
>>> 31   m 56 s
    32   m 45 n
    33   m 31 n


Turn 240
================================================================
warning: entity 3 was directed to use 10 halite to move south, but only 4 halite was available
At command 23 of 34:
    21   m 33 w
    22   m 51 o
>>> 23   m 3 s
    24   m 18 o
    25   m 28 w

warning: entity 64 was directed to use 18 halite to move north, but only 17 halite was available
At command 27 of 34:
    25   m 28 w
    26   m 40 w
>>> 27   m 64 n
    28   m 47 s
    29   m 4 o


Turn 241
================================================================
warning: entity 33 was directed to use 4 halite to move west, but only 0 halite was available
At command 20 of 34:
    18   m 30 o
    19   m 28 o
>>> 20   m 33 w
    21   m 38 o
    22   m 53 e

warning: entity 56 was directed to use 13 halite to move south, but only 2 halite was available
At command 26 of 34:
    24   m 57 o
    25   m 1 w
>>> 26   m 56 s
    27   m 63 e
    28   m 31 n


Turn 242
================================================================
warning: entity 63 was directed to use 9 halite to move south, but only 6 halite was available
At command 17 of 34:
    15   m 24 o
    16   m 1 w
>>> 17   m 63 s
    18   m 29 n
    19   m 18 o


Turn 243
================================================================
warning: entity 40 was directed to use 3 halite to move west, but only 0 halite was available
At command 22 of 34:
    20   m 3 s
    21   m 20 w
>>> 22   m 40 w
    23   m 64 n
    24   m 17 s

warning: entity 33 was directed to use 11 halite to move south, but only 9 halite was available
At command 27 of 34:
    25   m 30 e
    26   m 36 s
>>> 27   m 33 s
    28   m 57 o
    29   m 60 w


Turn 245
================================================================
warning: entity 20 was directed to use 17 halite to move south, but only 0 halite was available
At command 18 of 33:
    16   m 11 w
    17   m 6 e
>>> 18   m 20 s
    19   m 51 o
    20   m 8 o


Turn 246
================================================================
warning: entity 3 was directed to use 5 halite to move south, but only 1 halite was available
At command 30 of 33:
    28   m 50 n
    29   m 33 w
>>> 30   m 3 s
    31   m 64 o
    32   m 17 e


Turn 247
================================================================
warning: entity 17 was directed to use 4 halite to move south, but only 0 halite was available
At command 22 of 33:
    20   m 59 o
    21   m 20 s
>>> 22   m 17 s
    23   m 51 o
    24   m 40 w


Turn 248
================================================================
warning: entity 40 was directed to use 3 halite to move south, but only 0 halite was available
At command 29 of 33:
    27   m 11 w
    28   m 1 w
>>> 29   m 40 s
    30   m 60 w
    31   m 28 e


Turn 250
================================================================
warning: entity 31 was directed to use 13 halite to move south, but only 0 halite was available
At command 21 of 33:
    19   m 36 w
    20   m 40 w
>>> 21   m 31 s
    22   m 57 o
    23   m 1 w

warning: entity 3 was directed to use 9 halite to move south, but only 6 halite was available
At command 30 of 33:
    28   m 56 w
    29   m 8 o
>>> 30   m 3 s
    31   m 30 e
    32   m 60 e


Turn 251
================================================================
warning: entity 40 was directed to use 5 halite to move west, but only 1 halite was available
At command 18 of 33:
    16   m 8 n
    17   m 3 s
>>> 18   m 40 w
    19   m 50 o
    20   m 33 w

warning: entity 33 was directed to use 21 halite to move west, but only 10 halite was available
At command 20 of 33:
    18   m 40 w
    19   m 50 o
>>> 20   m 33 w
    21   m 36 n
    22   m 1 w

warning: entity 36 was directed to use 12 halite to move north, but only 0 halite was available
At command 21 of 33:
    19   m 50 o
    20   m 33 w
>>> 21   m 36 n
    22   m 1 w
    23   m 56 w

warning: entity 56 was directed to use 3 halite to move west, but only 0 halite was available
At command 23 of 33:
    21   m 36 n
    22   m 1 w
>>> 23   m 56 w
    24   m 55 o
    25   m 24 s


Turn 253
================================================================
warning: entity 20 was directed to use 10 halite to move south, but only 4 halite was available
At command 23 of 33:
    21   m 36 n
    22   m 51 o
>>> 23   m 20 s
    24   m 40 w
    25   m 31 s

warning: entity 40 was directed to use 15 halite to move west, but only 12 halite was available
At command 24 of 33:
    22   m 51 o
    23   m 20 s
>>> 24   m 40 w
    25   m 31 s
    26   m 56 w

warning: entity 31 was directed to use 7 halite to move south, but only 6 halite was available
At command 25 of 33:
    23   m 20 s
    24   m 40 w
>>> 25   m 31 s
    26   m 56 w
    27   m 50 o


Turn 255
================================================================
warning: entity 53 was directed to use 9 halite to move north, but only 0 halite was available
At command 28 of 33:
    26   m 31 s
    27   m 60 w
>>> 28   m 53 n
    29   m 30 s
    30   m 36 n


Turn 256
================================================================
warning: entity 29 was directed to use 9 halite to move south, but only 0 halite was available
At command 24 of 33:
    22   m 33 s
    23   m 50 n
>>> 24   m 29 s
    25   m 17 s
    26   m 6 n

warning: entity 36 was directed to use 14 halite to move north, but only 5 halite was available
At command 32 of 33:
    30   m 31 o
    31   m 30 s
>>> 32   m 36 n
    33   m 11 w


Turn 258
================================================================
warning: entity 17 was directed to use 7 halite to move east, but only 4 halite was available
At command 22 of 32:
    20   m 1 e
    21   m 18 o
>>> 22   m 17 e
    23   m 58 e
    24   m 61 o

warning: entity 40 was directed to use 5 halite to move west, but only 1 halite was available
At command 27 of 32:
    25   m 28 n
    26   m 20 s
>>> 27   m 40 w
    28   m 29 s
    29   m 36 w

warning: entity 29 was directed to use 19 halite to move south, but only 18 halite was available
At command 28 of 32:
    26   m 20 s
    27   m 40 w
>>> 28   m 29 s
    29   m 36 w
    30   m 6 n


Turn 260
================================================================
warning: entity 53 was directed to use 10 halite to move north, but only 0 halite was available
At command 25 of 32:
    23   m 17 e
    24   m 40 w
>>> 25   m 53 n
    26   m 31 s
    27   m 60 s


Turn 261
================================================================
warning: entity 50 was directed to use 6 halite to move north, but only 0 halite was available
At command 25 of 32:
    23   m 29 s
    24   m 55 w
>>> 25   m 50 n
    26   m 31 s
    27   m 60 w

warning: entity 31 was directed to use 40 halite to move south, but only 27 halite was available
At command 26 of 32:
    24   m 55 w
    25   m 50 n
>>> 26   m 31 s
    27   m 60 w
    28   m 20 s


Turn 262
================================================================
warning: entity 17 was directed to use 7 halite to move south, but only 1 halite was available
At command 18 of 32:
    16   m 31 s
    17   m 20 s
>>> 18   m 17 s
    19   m 59 o
    20   m 3 o


Turn 263
================================================================
warning: entity 20 was directed to use 20 halite to move south, but only 17 halite was available
At command 17 of 32:
    15   m 62 o
    16   m 40 o
>>> 17   m 20 s
    18   m 28 s
    19   m 57 n


Turn 264
================================================================
warning: entity 6 was directed to use 7 halite to move south, but only 0 halite was available
At command 26 of 32:
    24   m 8 e
    25   m 55 w
>>> 26   m 6 s
    27   m 1 s
    28   m 50 n


Turn 265
================================================================
warning: entity 50 was directed to use 8 halite to move north, but only 4 halite was available
At command 29 of 32:
    27   m 8 e
    28   m 1 o
>>> 29   m 50 n
    30   m 31 w
    31   m 53 n

warning: entity 53 was directed to use 17 halite to move north, but only 0 halite was available
At command 31 of 32:
    29   m 50 n
    30   m 31 w
>>> 31   m 53 n
    32   m 29 s

warning: entity 29 was directed to use 30 halite to move south, but only 19 halite was available
At command 32 of 32:
    30   m 31 w
    31   m 53 n
>>> 32   m 29 s


Turn 267
================================================================
warning: entity 1 was directed to use 5 halite to move south, but only 2 halite was available
At command 25 of 32:
    23   m 60 e
    24   m 17 s
>>> 25   m 1 s
    26   m 50 n
    27   m 31 s

warning: entity 6 was directed to use 5 halite to move south, but only 0 halite was available
At command 29 of 32:
    27   m 31 s
    28   m 55 n
>>> 29   m 6 s
    30   m 40 w
    31   m 28 n


Turn 268
================================================================
warning: entity 20 was directed to use 19 halite to move east, but only 8 halite was available
At command 18 of 32:
    16   m 1 s
    17   m 6 s
>>> 18   m 20 e
    19   m 53 n
    20   m 50 n


Turn 269
================================================================
warning: entity 30 was directed to use 3 halite to move east, but only 0 halite was available
At command 12 of 32:
    10   m 51 o
    11   m 17 n
>>> 12   m 30 e
    13   m 14 w
    14   m 50 n

warning: entity 1 was directed to use 14 halite to move south, but only 12 halite was available
At command 21 of 32:
    19   m 57 o
    20   m 59 o
>>> 21   m 1 s
    22   m 6 s
    23   m 53 w


Turn 270
================================================================
warning: entity 50 was directed to use 10 halite to move north, but only 3 halite was available
At command 18 of 32:
    16   m 31 s
    17   m 40 o
>>> 18   m 50 n
    19   m 33 s
    20   m 58 n


Turn 271
================================================================
warning: entity 6 was directed to use 9 halite to move south, but only 4 halite was available
At command 30 of 32:
    28   m 64 o
    29   m 17 o
>>> 30   m 6 s
    31   m 53 n
    32   m 8 e


Turn 272
================================================================
warning: entity 28 was directed to use 4 halite to move south, but only 0 halite was available
At command 23 of 32:
    21   m 50 n
    22   m 1 s
>>> 23   m 28 s
    24   m 56 w
    25   m 45 o


Turn 273
================================================================
warning: entity 50 was directed to use 15 halite to move north, but only 9 halite was available
At command 18 of 32:
    16   m 30 o
    17   m 56 o
>>> 18   m 50 n
    19   m 24 w
    20   m 63 o

warning: entity 60 was directed to use 5 halite to move west, but only 0 halite was available
At command 31 of 32:
    29   m 58 n
    30   m 14 e
>>> 31   m 60 w
    32   m 8 s


Turn 275
================================================================
warning: entity 6 was directed to use 18 halite to move south, but only 4 halite was available
At command 31 of 32:
    29   m 62 n
    30   m 24 w
>>> 31   m 6 s
    32   m 1 s

warning: entity 1 was directed to use 14 halite to move south, but only 12 halite was available
At command 32 of 32:
    30   m 24 w
    31   m 6 s
>>> 32   m 1 s


Turn 278
================================================================
warning: entity 60 was directed to use 3 halite to move west, but only 0 halite was available
At command 18 of 32:
    16   m 3 o
    17   m 50 n
>>> 18   m 60 w
    19   m 38 e
    20   m 30 s

warning: entity 28 was directed to use 3 halite to move south, but only 2 halite was available
At command 29 of 32:
    27   m 56 o
    28   m 6 w
>>> 29   m 28 s
    30   m 1 o
    31   m 55 n


Turn 279
================================================================
warning: entity 6 was directed to use 11 halite to move south, but only 9 halite was available
At command 31 of 32:
    29   m 57 o
    30   m 4 s
>>> 31   m 6 s
    32   m 55 s


Turn 280
================================================================
warning: entity 28 was directed to use 38 halite to move south, but only 8 halite was available
At command 30 of 32:
    28   m 56 o
    29   m 58 n
>>> 30   m 28 s
    31   m 24 s
    32   m 14 o


Turn 281
================================================================
warning: entity 60 was directed to use 7 halite to move west, but only 2 halite was available
At command 30 of 32:
    28   m 4 s
    29   m 55 n
>>> 30   m 60 w
    31   m 40 w
    32   m 58 n


Turn 285
================================================================
warning: entity 55 was directed to use 2 halite to move south, but only 0 halite was available
At command 28 of 32:
    26   m 31 o
    27   m 57 o
>>> 28   m 55 s
    29   m 38 n
    30   m 24 w

warning: entity 60 was directed to use 9 halite to move west, but only 4 halite was available
At command 31 of 32:
    29   m 38 n
    30   m 24 w
>>> 31   m 60 w
    32   m 58 n


Turn 288
================================================================
warning: entity 58 was directed to use 4 halite to move east, but only 0 halite was available
At command 18 of 32:
    16   m 53 o
    17   m 57 o
>>> 18   m 58 e
    19   m 60 w
    20   m 28 s

warning: entity 55 was directed to use 24 halite to move south, but only 17 halite was available
At command 31 of 32:
    29   m 14 n
    30   m 24 o
>>> 31   m 55 s
    32   m 38 n


Turn 289
================================================================
warning: entity 60 was directed to use 15 halite to move west, but only 14 halite was available
At command 27 of 32:
    25   m 40 o
    26   m 28 s
>>> 27   m 60 w
    28   m 8 s
    29   m 56 w


Turn 291
================================================================
warning: entity 58 was directed to use 5 halite to move south, but only 2 halite was available
At command 28 of 32:
    26   m 50 o
    27   m 14 e
>>> 28   m 58 s
    29   m 24 s
    30   m 4 s

warning: entity 4 was directed to use 7 halite to move south, but only 0 halite was available
At command 30 of 32:
    28   m 58 s
    29   m 24 s
>>> 30   m 4 s
    31   m 55 s
    32   m 8 w


Turn 293
================================================================
warning: entity 58 was directed to use 20 halite to move east, but only 13 halite was available
At command 25 of 32:
    23   m 6 w
    24   m 17 o
>>> 25   m 58 e
    26   m 14 e
    27   m 4 s

warning: entity 8 was directed to use 5 halite to move west, but only 0 halite was available
At command 32 of 32:
    30   m 60 o
    31   m 55 s
>>> 32   m 8 w


Turn 295
================================================================
warning: entity 4 was directed to use 20 halite to move east, but only 2 halite was available
At command 26 of 32:
    24   m 8 w
    25   m 57 o
>>> 26   m 4 e
    27   m 14 n
    28   m 24 w


Turn 296
================================================================
warning: entity 24 was directed to use 3 halite to move west, but only 0 halite was available
At command 30 of 32:
    28   m 58 s
    29   m 8 w
>>> 30   m 24 w
    31   m 38 e
    32   m 20 o


Turn 298
================================================================
warning: entity 8 was directed to use 4 halite to move west, but only 3 halite was available
At command 18 of 32:
    16   m 57 n
    17   m 56 w
>>> 18   m 8 w
    19   m 14 n
    20   m 58 o


Turn 299
================================================================
warning: entity 38 was directed to use 6 halite to move south, but only 0 halite was available
At command 23 of 32:
    21   m 14 n
    22   m 55 s
>>> 23   m 38 s
    24   m 29 o
    25   m 57 o


Turn 300
================================================================
warning: entity 24 was directed to use 3 halite to move west, but only 2 halite was available
At command 22 of 32:
    20   m 56 w
    21   m 58 e
>>> 22   m 24 w
    23   m 28 o
    24   m 55 s

warning: entity 4 was directed to use 23 halite to move south, but only 17 halite was available
At command 31 of 32:
    29   m 62 o
    30   m 18 e
>>> 31   m 4 s
    32   m 45 w


Turn 301
================================================================
warning: entity 8 was directed to use 7 halite to move west, but only 6 halite was available
At command 30 of 32:
    28   m 56 n
    29   m 55 e
>>> 30   m 8 w
    31   m 18 e
    32   m 45 w


Turn 302
================================================================
warning: entity 38 was directed to use 15 halite to move south, but only 8 halite was available
At command 29 of 32:
    27   m 60 w
    28   m 4 s
>>> 29   m 38 s
    30   m 58 e
    31   m 57 o


Turn 304
================================================================
warning: entity 24 was directed to use 5 halite to move west, but only 3 halite was available
At command 28 of 32:
    26   m 58 e
    27   m 59 o
>>> 28   m 24 w
    29   m 56 n
    30   m 18 e


Turn 307
================================================================
warning: entity 8 was directed to use 5 halite to move north, but only 0 halite was available
At command 18 of 32:
    16   m 3 w
    17   m 24 w
>>> 18   m 8 n
    19   m 51 s
    20   m 56 n


Turn 309
================================================================
warning: entity 24 was directed to use 4 halite to move west, but only 0 halite was available
At command 20 of 32:
    18   m 8 n
    19   m 18 w
>>> 20   m 24 w
    21   m 4 s
    22   m 51 n


Turn 311
================================================================
warning: entity 56 was directed to use 8 halite to move west, but only 0 halite was available
At command 28 of 32:
    26   m 59 o
    27   m 6 o
>>> 28   m 56 w
    29   m 14 w
    30   m 38 n


Turn 318
================================================================
warning: entity 14 was directed to use 6 halite to move north, but only 1 halite was available
At command 21 of 30:
    19   m 56 n
    20   m 38 s
>>> 21   m 14 n
    22   m 51 w
    23   m 28 o


Turn 320
================================================================
warning: entity 56 was directed to use 3 halite to move north, but only 1 halite was available
At command 22 of 29:
    20   m 17 o
    21   m 38 o
>>> 22   m 56 n
    23   m 61 s
    24   m 20 o

warning: entity 51 was directed to use 2 halite to move north, but only 0 halite was available
At command 26 of 29:
    24   m 20 o
    25   m 29 w
>>> 26   m 51 n
    27   m 18 n
    28   m 45 n


Turn 323
================================================================
warning: entity 51 was directed to use 17 halite to move west, but only 4 halite was available
At command 24 of 29:
    22   m 33 n
    23   m 4 n
>>> 24   m 51 w
    25   m 45 e
    26   m 6 o


Turn 325
================================================================
warning: entity 45 was directed to use 2 halite to move east, but only 0 halite was available
At command 28 of 29:
    26   m 18 s
    27   m 33 n
>>> 28   m 45 e
    29   m 61 n


Turn 327
================================================================
warning: entity 18 was directed to use 3 halite to move south, but only 0 halite was available
At command 26 of 29:
    24   m 8 w
    25   m 56 w
>>> 26   m 18 s
    27   m 60 o
    28   m 45 e

warning: entity 45 was directed to use 11 halite to move east, but only 4 halite was available
At command 28 of 29:
    26   m 18 s
    27   m 60 o
>>> 28   m 45 e
    29   m 51 n


Turn 329
================================================================
warning: entity 18 was directed to use 10 halite to move south, but only 6 halite was available
At command 26 of 29:
    24   m 29 o
    25   m 58 o
>>> 26   m 18 s
    27   m 45 e
    28   m 59 n


Turn 332
================================================================
warning: entity 33 was directed to use 8 halite to move east, but only 7 halite was available
At command 24 of 29:
    22   m 64 o
    23   m 18 s
>>> 24   m 33 e
    25   m 45 e
    26   m 63 o

warning: entity 45 was directed to use 7 halite to move east, but only 0 halite was available
At command 25 of 29:
    23   m 18 s
    24   m 33 e
>>> 25   m 45 e
    26   m 63 o
    27   m 61 e


Turn 335
================================================================
warning: entity 45 was directed to use 8 halite to move east, but only 7 halite was available
At command 18 of 29:
    16   m 31 o
    17   m 63 n
>>> 18   m 45 e
    19   m 30 o
    20   m 58 o


Turn 338
================================================================
warning: entity 45 was directed to use 4 halite to move north, but only 3 halite was available
At command 21 of 29:
    19   m 61 w
    20   m 30 o
>>> 21   m 45 n
    22   m 20 o
    23   m 57 w

warning: entity 33 was directed to use 13 halite to move south, but only 4 halite was available
At command 27 of 29:
    25   m 3 n
    26   m 64 w
>>> 27   m 33 s
    28   m 18 s
    29   m 62 o


Turn 341
================================================================
warning: entity 18 was directed to use 11 halite to move south, but only 0 halite was available
At command 22 of 29:
    20   m 3 n
    21   m 29 o
>>> 22   m 18 s
    23   m 62 o
    24   m 17 o

warning: entity 45 was directed to use 13 halite to move north, but only 8 halite was available
At command 27 of 29:
    25   m 60 w
    26   m 33 s
>>> 27   m 45 n
    28   m 61 n
    29   m 50 o


Turn 350
================================================================
warning: entity 61 was directed to use 1 halite to move west, but only 0 halite was available
At command 23 of 29:
    21   m 58 e
    22   m 62 e
>>> 23   m 61 w
    24   m 60 n
    25   m 8 o


Turn 355
================================================================
warning: entity 61 was directed to use 6 halite to move west, but only 4 halite was available
At command 26 of 29:
    24   m 45 o
    25   m 63 o
>>> 26   m 61 w
    27   m 57 n
    28   m 60 s


Turn 360
================================================================
warning: entity 3 was directed to use 5 halite to move north, but only 0 halite was available
At command 27 of 29:
    25   m 36 o
    26   m 58 o
>>> 27   m 3 n
    28   m 61 s
    29   m 60 s

warning: entity 61 was directed to use 3 halite to move south, but only 2 halite was available
At command 28 of 29:
    26   m 58 o
    27   m 3 n
>>> 28   m 61 s
    29   m 60 s


Turn 363
================================================================
warning: entity 3 was directed to use 11 halite to move north, but only 3 halite was available
At command 21 of 29:
    19   m 53 o
    20   m 55 o
>>> 21   m 3 n
    22   m 56 o
    23   m 64 w

warning: entity 61 was directed to use 4 halite to move south, but only 0 halite was available
At command 29 of 29:
    27   m 17 e
    28   m 38 n
>>> 29   m 61 s


Turn 364
================================================================
warning: entity 60 was directed to use 2 halite to move west, but only 1 halite was available
At command 25 of 29:
    23   m 8 o
    24   m 45 o
>>> 25   m 60 w
    26   m 64 e
    27   m 57 e


Turn 367
================================================================
warning: entity 57 was directed to use 4 halite to move north, but only 0 halite was available
At command 22 of 29:
    20   m 17 o
    21   m 61 o
>>> 22   m 57 n
    23   m 53 o
    24   m 38 o

warning: entity 60 was directed to use 13 halite to move west, but only 5 halite was available
At command 25 of 29:
    23   m 53 o
    24   m 38 o
>>> 25   m 60 w
    26   m 59 o
    27   m 3 s


Turn 373
================================================================
warning: entity 60 was directed to use 15 halite to move west, but only 8 halite was available
At command 27 of 29:
    25   m 31 s
    26   m 62 o
>>> 27   m 60 w
    28   m 30 o
    29   m 57 n


Turn 375
================================================================
warning: entity 57 was directed to use 5 halite to move north, but only 4 halite was available
At command 19 of 29:
    17   m 8 o
    18   m 17 w
>>> 19   m 57 n
    20   m 58 e
    21   m 4 o


Turn 378
================================================================
warning: entity 60 was directed to use 9 halite to move west, but only 6 halite was available
At command 16 of 28:
    14   m 3 n
    15   m 45 s
>>> 16   m 60 w
    17   m 50 o
    18   m 61 o

warning: entity 63 was directed to use 2 halite to move east, but only 0 halite was available
At command 22 of 28:
    20   m 6 o
    21   m 20 n
>>> 22   m 63 e
    23   m 56 w
    24   m 17 o


Turn 380
================================================================
warning: entity 57 was directed to use 4 halite to move north, but only 1 halite was available
At command 26 of 28:
    24   m 64 e
    25   m 56 o
>>> 26   m 57 n
    27   m 31 s
    28   m 58 e


Turn 388
================================================================
warning: entity 63 was directed to use 4 halite to move east, but only 1 halite was available
At command 22 of 27:
    20   m 62 n
    21   m 51 o
>>> 22   m 63 e
    23   m 29 e
    24   m 8 w


Turn 390
================================================================
warning: entity 31 was directed to use 2 halite to move south, but only 0 halite was available
At command 27 of 27:
    25   m 8 w
    26   m 28 e
>>> 27   m 31 s


Turn 395
================================================================
warning: entity 31 was directed to use 1 halite to move south, but only 0 halite was available
At command 26 of 26:
    24   m 30 o
    25   m 28 o
>>> 26   m 31 s

