
Turn 7
================================================================
warning: entity 5 was directed to use 17 halite to move north, but only 0 halite was available
At command 3 of 4:
    1   m 1 o
    2   m 3 e
>>> 3   m 5 n
    4   g


Turn 9
================================================================
warning: entity 7 was directed to use 7 halite to move north, but only 0 halite was available
At command 2 of 5:
    1   m 3 o
>>> 2   m 7 n
    3   m 1 o
    4   m 5 w


Turn 11
================================================================
warning: entity 9 was directed to use 24 halite to move south, but only 0 halite was available
At command 1 of 5:
>>> 1   m 9 s
    2   m 1 w
    3   m 5 w


Turn 44
================================================================
warning: entity 5 was directed to use 13 halite to move west, but only 0 halite was available
At command 5 of 5:
    3   m 7 o
    4   m 3 o
>>> 5   m 5 w


Turn 68
================================================================
warning: entity 11 was directed to use 9 halite to move north, but only 0 halite was available
At command 3 of 6:
    1   m 7 w
    2   m 5 o
>>> 3   m 11 n
    4   m 3 n
    5   m 1 s


Turn 71
================================================================
warning: entity 3 was directed to use 18 halite to move north, but only 0 halite was available
At command 3 of 6:
    1   m 9 o
    2   m 1 o
>>> 3   m 3 n
    4   m 11 o
    5   m 5 e


Turn 74
================================================================
warning: entity 3 was directed to use 5 halite to move north, but only 0 halite was available
At command 3 of 7:
    1   m 9 o
    2   m 1 o
>>> 3   m 3 n
    4   m 11 o
    5   m 7 o


Turn 76
================================================================
warning: entity 13 was directed to use 18 halite to move west, but only 0 halite was available
At command 7 of 7:
    5   m 7 o
    6   m 5 e
>>> 7   m 13 w


Turn 77
================================================================
warning: entity 3 was directed to use 11 halite to move north, but only 2 halite was available
At command 3 of 7:
    1   m 9 o
    2   m 1 o
>>> 3   m 3 n
    4   m 11 w
    5   m 7 o


Turn 79
================================================================
warning: entity 5 was directed to use 13 halite to move west, but only 0 halite was available
At command 7 of 8:
    5   m 11 o
    6   m 13 w
>>> 7   m 5 w
    8   g


Turn 80
================================================================
warning: entity 13 was directed to use 8 halite to move north, but only 7 halite was available
At command 6 of 8:
    4   m 3 e
    5   m 11 n
>>> 6   m 13 n
    7   m 5 w
    8   m 14 e


Turn 81
================================================================
warning: entity 14 was directed to use 3 halite to move east, but only 0 halite was available
At command 8 of 8:
    6   m 3 o
    7   m 11 o
>>> 8   m 14 e


Turn 82
================================================================
warning: entity 5 was directed to use 18 halite to move west, but only 16 halite was available
At command 8 of 8:
    6   m 14 n
    7   m 13 o
>>> 8   m 5 w


Turn 83
================================================================
warning: entity 1 was directed to use 6 halite to move north, but only 0 halite was available
At command 1 of 9:
>>> 1   m 1 n
    2   m 9 o
    3   m 7 o

warning: entity 14 was directed to use 9 halite to move north, but only 8 halite was available
At command 8 of 9:
    6   m 13 o
    7   m 5 w
>>> 8   m 14 n
    9   g


Turn 85
================================================================
warning: entity 15 was directed to use 2 halite to move north, but only 0 halite was available
At command 5 of 9:
    3   m 13 o
    4   m 1 n
>>> 5   m 15 n
    6   m 3 n
    7   m 7 s


Turn 87
================================================================
warning: entity 1 was directed to use 16 halite to move north, but only 1 halite was available
At command 9 of 9:
    7   m 5 o
    8   m 14 o
>>> 9   m 1 n


Turn 88
================================================================
warning: entity 15 was directed to use 3 halite to move east, but only 0 halite was available
At command 9 of 9:
    7   m 1 n
    8   m 13 o
>>> 9   m 15 e


Turn 92
================================================================
warning: entity 15 was directed to use 6 halite to move east, but only 1 halite was available
At command 9 of 9:
    7   m 7 n
    8   m 5 o
>>> 9   m 15 e


Turn 95
================================================================
warning: entity 7 was directed to use 4 halite to move south, but only 0 halite was available
At command 7 of 9:
    5   m 14 w
    6   m 15 e
>>> 7   m 7 s
    8   m 1 o
    9   m 9 o


Turn 98
================================================================
warning: entity 7 was directed to use 13 halite to move west, but only 0 halite was available
At command 9 of 10:
    7   m 5 o
    8   m 13 o
>>> 9   m 7 w
    10   g


Turn 100
================================================================
warning: entity 20 was directed to use 2 halite to move east, but only 0 halite was available
At command 10 of 10:
    8   m 7 w
    9   m 9 o
>>> 10   m 20 e


Turn 102
================================================================
warning: entity 20 was directed to use 8 halite to move east, but only 5 halite was available
At command 9 of 10:
    7   m 11 o
    8   m 9 o
>>> 9   m 20 e
    10   m 7 s


Turn 103
================================================================
warning: entity 7 was directed to use 10 halite to move south, but only 6 halite was available
At command 10 of 10:
    8   m 13 o
    9   m 15 o
>>> 10   m 7 s


Turn 113
================================================================
warning: entity 11 was directed to use 10 halite to move north, but only 0 halite was available
At command 10 of 10:
    8   m 9 o
    9   m 3 o
>>> 10   m 11 n


Turn 116
================================================================
warning: entity 11 was directed to use 1 halite to move south, but only 0 halite was available
At command 10 of 11:
    8   m 15 o
    9   m 1 w
>>> 10   m 11 s
    11   g


Turn 118
================================================================
warning: entity 22 was directed to use 10 halite to move west, but only 0 halite was available
At command 10 of 11:
    8   m 3 o
    9   m 5 o
>>> 10   m 22 w
    11   m 11 e

warning: entity 11 was directed to use 6 halite to move east, but only 3 halite was available
At command 11 of 11:
    9   m 5 o
    10   m 22 w
>>> 11   m 11 e


Turn 121
================================================================
warning: entity 22 was directed to use 13 halite to move south, but only 10 halite was available
At command 11 of 11:
    9   m 1 s
    10   m 20 o
>>> 11   m 22 s


Turn 122
================================================================
warning: entity 11 was directed to use 7 halite to move north, but only 4 halite was available
At command 11 of 11:
    9   m 1 s
    10   m 5 e
>>> 11   m 11 n


Turn 130
================================================================
warning: entity 5 was directed to use 1 halite to move east, but only 0 halite was available
At command 8 of 11:
    6   m 3 o
    7   m 1 s
>>> 8   m 5 e
    9   m 13 o
    10   m 14 s


Turn 132
================================================================
warning: entity 5 was directed to use 4 halite to move north, but only 3 halite was available
At command 9 of 11:
    7   m 14 s
    8   m 13 s
>>> 9   m 5 n
    10   m 9 o
    11   m 1 o


Turn 134
================================================================
warning: entity 13 was directed to use 2 halite to move west, but only 0 halite was available
At command 11 of 12:
    9   m 22 w
    10   m 11 o
>>> 11   m 13 w
    12   g


Turn 136
================================================================
warning: entity 13 was directed to use 12 halite to move west, but only 6 halite was available
At command 7 of 13:
    5   m 20 o
    6   m 7 o
>>> 7   m 13 w
    8   m 5 e
    9   m 11 o

warning: entity 24 was directed to use 7 halite to move west, but only 0 halite was available
At command 12 of 13:
    10   m 3 w
    11   m 22 o
>>> 12   m 24 w
    13   g


Turn 139
================================================================
warning: entity 26 was directed to use 4 halite to move south, but only 0 halite was available
At command 11 of 13:
    9   m 15 o
    10   m 13 n
>>> 11   m 26 s
    12   m 14 w
    13   m 3 s


Turn 140
================================================================
warning: entity 14 was directed to use 5 halite to move north, but only 0 halite was available
At command 12 of 14:
    10   m 11 o
    11   m 13 n
>>> 12   m 14 n
    13   m 3 n
    14   g


Turn 142
================================================================
warning: entity 27 was directed to use 1 halite to move east, but only 0 halite was available
At command 14 of 15:
    12   m 26 s
    13   m 3 s
>>> 14   m 27 e
    15   g


Turn 143
================================================================
warning: entity 14 was directed to use 10 halite to move west, but only 6 halite was available
At command 11 of 15:
    9   m 22 s
    10   m 5 n
>>> 11   m 14 w
    12   m 13 n
    13   m 26 s


Turn 144
================================================================
warning: entity 27 was directed to use 7 halite to move south, but only 3 halite was available
At command 9 of 15:
    7   m 15 o
    8   m 22 o
>>> 9   m 27 s
    10   m 29 w
    11   m 24 n

warning: entity 29 was directed to use 4 halite to move west, but only 0 halite was available
At command 10 of 15:
    8   m 22 o
    9   m 27 s
>>> 10   m 29 w
    11   m 24 n
    12   m 5 o


Turn 145
================================================================
warning: entity 26 was directed to use 17 halite to move south, but only 0 halite was available
At command 15 of 15:
    13   m 14 e
    14   m 24 o
>>> 15   m 26 s


Turn 146
================================================================
warning: entity 29 was directed to use 10 halite to move south, but only 8 halite was available
At command 12 of 15:
    10   m 27 e
    11   m 3 n
>>> 12   m 29 s
    13   m 11 o
    14   m 14 w


Turn 147
================================================================
warning: entity 3 was directed to use 1 halite to move east, but only 0 halite was available
At command 14 of 16:
    12   m 26 o
    13   m 27 n
>>> 14   m 3 e
    15   m 14 w
    16   g


Turn 148
================================================================
warning: entity 14 was directed to use 6 halite to move west, but only 4 halite was available
At command 15 of 16:
    13   m 22 s
    14   m 27 n
>>> 15   m 14 w
    16   m 31 e


Turn 149
================================================================
warning: entity 3 was directed to use 7 halite to move west, but only 3 halite was available
At command 10 of 16:
    8   m 29 w
    9   m 5 o
>>> 10   m 3 w
    11   m 13 o
    12   m 26 o


Turn 150
================================================================
warning: entity 31 was directed to use 3 halite to move south, but only 0 halite was available
At command 16 of 16:
    14   m 14 w
    15   m 15 w
>>> 16   m 31 s


Turn 152
================================================================
warning: entity 27 was directed to use 4 halite to move north, but only 1 halite was available
At command 15 of 16:
    13   m 24 o
    14   m 31 s
>>> 15   m 27 n
    16   m 15 n


Turn 153
================================================================
warning: entity 3 was directed to use 17 halite to move north, but only 8 halite was available
At command 10 of 16:
    8   m 24 o
    9   m 27 n
>>> 10   m 3 n
    11   m 31 s
    12   m 11 o


Turn 154
================================================================
warning: entity 27 was directed to use 19 halite to move north, but only 10 halite was available
At command 15 of 16:
    13   m 31 s
    14   m 20 o
>>> 15   m 27 n
    16   m 15 w


Turn 155
================================================================
warning: entity 31 was directed to use 3 halite to move south, but only 1 halite was available
At command 16 of 16:
    14   m 26 o
    15   m 3 n
>>> 16   m 31 s


Turn 158
================================================================
warning: entity 31 was directed to use 4 halite to move south, but only 2 halite was available
At command 15 of 17:
    13   m 9 o
    14   m 1 s
>>> 15   m 31 s
    16   m 3 n
    17   m 34 w

warning: entity 3 was directed to use 16 halite to move north, but only 12 halite was available
At command 16 of 17:
    14   m 1 s
    15   m 31 s
>>> 16   m 3 n
    17   m 34 w


Turn 159
================================================================
warning: entity 34 was directed to use 3 halite to move west, but only 0 halite was available
At command 13 of 17:
    11   m 31 s
    12   m 3 n
>>> 13   m 34 w
    14   m 7 e
    15   m 5 e


Turn 160
================================================================
warning: entity 31 was directed to use 19 halite to move north, but only 10 halite was available
At command 14 of 17:
    12   m 29 w
    13   m 3 n
>>> 14   m 31 n
    15   m 7 s
    16   m 5 o


Turn 162
================================================================
warning: entity 34 was directed to use 13 halite to move north, but only 1 halite was available
At command 16 of 17:
    14   m 14 s
    15   m 11 o
>>> 16   m 34 n
    17   m 1 e


Turn 167
================================================================
warning: entity 34 was directed to use 5 halite to move west, but only 4 halite was available
At command 16 of 17:
    14   m 11 s
    15   m 27 o
>>> 16   m 34 w
    17   m 29 w


Turn 171
================================================================
warning: entity 15 was directed to use 3 halite to move east, but only 0 halite was available
At command 16 of 17:
    14   m 14 o
    15   m 26 n
>>> 16   m 15 e
    17   m 11 o


Turn 175
================================================================
warning: entity 15 was directed to use 6 halite to move south, but only 1 halite was available
At command 15 of 17:
    13   m 34 o
    14   m 26 n
>>> 15   m 15 s
    16   m 20 o
    17   m 9 n

warning: entity 9 was directed to use 5 halite to move north, but only 0 halite was available
At command 17 of 17:
    15   m 15 s
    16   m 20 o
>>> 17   m 9 n


Turn 177
================================================================
warning: entity 7 was directed to use 2 halite to move east, but only 0 halite was available
At command 17 of 17:
    15   m 26 e
    16   m 15 s
>>> 17   m 7 e


Turn 178
================================================================
warning: entity 9 was directed to use 10 halite to move north, but only 2 halite was available
At command 14 of 18:
    12   m 5 o
    13   m 20 o
>>> 14   m 9 n
    15   m 22 o
    16   m 26 s


Turn 179
================================================================
warning: entity 26 was directed to use 2 halite to move east, but only 0 halite was available
At command 17 of 18:
    15   m 29 w
    16   m 15 e
>>> 17   m 26 e
    18   m 38 e


Turn 180
================================================================
warning: entity 7 was directed to use 6 halite to move east, but only 1 halite was available
At command 9 of 19:
    7   m 22 o
    8   m 26 e
>>> 9   m 7 e
    10   m 11 s
    11   m 24 o


Turn 181
================================================================
warning: entity 38 was directed to use 2 halite to move east, but only 0 halite was available
At command 18 of 19:
    16   m 11 n
    17   m 15 e
>>> 18   m 38 e
    19   m 39 n


Turn 182
================================================================
warning: entity 26 was directed to use 4 halite to move east, but only 3 halite was available
At command 17 of 19:
    15   m 7 e
    16   m 9 n
>>> 17   m 26 e
    18   m 11 o
    19   m 15 e

warning: entity 15 was directed to use 8 halite to move east, but only 2 halite was available
At command 19 of 19:
    17   m 26 e
    18   m 11 o
>>> 19   m 15 e


Turn 184
================================================================
warning: entity 39 was directed to use 6 halite to move north, but only 0 halite was available
At command 17 of 19:
    15   m 26 e
    16   m 15 o
>>> 17   m 39 n
    18   m 38 e
    19   m 7 s

warning: entity 38 was directed to use 4 halite to move east, but only 0 halite was available
At command 18 of 19:
    16   m 15 o
    17   m 39 n
>>> 18   m 38 e
    19   m 7 s


Turn 185
================================================================
warning: entity 7 was directed to use 6 halite to move south, but only 3 halite was available
At command 14 of 19:
    12   m 39 n
    13   m 38 e
>>> 14   m 7 s
    15   m 11 o
    16   m 9 n

warning: entity 9 was directed to use 5 halite to move north, but only 0 halite was available
At command 16 of 19:
    14   m 7 s
    15   m 11 o
>>> 16   m 9 n
    17   m 3 o
    18   m 22 n


Turn 188
================================================================
warning: entity 39 was directed to use 4 halite to move north, but only 3 halite was available
At command 16 of 19:
    14   m 11 w
    15   m 9 o
>>> 16   m 39 n
    17   m 31 o
    18   m 26 o

warning: entity 38 was directed to use 1 halite to move south, but only 0 halite was available
At command 19 of 19:
    17   m 31 o
    18   m 26 o
>>> 19   m 38 s


Turn 191
================================================================
warning: entity 39 was directed to use 7 halite to move north, but only 3 halite was available
At command 9 of 19:
    7   m 5 o
    8   m 38 e
>>> 9   m 39 n
    10   m 13 e
    11   m 34 w


Turn 203
================================================================
warning: entity 11 was directed to use 5 halite to move east, but only 0 halite was available
At command 15 of 19:
    13   m 9 o
    14   m 7 o
>>> 15   m 11 e
    16   m 5 o
    17   m 14 e


Turn 209
================================================================
warning: entity 11 was directed to use 3 halite to move north, but only 2 halite was available
At command 19 of 20:
    17   m 13 e
    18   m 31 n
>>> 19   m 11 n
    20   g


Turn 210
================================================================
warning: entity 13 was directed to use 4 halite to move east, but only 0 halite was available
At command 18 of 20:
    16   m 20 o
    17   m 1 o
>>> 18   m 13 e
    19   m 31 n
    20   m 45 n


Turn 211
================================================================
warning: entity 42 was directed to use 7 halite to move south, but only 0 halite was available
At command 13 of 20:
    11   m 1 o
    12   m 13 e
>>> 13   m 42 s
    14   m 27 o
    15   m 15 o


Turn 213
================================================================
warning: entity 45 was directed to use 5 halite to move east, but only 0 halite was available
At command 11 of 20:
    9   m 7 o
    10   m 29 e
>>> 11   m 45 e
    12   m 3 o
    13   m 42 s

warning: entity 11 was directed to use 3 halite to move north, but only 2 halite was available
At command 19 of 20:
    17   m 26 o
    18   m 13 n
>>> 19   m 11 n
    20   m 31 n


Turn 215
================================================================
warning: entity 42 was directed to use 13 halite to move south, but only 4 halite was available
At command 9 of 20:
    7   m 15 o
    8   m 29 e
>>> 9   m 42 s
    10   m 27 o
    11   m 11 n

warning: entity 14 was directed to use 2 halite to move east, but only 0 halite was available
At command 18 of 20:
    16   m 31 n
    17   m 20 w
>>> 18   m 14 e
    19   m 13 n
    20   m 24 o

warning: entity 13 was directed to use 4 halite to move north, but only 2 halite was available
At command 19 of 20:
    17   m 20 w
    18   m 14 e
>>> 19   m 13 n
    20   m 24 o


Turn 219
================================================================
warning: entity 14 was directed to use 3 halite to move east, but only 0 halite was available
At command 14 of 20:
    12   m 31 s
    13   m 7 e
>>> 14   m 14 e
    15   m 3 o
    16   m 13 e

warning: entity 42 was directed to use 27 halite to move south, but only 3 halite was available
At command 20 of 20:
    18   m 9 e
    19   m 20 w
>>> 20   m 42 s


Turn 220
================================================================
warning: entity 13 was directed to use 14 halite to move north, but only 0 halite was available
At command 10 of 21:
    8   m 3 o
    9   m 42 s
>>> 10   m 13 n
    11   m 20 w
    12   m 9 o


Turn 221
================================================================
warning: entity 31 was directed to use 2 halite to move south, but only 0 halite was available
At command 20 of 21:
    18   m 45 o
    19   m 38 o
>>> 20   m 31 s
    21   m 48 w


Turn 222
================================================================
warning: entity 14 was directed to use 6 halite to move east, but only 4 halite was available
At command 20 of 22:
    18   m 24 e
    19   m 29 e
>>> 20   m 14 e
    21   m 48 s
    22   g

warning: entity 48 was directed to use 1 halite to move south, but only 0 halite was available
At command 21 of 22:
    19   m 29 e
    20   m 14 e
>>> 21   m 48 s
    22   g


Turn 225
================================================================
warning: entity 31 was directed to use 4 halite to move south, but only 3 halite was available
At command 14 of 22:
    12   m 13 o
    13   m 24 e
>>> 14   m 31 s
    15   m 38 o
    16   m 50 w

warning: entity 50 was directed to use 1 halite to move west, but only 0 halite was available
At command 16 of 22:
    14   m 31 s
    15   m 38 o
>>> 16   m 50 w
    17   m 39 o
    18   m 20 n


Turn 229
================================================================
warning: entity 50 was directed to use 2 halite to move north, but only 0 halite was available
At command 13 of 22:
    11   m 45 o
    12   m 14 e
>>> 13   m 50 n
    14   m 1 e
    15   m 3 o


Turn 230
================================================================
warning: entity 31 was directed to use 3 halite to move west, but only 0 halite was available
At command 15 of 22:
    13   m 11 o
    14   m 39 o
>>> 15   m 31 w
    16   m 9 o
    17   m 48 n


Turn 232
================================================================
warning: entity 48 was directed to use 7 halite to move west, but only 4 halite was available
At command 13 of 21:
    11   m 42 o
    12   m 14 o
>>> 13   m 48 w
    14   m 31 s
    15   m 27 s

warning: entity 50 was directed to use 12 halite to move south, but only 1 halite was available
At command 16 of 21:
    14   m 31 s
    15   m 27 s
>>> 16   m 50 s
    17   m 15 o
    18   m 39 o


Turn 233
================================================================
warning: entity 31 was directed to use 5 halite to move south, but only 4 halite was available
At command 19 of 21:
    17   m 11 o
    18   m 13 o
>>> 19   m 31 s
    20   m 1 w
    21   m 24 s


Turn 234
================================================================
warning: entity 20 was directed to use 1 halite to move west, but only 0 halite was available
At command 15 of 21:
    13   m 29 w
    14   m 48 w
>>> 15   m 20 w
    16   m 38 o
    17   m 45 o

warning: entity 50 was directed to use 35 halite to move south, but only 24 halite was available
At command 19 of 21:
    17   m 45 o
    18   m 34 o
>>> 19   m 50 s
    20   m 1 w
    21   m 24 s


Turn 237
================================================================
warning: entity 31 was directed to use 6 halite to move west, but only 5 halite was available
At command 14 of 21:
    12   m 45 o
    13   m 50 s
>>> 14   m 31 w
    15   m 24 s
    16   m 48 w

warning: entity 20 was directed to use 3 halite to move south, but only 0 halite was available
At command 21 of 21:
    19   m 3 s
    20   m 1 e
>>> 21   m 20 s


Turn 240
================================================================
warning: entity 20 was directed to use 3 halite to move south, but only 2 halite was available
At command 17 of 21:
    15   m 24 s
    16   m 39 o
>>> 17   m 20 s
    18   m 27 w
    19   m 48 o


Turn 244
================================================================
warning: entity 20 was directed to use 18 halite to move south, but only 0 halite was available
At command 19 of 21:
    17   m 48 n
    18   m 42 w
>>> 19   m 20 s
    20   m 29 s
    21   m 27 w


Turn 245
================================================================
warning: entity 24 was directed to use 2 halite to move south, but only 0 halite was available
At command 17 of 20:
    15   m 15 o
    16   m 34 e
>>> 17   m 24 s
    18   m 1 n
    19   m 48 e


Turn 249
================================================================
warning: entity 24 was directed to use 2 halite to move south, but only 0 halite was available
At command 14 of 19:
    12   m 38 o
    13   m 20 o
>>> 14   m 24 s
    15   m 15 o
    16   m 31 o


Turn 250
================================================================
warning: entity 27 was directed to use 3 halite to move south, but only 0 halite was available
At command 18 of 19:
    16   m 1 e
    17   m 3 s
>>> 18   m 27 s
    19   m 42 n


Turn 252
================================================================
warning: entity 27 was directed to use 9 halite to move west, but only 8 halite was available
At command 12 of 19:
    10   m 24 s
    11   m 34 s
>>> 12   m 27 w
    13   m 50 s
    14   m 3 s


Turn 257
================================================================
warning: entity 1 was directed to use 12 halite to move south, but only 0 halite was available
At command 11 of 19:
    9   m 3 s
    10   m 20 o
>>> 11   m 1 s
    12   m 42 o
    13   m 31 s

warning: entity 27 was directed to use 10 halite to move west, but only 5 halite was available
At command 17 of 19:
    15   m 24 o
    16   m 34 s
>>> 17   m 27 w
    18   m 13 s
    19   m 9 s


Turn 260
================================================================
warning: entity 1 was directed to use 9 halite to move north, but only 4 halite was available
At command 13 of 18:
    11   m 13 s
    12   m 39 o
>>> 13   m 1 n
    14   m 15 w
    15   m 42 n


Turn 266
================================================================
warning: entity 9 was directed to use 7 halite to move west, but only 1 halite was available
At command 15 of 18:
    13   m 29 o
    14   m 26 w
>>> 15   m 9 w
    16   m 39 w
    17   m 34 w

warning: entity 34 was directed to use 7 halite to move west, but only 0 halite was available
At command 17 of 18:
    15   m 9 w
    16   m 39 w
>>> 17   m 34 w
    18   m 13 n


Turn 268
================================================================
warning: entity 13 was directed to use 2 halite to move east, but only 0 halite was available
At command 9 of 18:
    7   m 15 o
    8   m 24 o
>>> 9   m 13 e
    10   m 50 o
    11   m 11 w


Turn 273
================================================================
warning: entity 13 was directed to use 3 halite to move north, but only 2 halite was available
At command 10 of 18:
    8   m 29 o
    9   m 9 o
>>> 10   m 13 n
    11   m 50 o
    12   m 48 e


Turn 274
================================================================
warning: entity 42 was directed to use 1 halite to move west, but only 0 halite was available
At command 18 of 18:
    16   m 34 o
    17   m 26 w
>>> 18   m 42 w


Turn 282
================================================================
warning: entity 39 was directed to use 1 halite to move north, but only 0 halite was available
At command 13 of 18:
    11   m 20 s
    12   m 7 e
>>> 13   m 39 n
    14   m 48 s
    15   m 50 n

warning: entity 42 was directed to use 4 halite to move north, but only 0 halite was available
At command 18 of 18:
    16   m 13 o
    17   m 38 w
>>> 18   m 42 n


Turn 284
================================================================
warning: entity 42 was directed to use 11 halite to move north, but only 8 halite was available
At command 15 of 18:
    13   m 50 w
    14   m 39 n
>>> 15   m 42 n
    16   m 24 o
    17   m 48 o


Turn 288
================================================================
warning: entity 39 was directed to use 5 halite to move north, but only 4 halite was available
At command 16 of 18:
    14   m 24 o
    15   m 20 o
>>> 16   m 39 n
    17   m 42 e
    18   m 50 n


Turn 299
================================================================
warning: entity 50 was directed to use 1 halite to move south, but only 0 halite was available
At command 16 of 17:
    14   m 26 o
    15   m 48 e
>>> 16   m 50 s
    17   m 7 w


Turn 304
================================================================
warning: entity 50 was directed to use 5 halite to move south, but only 3 halite was available
At command 16 of 17:
    14   m 7 e
    15   m 11 o
>>> 16   m 50 s
    17   m 29 o


Turn 306
================================================================
warning: entity 7 was directed to use 1 halite to move east, but only 0 halite was available
At command 8 of 17:
    6   m 3 s
    7   m 31 o
>>> 8   m 7 e
    9   m 50 s
    10   m 11 n

warning: entity 15 was directed to use 3 halite to move south, but only 0 halite was available
At command 12 of 17:
    10   m 11 n
    11   m 26 n
>>> 12   m 15 s
    13   m 38 o
    14   m 39 s


Turn 308
================================================================
warning: entity 7 was directed to use 4 halite to move south, but only 3 halite was available
At command 10 of 17:
    8   m 3 o
    9   m 11 o
>>> 10   m 7 s
    11   m 24 o
    12   m 20 n

warning: entity 50 was directed to use 21 halite to move south, but only 1 halite was available
At command 16 of 17:
    14   m 38 e
    15   m 13 n
>>> 16   m 50 s
    17   m 48 o


Turn 309
================================================================
warning: entity 15 was directed to use 9 halite to move south, but only 4 halite was available
At command 15 of 17:
    13   m 13 o
    14   m 26 n
>>> 15   m 15 s
    16   m 20 n
    17   m 38 s

warning: entity 38 was directed to use 1 halite to move south, but only 0 halite was available
At command 17 of 17:
    15   m 15 s
    16   m 20 n
>>> 17   m 38 s


Turn 312
================================================================
warning: entity 38 was directed to use 3 halite to move south, but only 0 halite was available
At command 16 of 17:
    14   m 1 o
    15   m 15 e
>>> 16   m 38 s
    17   m 7 o


Turn 314
================================================================
warning: entity 26 was directed to use 1 halite to move west, but only 0 halite was available
At command 9 of 17:
    7   m 39 w
    8   m 29 n
>>> 9   m 26 w
    10   m 11 n
    11   m 3 o


Turn 318
================================================================
warning: entity 11 was directed to use 3 halite to move south, but only 0 halite was available
At command 17 of 17:
    15   m 26 w
    16   m 20 w
>>> 17   m 11 s


Turn 321
================================================================
warning: entity 20 was directed to use 1 halite to move west, but only 0 halite was available
At command 17 of 17:
    15   m 38 o
    16   m 31 o
>>> 17   m 20 w


Turn 323
================================================================
warning: entity 11 was directed to use 2 halite to move south, but only 1 halite was available
At command 17 of 17:
    15   m 26 o
    16   m 3 o
>>> 17   m 11 s


Turn 324
================================================================
warning: entity 20 was directed to use 5 halite to move north, but only 2 halite was available
At command 17 of 17:
    15   m 24 e
    16   m 48 n
>>> 17   m 20 n


Turn 344
================================================================
warning: entity 48 was directed to use 1 halite to move south, but only 0 halite was available
At command 16 of 16:
    14   m 31 o
    15   m 1 s
>>> 16   m 48 s


Turn 348
================================================================
warning: entity 48 was directed to use 1 halite to move south, but only 0 halite was available
At command 15 of 16:
    13   m 26 s
    14   m 9 n
>>> 15   m 48 s
    16   m 3 w


Turn 350
================================================================
warning: entity 48 was directed to use 4 halite to move south, but only 3 halite was available
At command 13 of 16:
    11   m 9 n
    12   m 13 o
>>> 13   m 48 s
    14   m 1 n
    15   m 24 w

warning: entity 3 was directed to use 1 halite to move west, but only 0 halite was available
At command 16 of 16:
    14   m 1 n
    15   m 24 w
>>> 16   m 3 w


Turn 353
================================================================
warning: entity 3 was directed to use 4 halite to move west, but only 2 halite was available
At command 10 of 16:
    8   m 13 o
    9   m 9 n
>>> 10   m 3 w
    11   m 29 o
    12   m 11 o

warning: entity 24 was directed to use 1 halite to move west, but only 0 halite was available
At command 13 of 16:
    11   m 29 o
    12   m 11 o
>>> 13   m 24 w
    14   m 1 n
    15   m 48 s


Turn 354
================================================================
warning: entity 26 was directed to use 3 halite to move south, but only 2 halite was available
At command 16 of 16:
    14   m 1 w
    15   m 48 w
>>> 16   m 26 s


Turn 355
================================================================
warning: entity 48 was directed to use 19 halite to move east, but only 1 halite was available
At command 16 of 16:
    14   m 1 w
    15   m 9 w
>>> 16   m 48 e


Turn 357
================================================================
warning: entity 24 was directed to use 7 halite to move south, but only 3 halite was available
At command 14 of 16:
    12   m 48 w
    13   m 38 o
>>> 14   m 24 s
    15   m 1 w
    16   m 9 w

warning: entity 1 was directed to use 1 halite to move west, but only 0 halite was available
At command 15 of 16:
    13   m 38 o
    14   m 24 s
>>> 15   m 1 w
    16   m 9 w


Turn 359
================================================================
warning: entity 9 was directed to use 1 halite to move west, but only 0 halite was available
At command 14 of 16:
    12   m 15 o
    13   m 39 o
>>> 14   m 9 w
    15   m 24 w
    16   m 13 w


Turn 361
================================================================
warning: entity 1 was directed to use 3 halite to move west, but only 0 halite was available
At command 12 of 16:
    10   m 39 o
    11   m 31 o
>>> 12   m 1 w
    13   m 42 o
    14   m 9 w

warning: entity 9 was directed to use 5 halite to move west, but only 4 halite was available
At command 14 of 16:
    12   m 1 w
    13   m 42 o
>>> 14   m 9 w
    15   m 24 w
    16   m 13 w


Turn 382
================================================================
warning: entity 29 was directed to use 1 halite to move west, but only 0 halite was available
At command 16 of 16:
    14   m 50 o
    15   m 31 s
>>> 16   m 29 w


Turn 384
================================================================
warning: entity 29 was directed to use 4 halite to move west, but only 3 halite was available
At command 12 of 15:
    10   m 1 o
    11   m 26 o
>>> 12   m 29 w
    13   m 3 w
    14   m 7 w


Turn 388
================================================================
warning: entity 31 was directed to use 1 halite to move south, but only 0 halite was available
At command 10 of 15:
    8   m 29 o
    9   m 24 o
>>> 10   m 31 s
    11   m 9 w
    12   m 11 o


Turn 390
================================================================
warning: entity 13 was directed to use 1 halite to move west, but only 0 halite was available
At command 14 of 15:
    12   m 3 s
    13   m 31 s
>>> 14   m 13 w
    15   m 50 e


Turn 392
================================================================
warning: entity 13 was directed to use 4 halite to move west, but only 3 halite was available
At command 11 of 15:
    9   m 29 o
    10   m 1 o
>>> 11   m 13 w
    12   m 15 n
    13   m 7 n

warning: entity 31 was directed to use 2 halite to move south, but only 1 halite was available
At command 14 of 15:
    12   m 15 n
    13   m 7 n
>>> 14   m 31 s
    15   m 50 n

