
Turn 5
================================================================
warning: entity 2 was directed to use 23 halite to move west, but only 0 halite was available
At command 2 of 3:
    1   m 0 w
>>> 2   m 2 w
    3   g


Turn 9
================================================================
warning: entity 6 was directed to use 13 halite to move east, but only 0 halite was available
At command 4 of 5:
    2   m 4 o
    3   m 2 o
>>> 4   m 6 e
    5   g


Turn 11
================================================================
warning: entity 8 was directed to use 18 halite to move west, but only 0 halite was available
At command 1 of 5:
>>> 1   m 8 w
    2   m 0 o
    3   m 2 o


Turn 46
================================================================
warning: entity 6 was directed to use 13 halite to move east, but only 0 halite was available
At command 5 of 5:
    3   m 8 o
    4   m 0 n
>>> 5   m 6 e


Turn 50
================================================================
warning: entity 6 was directed to use 10 halite to move west, but only 4 halite was available
At command 5 of 5:
    3   m 0 n
    4   m 8 o
>>> 5   m 6 w


Turn 51
================================================================
warning: entity 0 was directed to use 9 halite to move east, but only 0 halite was available
At command 2 of 6:
    1   m 4 w
>>> 2   m 0 e
    3   m 8 w
    4   m 6 e


Turn 53
================================================================
warning: entity 10 was directed to use 9 halite to move north, but only 0 halite was available
At command 3 of 6:
    1   m 0 e
    2   m 8 o
>>> 3   m 10 n
    4   m 2 n
    5   m 4 o


Turn 54
================================================================
warning: entity 0 was directed to use 9 halite to move east, but only 6 halite was available
At command 1 of 6:
>>> 1   m 0 e
    2   m 8 o
    3   m 2 o


Turn 71
================================================================
warning: entity 2 was directed to use 10 halite to move south, but only 0 halite was available
At command 2 of 7:
    1   m 4 e
>>> 2   m 2 s
    3   m 10 o
    4   m 6 o


Turn 73
================================================================
warning: entity 12 was directed to use 7 halite to move east, but only 0 halite was available
At command 6 of 7:
    4   m 10 o
    5   m 2 o
>>> 6   m 12 e
    7   m 4 e


Turn 76
================================================================
warning: entity 12 was directed to use 3 halite to move north, but only 2 halite was available
At command 6 of 7:
    4   m 10 o
    5   m 2 o
>>> 6   m 12 n
    7   m 4 e


Turn 83
================================================================
warning: entity 6 was directed to use 7 halite to move east, but only 0 halite was available
At command 7 of 7:
    5   m 12 o
    6   m 4 o
>>> 7   m 6 e


Turn 86
================================================================
warning: entity 6 was directed to use 5 halite to move north, but only 0 halite was available
At command 7 of 8:
    5   m 12 o
    6   m 4 o
>>> 7   m 6 n
    8   g


Turn 88
================================================================
warning: entity 16 was directed to use 5 halite to move west, but only 0 halite was available
At command 4 of 9:
    2   m 12 e
    3   m 0 w
>>> 4   m 16 w
    5   m 8 n
    6   m 6 n

warning: entity 6 was directed to use 12 halite to move north, but only 10 halite was available
At command 6 of 9:
    4   m 16 w
    5   m 8 n
>>> 6   m 6 n
    7   m 10 n
    8   m 2 s


Turn 90
================================================================
warning: entity 17 was directed to use 20 halite to move north, but only 0 halite was available
At command 8 of 9:
    6   m 6 n
    7   m 4 o
>>> 8   m 17 n
    9   m 10 o


Turn 92
================================================================
warning: entity 8 was directed to use 4 halite to move north, but only 0 halite was available
At command 4 of 9:
    2   m 4 s
    3   m 16 o
>>> 4   m 8 n
    5   m 2 o
    6   m 17 n


Turn 94
================================================================
warning: entity 8 was directed to use 9 halite to move east, but only 8 halite was available
At command 8 of 9:
    6   m 16 o
    7   m 17 e
>>> 8   m 8 e
    9   m 10 o


Turn 96
================================================================
warning: entity 10 was directed to use 11 halite to move west, but only 8 halite was available
At command 6 of 10:
    4   m 17 e
    5   m 0 e
>>> 6   m 10 w
    7   m 12 o
    8   m 6 n


Turn 97
================================================================
warning: entity 0 was directed to use 8 halite to move east, but only 0 halite was available
At command 8 of 10:
    6   m 6 e
    7   m 17 o
>>> 8   m 0 e
    9   m 8 e
    10   m 18 w


Turn 98
================================================================
warning: entity 18 was directed to use 2 halite to move west, but only 0 halite was available
At command 9 of 11:
    7   m 10 o
    8   m 6 o
>>> 9   m 18 w
    10   m 8 o
    11   g


Turn 100
================================================================
warning: entity 19 was directed to use 3 halite to move east, but only 0 halite was available
At command 5 of 12:
    3   m 6 o
    4   m 17 n
>>> 5   m 19 e
    6   m 10 w
    7   m 8 o

warning: entity 18 was directed to use 23 halite to move north, but only 6 halite was available
At command 8 of 12:
    6   m 10 w
    7   m 8 o
>>> 8   m 18 n
    9   m 2 n
    10   m 16 o

warning: entity 0 was directed to use 7 halite to move east, but only 5 halite was available
At command 11 of 12:
    9   m 2 n
    10   m 16 o
>>> 11   m 0 e
    12   g


Turn 102
================================================================
warning: entity 19 was directed to use 7 halite to move north, but only 6 halite was available
At command 5 of 12:
    3   m 4 s
    4   m 16 o
>>> 5   m 19 n
    6   m 6 o
    7   m 8 o

warning: entity 21 was directed to use 2 halite to move north, but only 0 halite was available
At command 12 of 12:
    10   m 2 s
    11   m 10 o
>>> 12   m 21 n


Turn 103
================================================================
warning: entity 0 was directed to use 17 halite to move south, but only 7 halite was available
At command 9 of 12:
    7   m 10 s
    8   m 21 n
>>> 9   m 0 s
    10   m 4 s
    11   m 18 w


Turn 104
================================================================
warning: entity 21 was directed to use 17 halite to move north, but only 5 halite was available
At command 9 of 12:
    7   m 19 n
    8   m 10 e
>>> 9   m 21 n
    10   m 4 o
    11   m 18 w


Turn 122
================================================================
warning: entity 2 was directed to use 2 halite to move north, but only 0 halite was available
At command 10 of 13:
    8   m 21 o
    9   m 16 o
>>> 10   m 2 n
    11   m 0 e
    12   m 12 o


Turn 124
================================================================
warning: entity 2 was directed to use 19 halite to move west, but only 5 halite was available
At command 10 of 13:
    8   m 18 o
    9   m 0 o
>>> 10   m 2 w
    11   m 4 w
    12   m 10 o

warning: entity 23 was directed to use 1 halite to move south, but only 0 halite was available
At command 13 of 13:
    11   m 4 w
    12   m 10 o
>>> 13   m 23 s


Turn 126
================================================================
warning: entity 23 was directed to use 4 halite to move south, but only 3 halite was available
At command 12 of 13:
    10   m 17 o
    11   m 2 w
>>> 12   m 23 s
    13   m 12 w


Turn 136
================================================================
warning: entity 12 was directed to use 1 halite to move west, but only 0 halite was available
At command 10 of 14:
    8   m 17 o
    9   m 16 e
>>> 10   m 12 w
    11   m 10 o
    12   m 4 e


Turn 138
================================================================
warning: entity 12 was directed to use 13 halite to move west, but only 3 halite was available
At command 9 of 14:
    7   m 16 o
    8   m 8 o
>>> 9   m 12 w
    10   m 23 s
    11   m 21 s

warning: entity 25 was directed to use 11 halite to move south, but only 0 halite was available
At command 14 of 14:
    12   m 4 w
    13   m 6 s
>>> 14   m 25 s


Turn 141
================================================================
warning: entity 6 was directed to use 8 halite to move south, but only 0 halite was available
At command 14 of 15:
    12   m 25 e
    13   m 12 n
>>> 14   m 6 s
    15   g


Turn 143
================================================================
warning: entity 28 was directed to use 1 halite to move south, but only 0 halite was available
At command 7 of 15:
    5   m 16 o
    6   m 18 o
>>> 7   m 28 s
    8   m 2 o
    9   m 17 o

warning: entity 25 was directed to use 14 halite to move south, but only 1 halite was available
At command 14 of 15:
    12   m 8 o
    13   m 21 o
>>> 14   m 25 s
    15   m 12 n


Turn 145
================================================================
warning: entity 28 was directed to use 5 halite to move north, but only 3 halite was available
At command 13 of 15:
    11   m 18 o
    12   m 25 s
>>> 13   m 28 n
    14   m 4 s
    15   m 17 o


Turn 146
================================================================
warning: entity 6 was directed to use 5 halite to move west, but only 3 halite was available
At command 11 of 16:
    9   m 10 w
    10   m 8 o
>>> 11   m 6 w
    12   m 0 w
    13   m 21 o


Turn 148
================================================================
warning: entity 30 was directed to use 6 halite to move south, but only 0 halite was available
At command 16 of 16:
    14   m 25 e
    15   m 4 e
>>> 16   m 30 s


Turn 149
================================================================
warning: entity 25 was directed to use 7 halite to move south, but only 2 halite was available
At command 8 of 16:
    6   m 30 s
    7   m 12 o
>>> 8   m 25 s
    9   m 21 s
    10   m 28 n

warning: entity 28 was directed to use 11 halite to move north, but only 7 halite was available
At command 10 of 16:
    8   m 25 s
    9   m 21 s
>>> 10   m 28 n
    11   m 23 w
    12   m 0 w

warning: entity 4 was directed to use 3 halite to move south, but only 0 halite was available
At command 16 of 16:
    14   m 17 w
    15   m 6 s
>>> 16   m 4 s


Turn 150
================================================================
warning: entity 6 was directed to use 29 halite to move south, but only 0 halite was available
At command 16 of 17:
    14   m 21 s
    15   m 16 n
>>> 16   m 6 s
    17   g


Turn 153
================================================================
warning: entity 4 was directed to use 10 halite to move east, but only 0 halite was available
At command 13 of 17:
    11   m 0 w
    12   m 17 w
>>> 13   m 4 e
    14   m 19 o
    15   m 28 w

warning: entity 32 was directed to use 9 halite to move north, but only 0 halite was available
At command 16 of 17:
    14   m 19 o
    15   m 28 w
>>> 16   m 32 n
    17   m 30 e

warning: entity 30 was directed to use 4 halite to move east, but only 1 halite was available
At command 17 of 17:
    15   m 28 w
    16   m 32 n
>>> 17   m 30 e


Turn 155
================================================================
warning: entity 28 was directed to use 7 halite to move north, but only 5 halite was available
At command 17 of 17:
    15   m 30 s
    16   m 6 o
>>> 17   m 28 n


Turn 157
================================================================
warning: entity 0 was directed to use 7 halite to move north, but only 0 halite was available
At command 12 of 18:
    10   m 8 e
    11   m 16 n
>>> 12   m 0 n
    13   m 12 o
    14   m 28 n

warning: entity 21 was directed to use 9 halite to move south, but only 3 halite was available
At command 15 of 18:
    13   m 12 o
    14   m 28 n
>>> 15   m 21 s
    16   m 17 s
    17   m 32 n


Turn 158
================================================================
warning: entity 33 was directed to use 1 halite to move south, but only 0 halite was available
At command 18 of 18:
    16   m 28 n
    17   m 17 s
>>> 18   m 33 s


Turn 159
================================================================
warning: entity 28 was directed to use 21 halite to move north, but only 10 halite was available
At command 8 of 18:
    6   m 19 o
    7   m 33 s
>>> 8   m 28 n
    9   m 2 o
    10   m 4 s


Turn 160
================================================================
warning: entity 16 was directed to use 4 halite to move south, but only 0 halite was available
At command 16 of 18:
    14   m 0 n
    15   m 18 e
>>> 16   m 16 s
    17   m 17 s
    18   m 6 o


Turn 161
================================================================
warning: entity 21 was directed to use 9 halite to move south, but only 5 halite was available
At command 12 of 18:
    10   m 18 e
    11   m 30 e
>>> 12   m 21 s
    13   m 19 w
    14   m 28 o

warning: entity 33 was directed to use 2 halite to move south, but only 0 halite was available
At command 16 of 18:
    14   m 28 o
    15   m 2 o
>>> 16   m 33 s
    17   m 0 n
    18   m 17 w


Turn 163
================================================================
warning: entity 16 was directed to use 4 halite to move south, but only 3 halite was available
At command 11 of 19:
    9   m 8 o
    10   m 12 o
>>> 11   m 16 s
    12   m 17 w
    13   m 19 w

warning: entity 17 was directed to use 3 halite to move west, but only 0 halite was available
At command 12 of 19:
    10   m 12 o
    11   m 16 s
>>> 12   m 17 w
    13   m 19 w
    14   m 21 s

warning: entity 0 was directed to use 5 halite to move north, but only 2 halite was available
At command 18 of 19:
    16   m 28 n
    17   m 33 s
>>> 18   m 0 n
    19   m 35 e


Turn 164
================================================================
warning: entity 21 was directed to use 23 halite to move south, but only 13 halite was available
At command 14 of 20:
    12   m 6 o
    13   m 30 s
>>> 14   m 21 s
    15   m 19 w
    16   m 18 e

warning: entity 35 was directed to use 3 halite to move south, but only 0 halite was available
At command 19 of 20:
    17   m 33 s
    18   m 28 o
>>> 19   m 35 s
    20   g


Turn 165
================================================================
warning: entity 33 was directed to use 4 halite to move south, but only 0 halite was available
At command 19 of 20:
    17   m 30 o
    18   m 18 e
>>> 19   m 33 s
    20   m 36 w


Turn 166
================================================================
warning: entity 0 was directed to use 11 halite to move north, but only 9 halite was available
At command 14 of 20:
    12   m 21 s
    13   m 35 s
>>> 14   m 0 n
    15   m 10 o
    16   m 19 s


Turn 167
================================================================
warning: entity 35 was directed to use 3 halite to move south, but only 1 halite was available
At command 11 of 20:
    9   m 10 o
    10   m 23 o
>>> 11   m 35 s
    12   m 25 o
    13   m 33 s

warning: entity 33 was directed to use 11 halite to move south, but only 8 halite was available
At command 13 of 20:
    11   m 35 s
    12   m 25 o
>>> 13   m 33 s
    14   m 17 s
    15   m 16 s

warning: entity 36 was directed to use 2 halite to move south, but only 0 halite was available
At command 20 of 20:
    18   m 21 s
    19   m 18 s
>>> 20   m 36 s


Turn 168
================================================================
warning: entity 16 was directed to use 7 halite to move south, but only 2 halite was available
At command 17 of 20:
    15   m 0 w
    16   m 18 s
>>> 17   m 16 s
    18   m 17 o
    19   m 21 s

warning: entity 21 was directed to use 38 halite to move south, but only 8 halite was available
At command 19 of 20:
    17   m 16 s
    18   m 17 o
>>> 19   m 21 s
    20   m 8 w


Turn 170
================================================================
warning: entity 33 was directed to use 38 halite to move south, but only 20 halite was available
At command 10 of 20:
    8   m 0 o
    9   m 30 o
>>> 10   m 33 s
    11   m 12 o
    12   m 21 o

warning: entity 16 was directed to use 22 halite to move south, but only 17 halite was available
At command 13 of 20:
    11   m 12 o
    12   m 21 o
>>> 13   m 16 s
    14   m 2 o
    15   m 17 s

warning: entity 17 was directed to use 8 halite to move south, but only 7 halite was available
At command 15 of 20:
    13   m 16 s
    14   m 2 o
>>> 15   m 17 s
    16   m 8 w
    17   m 35 s


Turn 171
================================================================
warning: entity 36 was directed to use 4 halite to move south, but only 3 halite was available
At command 18 of 20:
    16   m 8 w
    17   m 19 s
>>> 18   m 36 s
    19   m 35 s
    20   m 18 e

warning: entity 35 was directed to use 4 halite to move south, but only 2 halite was available
At command 19 of 20:
    17   m 19 s
    18   m 36 s
>>> 19   m 35 s
    20   m 18 e


Turn 172
================================================================
warning: entity 18 was directed to use 2 halite to move south, but only 0 halite was available
At command 16 of 20:
    14   m 6 o
    15   m 33 o
>>> 16   m 18 s
    17   m 19 s
    18   m 16 s


Turn 174
================================================================
warning: entity 18 was directed to use 6 halite to move south, but only 5 halite was available
At command 16 of 21:
    14   m 8 n
    15   m 28 o
>>> 16   m 18 s
    17   m 35 s
    18   m 36 e

warning: entity 35 was directed to use 16 halite to move south, but only 4 halite was available
At command 17 of 21:
    15   m 28 o
    16   m 18 s
>>> 17   m 35 s
    18   m 36 e
    19   m 19 s


Turn 175
================================================================
warning: entity 36 was directed to use 9 halite to move south, but only 2 halite was available
At command 19 of 21:
    17   m 8 s
    18   m 23 o
>>> 19   m 36 s
    20   m 19 s
    21   m 37 e


Turn 176
================================================================
warning: entity 37 was directed to use 2 halite to move south, but only 0 halite was available
At command 14 of 21:
    12   m 36 s
    13   m 30 o
>>> 14   m 37 s
    15   m 35 s
    16   m 12 o


Turn 177
================================================================
warning: entity 19 was directed to use 7 halite to move south, but only 0 halite was available
At command 20 of 21:
    18   m 18 s
    19   m 35 s
>>> 20   m 19 s
    21   m 17 e


Turn 178
================================================================
warning: entity 36 was directed to use 50 halite to move south, but only 3 halite was available
At command 13 of 21:
    11   m 4 o
    12   m 19 s
>>> 13   m 36 s
    14   m 8 e
    15   m 33 w


Turn 179
================================================================
warning: entity 8 was directed to use 1 halite to move west, but only 0 halite was available
At command 19 of 21:
    17   m 10 o
    18   m 19 s
>>> 19   m 8 w
    20   m 33 o
    21   m 37 s

warning: entity 37 was directed to use 2 halite to move south, but only 0 halite was available
At command 21 of 21:
    19   m 8 w
    20   m 33 o
>>> 21   m 37 s


Turn 180
================================================================
warning: entity 19 was directed to use 7 halite to move south, but only 6 halite was available
At command 20 of 21:
    18   m 6 w
    19   m 30 o
>>> 20   m 19 s
    21   m 12 o


Turn 181
================================================================
warning: entity 36 was directed to use 46 halite to move south, but only 38 halite was available
At command 19 of 21:
    17   m 37 e
    18   m 0 w
>>> 19   m 36 s
    20   m 18 o
    21   m 6 w


Turn 182
================================================================
warning: entity 37 was directed to use 6 halite to move south, but only 3 halite was available
At command 20 of 22:
    18   m 6 w
    19   m 8 w
>>> 20   m 37 s
    21   m 0 o
    22   g


Turn 183
================================================================
warning: entity 19 was directed to use 37 halite to move east, but only 2 halite was available
At command 12 of 22:
    10   m 0 o
    11   m 25 o
>>> 12   m 19 e
    13   m 2 o
    14   m 36 o

warning: entity 8 was directed to use 8 halite to move west, but only 0 halite was available
At command 21 of 22:
    19   m 18 e
    20   m 6 o
>>> 21   m 8 w
    22   m 40 s


Turn 185
================================================================
warning: entity 40 was directed to use 4 halite to move south, but only 0 halite was available
At command 20 of 22:
    18   m 37 e
    19   m 18 o
>>> 20   m 40 s
    21   m 17 w
    22   m 10 e


Turn 187
================================================================
warning: entity 8 was directed to use 7 halite to move west, but only 5 halite was available
At command 13 of 22:
    11   m 17 o
    12   m 28 o
>>> 13   m 8 w
    14   m 18 s
    15   m 6 n

warning: entity 40 was directed to use 10 halite to move east, but only 9 halite was available
At command 18 of 22:
    16   m 0 o
    17   m 36 o
>>> 18   m 40 e
    19   m 10 e
    20   m 23 n


Turn 189
================================================================
warning: entity 18 was directed to use 17 halite to move east, but only 4 halite was available
At command 20 of 22:
    18   m 10 e
    19   m 40 e
>>> 20   m 18 e
    21   m 23 e
    22   m 37 s

warning: entity 37 was directed to use 2 halite to move south, but only 0 halite was available
At command 22 of 22:
    20   m 18 e
    21   m 23 e
>>> 22   m 37 s


Turn 192
================================================================
warning: entity 18 was directed to use 13 halite to move east, but only 8 halite was available
At command 19 of 22:
    17   m 21 s
    18   m 35 o
>>> 19   m 18 e
    20   m 37 s
    21   m 6 e


Turn 197
================================================================
warning: entity 10 was directed to use 1 halite to move east, but only 0 halite was available
At command 22 of 22:
    20   m 0 o
    21   m 23 n
>>> 22   m 10 e


Turn 200
================================================================
warning: entity 6 was directed to use 6 halite to move west, but only 0 halite was available
At command 20 of 22:
    18   m 8 n
    19   m 2 s
>>> 20   m 6 w
    21   m 23 o
    22   m 41 n


Turn 202
================================================================
warning: entity 41 was directed to use 5 halite to move west, but only 0 halite was available
At command 21 of 22:
    19   m 8 n
    20   m 6 w
>>> 21   m 41 w
    22   m 2 s


Turn 204
================================================================
warning: entity 6 was directed to use 5 halite to move west, but only 1 halite was available
At command 13 of 23:
    11   m 0 o
    12   m 4 n
>>> 13   m 6 w
    14   m 19 o
    15   m 8 o

warning: entity 23 was directed to use 4 halite to move west, but only 0 halite was available
At command 20 of 23:
    18   m 41 w
    19   m 25 o
>>> 20   m 23 w
    21   m 16 n
    22   m 2 s


Turn 206
================================================================
warning: entity 41 was directed to use 4 halite to move west, but only 2 halite was available
At command 21 of 24:
    19   m 23 w
    20   m 37 o
>>> 21   m 41 w
    22   m 16 n
    23   m 43 w

warning: entity 43 was directed to use 4 halite to move west, but only 0 halite was available
At command 23 of 24:
    21   m 41 w
    22   m 16 n
>>> 23   m 43 w
    24   m 44 e


Turn 207
================================================================
warning: entity 23 was directed to use 6 halite to move south, but only 4 halite was available
At command 23 of 24:
    21   m 28 e
    22   m 4 e
>>> 23   m 23 s
    24   m 16 n


Turn 208
================================================================
warning: entity 44 was directed to use 3 halite to move south, but only 0 halite was available
At command 20 of 24:
    18   m 43 w
    19   m 6 w
>>> 20   m 44 s
    21   m 33 n
    22   m 28 o


Turn 210
================================================================
warning: entity 43 was directed to use 3 halite to move east, but only 0 halite was available
At command 22 of 24:
    20   m 23 s
    21   m 2 w
>>> 22   m 43 e
    23   m 6 w
    24   m 4 e


Turn 211
================================================================
warning: entity 6 was directed to use 6 halite to move west, but only 5 halite was available
At command 24 of 25:
    22   m 23 s
    23   m 2 w
>>> 24   m 6 w
    25   g


Turn 212
================================================================
warning: entity 2 was directed to use 3 halite to move west, but only 0 halite was available
At command 24 of 25:
    22   m 30 n
    23   m 23 s
>>> 24   m 2 w
    25   m 46 e


Turn 213
================================================================
warning: entity 41 was directed to use 8 halite to move east, but only 1 halite was available
At command 21 of 25:
    19   m 16 w
    20   m 35 n
>>> 21   m 41 e
    22   m 12 s
    23   m 30 o


Turn 214
================================================================
warning: entity 23 was directed to use 9 halite to move south, but only 4 halite was available
At command 13 of 25:
    11   m 25 o
    12   m 40 o
>>> 13   m 23 s
    14   m 18 e
    15   m 28 o

warning: entity 46 was directed to use 2 halite to move south, but only 0 halite was available
At command 19 of 25:
    17   m 2 e
    18   m 32 n
>>> 19   m 46 s
    20   m 43 n
    21   m 6 o


Turn 215
================================================================
warning: entity 2 was directed to use 2 halite to move west, but only 1 halite was available
At command 13 of 25:
    11   m 6 o
    12   m 16 o
>>> 13   m 2 w
    14   m 30 o
    15   m 43 n

warning: entity 41 was directed to use 19 halite to move north, but only 16 halite was available
At command 17 of 25:
    15   m 43 n
    16   m 37 s
>>> 17   m 41 n
    18   m 44 s
    19   m 33 n


Turn 216
================================================================
warning: entity 43 was directed to use 2 halite to move north, but only 0 halite was available
At command 20 of 25:
    18   m 46 s
    19   m 4 n
>>> 20   m 43 n
    21   m 37 o
    22   m 36 n


Turn 218
================================================================
warning: entity 43 was directed to use 6 halite to move north, but only 5 halite was available
At command 13 of 26:
    11   m 25 s
    12   m 30 o
>>> 13   m 43 n
    14   m 37 o
    15   m 16 n

warning: entity 44 was directed to use 9 halite to move south, but only 0 halite was available
At command 24 of 26:
    22   m 4 w
    23   m 36 e
>>> 24   m 44 s
    25   m 12 s
    26   g


Turn 219
================================================================
warning: entity 4 was directed to use 2 halite to move west, but only 0 halite was available
At command 15 of 26:
    13   m 23 w
    14   m 44 s
>>> 15   m 4 w
    16   m 35 o
    17   m 28 o

warning: entity 2 was directed to use 5 halite to move east, but only 0 halite was available
At command 21 of 26:
    19   m 25 s
    20   m 16 n
>>> 21   m 2 e
    22   m 46 s
    23   m 33 w

warning: entity 46 was directed to use 2 halite to move south, but only 1 halite was available
At command 22 of 26:
    20   m 16 n
    21   m 2 e
>>> 22   m 46 s
    23   m 33 w
    24   m 36 n


Turn 221
================================================================
warning: entity 47 was directed to use 3 halite to move west, but only 0 halite was available
At command 12 of 26:
    10   m 40 o
    11   m 46 s
>>> 12   m 47 w
    13   m 17 o
    14   m 35 o


Turn 222
================================================================
warning: entity 4 was directed to use 4 halite to move west, but only 2 halite was available
At command 24 of 27:
    22   m 12 s
    23   m 43 o
>>> 24   m 4 w
    25   m 32 s
    26   m 33 n


Turn 223
================================================================
warning: entity 16 was directed to use 1 halite to move south, but only 0 halite was available
At command 20 of 27:
    18   m 17 s
    19   m 35 n
>>> 20   m 16 s
    21   m 19 n
    22   m 44 s

warning: entity 44 was directed to use 15 halite to move south, but only 1 halite was available
At command 22 of 27:
    20   m 16 s
    21   m 19 n
>>> 22   m 44 s
    23   m 46 o
    24   m 12 s


Turn 224
================================================================
warning: entity 47 was directed to use 6 halite to move west, but only 4 halite was available
At command 21 of 27:
    19   m 30 n
    20   m 4 s
>>> 21   m 47 w
    22   m 28 w
    23   m 19 w


Turn 226
================================================================
warning: entity 2 was directed to use 1 halite to move south, but only 0 halite was available
At command 19 of 27:
    17   m 46 e
    18   m 47 w
>>> 19   m 2 s
    20   m 49 s
    21   m 30 o

warning: entity 4 was directed to use 8 halite to move south, but only 5 halite was available
At command 23 of 27:
    21   m 30 o
    22   m 16 s
>>> 23   m 4 s
    24   m 28 w
    25   m 19 n


Turn 227
================================================================
warning: entity 12 was directed to use 3 halite to move east, but only 0 halite was available
At command 20 of 27:
    18   m 49 s
    19   m 47 w
>>> 20   m 12 e
    21   m 33 w
    22   m 35 n


Turn 229
================================================================
warning: entity 33 was directed to use 1 halite to move south, but only 0 halite was available
At command 20 of 28:
    18   m 19 n
    19   m 25 w
>>> 20   m 33 s
    21   m 2 s
    22   m 32 s

warning: entity 46 was directed to use 11 halite to move east, but only 0 halite was available
At command 26 of 28:
    24   m 4 w
    25   m 36 s
>>> 26   m 46 e
    27   m 28 s
    28   m 51 n


Turn 230
================================================================
warning: entity 12 was directed to use 6 halite to move east, but only 1 halite was available
At command 12 of 28:
    10   m 46 e
    11   m 43 o
>>> 12   m 12 e
    13   m 49 s
    14   m 47 n

warning: entity 16 was directed to use 6 halite to move south, but only 5 halite was available
At command 18 of 28:
    16   m 40 n
    17   m 0 e
>>> 18   m 16 s
    19   m 30 n
    20   m 51 n


Turn 231
================================================================
warning: entity 51 was directed to use 6 halite to move east, but only 0 halite was available
At command 23 of 27:
    21   m 0 e
    22   m 30 n
>>> 23   m 51 e
    24   m 25 w
    25   m 32 s


Turn 232
================================================================
warning: entity 4 was directed to use 6 halite to move south, but only 1 halite was available
At command 19 of 27:
    17   m 36 n
    18   m 12 e
>>> 19   m 4 s
    20   m 16 s
    21   m 8 o


Turn 233
================================================================
warning: entity 30 was directed to use 2 halite to move east, but only 0 halite was available
At command 15 of 27:
    13   m 43 o
    14   m 21 e
>>> 15   m 30 e
    16   m 19 n
    17   m 51 e

warning: entity 16 was directed to use 16 halite to move south, but only 9 halite was available
At command 22 of 27:
    20   m 12 e
    21   m 36 e
>>> 22   m 16 s
    23   m 18 w
    24   m 28 s


Turn 234
================================================================
warning: entity 46 was directed to use 5 halite to move south, but only 1 halite was available
At command 17 of 27:
    15   m 4 s
    16   m 49 o
>>> 17   m 46 s
    18   m 33 s
    19   m 37 o

warning: entity 33 was directed to use 1 halite to move south, but only 0 halite was available
At command 18 of 27:
    16   m 49 o
    17   m 46 s
>>> 18   m 33 s
    19   m 37 o
    20   m 21 e


Turn 235
================================================================
warning: entity 30 was directed to use 7 halite to move east, but only 6 halite was available
At command 16 of 27:
    14   m 2 o
    15   m 4 o
>>> 16   m 30 e
    17   m 35 s
    18   m 12 n

warning: entity 12 was directed to use 11 halite to move north, but only 3 halite was available
At command 18 of 27:
    16   m 30 e
    17   m 35 s
>>> 18   m 12 n
    19   m 16 s
    20   m 36 n

warning: entity 21 was directed to use 9 halite to move east, but only 0 halite was available
At command 22 of 27:
    20   m 36 n
    21   m 32 s
>>> 22   m 21 e
    23   m 51 e
    24   m 18 w


Turn 236
================================================================
warning: entity 51 was directed to use 10 halite to move east, but only 1 halite was available
At command 24 of 27:
    22   m 35 w
    23   m 32 s
>>> 24   m 51 e
    25   m 18 w
    26   m 28 n


Turn 237
================================================================
warning: entity 21 was directed to use 54 halite to move east, but only 17 halite was available
At command 11 of 27:
    9   m 51 e
    10   m 43 w
>>> 11   m 21 e
    12   m 19 o
    13   m 30 e

warning: entity 49 was directed to use 6 halite to move south, but only 5 halite was available
At command 20 of 27:
    18   m 25 n
    19   m 16 s
>>> 20   m 49 s
    21   m 33 s
    22   m 46 s

warning: entity 33 was directed to use 6 halite to move south, but only 0 halite was available
At command 21 of 27:
    19   m 16 s
    20   m 49 s
>>> 21   m 33 s
    22   m 46 s
    23   m 28 s


Turn 238
================================================================
warning: entity 35 was directed to use 1 halite to move north, but only 0 halite was available
At command 25 of 27:
    23   m 28 s
    24   m 0 s
>>> 25   m 35 n
    26   m 32 e
    27   m 18 n


Turn 239
================================================================
warning: entity 32 was directed to use 2 halite to move east, but only 0 halite was available
At command 15 of 27:
    13   m 33 s
    14   m 19 n
>>> 15   m 32 e
    16   m 36 w
    17   m 49 w


Turn 240
================================================================
warning: entity 33 was directed to use 5 halite to move south, but only 0 halite was available
At command 16 of 27:
    14   m 17 o
    15   m 19 n
>>> 16   m 33 s
    17   m 35 w
    18   m 0 s


Turn 241
================================================================
warning: entity 12 was directed to use 7 halite to move north, but only 5 halite was available
At command 23 of 27:
    21   m 49 s
    22   m 40 w
>>> 23   m 12 n
    24   m 30 n
    25   m 25 n

warning: entity 30 was directed to use 8 halite to move north, but only 5 halite was available
At command 24 of 27:
    22   m 40 w
    23   m 12 n
>>> 24   m 30 n
    25   m 25 n
    26   m 51 n


Turn 242
================================================================
warning: entity 32 was directed to use 4 halite to move north, but only 0 halite was available
At command 15 of 28:
    13   m 18 n
    14   m 46 w
>>> 15   m 32 n
    16   m 28 o
    17   m 17 n


Turn 243
================================================================
warning: entity 19 was directed to use 1 halite to move east, but only 0 halite was available
At command 24 of 28:
    22   m 33 o
    23   m 0 o
>>> 24   m 19 e
    25   m 40 o
    26   m 25 o

warning: entity 51 was directed to use 6 halite to move east, but only 1 halite was available
At command 27 of 28:
    25   m 40 o
    26   m 25 o
>>> 27   m 51 e
    28   m 52 e


Turn 245
================================================================
warning: entity 52 was directed to use 7 halite to move east, but only 0 halite was available
At command 16 of 27:
    14   m 37 w
    15   m 32 e
>>> 16   m 52 e
    17   m 43 o
    18   m 0 e

warning: entity 19 was directed to use 5 halite to move east, but only 3 halite was available
At command 22 of 27:
    20   m 40 e
    21   m 51 n
>>> 22   m 19 e
    23   m 36 w
    24   m 21 e

warning: entity 36 was directed to use 3 halite to move west, but only 0 halite was available
At command 23 of 27:
    21   m 51 n
    22   m 19 e
>>> 23   m 36 w
    24   m 21 e
    25   m 17 e


Turn 246
================================================================
warning: entity 32 was directed to use 3 halite to move east, but only 2 halite was available
At command 15 of 27:
    13   m 33 s
    14   m 41 o
>>> 15   m 32 e
    16   m 6 o
    17   m 37 w


Turn 247
================================================================
warning: entity 51 was directed to use 6 halite to move north, but only 0 halite was available
At command 20 of 27:
    18   m 0 o
    19   m 19 e
>>> 20   m 51 n
    21   m 33 o
    22   m 36 s

warning: entity 35 was directed to use 2 halite to move west, but only 0 halite was available
At command 24 of 27:
    22   m 36 s
    23   m 37 w
>>> 24   m 35 w
    25   m 21 e
    26   m 17 n


Turn 249
================================================================
warning: entity 32 was directed to use 8 halite to move north, but only 2 halite was available
At command 21 of 26:
    19   m 35 w
    20   m 52 e
>>> 21   m 32 n
    22   m 25 n
    23   m 19 e

warning: owned entities 25, 0 collided on cell (8, 15) as the result of moves on this turn
At command 22 of 26:
    20   m 52 e
    21   m 32 n
>>> 22   m 25 n
    23   m 19 e
    24   m 17 n


Turn 250
================================================================
warning: entity 52 was directed to use 41 halite to move south, but only 26 halite was available
At command 21 of 24:
    19   m 33 o
    20   m 35 w
>>> 21   m 52 s
    22   m 19 e
    23   m 17 n


Turn 251
================================================================
warning: entity 19 was directed to use 6 halite to move east, but only 1 halite was available
At command 19 of 24:
    17   m 18 s
    18   m 32 e
>>> 19   m 19 e
    20   m 36 e
    21   m 40 o

warning: entity 35 was directed to use 6 halite to move south, but only 3 halite was available
At command 23 of 24:
    21   m 40 o
    22   m 37 n
>>> 23   m 35 s
    24   m 17 e


Turn 253
================================================================
warning: entity 18 was directed to use 1 halite to move south, but only 0 halite was available
At command 16 of 24:
    14   m 37 n
    15   m 19 e
>>> 16   m 18 s
    17   m 40 w
    18   m 52 e

warning: entity 36 was directed to use 6 halite to move south, but only 1 halite was available
At command 21 of 24:
    19   m 35 w
    20   m 6 o
>>> 21   m 36 s
    22   m 23 o
    23   m 32 o


Turn 255
================================================================
warning: entity 28 was directed to use 1 halite to move west, but only 0 halite was available
At command 14 of 24:
    12   m 2 o
    13   m 21 o
>>> 14   m 28 w
    15   m 4 o
    16   m 52 n

warning: entity 18 was directed to use 7 halite to move east, but only 4 halite was available
At command 19 of 24:
    17   m 17 w
    18   m 33 o
>>> 19   m 18 e
    20   m 36 s
    21   m 40 w


Turn 256
================================================================
warning: entity 19 was directed to use 4 halite to move east, but only 3 halite was available
At command 18 of 24:
    16   m 30 o
    17   m 44 o
>>> 18   m 19 e
    19   m 41 o
    20   m 17 n


Turn 257
================================================================
warning: entity 36 was directed to use 11 halite to move west, but only 0 halite was available
At command 18 of 24:
    16   m 46 o
    17   m 28 w
>>> 18   m 36 w
    19   m 18 e
    20   m 17 n


Turn 258
================================================================
warning: entity 28 was directed to use 3 halite to move west, but only 1 halite was available
At command 22 of 24:
    20   m 41 o
    21   m 17 n
>>> 22   m 28 w
    23   m 18 e
    24   m 40 e

warning: entity 40 was directed to use 1 halite to move east, but only 0 halite was available
At command 24 of 24:
    22   m 28 w
    23   m 18 e
>>> 24   m 40 e


Turn 260
================================================================
warning: entity 40 was directed to use 5 halite to move east, but only 4 halite was available
At command 15 of 23:
    13   m 12 o
    14   m 41 o
>>> 15   m 40 e
    16   m 37 n
    17   m 21 o


Turn 265
================================================================
warning: entity 40 was directed to use 4 halite to move east, but only 1 halite was available
At command 15 of 23:
    13   m 21 e
    14   m 37 o
>>> 15   m 40 e
    16   m 46 o
    17   m 28 s


Turn 268
================================================================
warning: entity 17 was directed to use 2 halite to move north, but only 0 halite was available
At command 16 of 23:
    14   m 4 e
    15   m 41 e
>>> 16   m 17 n
    17   m 32 n
    18   m 46 o


Turn 269
================================================================
warning: entity 37 was directed to use 1 halite to move west, but only 0 halite was available
At command 16 of 23:
    14   m 46 o
    15   m 18 o
>>> 16   m 37 w
    17   m 16 o
    18   m 4 w

warning: entity 40 was directed to use 13 halite to move east, but only 4 halite was available
At command 23 of 23:
    21   m 32 o
    22   m 23 e
>>> 23   m 40 e


Turn 271
================================================================
warning: entity 17 was directed to use 8 halite to move north, but only 0 halite was available
At command 19 of 23:
    17   m 37 w
    18   m 16 o
>>> 19   m 17 n
    20   m 40 e
    21   m 2 n


Turn 273
================================================================
warning: entity 37 was directed to use 4 halite to move north, but only 0 halite was available
At command 21 of 23:
    19   m 41 e
    20   m 2 n
>>> 21   m 37 n
    22   m 40 s
    23   m 23 n


Turn 275
================================================================
warning: entity 17 was directed to use 15 halite to move north, but only 3 halite was available
At command 16 of 23:
    14   m 21 o
    15   m 40 o
>>> 16   m 17 n
    17   m 18 o
    18   m 4 n


Turn 277
================================================================
warning: entity 37 was directed to use 3 halite to move north, but only 1 halite was available
At command 12 of 23:
    10   m 19 o
    11   m 33 s
>>> 12   m 37 n
    13   m 21 o
    14   m 49 e


Turn 278
================================================================
warning: entity 17 was directed to use 14 halite to move north, but only 12 halite was available
At command 14 of 23:
    12   m 36 o
    13   m 41 s
>>> 14   m 17 n
    15   m 49 n
    16   m 18 o


Turn 281
================================================================
warning: entity 37 was directed to use 9 halite to move north, but only 0 halite was available
At command 21 of 23:
    19   m 4 n
    20   m 41 s
>>> 21   m 37 n
    22   m 49 n
    23   m 2 n


Turn 287
================================================================
warning: entity 2 was directed to use 3 halite to move north, but only 0 halite was available
At command 21 of 23:
    19   m 19 o
    20   m 49 n
>>> 21   m 2 n
    22   m 6 w
    23   m 44 n


Turn 290
================================================================
warning: entity 41 was directed to use 2 halite to move west, but only 0 halite was available
At command 23 of 23:
    21   m 6 w
    22   m 49 n
>>> 23   m 41 w


Turn 291
================================================================
warning: entity 2 was directed to use 7 halite to move north, but only 1 halite was available
At command 20 of 23:
    18   m 6 s
    19   m 4 w
>>> 20   m 2 n
    21   m 23 n
    22   m 40 o


Turn 292
================================================================
warning: entity 23 was directed to use 2 halite to move west, but only 0 halite was available
At command 22 of 23:
    20   m 44 n
    21   m 41 w
>>> 22   m 23 w
    23   m 49 w


Turn 294
================================================================
warning: entity 41 was directed to use 4 halite to move north, but only 1 halite was available
At command 13 of 22:
    11   m 36 o
    12   m 32 o
>>> 13   m 41 n
    14   m 28 o
    15   m 2 s

warning: entity 4 was directed to use 2 halite to move west, but only 0 halite was available
At command 20 of 22:
    18   m 12 w
    19   m 33 e
>>> 20   m 4 w
    21   m 44 s
    22   m 49 n


Turn 296
================================================================
warning: entity 2 was directed to use 2 halite to move north, but only 0 halite was available
At command 21 of 22:
    19   m 16 s
    20   m 46 e
>>> 21   m 2 n
    22   m 23 n

warning: entity 23 was directed to use 5 halite to move north, but only 1 halite was available
At command 22 of 22:
    20   m 46 e
    21   m 2 n
>>> 22   m 23 n


Turn 298
================================================================
warning: entity 44 was directed to use 1 halite to move south, but only 0 halite was available
At command 15 of 22:
    13   m 28 o
    14   m 23 n
>>> 15   m 44 s
    16   m 41 n
    17   m 2 n

warning: entity 2 was directed to use 6 halite to move north, but only 5 halite was available
At command 17 of 22:
    15   m 44 s
    16   m 41 n
>>> 17   m 2 n
    18   m 33 e
    19   m 12 s


Turn 302
================================================================
warning: entity 44 was directed to use 3 halite to move south, but only 0 halite was available
At command 8 of 22:
    6   m 32 o
    7   m 41 o
>>> 8   m 44 s
    9   m 28 w
    10   m 35 o

warning: entity 2 was directed to use 7 halite to move north, but only 5 halite was available
At command 15 of 22:
    13   m 21 o
    14   m 30 o
>>> 15   m 2 n
    16   m 16 n
    17   m 36 s

warning: entity 49 was directed to use 39 halite to move west, but only 0 halite was available
At command 22 of 22:
    20   m 46 n
    21   m 23 o
>>> 22   m 49 w


Turn 305
================================================================
warning: entity 44 was directed to use 9 halite to move south, but only 3 halite was available
At command 19 of 22:
    17   m 33 n
    18   m 16 n
>>> 19   m 44 s
    20   m 46 n
    21   m 12 s


Turn 309
================================================================
warning: entity 46 was directed to use 2 halite to move east, but only 0 halite was available
At command 20 of 22:
    18   m 33 n
    19   m 18 o
>>> 20   m 46 e
    21   m 12 s
    22   m 44 s


Turn 311
================================================================
warning: entity 46 was directed to use 30 halite to move north, but only 6 halite was available
At command 20 of 22:
    18   m 28 o
    19   m 51 o
>>> 20   m 46 n
    21   m 12 n
    22   m 16 n


Turn 312
================================================================
warning: entity 12 was directed to use 29 halite to move west, but only 0 halite was available
At command 22 of 22:
    20   m 49 w
    21   m 16 n
>>> 22   m 12 w


Turn 316
================================================================
warning: entity 33 was directed to use 1 halite to move west, but only 0 halite was available
At command 18 of 22:
    16   m 4 o
    17   m 49 o
>>> 18   m 33 w
    19   m 37 e
    20   m 12 n


Turn 319
================================================================
warning: entity 33 was directed to use 3 halite to move west, but only 2 halite was available
At command 16 of 22:
    14   m 36 s
    15   m 35 o
>>> 16   m 33 w
    17   m 17 o
    18   m 46 n


Turn 321
================================================================
warning: entity 16 was directed to use 2 halite to move east, but only 0 halite was available
At command 20 of 22:
    18   m 32 o
    19   m 46 s
>>> 20   m 16 e
    21   m 41 o
    22   m 12 w


Turn 323
================================================================
warning: entity 16 was directed to use 23 halite to move north, but only 5 halite was available
At command 19 of 22:
    17   m 35 o
    18   m 12 w
>>> 19   m 16 n
    20   m 44 o
    21   m 33 w


Turn 324
================================================================
warning: entity 33 was directed to use 3 halite to move west, but only 2 halite was available
At command 22 of 22:
    20   m 51 w
    21   m 12 w
>>> 22   m 33 w


Turn 336
================================================================
warning: entity 37 was directed to use 1 halite to move east, but only 0 halite was available
At command 18 of 21:
    16   m 21 o
    17   m 4 o
>>> 18   m 37 e
    19   m 17 n
    20   m 51 e


Turn 338
================================================================
warning: entity 37 was directed to use 17 halite to move east, but only 3 halite was available
At command 17 of 21:
    15   m 28 e
    16   m 40 o
>>> 17   m 37 e
    18   m 30 o
    19   m 4 o


Turn 348
================================================================
warning: entity 51 was directed to use 1 halite to move west, but only 0 halite was available
At command 14 of 21:
    12   m 44 e
    13   m 37 s
>>> 14   m 51 w
    15   m 40 w
    16   m 41 n


Turn 352
================================================================
warning: entity 17 was directed to use 1 halite to move south, but only 0 halite was available
At command 16 of 21:
    14   m 49 o
    15   m 37 e
>>> 16   m 17 s
    17   m 28 n
    18   m 36 n

warning: entity 51 was directed to use 2 halite to move west, but only 0 halite was available
At command 19 of 21:
    17   m 28 n
    18   m 36 n
>>> 19   m 51 w
    20   m 21 e
    21   m 35 n


Turn 354
================================================================
warning: entity 17 was directed to use 4 halite to move south, but only 3 halite was available
At command 17 of 21:
    15   m 12 o
    16   m 4 o
>>> 17   m 17 s
    18   m 51 n
    19   m 28 w


Turn 359
================================================================
warning: entity 17 was directed to use 4 halite to move south, but only 0 halite was available
At command 14 of 21:
    12   m 12 o
    13   m 37 o
>>> 14   m 17 s
    15   m 28 o
    16   m 44 w


Turn 362
================================================================
warning: entity 21 was directed to use 1 halite to move south, but only 0 halite was available
At command 19 of 21:
    17   m 35 n
    18   m 28 w
>>> 19   m 21 s
    20   m 36 s
    21   m 44 w


Turn 364
================================================================
warning: entity 35 was directed to use 21 halite to move west, but only 0 halite was available
At command 15 of 21:
    13   m 46 o
    14   m 4 o
>>> 15   m 35 w
    16   m 17 s
    17   m 21 s


Turn 365
================================================================
warning: entity 28 was directed to use 1 halite to move west, but only 0 halite was available
At command 16 of 21:
    14   m 36 n
    15   m 49 o
>>> 16   m 28 w
    17   m 40 n
    18   m 41 o

warning: entity 17 was directed to use 5 halite to move south, but only 3 halite was available
At command 21 of 21:
    19   m 44 s
    20   m 32 w
>>> 21   m 17 s


Turn 367
================================================================
warning: entity 21 was directed to use 4 halite to move south, but only 1 halite was available
At command 12 of 21:
    10   m 18 o
    11   m 4 o
>>> 12   m 21 s
    13   m 49 o
    14   m 35 w


Turn 368
================================================================
warning: entity 28 was directed to use 3 halite to move north, but only 1 halite was available
At command 18 of 21:
    16   m 2 w
    17   m 35 w
>>> 18   m 28 n
    19   m 36 s
    20   m 40 n


Turn 370
================================================================
warning: entity 21 was directed to use 12 halite to move south, but only 6 halite was available
At command 18 of 21:
    16   m 36 s
    17   m 4 w
>>> 18   m 21 s
    19   m 44 n
    20   m 2 w


Turn 373
================================================================
warning: entity 28 was directed to use 5 halite to move south, but only 3 halite was available
At command 20 of 21:
    18   m 44 n
    19   m 40 n
>>> 20   m 28 s
    21   m 36 e


Turn 375
================================================================
warning: entity 40 was directed to use 1 halite to move south, but only 0 halite was available
At command 15 of 21:
    13   m 36 s
    14   m 28 o
>>> 15   m 40 s
    16   m 19 e
    17   m 35 n


Turn 377
================================================================
warning: entity 17 was directed to use 27 halite to move south, but only 16 halite was available
At command 20 of 21:
    18   m 35 o
    19   m 44 n
>>> 20   m 17 s
    21   m 2 s


Turn 381
================================================================
warning: entity 44 was directed to use 16 halite to move east, but only 0 halite was available
At command 18 of 21:
    16   m 51 o
    17   m 40 w
>>> 18   m 44 e
    19   m 2 s
    20   m 18 o

warning: entity 36 was directed to use 2 halite to move south, but only 0 halite was available
At command 21 of 21:
    19   m 2 s
    20   m 18 o
>>> 21   m 36 s


Turn 385
================================================================
warning: entity 40 was directed to use 4 halite to move east, but only 0 halite was available
At command 15 of 20:
    13   m 41 o
    14   m 51 n
>>> 15   m 40 e
    16   m 36 s
    17   m 21 e


Turn 386
================================================================
warning: entity 36 was directed to use 1 halite to move south, but only 0 halite was available
At command 19 of 20:
    17   m 51 o
    18   m 21 w
>>> 19   m 36 s
    20   m 44 n


Turn 388
================================================================
warning: entity 36 was directed to use 4 halite to move south, but only 3 halite was available
At command 11 of 20:
    9   m 21 o
    10   m 49 o
>>> 11   m 36 s
    12   m 23 s
    13   m 28 w


Turn 394
================================================================
warning: entity 2 was directed to use 7 halite to move east, but only 0 halite was available
At command 17 of 20:
    15   m 36 w
    16   m 51 s
>>> 17   m 2 e
    18   m 21 w
    19   m 41 o

