
Turn 6
================================================================
warning: entity 2 was directed to use 3 halite to move west, but only 0 halite was available
At command 2 of 3:
    1   m 0 o
>>> 2   m 2 w
    3   m 4 w


Turn 12
================================================================
warning: entity 8 was directed to use 2 halite to move north, but only 0 halite was available
At command 1 of 5:
>>> 1   m 8 n
    2   m 0 n
    3   m 2 w


Turn 94
================================================================
warning: entity 8 was directed to use 1 halite to move north, but only 0 halite was available
At command 3 of 6:
    1   m 10 n
    2   m 2 o
>>> 3   m 8 n
    4   m 0 e
    5   m 4 o


Turn 96
================================================================
warning: entity 10 was directed to use 2 halite to move north, but only 0 halite was available
At command 1 of 6:
>>> 1   m 10 n
    2   m 2 s
    3   m 8 n


Turn 105
================================================================
warning: entity 6 was directed to use 2 halite to move south, but only 0 halite was available
At command 7 of 7:
    5   m 12 n
    6   m 4 o
>>> 7   m 6 s


Turn 107
================================================================
warning: entity 12 was directed to use 1 halite to move north, but only 0 halite was available
At command 6 of 7:
    4   m 10 o
    5   m 4 o
>>> 6   m 12 n
    7   m 6 s


Turn 134
================================================================
warning: entity 4 was directed to use 1 halite to move east, but only 0 halite was available
At command 5 of 8:
    3   m 0 o
    4   m 8 w
>>> 5   m 4 e
    6   m 12 n
    7   m 6 o


Turn 136
================================================================
warning: entity 13 was directed to use 1 halite to move north, but only 0 halite was available
At command 8 of 8:
    6   m 10 o
    7   m 2 e
>>> 8   m 13 n


Turn 139
================================================================
warning: entity 4 was directed to use 1 halite to move north, but only 0 halite was available
At command 3 of 8:
    1   m 8 o
    2   m 0 n
>>> 3   m 4 n
    4   m 12 o
    5   m 6 o


Turn 149
================================================================
warning: entity 2 was directed to use 1 halite to move west, but only 0 halite was available
At command 7 of 9:
    5   m 13 o
    6   m 10 w
>>> 7   m 2 w
    8   m 14 s
    9   m 6 e


Turn 154
================================================================
warning: entity 2 was directed to use 2 halite to move north, but only 1 halite was available
At command 9 of 9:
    7   m 0 w
    8   m 10 o
>>> 9   m 2 n


Turn 162
================================================================
warning: entity 0 was directed to use 1 halite to move west, but only 0 halite was available
At command 9 of 10:
    7   m 2 o
    8   m 13 e
>>> 9   m 0 w
    10   g


Turn 202
================================================================
warning: entity 16 was directed to use 1 halite to move south, but only 0 halite was available
At command 8 of 10:
    6   m 0 w
    7   m 2 o
>>> 8   m 16 s
    9   m 8 s
    10   m 13 w


Turn 205
================================================================
warning: entity 16 was directed to use 3 halite to move south, but only 2 halite was available
At command 8 of 10:
    6   m 13 w
    7   m 6 e
>>> 8   m 16 s
    9   m 8 o
    10   m 10 e


Turn 208
================================================================
warning: entity 19 was directed to use 1 halite to move west, but only 0 halite was available
At command 11 of 11:
    9   m 8 s
    10   m 10 e
>>> 11   m 19 w


Turn 210
================================================================
warning: entity 10 was directed to use 11 halite to move east, but only 0 halite was available
At command 11 of 11:
    9   m 16 e
    10   m 13 s
>>> 11   m 10 e


Turn 212
================================================================
warning: entity 19 was directed to use 1 halite to move north, but only 0 halite was available
At command 10 of 12:
    8   m 14 o
    9   m 10 o
>>> 10   m 19 n
    11   m 13 e
    12   g


Turn 216
================================================================
warning: entity 13 was directed to use 1 halite to move east, but only 0 halite was available
At command 12 of 12:
    10   m 8 n
    11   m 21 e
>>> 12   m 13 e


Turn 220
================================================================
warning: entity 21 was directed to use 8 halite to move east, but only 0 halite was available
At command 11 of 13:
    9   m 13 n
    10   m 6 w
>>> 11   m 21 e
    12   m 22 e
    13   m 8 w


Turn 223
================================================================
warning: entity 8 was directed to use 1 halite to move east, but only 0 halite was available
At command 9 of 13:
    7   m 12 w
    8   m 19 o
>>> 9   m 8 e
    10   m 2 n
    11   m 22 e


Turn 224
================================================================
warning: entity 21 was directed to use 7 halite to move south, but only 2 halite was available
At command 7 of 13:
    5   m 19 o
    6   m 8 e
>>> 7   m 21 s
    8   m 2 s
    9   m 14 o


Turn 225
================================================================
warning: entity 22 was directed to use 6 halite to move south, but only 0 halite was available
At command 12 of 13:
    10   m 8 e
    11   m 2 o
>>> 12   m 22 s
    13   m 6 n


Turn 226
================================================================
warning: entity 8 was directed to use 4 halite to move east, but only 0 halite was available
At command 11 of 13:
    9   m 22 e
    10   m 21 o
>>> 11   m 8 e
    12   m 12 w
    13   m 6 n


Turn 232
================================================================
warning: entity 6 was directed to use 3 halite to move east, but only 0 halite was available
At command 14 of 14:
    12   m 12 s
    13   m 23 e
>>> 14   m 6 e


Turn 234
================================================================
warning: entity 23 was directed to use 1 halite to move south, but only 0 halite was available
At command 14 of 14:
    12   m 6 n
    13   m 12 s
>>> 14   m 23 s


Turn 237
================================================================
warning: entity 23 was directed to use 3 halite to move east, but only 2 halite was available
At command 12 of 14:
    10   m 2 o
    11   m 12 s
>>> 12   m 23 e
    13   m 16 o
    14   m 10 e


Turn 250
================================================================
warning: entity 12 was directed to use 1 halite to move south, but only 0 halite was available
At command 14 of 15:
    12   m 16 o
    13   m 2 o
>>> 14   m 12 s
    15   m 25 e


Turn 253
================================================================
warning: entity 25 was directed to use 1 halite to move south, but only 0 halite was available
At command 15 of 15:
    13   m 12 s
    14   m 0 e
>>> 15   m 25 s


Turn 256
================================================================
warning: entity 12 was directed to use 4 halite to move south, but only 0 halite was available
At command 10 of 15:
    8   m 8 o
    9   m 2 o
>>> 10   m 12 s
    11   m 4 o
    12   m 13 o


Turn 284
================================================================
warning: entity 10 was directed to use 1 halite to move west, but only 0 halite was available
At command 14 of 16:
    12   m 25 o
    13   m 4 n
>>> 14   m 10 w
    15   m 2 s
    16   m 26 n


Turn 288
================================================================
warning: entity 26 was directed to use 1 halite to move west, but only 0 halite was available
At command 12 of 16:
    10   m 0 o
    11   m 14 n
>>> 12   m 26 w
    13   m 4 s
    14   m 2 o

warning: entity 10 was directed to use 2 halite to move north, but only 1 halite was available
At command 15 of 16:
    13   m 4 s
    14   m 2 o
>>> 15   m 10 n
    16   m 21 w


Turn 292
================================================================
warning: entity 10 was directed to use 6 halite to move north, but only 0 halite was available
At command 12 of 16:
    10   m 6 o
    11   m 26 s
>>> 12   m 10 n
    13   m 13 w
    14   m 14 n


Turn 297
================================================================
warning: entity 0 was directed to use 2 halite to move north, but only 0 halite was available
At command 14 of 17:
    12   m 21 w
    13   m 8 w
>>> 14   m 0 n
    15   m 4 n
    16   m 2 s

warning: entity 4 was directed to use 1 halite to move north, but only 0 halite was available
At command 15 of 17:
    13   m 8 w
    14   m 0 n
>>> 15   m 4 n
    16   m 2 s
    17   m 27 n

warning: entity 2 was directed to use 1 halite to move south, but only 0 halite was available
At command 16 of 17:
    14   m 0 n
    15   m 4 n
>>> 16   m 2 s
    17   m 27 n


Turn 301
================================================================
warning: entity 4 was directed to use 2 halite to move west, but only 1 halite was available
At command 9 of 19:
    7   m 23 o
    8   m 13 w
>>> 9   m 4 w
    10   m 26 o
    11   m 16 w

warning: entity 2 was directed to use 4 halite to move south, but only 0 halite was available
At command 13 of 19:
    11   m 16 w
    12   m 0 e
>>> 13   m 2 s
    14   m 8 w
    15   m 21 n

warning: entity 28 was directed to use 1 halite to move west, but only 0 halite was available
At command 18 of 19:
    16   m 6 w
    17   m 27 w
>>> 18   m 28 w
    19   m 29 w


Turn 302
================================================================
warning: entity 27 was directed to use 1 halite to move north, but only 0 halite was available
At command 18 of 19:
    16   m 8 n
    17   m 6 w
>>> 18   m 27 n
    19   m 29 w


Turn 303
================================================================
warning: entity 29 was directed to use 1 halite to move west, but only 0 halite was available
At command 19 of 19:
    17   m 16 w
    18   m 6 w
>>> 19   m 29 w


Turn 305
================================================================
warning: entity 27 was directed to use 3 halite to move north, but only 1 halite was available
At command 12 of 19:
    10   m 8 w
    11   m 23 o
>>> 12   m 27 n
    13   m 14 n
    14   m 13 w


Turn 309
================================================================
warning: entity 21 was directed to use 1 halite to move west, but only 0 halite was available
At command 15 of 20:
    13   m 10 o
    14   m 22 w
>>> 15   m 21 w
    16   m 30 w
    17   m 29 w

warning: entity 4 was directed to use 7 halite to move south, but only 0 halite was available
At command 20 of 20:
    18   m 8 o
    19   m 13 s
>>> 20   m 4 s


Turn 310
================================================================
warning: entity 27 was directed to use 2 halite to move west, but only 1 halite was available
At command 13 of 20:
    11   m 2 s
    12   m 12 w
>>> 13   m 27 w
    14   m 0 o
    15   m 14 e

warning: entity 30 was directed to use 1 halite to move west, but only 0 halite was available
At command 18 of 20:
    16   m 28 o
    17   m 16 w
>>> 18   m 30 w
    19   m 29 o
    20   m 13 s


Turn 313
================================================================
warning: entity 14 was directed to use 1 halite to move east, but only 0 halite was available
At command 10 of 21:
    8   m 19 s
    9   m 27 w
>>> 10   m 14 e
    11   m 25 o
    12   m 8 w


Turn 314
================================================================
warning: entity 8 was directed to use 1 halite to move west, but only 0 halite was available
At command 15 of 21:
    13   m 19 o
    14   m 27 o
>>> 15   m 8 w
    16   m 30 w
    17   m 22 n


Turn 316
================================================================
warning: entity 30 was directed to use 1 halite to move west, but only 0 halite was available
At command 10 of 21:
    8   m 16 n
    9   m 25 o
>>> 10   m 30 w
    11   m 0 o
    12   m 4 o

warning: entity 14 was directed to use 3 halite to move east, but only 0 halite was available
At command 15 of 21:
    13   m 27 o
    14   m 8 w
>>> 15   m 14 e
    16   m 13 e
    17   m 21 e

warning: entity 21 was directed to use 3 halite to move east, but only 0 halite was available
At command 17 of 21:
    15   m 14 e
    16   m 13 e
>>> 17   m 21 e
    18   m 29 w
    19   m 6 w


Turn 318
================================================================
warning: entity 31 was directed to use 4 halite to move east, but only 0 halite was available
At command 21 of 21:
    19   m 29 o
    20   m 22 n
>>> 21   m 31 e


Turn 320
================================================================
warning: entity 6 was directed to use 1 halite to move west, but only 0 halite was available
At command 20 of 21:
    18   m 14 e
    19   m 16 n
>>> 20   m 6 w
    21   m 22 s


Turn 321
================================================================
warning: entity 13 was directed to use 1 halite to move north, but only 0 halite was available
At command 18 of 21:
    16   m 27 o
    17   m 31 e
>>> 18   m 13 n
    19   m 8 n
    20   m 14 n

warning: entity 8 was directed to use 2 halite to move north, but only 1 halite was available
At command 19 of 21:
    17   m 31 e
    18   m 13 n
>>> 19   m 8 n
    20   m 14 n
    21   m 22 s


Turn 324
================================================================
warning: entity 16 was directed to use 6 halite to move north, but only 2 halite was available
At command 16 of 21:
    14   m 22 s
    15   m 0 o
>>> 16   m 16 n
    17   m 21 w
    18   m 13 e

warning: entity 6 was directed to use 7 halite to move south, but only 1 halite was available
At command 21 of 21:
    19   m 8 s
    20   m 31 o
>>> 21   m 6 s


Turn 325
================================================================
warning: entity 22 was directed to use 2 halite to move south, but only 0 halite was available
At command 18 of 21:
    16   m 26 o
    17   m 12 o
>>> 18   m 22 s
    19   m 21 w
    20   m 13 o


Turn 329
================================================================
warning: entity 8 was directed to use 1 halite to move north, but only 0 halite was available
At command 20 of 21:
    18   m 27 w
    19   m 12 o
>>> 20   m 8 n
    21   m 22 s

warning: entity 22 was directed to use 2 halite to move south, but only 0 halite was available
At command 21 of 21:
    19   m 12 o
    20   m 8 n
>>> 21   m 22 s


Turn 358
================================================================
warning: entity 23 was directed to use 1 halite to move south, but only 0 halite was available
At command 21 of 21:
    19   m 21 o
    20   m 19 n
>>> 21   m 23 s


Turn 360
================================================================
warning: entity 19 was directed to use 1 halite to move north, but only 0 halite was available
At command 21 of 21:
    19   m 31 o
    20   m 4 o
>>> 21   m 19 n


Turn 362
================================================================
warning: entity 23 was directed to use 3 halite to move south, but only 1 halite was available
At command 21 of 21:
    19   m 30 o
    20   m 19 n
>>> 21   m 23 s


Turn 363
================================================================
warning: entity 19 was directed to use 2 halite to move north, but only 1 halite was available
At command 21 of 21:
    19   m 6 o
    20   m 16 o
>>> 21   m 19 n


Turn 400
================================================================
warning: entity 21 was directed to use 1 halite to move north, but only 0 halite was available
At command 20 of 21:
    18   m 12 n
    19   m 8 o
>>> 20   m 21 n
    21   m 27 s


Turn 402
================================================================
warning: entity 25 was directed to use 1 halite to move east, but only 0 halite was available
At command 17 of 21:
    15   m 0 o
    16   m 21 n
>>> 17   m 25 e
    18   m 28 o
    19   m 29 e


Turn 404
================================================================
warning: entity 14 was directed to use 1 halite to move north, but only 0 halite was available
At command 13 of 21:
    11   m 8 o
    12   m 22 o
>>> 13   m 14 n
    14   m 31 n
    15   m 25 e


Turn 405
================================================================
warning: entity 25 was directed to use 5 halite to move east, but only 3 halite was available
At command 15 of 21:
    13   m 29 e
    14   m 31 n
>>> 15   m 25 e
    16   m 2 s
    17   m 6 o


Turn 406
================================================================
warning: entity 21 was directed to use 6 halite to move north, but only 2 halite was available
At command 18 of 21:
    16   m 29 e
    17   m 14 w
>>> 18   m 21 n
    19   m 2 n
    20   m 30 w


Turn 410
================================================================
warning: entity 31 was directed to use 1 halite to move north, but only 0 halite was available
At command 14 of 21:
    12   m 30 e
    13   m 10 n
>>> 14   m 31 n
    15   m 25 e
    16   m 23 e


Turn 413
================================================================
warning: entity 31 was directed to use 4 halite to move north, but only 3 halite was available
At command 15 of 21:
    13   m 28 w
    14   m 26 o
>>> 15   m 31 n
    16   m 0 w
    17   m 13 w


Turn 421
================================================================
warning: entity 13 was directed to use 1 halite to move north, but only 0 halite was available
At command 21 of 21:
    19   m 2 n
    20   m 29 n
>>> 21   m 13 n


Turn 427
================================================================
warning: entity 2 was directed to use 1 halite to move west, but only 0 halite was available
At command 20 of 21:
    18   m 13 n
    19   m 28 e
>>> 20   m 2 w
    21   m 29 n


Turn 431
================================================================
warning: entity 29 was directed to use 5 halite to move east, but only 0 halite was available
At command 18 of 21:
    16   m 28 o
    17   m 8 o
>>> 18   m 29 e
    19   m 4 e
    20   m 10 n

warning: entity 2 was directed to use 3 halite to move east, but only 1 halite was available
At command 21 of 21:
    19   m 4 e
    20   m 10 n
>>> 21   m 2 e


Turn 457
================================================================
warning: entity 27 was directed to use 1 halite to move east, but only 0 halite was available
At command 19 of 21:
    17   m 4 n
    18   m 31 o
>>> 19   m 27 e
    20   m 8 s
    21   m 28 e


Turn 458
================================================================
warning: entity 28 was directed to use 3 halite to move east, but only 0 halite was available
At command 21 of 21:
    19   m 13 n
    20   m 8 o
>>> 21   m 28 e


Turn 460
================================================================
warning: entity 27 was directed to use 2 halite to move east, but only 0 halite was available
At command 16 of 21:
    14   m 2 o
    15   m 21 o
>>> 16   m 27 e
    17   m 8 o
    18   m 22 e


Turn 462
================================================================
warning: entity 22 was directed to use 1 halite to move east, but only 0 halite was available
At command 18 of 21:
    16   m 6 e
    17   m 28 e
>>> 18   m 22 e
    19   m 30 s
    20   m 26 n


Turn 464
================================================================
warning: entity 28 was directed to use 3 halite to move south, but only 1 halite was available
At command 15 of 21:
    13   m 4 e
    14   m 8 w
>>> 15   m 28 s
    16   m 25 w
    17   m 16 o


Turn 467
================================================================
warning: entity 0 was directed to use 1 halite to move south, but only 0 halite was available
At command 15 of 21:
    13   m 8 s
    14   m 27 o
>>> 15   m 0 s
    16   m 26 n
    17   m 25 w


Turn 469
================================================================
warning: entity 4 was directed to use 2 halite to move east, but only 0 halite was available
At command 8 of 21:
    6   m 26 n
    7   m 22 o
>>> 8   m 4 e
    9   m 19 e
    10   m 14 o


Turn 471
================================================================
warning: entity 30 was directed to use 2 halite to move east, but only 0 halite was available
At command 19 of 21:
    17   m 4 n
    18   m 19 o
>>> 19   m 30 e
    20   m 0 w
    21   m 6 e


Turn 472
================================================================
warning: entity 0 was directed to use 1 halite to move west, but only 0 halite was available
At command 16 of 21:
    14   m 6 e
    15   m 29 e
>>> 16   m 0 w
    17   m 8 e
    18   m 13 o


Turn 473
================================================================
warning: entity 8 was directed to use 1 halite to move east, but only 0 halite was available
At command 13 of 21:
    11   m 2 o
    12   m 29 o
>>> 13   m 8 e
    14   m 21 o
    15   m 6 e


Turn 475
================================================================
warning: entity 26 was directed to use 1 halite to move west, but only 0 halite was available
At command 20 of 21:
    18   m 4 e
    19   m 30 e
>>> 20   m 26 w
    21   m 25 n


Turn 477
================================================================
warning: entity 10 was directed to use 1 halite to move east, but only 0 halite was available
At command 20 of 21:
    18   m 26 e
    19   m 6 e
>>> 20   m 10 e
    21   m 30 e


Turn 478
================================================================
warning: entity 8 was directed to use 2 halite to move south, but only 0 halite was available
At command 18 of 21:
    16   m 4 o
    17   m 13 o
>>> 18   m 8 s
    19   m 6 e
    20   m 25 n


Turn 480
================================================================
warning: entity 10 was directed to use 2 halite to move east, but only 1 halite was available
At command 20 of 21:
    18   m 6 n
    19   m 23 w
>>> 20   m 10 e
    21   m 25 s


Turn 485
================================================================
warning: entity 25 was directed to use 3 halite to move south, but only 0 halite was available
At command 20 of 21:
    18   m 6 w
    19   m 10 o
>>> 20   m 25 s
    21   m 23 w


Turn 489
================================================================
warning: entity 6 was directed to use 1 halite to move west, but only 0 halite was available
At command 18 of 21:
    16   m 13 o
    17   m 10 o
>>> 18   m 6 w
    19   m 23 n
    20   m 25 s


Turn 494
================================================================
warning: entity 6 was directed to use 2 halite to move west, but only 1 halite was available
At command 21 of 21:
    19   m 25 e
    20   m 8 o
>>> 21   m 6 w


Turn 498
================================================================
warning: entity 23 was directed to use 1 halite to move south, but only 0 halite was available
At command 20 of 21:
    18   m 26 o
    19   m 27 o
>>> 20   m 23 s
    21   m 19 e

