
Turn 5
================================================================
warning: entity 2 was directed to use 9 halite to move east, but only 0 halite was available
At command 2 of 3:
    1   m 0 o
>>> 2   m 2 e
    3   g


Turn 7
================================================================
warning: entity 4 was directed to use 24 halite to move east, but only 0 halite was available
At command 3 of 4:
    1   m 0 o
    2   m 2 o
>>> 3   m 4 e
    4   g


Turn 9
================================================================
warning: entity 6 was directed to use 13 halite to move north, but only 0 halite was available
At command 3 of 5:
    1   m 0 o
    2   m 2 o
>>> 3   m 6 n
    4   m 4 e
    5   g


Turn 11
================================================================
warning: entity 8 was directed to use 18 halite to move east, but only 0 halite was available
At command 1 of 5:
>>> 1   m 8 e
    2   m 0 o
    3   m 2 o


Turn 55
================================================================
warning: entity 0 was directed to use 14 halite to move north, but only 0 halite was available
At command 4 of 5:
    2   m 4 o
    3   m 2 o
>>> 4   m 0 n
    5   m 8 n


Turn 68
================================================================
warning: entity 8 was directed to use 7 halite to move west, but only 0 halite was available
At command 1 of 6:
>>> 1   m 8 w
    2   m 0 o
    3   m 4 w


Turn 70
================================================================
warning: entity 10 was directed to use 13 halite to move east, but only 0 halite was available
At command 1 of 6:
>>> 1   m 10 e
    2   m 2 o
    3   m 6 o

warning: entity 8 was directed to use 15 halite to move north, but only 13 halite was available
At command 5 of 6:
    3   m 6 o
    4   m 0 o
>>> 5   m 8 n
    6   m 4 e


Turn 87
================================================================
warning: entity 6 was directed to use 5 halite to move west, but only 0 halite was available
At command 6 of 7:
    4   m 0 e
    5   m 4 o
>>> 6   m 6 w
    7   g


Turn 89
================================================================
warning: entity 6 was directed to use 13 halite to move west, but only 10 halite was available
At command 5 of 6:
    3   m 8 o
    4   m 0 o
>>> 5   m 6 w
    6   m 11 e

warning: entity 11 was directed to use 10 halite to move east, but only 0 halite was available
At command 6 of 6:
    4   m 0 o
    5   m 6 w
>>> 6   m 11 e


Turn 105
================================================================
warning: entity 11 was directed to use 9 halite to move west, but only 0 halite was available
At command 6 of 7:
    4   m 8 o
    5   m 0 o
>>> 6   m 11 w
    7   g


Turn 107
================================================================
warning: entity 14 was directed to use 3 halite to move west, but only 0 halite was available
At command 5 of 7:
    3   m 8 n
    4   m 0 n
>>> 5   m 14 w
    6   m 6 o
    7   m 11 w


Turn 109
================================================================
warning: entity 14 was directed to use 10 halite to move west, but only 8 halite was available
At command 6 of 7:
    4   m 0 o
    5   m 6 o
>>> 6   m 14 w
    7   m 11 o


Turn 143
================================================================
warning: entity 2 was directed to use 7 halite to move south, but only 0 halite was available
At command 6 of 8:
    4   m 0 s
    5   m 8 s
>>> 6   m 2 s
    7   m 10 w
    8   g


Turn 147
================================================================
warning: entity 10 was directed to use 5 halite to move east, but only 0 halite was available
At command 7 of 8:
    5   m 16 w
    6   m 11 o
>>> 7   m 10 e
    8   m 2 s


Turn 149
================================================================
warning: entity 10 was directed to use 15 halite to move east, but only 11 halite was available
At command 4 of 9:
    2   m 6 o
    3   m 11 o
>>> 4   m 10 e
    5   m 2 o
    6   m 16 w

warning: entity 8 was directed to use 8 halite to move east, but only 0 halite was available
At command 7 of 9:
    5   m 2 o
    6   m 16 w
>>> 7   m 8 e
    8   m 0 o
    9   g


Turn 150
================================================================
warning: entity 16 was directed to use 7 halite to move north, but only 5 halite was available
At command 6 of 9:
    4   m 10 e
    5   m 2 o
>>> 6   m 16 n
    7   m 8 n
    8   m 0 s


Turn 151
================================================================
warning: entity 17 was directed to use 4 halite to move east, but only 0 halite was available
At command 9 of 9:
    7   m 8 e
    8   m 0 s
>>> 9   m 17 e


Turn 153
================================================================
warning: entity 17 was directed to use 11 halite to move east, but only 8 halite was available
At command 7 of 9:
    5   m 16 n
    6   m 14 o
>>> 7   m 17 e
    8   m 10 o
    9   m 8 e


Turn 154
================================================================
warning: entity 0 was directed to use 6 halite to move east, but only 0 halite was available
At command 7 of 10:
    5   m 17 e
    6   m 10 o
>>> 7   m 0 e
    8   m 16 w
    9   m 8 o


Turn 156
================================================================
warning: entity 0 was directed to use 26 halite to move east, but only 12 halite was available
At command 7 of 11:
    5   m 6 o
    6   m 10 o
>>> 7   m 0 e
    8   m 8 o
    9   m 17 e

warning: entity 18 was directed to use 5 halite to move south, but only 0 halite was available
At command 10 of 11:
    8   m 8 o
    9   m 17 e
>>> 10   m 18 s
    11   g


Turn 158
================================================================
warning: entity 20 was directed to use 4 halite to move east, but only 0 halite was available
At command 10 of 11:
    8   m 11 o
    9   m 0 s
>>> 10   m 20 e
    11   m 17 o


Turn 160
================================================================
warning: entity 20 was directed to use 19 halite to move east, but only 9 halite was available
At command 9 of 11:
    7   m 16 s
    8   m 8 o
>>> 9   m 20 e
    10   m 18 w
    11   m 0 s


Turn 161
================================================================
warning: entity 18 was directed to use 4 halite to move south, but only 2 halite was available
At command 10 of 11:
    8   m 0 o
    9   m 11 o
>>> 10   m 18 s
    11   m 16 o


Turn 186
================================================================
warning: entity 14 was directed to use 3 halite to move south, but only 0 halite was available
At command 11 of 12:
    9   m 6 n
    10   m 11 o
>>> 11   m 14 s
    12   g


Turn 188
================================================================
warning: entity 14 was directed to use 8 halite to move south, but only 7 halite was available
At command 8 of 12:
    6   m 17 o
    7   m 8 o
>>> 8   m 14 s
    9   m 18 o
    10   m 6 n

warning: entity 21 was directed to use 3 halite to move south, but only 0 halite was available
At command 12 of 12:
    10   m 6 n
    11   m 0 o
>>> 12   m 21 s


Turn 194
================================================================
warning: entity 14 was directed to use 9 halite to move south, but only 8 halite was available
At command 12 of 12:
    10   m 16 o
    11   m 21 s
>>> 12   m 14 s


Turn 196
================================================================
warning: entity 14 was directed to use 27 halite to move south, but only 25 halite was available
At command 8 of 13:
    6   m 8 o
    7   m 16 e
>>> 8   m 14 s
    9   m 6 s
    10   m 21 o

warning: entity 6 was directed to use 4 halite to move south, but only 0 halite was available
At command 9 of 13:
    7   m 16 e
    8   m 14 s
>>> 9   m 6 s
    10   m 21 o
    11   m 2 e


Turn 198
================================================================
warning: entity 24 was directed to use 2 halite to move south, but only 0 halite was available
At command 13 of 13:
    11   m 6 s
    12   m 2 n
>>> 13   m 24 s


Turn 200
================================================================
warning: entity 6 was directed to use 6 halite to move south, but only 0 halite was available
At command 12 of 13:
    10   m 16 o
    11   m 24 s
>>> 12   m 6 s
    13   m 21 o


Turn 201
================================================================
warning: entity 24 was directed to use 2 halite to move south, but only 0 halite was available
At command 11 of 13:
    9   m 21 o
    10   m 11 e
>>> 11   m 24 s
    12   m 0 o
    13   m 2 n


Turn 204
================================================================
warning: entity 24 was directed to use 2 halite to move south, but only 1 halite was available
At command 9 of 13:
    7   m 17 o
    8   m 11 o
>>> 9   m 24 s
    10   m 20 o
    11   m 21 n


Turn 205
================================================================
warning: entity 6 was directed to use 5 halite to move south, but only 4 halite was available
At command 12 of 13:
    10   m 20 o
    11   m 21 s
>>> 12   m 6 s
    13   m 2 n


Turn 209
================================================================
warning: entity 24 was directed to use 6 halite to move south, but only 5 halite was available
At command 12 of 13:
    10   m 20 o
    11   m 8 o
>>> 12   m 24 s
    13   m 2 w


Turn 210
================================================================
warning: entity 2 was directed to use 3 halite to move south, but only 0 halite was available
At command 13 of 14:
    11   m 14 o
    12   m 10 o
>>> 13   m 2 s
    14   g


Turn 212
================================================================
warning: entity 26 was directed to use 1 halite to move east, but only 0 halite was available
At command 14 of 14:
    12   m 11 e
    13   m 24 n
>>> 14   m 26 e


Turn 214
================================================================
warning: entity 26 was directed to use 14 halite to move east, but only 4 halite was available
At command 11 of 14:
    9   m 18 o
    10   m 14 o
>>> 11   m 26 e
    12   m 11 s
    13   m 2 s

warning: entity 2 was directed to use 3 halite to move south, but only 0 halite was available
At command 13 of 14:
    11   m 26 e
    12   m 11 s
>>> 13   m 2 s
    14   m 24 o


Turn 222
================================================================
warning: entity 11 was directed to use 2 halite to move west, but only 0 halite was available
At command 14 of 15:
    12   m 0 o
    13   m 16 o
>>> 14   m 11 w
    15   g


Turn 224
================================================================
warning: entity 27 was directed to use 1 halite to move east, but only 0 halite was available
At command 15 of 15:
    13   m 26 n
    14   m 11 s
>>> 15   m 27 e


Turn 225
================================================================
warning: entity 11 was directed to use 2 halite to move west, but only 1 halite was available
At command 15 of 15:
    13   m 16 o
    14   m 26 o
>>> 15   m 11 w


Turn 226
================================================================
warning: entity 27 was directed to use 11 halite to move east, but only 4 halite was available
At command 14 of 15:
    12   m 2 o
    13   m 24 o
>>> 14   m 27 e
    15   m 8 o


Turn 235
================================================================
warning: entity 21 was directed to use 1 halite to move west, but only 0 halite was available
At command 13 of 16:
    11   m 17 s
    12   m 11 w
>>> 13   m 21 w
    14   m 0 w
    15   m 20 n


Turn 237
================================================================
warning: entity 21 was directed to use 5 halite to move west, but only 3 halite was available
At command 13 of 16:
    11   m 14 o
    12   m 16 o
>>> 13   m 21 w
    14   m 11 o
    15   m 0 w

warning: entity 29 was directed to use 2 halite to move west, but only 0 halite was available
At command 16 of 16:
    14   m 11 o
    15   m 0 w
>>> 16   m 29 w


Turn 240
================================================================
warning: entity 29 was directed to use 2 halite to move south, but only 1 halite was available
At command 11 of 17:
    9   m 10 o
    10   m 8 o
>>> 11   m 29 s
    12   m 20 n
    13   m 14 o

warning: entity 20 was directed to use 1 halite to move north, but only 0 halite was available
At command 12 of 17:
    10   m 8 o
    11   m 29 s
>>> 12   m 20 n
    13   m 14 o
    14   m 21 w


Turn 242
================================================================
warning: entity 20 was directed to use 4 halite to move south, but only 3 halite was available
At command 15 of 17:
    13   m 14 w
    14   m 21 w
>>> 15   m 20 s
    16   m 17 n
    17   m 30 e


Turn 243
================================================================
warning: entity 30 was directed to use 8 halite to move east, but only 0 halite was available
At command 17 of 17:
    15   m 29 s
    16   m 17 n
>>> 17   m 30 e


Turn 245
================================================================
warning: entity 29 was directed to use 3 halite to move south, but only 2 halite was available
At command 8 of 16:
    6   m 2 o
    7   m 11 w
>>> 8   m 29 s
    9   m 0 n
    10   m 30 e


Turn 250
================================================================
warning: entity 17 was directed to use 1 halite to move north, but only 0 halite was available
At command 10 of 16:
    8   m 6 e
    9   m 27 o
>>> 10   m 17 n
    11   m 14 n
    12   m 20 w


Turn 253
================================================================
warning: entity 0 was directed to use 6 halite to move east, but only 0 halite was available
At command 8 of 16:
    6   m 2 o
    7   m 20 o
>>> 8   m 0 e
    9   m 21 s
    10   m 26 o

warning: entity 17 was directed to use 2 halite to move west, but only 0 halite was available
At command 15 of 16:
    13   m 16 e
    14   m 6 e
>>> 15   m 17 w
    16   m 14 n


Turn 257
================================================================
warning: entity 17 was directed to use 2 halite to move west, but only 1 halite was available
At command 11 of 16:
    9   m 29 o
    10   m 16 s
>>> 11   m 17 w
    12   m 14 n
    13   m 6 n


Turn 261
================================================================
warning: entity 17 was directed to use 2 halite to move west, but only 1 halite was available
At command 10 of 16:
    8   m 6 w
    9   m 30 o
>>> 10   m 17 w
    11   m 11 o
    12   m 10 e


Turn 264
================================================================
warning: entity 16 was directed to use 4 halite to move east, but only 0 halite was available
At command 16 of 16:
    14   m 18 w
    15   m 17 o
>>> 16   m 16 e


Turn 268
================================================================
warning: entity 24 was directed to use 1 halite to move west, but only 0 halite was available
At command 10 of 16:
    8   m 10 o
    9   m 14 w
>>> 10   m 24 w
    11   m 20 o
    12   m 0 o


Turn 270
================================================================
warning: entity 24 was directed to use 4 halite to move north, but only 3 halite was available
At command 12 of 16:
    10   m 29 o
    11   m 30 o
>>> 12   m 24 n
    13   m 18 e
    14   m 2 o


Turn 273
================================================================
warning: entity 6 was directed to use 3 halite to move east, but only 0 halite was available
At command 10 of 16:
    8   m 24 n
    9   m 17 s
>>> 10   m 6 e
    11   m 27 o
    12   m 30 o


Turn 275
================================================================
warning: entity 14 was directed to use 9 halite to move north, but only 4 halite was available
At command 15 of 16:
    13   m 6 e
    14   m 17 o
>>> 15   m 14 n
    16   m 2 s

warning: entity 2 was directed to use 1 halite to move south, but only 0 halite was available
At command 16 of 16:
    14   m 17 o
    15   m 14 n
>>> 16   m 2 s


Turn 280
================================================================
warning: entity 6 was directed to use 3 halite to move east, but only 2 halite was available
At command 14 of 16:
    12   m 21 o
    13   m 10 w
>>> 14   m 6 e
    15   m 14 e
    16   m 2 s


Turn 281
================================================================
warning: entity 2 was directed to use 4 halite to move south, but only 3 halite was available
At command 16 of 16:
    14   m 10 w
    15   m 14 w
>>> 16   m 2 s


Turn 292
================================================================
warning: entity 10 was directed to use 11 halite to move north, but only 0 halite was available
At command 16 of 16:
    14   m 2 o
    15   m 20 o
>>> 16   m 10 n


Turn 313
================================================================
warning: entity 26 was directed to use 4 halite to move north, but only 0 halite was available
At command 8 of 16:
    6   m 14 w
    7   m 24 o
>>> 8   m 26 n
    9   m 27 o
    10   m 21 o


Turn 316
================================================================
warning: entity 26 was directed to use 2 halite to move north, but only 1 halite was available
At command 15 of 16:
    13   m 30 o
    14   m 0 o
>>> 15   m 26 n
    16   m 29 s


Turn 321
================================================================
warning: entity 26 was directed to use 3 halite to move north, but only 1 halite was available
At command 16 of 16:
    14   m 20 n
    15   m 29 n
>>> 16   m 26 n


Turn 324
================================================================
warning: entity 29 was directed to use 3 halite to move north, but only 0 halite was available
At command 15 of 16:
    13   m 0 o
    14   m 26 n
>>> 15   m 29 n
    16   m 20 n


Turn 327
================================================================
warning: entity 29 was directed to use 2 halite to move north, but only 1 halite was available
At command 15 of 16:
    13   m 17 o
    14   m 21 o
>>> 15   m 29 n
    16   m 10 o


Turn 329
================================================================
warning: entity 20 was directed to use 2 halite to move east, but only 0 halite was available
At command 16 of 16:
    14   m 10 o
    15   m 29 n
>>> 16   m 20 e


Turn 333
================================================================
warning: entity 29 was directed to use 2 halite to move west, but only 0 halite was available
At command 12 of 16:
    10   m 18 o
    11   m 14 o
>>> 12   m 29 w
    13   m 11 o
    14   m 17 o

warning: entity 20 was directed to use 14 halite to move south, but only 4 halite was available
At command 15 of 16:
    13   m 11 o
    14   m 17 o
>>> 15   m 20 s
    16   m 27 o


Turn 366
================================================================
warning: entity 16 was directed to use 4 halite to move south, but only 0 halite was available
At command 15 of 16:
    13   m 14 s
    14   m 30 s
>>> 15   m 16 s
    16   m 21 e


Turn 368
================================================================
warning: entity 21 was directed to use 6 halite to move south, but only 0 halite was available
At command 16 of 16:
    14   m 2 n
    15   m 17 s
>>> 16   m 21 s


Turn 374
================================================================
warning: entity 21 was directed to use 2 halite to move south, but only 1 halite was available
At command 10 of 16:
    8   m 26 s
    9   m 18 o
>>> 10   m 21 s
    11   m 10 w
    12   m 0 o


Turn 375
================================================================
warning: entity 30 was directed to use 3 halite to move south, but only 2 halite was available
At command 14 of 16:
    12   m 6 w
    13   m 20 o
>>> 14   m 30 s
    15   m 26 e
    16   m 14 s

warning: entity 14 was directed to use 4 halite to move south, but only 0 halite was available
At command 16 of 16:
    14   m 30 s
    15   m 26 e
>>> 16   m 14 s


Turn 379
================================================================
warning: entity 2 was directed to use 2 halite to move north, but only 0 halite was available
At command 10 of 16:
    8   m 17 s
    9   m 18 o
>>> 10   m 2 n
    11   m 6 o
    12   m 24 w


Turn 380
================================================================
warning: entity 14 was directed to use 4 halite to move south, but only 2 halite was available
At command 12 of 16:
    10   m 29 s
    11   m 26 o
>>> 12   m 14 s
    13   m 0 o
    14   m 30 w


Turn 382
================================================================
warning: entity 30 was directed to use 2 halite to move south, but only 1 halite was available
At command 16 of 16:
    14   m 29 s
    15   m 17 s
>>> 16   m 30 s


Turn 385
================================================================
warning: entity 17 was directed to use 1 halite to move south, but only 0 halite was available
At command 16 of 16:
    14   m 20 o
    15   m 29 s
>>> 16   m 17 s


Turn 387
================================================================
warning: entity 17 was directed to use 5 halite to move west, but only 3 halite was available
At command 15 of 16:
    13   m 10 n
    14   m 29 w
>>> 15   m 17 w
    16   m 2 s

