
Turn 5
================================================================
warning: entity 3 was directed to use 22 halite to move west, but only 0 halite was available
At command 2 of 3:
    1   m 1 o
>>> 2   m 3 w
    3   g


Turn 7
================================================================
warning: entity 5 was directed to use 20 halite to move west, but only 0 halite was available
At command 2 of 4:
    1   m 1 o
>>> 2   m 5 w
    3   m 3 o
    4   g


Turn 9
================================================================
warning: entity 7 was directed to use 16 halite to move west, but only 0 halite was available
At command 1 of 5:
>>> 1   m 7 w
    2   m 1 o
    3   m 5 w


Turn 11
================================================================
warning: entity 9 was directed to use 15 halite to move east, but only 0 halite was available
At command 1 of 5:
>>> 1   m 9 e
    2   m 1 o
    3   m 5 o


Turn 12
================================================================
warning: entity 7 was directed to use 24 halite to move north, but only 6 halite was available
At command 5 of 5:
    3   m 5 w
    4   m 3 o
>>> 5   m 7 n


Turn 47
================================================================
warning: entity 3 was directed to use 19 halite to move east, but only 0 halite was available
At command 5 of 5:
    3   m 7 o
    4   m 5 n
>>> 5   m 3 e


Turn 49
================================================================
warning: entity 5 was directed to use 22 halite to move west, but only 0 halite was available
At command 3 of 6:
    1   m 7 o
    2   m 3 w
>>> 3   m 5 w
    4   m 9 o
    5   m 1 w


Turn 51
================================================================
warning: entity 3 was directed to use 16 halite to move east, but only 11 halite was available
At command 5 of 6:
    3   m 5 w
    4   m 7 o
>>> 5   m 3 e
    6   m 10 w

warning: entity 10 was directed to use 11 halite to move west, but only 0 halite was available
At command 6 of 6:
    4   m 7 o
    5   m 3 e
>>> 6   m 10 w


Turn 53
================================================================
warning: entity 1 was directed to use 14 halite to move east, but only 0 halite was available
At command 2 of 7:
    1   m 7 o
>>> 2   m 1 e
    3   m 9 o
    4   m 3 e

warning: entity 10 was directed to use 23 halite to move west, but only 21 halite was available
At command 5 of 7:
    3   m 9 o
    4   m 3 e
>>> 5   m 10 w
    6   m 5 o
    7   g


Turn 55
================================================================
warning: entity 12 was directed to use 8 halite to move west, but only 0 halite was available
At command 5 of 7:
    3   m 5 o
    4   m 3 o
>>> 5   m 12 w
    6   m 7 o
    7   m 10 n


Turn 57
================================================================
warning: entity 12 was directed to use 17 halite to move west, but only 16 halite was available
At command 7 of 7:
    5   m 7 s
    6   m 10 o
>>> 7   m 12 w


Turn 71
================================================================
warning: entity 9 was directed to use 10 halite to move east, but only 0 halite was available
At command 2 of 7:
    1   m 3 o
>>> 2   m 9 e
    3   m 1 o
    4   m 10 o


Turn 73
================================================================
warning: entity 7 was directed to use 16 halite to move west, but only 0 halite was available
At command 3 of 8:
    1   m 3 o
    2   m 12 o
>>> 3   m 7 w
    4   m 1 o
    5   m 9 e


Turn 74
================================================================
warning: entity 9 was directed to use 12 halite to move east, but only 10 halite was available
At command 4 of 8:
    2   m 12 o
    3   m 7 w
>>> 4   m 9 e
    5   m 1 o
    6   m 5 o


Turn 75
================================================================
warning: entity 16 was directed to use 6 halite to move west, but only 0 halite was available
At command 8 of 9:
    6   m 7 w
    7   m 3 o
>>> 8   m 16 w
    9   g


Turn 76
================================================================
warning: entity 7 was directed to use 17 halite to move west, but only 14 halite was available
At command 7 of 9:
    5   m 3 e
    6   m 16 w
>>> 7   m 7 w
    8   m 5 e
    9   m 12 w


Turn 77
================================================================
warning: entity 17 was directed to use 8 halite to move east, but only 0 halite was available
At command 6 of 9:
    4   m 5 e
    5   m 12 o
>>> 6   m 17 e
    7   m 10 o
    8   m 3 o


Turn 78
================================================================
warning: entity 16 was directed to use 9 halite to move north, but only 0 halite was available
At command 7 of 9:
    5   m 10 o
    6   m 3 w
>>> 7   m 16 n
    8   m 7 n
    9   m 5 e


Turn 80
================================================================
warning: entity 17 was directed to use 9 halite to move north, but only 5 halite was available
At command 5 of 9:
    3   m 10 o
    4   m 3 o
>>> 5   m 17 n
    6   m 12 o
    7   m 16 n


Turn 83
================================================================
warning: entity 5 was directed to use 9 halite to move east, but only 0 halite was available
At command 9 of 10:
    7   m 17 o
    8   m 3 o
>>> 9   m 5 e
    10   g


Turn 85
================================================================
warning: entity 5 was directed to use 19 halite to move west, but only 17 halite was available
At command 6 of 10:
    4   m 3 o
    5   m 1 n
>>> 6   m 5 w
    7   m 9 o
    8   m 12 s

warning: entity 18 was directed to use 12 halite to move west, but only 0 halite was available
At command 9 of 10:
    7   m 9 o
    8   m 12 s
>>> 9   m 18 w
    10   m 16 o


Turn 88
================================================================
warning: entity 18 was directed to use 13 halite to move east, but only 7 halite was available
At command 9 of 10:
    7   m 7 o
    8   m 5 w
>>> 9   m 18 e
    10   m 12 o


Turn 93
================================================================
warning: entity 10 was directed to use 6 halite to move east, but only 0 halite was available
At command 7 of 11:
    5   m 17 o
    6   m 3 o
>>> 7   m 10 e
    8   m 9 e
    9   m 12 o


Turn 95
================================================================
warning: entity 19 was directed to use 4 halite to move east, but only 0 halite was available
At command 9 of 11:
    7   m 18 o
    8   m 16 o
>>> 9   m 19 e
    10   m 17 o
    11   m 10 e


Turn 96
================================================================
warning: entity 10 was directed to use 6 halite to move east, but only 1 halite was available
At command 10 of 11:
    8   m 19 e
    9   m 17 o
>>> 10   m 10 e
    11   m 5 s


Turn 97
================================================================
warning: entity 19 was directed to use 12 halite to move north, but only 9 halite was available
At command 10 of 11:
    8   m 10 e
    9   m 16 o
>>> 10   m 19 n
    11   m 5 o


Turn 99
================================================================
warning: entity 10 was directed to use 6 halite to move east, but only 5 halite was available
At command 11 of 11:
    9   m 16 o
    10   m 19 n
>>> 11   m 10 e


Turn 109
================================================================
warning: entity 12 was directed to use 4 halite to move east, but only 0 halite was available
At command 10 of 12:
    8   m 17 o
    9   m 3 o
>>> 10   m 12 e
    11   m 9 w
    12   g


Turn 111
================================================================
warning: entity 12 was directed to use 10 halite to move south, but only 9 halite was available
At command 9 of 12:
    7   m 18 e
    8   m 16 o
>>> 9   m 12 s
    10   m 9 o
    11   m 10 o

warning: entity 23 was directed to use 6 halite to move west, but only 0 halite was available
At command 12 of 12:
    10   m 9 o
    11   m 10 o
>>> 12   m 23 w


Turn 113
================================================================
warning: entity 23 was directed to use 14 halite to move west, but only 13 halite was available
At command 8 of 12:
    6   m 7 o
    7   m 10 s
>>> 8   m 23 w
    9   m 12 e
    10   m 17 o


Turn 117
================================================================
warning: entity 9 was directed to use 5 halite to move east, but only 0 halite was available
At command 12 of 13:
    10   m 7 o
    11   m 23 s
>>> 12   m 9 e
    13   g


Turn 119
================================================================
warning: entity 9 was directed to use 19 halite to move south, but only 10 halite was available
At command 7 of 13:
    5   m 16 o
    6   m 1 e
>>> 7   m 9 s
    8   m 7 e
    9   m 5 o

warning: entity 25 was directed to use 9 halite to move west, but only 0 halite was available
At command 13 of 13:
    11   m 3 o
    12   m 17 o
>>> 13   m 25 w


Turn 122
================================================================
warning: entity 25 was directed to use 9 halite to move west, but only 2 halite was available
At command 13 of 13:
    11   m 12 o
    12   m 9 s
>>> 13   m 25 w


Turn 127
================================================================
warning: entity 25 was directed to use 4 halite to move east, but only 2 halite was available
At command 12 of 13:
    10   m 17 o
    11   m 7 e
>>> 12   m 25 e
    13   m 16 e


Turn 128
================================================================
warning: entity 7 was directed to use 3 halite to move east, but only 0 halite was available
At command 12 of 13:
    10   m 10 w
    11   m 3 w
>>> 12   m 7 e
    13   m 16 e


Turn 130
================================================================
warning: entity 18 was directed to use 3 halite to move east, but only 0 halite was available
At command 9 of 13:
    7   m 9 e
    8   m 7 e
>>> 9   m 18 e
    10   m 10 w
    11   m 25 o


Turn 131
================================================================
warning: entity 7 was directed to use 2 halite to move east, but only 0 halite was available
At command 10 of 13:
    8   m 17 w
    9   m 9 o
>>> 10   m 7 e
    11   m 10 o
    12   m 3 s


Turn 132
================================================================
warning: entity 18 was directed to use 9 halite to move east, but only 7 halite was available
At command 10 of 14:
    8   m 10 o
    9   m 19 o
>>> 10   m 18 e
    11   m 17 w
    12   m 3 s

warning: entity 16 was directed to use 5 halite to move west, but only 0 halite was available
At command 13 of 14:
    11   m 17 w
    12   m 3 s
>>> 13   m 16 w
    14   g


Turn 133
================================================================
warning: entity 7 was directed to use 9 halite to move south, but only 5 halite was available
At command 12 of 14:
    10   m 5 o
    11   m 1 o
>>> 12   m 7 s
    13   m 17 w
    14   m 28 e


Turn 134
================================================================
warning: entity 28 was directed to use 2 halite to move east, but only 0 halite was available
At command 10 of 13:
    8   m 7 n
    9   m 16 w
>>> 10   m 28 e
    11   m 18 e
    12   m 3 s


Turn 135
================================================================
warning: entity 16 was directed to use 15 halite to move west, but only 0 halite was available
At command 13 of 13:
    11   m 7 o
    12   m 12 o
>>> 13   m 16 w


Turn 136
================================================================
warning: entity 28 was directed to use 7 halite to move west, but only 5 halite was available
At command 12 of 14:
    10   m 23 o
    11   m 10 w
>>> 12   m 28 w
    13   m 3 w
    14   g

warning: entity 3 was directed to use 3 halite to move west, but only 0 halite was available
At command 13 of 14:
    11   m 10 w
    12   m 28 w
>>> 13   m 3 w
    14   g


Turn 138
================================================================
warning: entity 3 was directed to use 16 halite to move west, but only 8 halite was available
At command 10 of 15:
    8   m 17 w
    9   m 19 o
>>> 10   m 3 w
    11   m 1 o
    12   m 7 e

warning: entity 29 was directed to use 1 halite to move south, but only 0 halite was available
At command 14 of 15:
    12   m 7 e
    13   m 16 w
>>> 14   m 29 s
    15   g


Turn 140
================================================================
warning: entity 30 was directed to use 2 halite to move west, but only 0 halite was available
At command 9 of 16:
    7   m 17 o
    8   m 28 o
>>> 9   m 30 w
    10   m 3 w
    11   m 1 o


Turn 141
================================================================
warning: entity 29 was directed to use 4 halite to move south, but only 0 halite was available
At command 12 of 16:
    10   m 10 w
    11   m 3 w
>>> 12   m 29 s
    13   m 18 e
    14   m 7 o


Turn 142
================================================================
warning: entity 16 was directed to use 7 halite to move west, but only 0 halite was available
At command 6 of 16:
    4   m 29 e
    5   m 7 e
>>> 6   m 16 w
    7   m 10 w
    8   m 23 w

warning: entity 30 was directed to use 13 halite to move west, but only 5 halite was available
At command 13 of 16:
    11   m 17 w
    12   m 28 e
>>> 13   m 30 w
    14   m 3 w
    15   m 18 o

warning: entity 31 was directed to use 2 halite to move west, but only 0 halite was available
At command 16 of 16:
    14   m 3 w
    15   m 18 o
>>> 16   m 31 w


Turn 144
================================================================
warning: entity 31 was directed to use 12 halite to move west, but only 5 halite was available
At command 11 of 16:
    9   m 19 n
    10   m 18 o
>>> 11   m 31 w
    12   m 29 e
    13   m 23 o

warning: entity 3 was directed to use 7 halite to move west, but only 4 halite was available
At command 16 of 16:
    14   m 10 s
    15   m 17 w
>>> 16   m 3 w


Turn 145
================================================================
warning: entity 29 was directed to use 10 halite to move east, but only 3 halite was available
At command 15 of 16:
    13   m 9 o
    14   m 19 n
>>> 15   m 29 e
    16   m 10 e

warning: entity 10 was directed to use 3 halite to move east, but only 0 halite was available
At command 16 of 16:
    14   m 19 n
    15   m 29 e
>>> 16   m 10 e


Turn 147
================================================================
warning: entity 10 was directed to use 14 halite to move east, but only 8 halite was available
At command 10 of 17:
    8   m 19 o
    9   m 29 e
>>> 10   m 10 e
    11   m 12 o
    12   m 3 o

warning: entity 17 was directed to use 1 halite to move north, but only 0 halite was available
At command 15 of 17:
    13   m 5 e
    14   m 31 w
>>> 15   m 17 n
    16   m 30 w
    17   g


Turn 148
================================================================
warning: entity 30 was directed to use 5 halite to move west, but only 4 halite was available
At command 16 of 17:
    14   m 29 e
    15   m 31 w
>>> 16   m 30 w
    17   m 34 w


Turn 149
================================================================
warning: entity 31 was directed to use 8 halite to move south, but only 1 halite was available
At command 16 of 17:
    14   m 12 o
    15   m 17 e
>>> 16   m 31 s
    17   m 34 w

warning: entity 34 was directed to use 2 halite to move west, but only 0 halite was available
At command 17 of 17:
    15   m 17 e
    16   m 31 s
>>> 17   m 34 w


Turn 150
================================================================
warning: entity 17 was directed to use 1 halite to move east, but only 0 halite was available
At command 17 of 17:
    15   m 10 e
    16   m 29 o
>>> 17   m 17 e


Turn 151
================================================================
warning: entity 34 was directed to use 9 halite to move west, but only 5 halite was available
At command 16 of 17:
    14   m 10 e
    15   m 31 n
>>> 16   m 34 w
    17   m 5 n


Turn 155
================================================================
warning: entity 17 was directed to use 4 halite to move north, but only 1 halite was available
At command 17 of 17:
    15   m 7 w
    16   m 5 n
>>> 17   m 17 n


Turn 157
================================================================
warning: entity 34 was directed to use 4 halite to move north, but only 0 halite was available
At command 15 of 17:
    13   m 29 o
    14   m 17 n
>>> 15   m 34 n
    16   m 7 w
    17   m 5 n

warning: entity 5 was directed to use 2 halite to move north, but only 0 halite was available
At command 17 of 17:
    15   m 34 n
    16   m 7 w
>>> 17   m 5 n


Turn 159
================================================================
warning: entity 5 was directed to use 10 halite to move west, but only 5 halite was available
At command 15 of 18:
    13   m 1 w
    14   m 34 n
>>> 15   m 5 w
    16   m 12 w
    17   m 10 e


Turn 160
================================================================
warning: entity 10 was directed to use 16 halite to move south, but only 2 halite was available
At command 17 of 18:
    15   m 1 w
    16   m 12 o
>>> 17   m 10 s
    18   m 36 n

warning: entity 36 was directed to use 2 halite to move north, but only 0 halite was available
At command 18 of 18:
    16   m 12 o
    17   m 10 s
>>> 18   m 36 n


Turn 161
================================================================
warning: entity 34 was directed to use 13 halite to move west, but only 10 halite was available
At command 14 of 18:
    12   m 31 o
    13   m 29 s
>>> 14   m 34 w
    15   m 5 w
    16   m 16 o


Turn 162
================================================================
warning: entity 36 was directed to use 11 halite to move north, but only 4 halite was available
At command 16 of 18:
    14   m 10 s
    15   m 5 w
>>> 16   m 36 n
    17   m 29 o
    18   m 1 w


Turn 163
================================================================
warning: entity 12 was directed to use 1 halite to move east, but only 0 halite was available
At command 15 of 18:
    13   m 34 n
    14   m 17 o
>>> 15   m 12 e
    16   m 10 o
    17   m 5 w


Turn 164
================================================================
warning: entity 5 was directed to use 5 halite to move south, but only 4 halite was available
At command 15 of 18:
    13   m 31 o
    14   m 7 n
>>> 15   m 5 s
    16   m 36 n
    17   m 9 e


Turn 165
================================================================
warning: entity 36 was directed to use 23 halite to move north, but only 12 halite was available
At command 11 of 19:
    9   m 5 s
    10   m 9 o
>>> 11   m 36 n
    12   m 30 o
    13   m 16 o

warning: entity 12 was directed to use 11 halite to move east, but only 3 halite was available
At command 16 of 19:
    14   m 23 o
    15   m 19 o
>>> 16   m 12 e
    17   m 7 n
    18   m 1 s

warning: entity 7 was directed to use 1 halite to move north, but only 0 halite was available
At command 17 of 19:
    15   m 19 o
    16   m 12 e
>>> 17   m 7 n
    18   m 1 s
    19   g


Turn 167
================================================================
warning: entity 7 was directed to use 6 halite to move east, but only 3 halite was available
At command 12 of 19:
    10   m 28 o
    11   m 29 o
>>> 12   m 7 e
    13   m 17 o
    14   m 36 o

warning: entity 39 was directed to use 1 halite to move east, but only 0 halite was available
At command 19 of 19:
    17   m 1 o
    18   m 5 s
>>> 19   m 39 e


Turn 169
================================================================
warning: entity 39 was directed to use 7 halite to move west, but only 3 halite was available
At command 15 of 20:
    13   m 34 o
    14   m 7 e
>>> 15   m 39 w
    16   m 5 s
    17   m 3 e

warning: entity 5 was directed to use 8 halite to move south, but only 4 halite was available
At command 16 of 20:
    14   m 7 e
    15   m 39 w
>>> 16   m 5 s
    17   m 3 e
    18   m 19 o


Turn 170
================================================================
warning: entity 40 was directed to use 1 halite to move east, but only 0 halite was available
At command 20 of 20:
    18   m 7 n
    19   m 3 e
>>> 20   m 40 e


Turn 172
================================================================
warning: entity 39 was directed to use 10 halite to move south, but only 9 halite was available
At command 13 of 20:
    11   m 5 o
    12   m 31 o
>>> 13   m 39 s
    14   m 9 n
    15   m 7 w

warning: entity 40 was directed to use 5 halite to move east, but only 3 halite was available
At command 16 of 20:
    14   m 9 n
    15   m 7 w
>>> 16   m 40 e
    17   m 36 w
    18   m 1 s

warning: entity 12 was directed to use 14 halite to move south, but only 1 halite was available
At command 19 of 20:
    17   m 36 w
    18   m 1 s
>>> 19   m 12 s
    20   m 3 n


Turn 176
================================================================
warning: entity 7 was directed to use 6 halite to move north, but only 4 halite was available
At command 11 of 20:
    9   m 23 o
    10   m 1 n
>>> 11   m 7 n
    12   m 19 o
    13   m 12 o


Turn 178
================================================================
warning: entity 1 was directed to use 3 halite to move east, but only 0 halite was available
At command 16 of 21:
    14   m 5 e
    15   m 29 w
>>> 16   m 1 e
    17   m 3 o
    18   m 9 n

warning: entity 40 was directed to use 16 halite to move east, but only 5 halite was available
At command 20 of 21:
    18   m 9 n
    19   m 31 w
>>> 20   m 40 e
    21   m 42 n


Turn 179
================================================================
warning: entity 39 was directed to use 5 halite to move south, but only 0 halite was available
At command 12 of 21:
    10   m 3 e
    11   m 40 e
>>> 12   m 39 s
    13   m 42 o
    14   m 36 n


Turn 182
================================================================
warning: entity 3 was directed to use 5 halite to move west, but only 0 halite was available
At command 9 of 21:
    7   m 39 o
    8   m 40 o
>>> 9   m 3 w
    10   m 28 w
    11   m 18 o

warning: entity 42 was directed to use 5 halite to move east, but only 0 halite was available
At command 17 of 21:
    15   m 36 o
    16   m 17 o
>>> 17   m 42 e
    18   m 1 e
    19   m 9 n


Turn 184
================================================================
warning: entity 9 was directed to use 2 halite to move east, but only 0 halite was available
At command 18 of 22:
    16   m 3 s
    17   m 42 e
>>> 18   m 9 e
    19   m 19 o
    20   m 1 e

warning: entity 1 was directed to use 12 halite to move east, but only 0 halite was available
At command 20 of 22:
    18   m 9 e
    19   m 19 o
>>> 20   m 1 e
    21   m 29 n
    22   m 45 s


Turn 185
================================================================
warning: entity 45 was directed to use 1 halite to move west, but only 0 halite was available
At command 14 of 23:
    12   m 1 e
    13   m 36 o
>>> 14   m 45 w
    15   m 28 n
    16   m 5 o


Turn 186
================================================================
warning: entity 3 was directed to use 6 halite to move west, but only 0 halite was available
At command 22 of 23:
    20   m 7 n
    21   m 10 w
>>> 22   m 3 w
    23   m 46 w


Turn 187
================================================================
warning: entity 45 was directed to use 8 halite to move east, but only 3 halite was available
At command 17 of 22:
    15   m 34 w
    16   m 12 o
>>> 17   m 45 e
    18   m 30 e
    19   m 28 n


Turn 188
================================================================
warning: entity 46 was directed to use 8 halite to move south, but only 0 halite was available
At command 22 of 22:
    20   m 34 o
    21   m 9 e
>>> 22   m 46 s


Turn 189
================================================================
warning: entity 3 was directed to use 10 halite to move south, but only 8 halite was available
At command 19 of 22:
    17   m 28 n
    18   m 18 w
>>> 19   m 3 s
    20   m 10 w
    21   m 30 e

warning: entity 9 was directed to use 1 halite to move east, but only 0 halite was available
At command 22 of 22:
    20   m 10 w
    21   m 30 e
>>> 22   m 9 e


Turn 191
================================================================
warning: entity 29 was directed to use 2 halite to move east, but only 0 halite was available
At command 21 of 23:
    19   m 28 o
    20   m 31 o
>>> 21   m 29 e
    22   m 30 e
    23   m 48 n


Turn 192
================================================================
warning: entity 46 was directed to use 12 halite to move south, but only 9 halite was available
At command 17 of 23:
    15   m 29 e
    16   m 3 s
>>> 17   m 46 s
    18   m 10 n
    19   m 30 e


Turn 195
================================================================
warning: entity 29 was directed to use 2 halite to move east, but only 1 halite was available
At command 18 of 24:
    16   m 46 w
    17   m 34 w
>>> 18   m 29 e
    19   m 16 n
    20   m 48 e

warning: entity 48 was directed to use 3 halite to move east, but only 1 halite was available
At command 20 of 24:
    18   m 29 e
    19   m 16 n
>>> 20   m 48 e
    21   m 18 w
    22   m 30 s

warning: entity 28 was directed to use 6 halite to move east, but only 0 halite was available
At command 23 of 24:
    21   m 18 w
    22   m 30 s
>>> 23   m 28 e
    24   m 51 e


Turn 197
================================================================
warning: entity 51 was directed to use 4 halite to move east, but only 0 halite was available
At command 23 of 23:
    21   m 18 s
    22   m 30 o
>>> 23   m 51 e


Turn 198
================================================================
warning: entity 29 was directed to use 41 halite to move east, but only 20 halite was available
At command 19 of 23:
    17   m 19 e
    18   m 45 s
>>> 19   m 29 e
    20   m 48 e
    21   m 16 e


Turn 200
================================================================
warning: entity 28 was directed to use 9 halite to move south, but only 5 halite was available
At command 20 of 23:
    18   m 7 o
    19   m 30 e
>>> 20   m 28 s
    21   m 51 e
    22   m 19 e


Turn 201
================================================================
warning: entity 48 was directed to use 6 halite to move east, but only 5 halite was available
At command 23 of 23:
    21   m 30 w
    22   m 51 e
>>> 23   m 48 e


Turn 202
================================================================
warning: entity 31 was directed to use 2 halite to move east, but only 1 halite was available
At command 17 of 23:
    15   m 28 e
    16   m 45 o
>>> 17   m 31 e
    18   m 18 n
    19   m 23 e

warning: entity 51 was directed to use 5 halite to move east, but only 3 halite was available
At command 22 of 23:
    20   m 19 s
    21   m 30 o
>>> 22   m 51 e
    23   g


Turn 203
================================================================
warning: entity 10 was directed to use 6 halite to move east, but only 3 halite was available
At command 19 of 23:
    17   m 3 o
    18   m 34 o
>>> 19   m 10 e
    20   m 16 n
    21   m 18 o


Turn 204
================================================================
warning: entity 48 was directed to use 40 halite to move east, but only 20 halite was available
At command 16 of 24:
    14   m 10 e
    15   m 18 s
>>> 16   m 48 e
    17   m 19 s
    18   m 28 s


Turn 205
================================================================
warning: entity 52 was directed to use 9 halite to move north, but only 0 halite was available
At command 14 of 24:
    12   m 18 o
    13   m 7 o
>>> 14   m 52 n
    15   m 5 o
    16   m 17 o


Turn 206
================================================================
warning: entity 28 was directed to use 11 halite to move south, but only 6 halite was available
At command 20 of 24:
    18   m 40 o
    19   m 12 w
>>> 20   m 28 s
    21   m 45 o
    22   m 30 o


Turn 207
================================================================
warning: entity 54 was directed to use 3 halite to move south, but only 0 halite was available
At command 24 of 24:
    22   m 23 n
    23   m 19 s
>>> 24   m 54 s


Turn 208
================================================================
warning: entity 52 was directed to use 6 halite to move north, but only 5 halite was available
At command 22 of 24:
    20   m 39 o
    21   m 19 s
>>> 22   m 52 n
    23   m 31 n
    24   m 23 n

warning: entity 31 was directed to use 3 halite to move north, but only 2 halite was available
At command 23 of 24:
    21   m 19 s
    22   m 52 n
>>> 23   m 31 n
    24   m 23 n


Turn 209
================================================================
warning: entity 10 was directed to use 4 halite to move south, but only 0 halite was available
At command 17 of 24:
    15   m 48 n
    16   m 12 w
>>> 17   m 10 s
    18   m 3 e
    19   m 54 s


Turn 211
================================================================
warning: entity 54 was directed to use 2 halite to move east, but only 0 halite was available
At command 19 of 23:
    17   m 30 e
    18   m 10 e
>>> 19   m 54 e
    20   m 28 o
    21   m 51 s

warning: entity 16 was directed to use 2 halite to move east, but only 0 halite was available
At command 23 of 23:
    21   m 51 s
    22   m 52 n
>>> 23   m 16 e


Turn 213
================================================================
warning: entity 54 was directed to use 7 halite to move east, but only 6 halite was available
At command 13 of 23:
    11   m 46 o
    12   m 28 o
>>> 13   m 54 e
    14   m 23 s
    15   m 12 n

warning: entity 30 was directed to use 3 halite to move north, but only 0 halite was available
At command 22 of 23:
    20   m 39 o
    21   m 18 o
>>> 22   m 30 n
    23   m 10 e


Turn 217
================================================================
warning: entity 19 was directed to use 2 halite to move north, but only 0 halite was available
At command 19 of 22:
    17   m 23 w
    18   m 54 s
>>> 19   m 19 n
    20   m 18 n
    21   m 52 n


Turn 219
================================================================
warning: entity 23 was directed to use 4 halite to move south, but only 0 halite was available
At command 11 of 23:
    9   m 7 n
    10   m 52 o
>>> 11   m 23 s
    12   m 10 e
    13   m 19 s

warning: entity 19 was directed to use 7 halite to move south, but only 4 halite was available
At command 13 of 23:
    11   m 23 s
    12   m 10 e
>>> 13   m 19 s
    14   m 46 o
    15   m 39 o

warning: entity 16 was directed to use 2 halite to move north, but only 0 halite was available
At command 21 of 23:
    19   m 12 n
    20   m 54 s
>>> 21   m 16 n
    22   m 18 n
    23   m 56 n


Turn 221
================================================================
warning: entity 56 was directed to use 1 halite to move north, but only 0 halite was available
At command 22 of 23:
    20   m 12 n
    21   m 10 s
>>> 22   m 56 n
    23   m 18 n

warning: entity 18 was directed to use 7 halite to move north, but only 3 halite was available
At command 23 of 23:
    21   m 10 s
    22   m 56 n
>>> 23   m 18 n


Turn 222
================================================================
warning: entity 19 was directed to use 6 halite to move north, but only 0 halite was available
At command 21 of 24:
    19   m 45 w
    20   m 23 e
>>> 21   m 19 n
    22   m 16 s
    23   m 10 s

warning: entity 16 was directed to use 93 halite to move south, but only 4 halite was available
At command 22 of 24:
    20   m 23 e
    21   m 19 n
>>> 22   m 16 s
    23   m 10 s
    24   g


Turn 223
================================================================
warning: entity 56 was directed to use 5 halite to move west, but only 3 halite was available
At command 16 of 24:
    14   m 5 o
    15   m 45 w
>>> 16   m 56 w
    17   m 10 s
    18   m 51 o


Turn 224
================================================================
warning: entity 12 was directed to use 7 halite to move north, but only 0 halite was available
At command 17 of 25:
    15   m 40 o
    16   m 10 s
>>> 17   m 12 n
    18   m 9 o
    19   m 52 o


Turn 225
================================================================
warning: entity 10 was directed to use 4 halite to move south, but only 0 halite was available
At command 21 of 25:
    19   m 51 o
    20   m 36 e
>>> 21   m 10 s
    22   m 16 n
    23   m 7 o

warning: entity 59 was directed to use 2 halite to move south, but only 0 halite was available
At command 24 of 25:
    22   m 16 n
    23   m 7 o
>>> 24   m 59 s
    25   m 61 s


Turn 227
================================================================
warning: entity 23 was directed to use 3 halite to move south, but only 2 halite was available
At command 15 of 25:
    13   m 5 e
    14   m 28 s
>>> 15   m 23 s
    16   m 10 s
    17   m 59 s

warning: entity 61 was directed to use 2 halite to move east, but only 0 halite was available
At command 18 of 25:
    16   m 10 s
    17   m 59 s
>>> 18   m 61 e
    19   m 12 w
    20   m 16 o


Turn 228
================================================================
warning: entity 59 was directed to use 15 halite to move south, but only 11 halite was available
At command 16 of 26:
    14   m 34 o
    15   m 5 e
>>> 16   m 59 s
    17   m 45 n
    18   m 39 o


Turn 229
================================================================
warning: entity 23 was directed to use 17 halite to move south, but only 10 halite was available
At command 19 of 26:
    17   m 45 n
    18   m 3 o
>>> 19   m 23 s
    20   m 19 w
    21   m 5 e

warning: entity 62 was directed to use 5 halite to move west, but only 0 halite was available
At command 23 of 26:
    21   m 5 e
    22   m 17 w
>>> 23   m 62 w
    24   m 12 w
    25   m 36 e

warning: entity 12 was directed to use 2 halite to move west, but only 1 halite was available
At command 24 of 26:
    22   m 17 w
    23   m 62 w
>>> 24   m 12 w
    25   m 36 e
    26   m 64 e


Turn 231
================================================================
warning: entity 64 was directed to use 1 halite to move south, but only 0 halite was available
At command 18 of 26:
    16   m 45 n
    17   m 59 s
>>> 18   m 64 s
    19   m 7 s
    20   m 62 w

warning: entity 61 was directed to use 2 halite to move south, but only 0 halite was available
At command 23 of 26:
    21   m 12 w
    22   m 40 w
>>> 23   m 61 s
    24   m 16 o
    25   m 19 n

warning: entity 19 was directed to use 3 halite to move north, but only 0 halite was available
At command 25 of 26:
    23   m 61 s
    24   m 16 o
>>> 25   m 19 n
    26   m 36 n


Turn 233
================================================================
warning: entity 12 was directed to use 9 halite to move west, but only 3 halite was available
At command 14 of 26:
    12   m 7 s
    13   m 36 n
>>> 14   m 12 w
    15   m 3 o
    16   m 59 s

warning: entity 61 was directed to use 12 halite to move south, but only 6 halite was available
At command 20 of 26:
    18   m 9 n
    19   m 64 s
>>> 20   m 61 s
    21   m 19 o
    22   m 23 n

warning: entity 62 was directed to use 6 halite to move north, but only 0 halite was available
At command 26 of 26:
    24   m 17 w
    25   m 45 s
>>> 26   m 62 n


Turn 235
================================================================
warning: entity 45 was directed to use 1 halite to move east, but only 0 halite was available
At command 14 of 26:
    12   m 48 o
    13   m 40 w
>>> 14   m 45 e
    15   m 7 s
    16   m 36 n


Turn 236
================================================================
warning: entity 59 was directed to use 7 halite to move south, but only 2 halite was available
At command 26 of 26:
    24   m 17 s
    25   m 61 o
>>> 26   m 59 s


Turn 237
================================================================
warning: entity 23 was directed to use 5 halite to move south, but only 4 halite was available
At command 15 of 26:
    13   m 61 o
    14   m 59 s
>>> 15   m 23 s
    16   m 45 s
    17   m 40 w


Turn 238
================================================================
warning: entity 45 was directed to use 3 halite to move south, but only 1 halite was available
At command 15 of 26:
    13   m 12 w
    14   m 51 o
>>> 15   m 45 s
    16   m 40 w
    17   m 62 w

warning: entity 64 was directed to use 4 halite to move south, but only 1 halite was available
At command 23 of 26:
    21   m 19 o
    22   m 59 e
>>> 23   m 64 s
    24   m 3 e
    25   m 7 s


Turn 239
================================================================
warning: entity 12 was directed to use 4 halite to move south, but only 3 halite was available
At command 22 of 26:
    20   m 23 s
    21   m 5 n
>>> 22   m 12 s
    23   m 17 s
    24   m 3 e


Turn 241
================================================================
warning: entity 45 was directed to use 9 halite to move south, but only 7 halite was available
At command 20 of 25:
    18   m 59 o
    19   m 51 w
>>> 20   m 45 s
    21   m 34 o
    22   m 28 w


Turn 243
================================================================
warning: entity 62 was directed to use 6 halite to move west, but only 3 halite was available
At command 23 of 25:
    21   m 40 w
    22   m 7 w
>>> 23   m 62 w
    24   m 51 n
    25   m 28 e


Turn 245
================================================================
warning: entity 5 was directed to use 2 halite to move south, but only 0 halite was available
At command 23 of 25:
    21   m 46 n
    22   m 36 n
>>> 23   m 5 s
    24   m 9 w
    25   m 7 o


Turn 247
================================================================
warning: entity 5 was directed to use 11 halite to move west, but only 5 halite was available
At command 15 of 25:
    13   m 46 o
    14   m 51 n
>>> 15   m 5 w
    16   m 34 s
    17   m 54 w


Turn 248
================================================================
warning: entity 40 was directed to use 3 halite to move south, but only 0 halite was available
At command 13 of 25:
    11   m 51 w
    12   m 36 o
>>> 13   m 40 s
    14   m 16 o
    15   m 3 o

warning: entity 45 was directed to use 3 halite to move east, but only 1 halite was available
At command 18 of 25:
    16   m 23 o
    17   m 39 e
>>> 18   m 45 e
    19   m 17 o
    20   m 34 e


Turn 251
================================================================
warning: entity 36 was directed to use 1 halite to move south, but only 0 halite was available
At command 22 of 25:
    20   m 39 e
    21   m 40 s
>>> 22   m 36 s
    23   m 34 e
    24   m 28 n


Turn 252
================================================================
warning: entity 40 was directed to use 9 halite to move south, but only 1 halite was available
At command 24 of 25:
    22   m 51 n
    23   m 46 o
>>> 24   m 40 s
    25   m 10 w


Turn 255
================================================================
warning: entity 36 was directed to use 13 halite to move south, but only 0 halite was available
At command 22 of 24:
    20   m 3 o
    21   m 17 o
>>> 22   m 36 s
    23   m 54 n
    24   m 10 o


Turn 258
================================================================
warning: entity 40 was directed to use 4 halite to move west, but only 0 halite was available
At command 14 of 24:
    12   m 9 s
    13   m 54 n
>>> 14   m 40 w
    15   m 39 n
    16   m 52 n


Turn 262
================================================================
warning: entity 17 was directed to use 11 halite to move south, but only 5 halite was available
At command 20 of 24:
    18   m 54 o
    19   m 39 o
>>> 20   m 17 s
    21   m 52 n
    22   m 7 s


Turn 265
================================================================
warning: entity 9 was directed to use 2 halite to move south, but only 1 halite was available
At command 18 of 24:
    16   m 36 o
    17   m 18 n
>>> 18   m 9 s
    19   m 10 o
    20   m 51 s


Turn 266
================================================================
warning: entity 39 was directed to use 1 halite to move west, but only 0 halite was available
At command 15 of 24:
    13   m 10 o
    14   m 52 o
>>> 15   m 39 w
    16   m 7 s
    17   m 18 n


Turn 269
================================================================
warning: entity 9 was directed to use 3 halite to move north, but only 0 halite was available
At command 17 of 24:
    15   m 40 o
    16   m 19 o
>>> 17   m 9 n
    18   m 3 n
    19   m 46 n

warning: entity 39 was directed to use 3 halite to move south, but only 2 halite was available
At command 23 of 24:
    21   m 7 s
    22   m 48 w
>>> 23   m 39 s
    24   m 18 n


Turn 271
================================================================
warning: entity 28 was directed to use 3 halite to move east, but only 2 halite was available
At command 15 of 24:
    13   m 18 n
    14   m 12 o
>>> 15   m 28 e
    16   m 19 e
    17   m 52 n


Turn 272
================================================================
warning: entity 9 was directed to use 5 halite to move east, but only 3 halite was available
At command 16 of 24:
    14   m 17 e
    15   m 45 o
>>> 16   m 9 e
    17   m 51 e
    18   m 18 n

warning: entity 3 was directed to use 4 halite to move west, but only 0 halite was available
At command 24 of 24:
    22   m 48 w
    23   m 16 w
>>> 24   m 3 w


Turn 273
================================================================
warning: entity 39 was directed to use 6 halite to move south, but only 0 halite was available
At command 17 of 24:
    15   m 28 e
    16   m 36 o
>>> 17   m 39 s
    18   m 5 o
    19   m 16 w


Turn 274
================================================================
warning: entity 9 was directed to use 20 halite to move east, but only 13 halite was available
At command 21 of 24:
    19   m 12 n
    20   m 51 s
>>> 21   m 9 e
    22   m 10 o
    23   m 46 w

warning: entity 46 was directed to use 1 halite to move west, but only 0 halite was available
At command 23 of 24:
    21   m 9 e
    22   m 10 o
>>> 23   m 46 w
    24   m 52 n


Turn 275
================================================================
warning: entity 3 was directed to use 7 halite to move west, but only 2 halite was available
At command 13 of 23:
    11   m 46 n
    12   m 40 o
>>> 13   m 3 w
    14   m 28 e
    15   m 59 n


Turn 276
================================================================
warning: entity 54 was directed to use 2 halite to move south, but only 0 halite was available
At command 15 of 23:
    13   m 45 o
    14   m 23 o
>>> 15   m 54 s
    16   m 10 w
    17   m 46 w

warning: entity 46 was directed to use 6 halite to move west, but only 3 halite was available
At command 17 of 23:
    15   m 54 s
    16   m 10 w
>>> 17   m 46 w
    18   m 51 s
    19   m 28 e


Turn 278
================================================================
warning: entity 28 was directed to use 2 halite to move south, but only 0 halite was available
At command 17 of 23:
    15   m 46 w
    16   m 52 s
>>> 17   m 28 s
    18   m 62 o
    19   m 54 s


Turn 279
================================================================
warning: entity 10 was directed to use 1 halite to move south, but only 0 halite was available
At command 19 of 23:
    17   m 5 o
    18   m 3 w
>>> 19   m 10 s
    20   m 54 s
    21   m 12 o

warning: entity 54 was directed to use 3 halite to move south, but only 2 halite was available
At command 20 of 23:
    18   m 3 w
    19   m 10 s
>>> 20   m 54 s
    21   m 12 o
    22   m 48 s


Turn 284
================================================================
warning: entity 10 was directed to use 9 halite to move east, but only 6 halite was available
At command 17 of 23:
    15   m 61 o
    16   m 62 e
>>> 17   m 10 e
    18   m 3 w
    19   m 18 e

warning: entity 52 was directed to use 1 halite to move east, but only 0 halite was available
At command 21 of 23:
    19   m 18 e
    20   m 54 s
>>> 21   m 52 e
    22   m 45 w
    23   m 48 s


Turn 290
================================================================
warning: entity 52 was directed to use 3 halite to move east, but only 0 halite was available
At command 21 of 23:
    19   m 48 s
    20   m 16 e
>>> 21   m 52 e
    22   m 18 e
    23   m 62 e

warning: entity 18 was directed to use 1 halite to move east, but only 0 halite was available
At command 22 of 23:
    20   m 16 e
    21   m 52 e
>>> 22   m 18 e
    23   m 62 e


Turn 292
================================================================
warning: entity 16 was directed to use 1 halite to move south, but only 0 halite was available
At command 23 of 23:
    21   m 19 o
    22   m 48 s
>>> 23   m 16 s


Turn 293
================================================================
warning: entity 52 was directed to use 6 halite to move north, but only 1 halite was available
At command 20 of 23:
    18   m 3 o
    19   m 59 n
>>> 20   m 52 n
    21   m 45 n
    22   m 18 e

warning: entity 18 was directed to use 2 halite to move east, but only 1 halite was available
At command 22 of 23:
    20   m 52 n
    21   m 45 n
>>> 22   m 18 e
    23   m 48 s


Turn 296
================================================================
warning: entity 18 was directed to use 1 halite to move east, but only 0 halite was available
At command 14 of 23:
    12   m 23 o
    13   m 19 n
>>> 14   m 18 e
    15   m 7 o
    16   m 16 e

warning: entity 59 was directed to use 3 halite to move west, but only 0 halite was available
At command 22 of 23:
    20   m 10 o
    21   m 48 s
>>> 22   m 59 w
    23   m 52 e


Turn 297
================================================================
warning: entity 16 was directed to use 2 halite to move east, but only 0 halite was available
At command 19 of 23:
    17   m 5 o
    18   m 62 s
>>> 19   m 16 e
    20   m 12 e
    21   m 36 w


Turn 298
================================================================
warning: entity 18 was directed to use 4 halite to move east, but only 3 halite was available
At command 18 of 23:
    16   m 3 o
    17   m 23 o
>>> 18   m 18 e
    19   m 59 w
    20   m 61 n

warning: entity 48 was directed to use 1 halite to move south, but only 0 halite was available
At command 21 of 23:
    19   m 59 w
    20   m 61 n
>>> 21   m 48 s
    22   m 62 w
    23   m 12 e


Turn 299
================================================================
warning: entity 59 was directed to use 4 halite to move west, but only 1 halite was available
At command 14 of 23:
    12   m 18 e
    13   m 48 s
>>> 14   m 59 w
    15   m 61 n
    16   m 16 e

warning: entity 16 was directed to use 6 halite to move east, but only 4 halite was available
At command 16 of 23:
    14   m 59 w
    15   m 61 n
>>> 16   m 16 e
    17   m 7 n
    18   m 19 n


Turn 300
================================================================
warning: entity 62 was directed to use 2 halite to move north, but only 0 halite was available
At command 22 of 23:
    20   m 48 s
    21   m 61 n
>>> 22   m 62 n
    23   m 45 e


Turn 302
================================================================
warning: entity 62 was directed to use 10 halite to move east, but only 5 halite was available
At command 14 of 23:
    12   m 46 n
    13   m 9 o
>>> 14   m 62 e
    15   m 12 e
    16   m 19 n

warning: entity 48 was directed to use 5 halite to move south, but only 0 halite was available
At command 21 of 23:
    19   m 51 e
    20   m 61 n
>>> 21   m 48 s
    22   m 59 n
    23   m 45 n

warning: entity 59 was directed to use 5 halite to move north, but only 4 halite was available
At command 22 of 23:
    20   m 61 n
    21   m 48 s
>>> 22   m 59 n
    23   m 45 n

warning: entity 45 was directed to use 1 halite to move north, but only 0 halite was available
At command 23 of 23:
    21   m 48 s
    22   m 59 n
>>> 23   m 45 n


Turn 304
================================================================
warning: entity 45 was directed to use 4 halite to move north, but only 3 halite was available
At command 21 of 23:
    19   m 28 s
    20   m 59 n
>>> 21   m 45 n
    22   m 12 e
    23   m 16 o


Turn 305
================================================================
warning: entity 48 was directed to use 4 halite to move south, but only 0 halite was available
At command 17 of 23:
    15   m 62 n
    16   m 19 s
>>> 17   m 48 s
    18   m 23 o
    19   m 10 o

warning: entity 59 was directed to use 10 halite to move north, but only 7 halite was available
At command 22 of 23:
    20   m 61 n
    21   m 28 o
>>> 22   m 59 n
    23   m 12 e


Turn 306
================================================================
warning: entity 19 was directed to use 3 halite to move south, but only 0 halite was available
At command 17 of 23:
    15   m 62 n
    16   m 61 n
>>> 17   m 19 s
    18   m 36 o
    19   m 18 e


Turn 308
================================================================
warning: entity 45 was directed to use 3 halite to move north, but only 2 halite was available
At command 23 of 23:
    21   m 62 n
    22   m 48 w
>>> 23   m 45 n


Turn 310
================================================================
warning: entity 48 was directed to use 3 halite to move south, but only 1 halite was available
At command 10 of 23:
    8   m 46 o
    9   m 52 o
>>> 10   m 48 s
    11   m 17 w
    12   m 62 w


Turn 311
================================================================
warning: entity 19 was directed to use 3 halite to move south, but only 1 halite was available
At command 11 of 23:
    9   m 3 o
    10   m 36 o
>>> 11   m 19 s
    12   m 28 o
    13   m 16 o

warning: entity 12 was directed to use 2 halite to move north, but only 0 halite was available
At command 21 of 23:
    19   m 5 e
    20   m 45 n
>>> 21   m 12 n
    22   m 23 n
    23   m 61 w


Turn 313
================================================================
warning: entity 19 was directed to use 11 halite to move south, but only 9 halite was available
At command 18 of 23:
    16   m 59 o
    17   m 51 o
>>> 18   m 19 s
    19   m 12 n
    20   m 45 n

warning: entity 12 was directed to use 17 halite to move north, but only 6 halite was available
At command 19 of 23:
    17   m 51 o
    18   m 19 s
>>> 19   m 12 n
    20   m 45 n
    21   m 5 n


Turn 317
================================================================
warning: entity 61 was directed to use 2 halite to move north, but only 0 halite was available
At command 23 of 23:
    21   m 19 s
    22   m 12 n
>>> 23   m 61 n


Turn 319
================================================================
warning: entity 61 was directed to use 12 halite to move north, but only 5 halite was available
At command 14 of 23:
    12   m 23 n
    13   m 9 w
>>> 14   m 61 n
    15   m 5 n
    16   m 3 o


Turn 327
================================================================
warning: entity 23 was directed to use 1 halite to move north, but only 0 halite was available
At command 17 of 23:
    15   m 61 n
    16   m 5 w
>>> 17   m 23 n
    18   m 40 e
    19   m 28 o


Turn 330
================================================================
warning: entity 23 was directed to use 2 halite to move east, but only 0 halite was available
At command 19 of 23:
    17   m 52 w
    18   m 19 o
>>> 19   m 23 e
    20   m 61 e
    21   m 40 e

warning: entity 5 was directed to use 1 halite to move west, but only 0 halite was available
At command 22 of 23:
    20   m 61 e
    21   m 40 e
>>> 22   m 5 w
    23   m 9 w


Turn 333
================================================================
warning: entity 5 was directed to use 4 halite to move west, but only 1 halite was available
At command 20 of 23:
    18   m 9 n
    19   m 7 n
>>> 20   m 5 w
    21   m 23 e
    22   m 48 o


Turn 334
================================================================
warning: entity 17 was directed to use 2 halite to move east, but only 0 halite was available
At command 23 of 23:
    21   m 61 e
    22   m 7 n
>>> 23   m 17 e


Turn 337
================================================================
warning: entity 5 was directed to use 4 halite to move west, but only 0 halite was available
At command 21 of 23:
    19   m 28 e
    20   m 7 n
>>> 21   m 5 w
    22   m 9 n
    23   m 17 n


Turn 342
================================================================
warning: entity 52 was directed to use 8 halite to move west, but only 0 halite was available
At command 21 of 23:
    19   m 48 o
    20   m 36 n
>>> 21   m 52 w
    22   m 5 w
    23   m 7 s

warning: entity 5 was directed to use 3 halite to move west, but only 0 halite was available
At command 22 of 23:
    20   m 36 n
    21   m 52 w
>>> 22   m 5 w
    23   m 7 s


Turn 346
================================================================
warning: entity 52 was directed to use 2 halite to move east, but only 0 halite was available
At command 22 of 23:
    20   m 40 s
    21   m 16 s
>>> 22   m 52 e
    23   m 36 n


Turn 350
================================================================
warning: entity 52 was directed to use 5 halite to move west, but only 0 halite was available
At command 21 of 23:
    19   m 45 o
    20   m 54 e
>>> 21   m 52 w
    22   m 51 w
    23   m 9 n

warning: entity 9 was directed to use 3 halite to move north, but only 0 halite was available
At command 23 of 23:
    21   m 52 w
    22   m 51 w
>>> 23   m 9 n


Turn 352
================================================================
warning: entity 7 was directed to use 1 halite to move north, but only 0 halite was available
At command 22 of 23:
    20   m 10 o
    21   m 9 n
>>> 22   m 7 n
    23   m 51 n


Turn 354
================================================================
warning: entity 7 was directed to use 9 halite to move west, but only 3 halite was available
At command 16 of 23:
    14   m 5 o
    15   m 10 e
>>> 16   m 7 w
    17   m 23 o
    18   m 19 s


Turn 355
================================================================
warning: entity 36 was directed to use 6 halite to move west, but only 3 halite was available
At command 19 of 23:
    17   m 12 o
    18   m 59 o
>>> 19   m 36 w
    20   m 9 n
    21   m 40 n


Turn 360
================================================================
warning: entity 40 was directed to use 1 halite to move west, but only 0 halite was available
At command 21 of 23:
    19   m 48 o
    20   m 10 e
>>> 21   m 40 w
    22   m 9 n
    23   m 54 n


Turn 361
================================================================
warning: entity 36 was directed to use 11 halite to move west, but only 6 halite was available
At command 16 of 23:
    14   m 40 w
    15   m 7 n
>>> 16   m 36 w
    17   m 10 e
    18   m 19 n


Turn 362
================================================================
warning: entity 40 was directed to use 5 halite to move west, but only 3 halite was available
At command 14 of 23:
    12   m 45 n
    13   m 51 n
>>> 14   m 40 w
    15   m 16 w
    16   m 18 o


Turn 366
================================================================
warning: entity 51 was directed to use 1 halite to move north, but only 0 halite was available
At command 13 of 22:
    11   m 12 o
    12   m 59 o
>>> 13   m 51 n
    14   m 23 e
    15   m 18 o


Turn 376
================================================================
warning: entity 54 was directed to use 1 halite to move south, but only 0 halite was available
At command 19 of 21:
    17   m 45 n
    18   m 28 w
>>> 19   m 54 s
    20   m 48 e
    21   m 62 s


Turn 379
================================================================
warning: entity 54 was directed to use 8 halite to move south, but only 4 halite was available
At command 15 of 20:
    13   m 16 o
    14   m 61 e
>>> 15   m 54 s
    16   m 19 n
    17   m 45 e


Turn 382
================================================================
warning: entity 10 was directed to use 1 halite to move west, but only 0 halite was available
At command 15 of 20:
    13   m 45 n
    14   m 36 o
>>> 15   m 10 w
    16   m 16 o
    17   m 59 o


Turn 385
================================================================
warning: entity 45 was directed to use 1 halite to move west, but only 0 halite was available
At command 10 of 20:
    8   m 12 o
    9   m 17 o
>>> 10   m 45 w
    11   m 5 o
    12   m 7 o


Turn 391
================================================================
warning: entity 10 was directed to use 3 halite to move north, but only 0 halite was available
At command 15 of 17:
    13   m 7 o
    14   m 19 w
>>> 15   m 10 n
    16   m 59 n
    17   m 28 n


Turn 395
================================================================
warning: entity 48 was directed to use 1 halite to move east, but only 0 halite was available
At command 13 of 17:
    11   m 54 o
    12   m 16 o
>>> 13   m 48 e
    14   m 12 n
    15   m 19 w


Turn 399
================================================================
warning: entity 28 was directed to use 1 halite to move south, but only 0 halite was available
At command 13 of 17:
    11   m 52 o
    12   m 61 o
>>> 13   m 28 s
    14   m 23 o
    15   m 48 w

