
Turn 7
================================================================
warning: entity 5 was directed to use 2 halite to move south, but only 0 halite was available
At command 3 of 4:
    1   m 1 o
    2   m 3 o
>>> 3   m 5 s
    4   g


Turn 9
================================================================
warning: entity 7 was directed to use 1 halite to move east, but only 0 halite was available
At command 2 of 5:
    1   m 1 o
>>> 2   m 7 e
    3   m 3 s
    4   m 5 s


Turn 84
================================================================
warning: entity 9 was directed to use 1 halite to move south, but only 0 halite was available
At command 3 of 5:
    1   m 5 s
    2   m 3 n
>>> 3   m 9 s
    4   m 1 s
    5   m 7 o


Turn 97
================================================================
warning: entity 7 was directed to use 3 halite to move south, but only 0 halite was available
At command 6 of 6:
    4   m 11 w
    5   m 3 o
>>> 6   m 7 s


Turn 159
================================================================
warning: entity 11 was directed to use 2 halite to move north, but only 0 halite was available
At command 5 of 7:
    3   m 15 s
    4   m 7 e
>>> 5   m 11 n
    6   m 3 n
    7   m 5 o


Turn 163
================================================================
warning: entity 15 was directed to use 3 halite to move south, but only 0 halite was available
At command 6 of 7:
    4   m 3 o
    5   m 5 o
>>> 6   m 15 s
    7   m 7 o


Turn 183
================================================================
warning: entity 9 was directed to use 1 halite to move south, but only 0 halite was available
At command 1 of 8:
>>> 1   m 9 s
    2   m 1 o
    3   m 3 o


Turn 188
================================================================
warning: entity 17 was directed to use 1 halite to move south, but only 0 halite was available
At command 5 of 8:
    3   m 15 o
    4   m 7 o
>>> 5   m 17 s
    6   m 9 o
    7   m 1 o


Turn 190
================================================================
warning: entity 17 was directed to use 7 halite to move east, but only 3 halite was available
At command 5 of 8:
    3   m 15 s
    4   m 7 o
>>> 5   m 17 e
    6   m 9 o
    7   m 1 w


Turn 195
================================================================
warning: entity 5 was directed to use 1 halite to move south, but only 0 halite was available
At command 8 of 9:
    6   m 9 o
    7   m 17 o
>>> 8   m 5 s
    9   g


Turn 199
================================================================
warning: entity 5 was directed to use 3 halite to move south, but only 1 halite was available
At command 7 of 9:
    5   m 7 o
    6   m 18 w
>>> 7   m 5 s
    8   m 9 s
    9   m 1 n


Turn 207
================================================================
warning: entity 1 was directed to use 2 halite to move south, but only 0 halite was available
At command 9 of 10:
    7   m 7 e
    8   m 3 s
>>> 9   m 1 s
    10   m 20 n


Turn 212
================================================================
warning: entity 20 was directed to use 3 halite to move west, but only 0 halite was available
At command 7 of 10:
    5   m 9 o
    6   m 11 o
>>> 7   m 20 w
    8   m 15 o
    9   m 17 o


Turn 243
================================================================
warning: entity 3 was directed to use 1 halite to move south, but only 0 halite was available
At command 9 of 11:
    7   m 11 o
    8   m 7 w
>>> 9   m 3 s
    10   m 15 o
    11   m 24 s


Turn 247
================================================================
warning: entity 24 was directed to use 2 halite to move south, but only 1 halite was available
At command 9 of 11:
    7   m 17 o
    8   m 1 o
>>> 9   m 24 s
    10   m 3 s
    11   m 7 w


Turn 260
================================================================
warning: entity 11 was directed to use 2 halite to move south, but only 0 halite was available
At command 10 of 11:
    8   m 5 e
    9   m 18 o
>>> 10   m 11 s
    11   m 15 n


Turn 271
================================================================
warning: entity 7 was directed to use 2 halite to move south, but only 0 halite was available
At command 10 of 11:
    8   m 20 o
    9   m 5 o
>>> 10   m 7 s
    11   m 15 e


Turn 272
================================================================
warning: entity 15 was directed to use 1 halite to move east, but only 0 halite was available
At command 11 of 11:
    9   m 7 s
    10   m 17 n
>>> 11   m 15 e


Turn 277
================================================================
warning: entity 17 was directed to use 2 halite to move west, but only 0 halite was available
At command 10 of 11:
    8   m 9 s
    9   m 7 o
>>> 10   m 17 w
    11   m 15 o


Turn 299
================================================================
warning: entity 18 was directed to use 5 halite to move south, but only 0 halite was available
At command 11 of 11:
    9   m 7 o
    10   m 20 e
>>> 11   m 18 s


Turn 330
================================================================
warning: entity 9 was directed to use 1 halite to move east, but only 0 halite was available
At command 11 of 11:
    9   m 17 o
    10   m 5 o
>>> 11   m 9 e


Turn 390
================================================================
warning: entity 24 was directed to use 1 halite to move south, but only 0 halite was available
At command 11 of 11:
    9   m 17 n
    10   m 1 n
>>> 11   m 24 s


Turn 407
================================================================
warning: entity 3 was directed to use 1 halite to move north, but only 0 halite was available
At command 11 of 11:
    9   m 1 w
    10   m 20 e
>>> 11   m 3 n


Turn 420
================================================================
warning: entity 20 was directed to use 2 halite to move north, but only 0 halite was available
At command 11 of 11:
    9   m 7 e
    10   m 18 o
>>> 11   m 20 n


Turn 455
================================================================
warning: entity 5 was directed to use 2 halite to move north, but only 0 halite was available
At command 11 of 11:
    9   m 11 w
    10   m 18 o
>>> 11   m 5 n

