
Turn 5
================================================================
warning: entity 3 was directed to use 18 halite to move east, but only 0 halite was available
At command 2 of 3:
    1   m 1 o
>>> 2   m 3 e
    3   g


Turn 7
================================================================
warning: entity 5 was directed to use 8 halite to move north, but only 0 halite was available
At command 1 of 4:
>>> 1   m 5 n
    2   m 1 o
    3   m 3 o


Turn 9
================================================================
warning: entity 7 was directed to use 13 halite to move north, but only 0 halite was available
At command 2 of 4:
    1   m 1 o
>>> 2   m 7 n
    3   m 5 n
    4   m 3 o

warning: entity 5 was directed to use 20 halite to move north, but only 17 halite was available
At command 3 of 4:
    1   m 1 o
    2   m 7 n
>>> 3   m 5 n
    4   m 3 o


Turn 12
================================================================
warning: entity 9 was directed to use 12 halite to move north, but only 0 halite was available
At command 1 of 5:
>>> 1   m 9 n
    2   m 1 o
    3   m 3 o


Turn 95
================================================================
warning: entity 5 was directed to use 9 halite to move west, but only 0 halite was available
At command 5 of 5:
    3   m 7 o
    4   m 3 o
>>> 5   m 5 w


Turn 120
================================================================
warning: entity 3 was directed to use 6 halite to move south, but only 0 halite was available
At command 5 of 6:
    3   m 9 o
    4   m 7 n
>>> 5   m 3 s
    6   g


Turn 122
================================================================
warning: entity 11 was directed to use 5 halite to move east, but only 0 halite was available
At command 5 of 6:
    3   m 1 s
    4   m 3 w
>>> 5   m 11 e
    6   m 7 o


Turn 124
================================================================
warning: entity 1 was directed to use 6 halite to move east, but only 0 halite was available
At command 3 of 7:
    1   m 7 e
    2   m 5 o
>>> 3   m 1 e
    4   m 9 w
    5   m 3 o


Turn 126
================================================================
warning: entity 11 was directed to use 4 halite to move east, but only 3 halite was available
At command 1 of 7:
>>> 1   m 11 e
    2   m 3 w
    3   m 1 e

warning: entity 13 was directed to use 5 halite to move west, but only 0 halite was available
At command 7 of 7:
    5   m 7 n
    6   m 5 o
>>> 7   m 13 w


Turn 128
================================================================
warning: entity 7 was directed to use 4 halite to move east, but only 0 halite was available
At command 7 of 8:
    5   m 9 s
    6   m 1 o
>>> 7   m 7 e
    8   g


Turn 130
================================================================
warning: entity 14 was directed to use 3 halite to move west, but only 0 halite was available
At command 8 of 8:
    6   m 1 o
    7   m 9 s
>>> 8   m 14 w


Turn 131
================================================================
warning: entity 7 was directed to use 6 halite to move north, but only 4 halite was available
At command 6 of 8:
    4   m 1 o
    5   m 14 w
>>> 6   m 7 n
    7   m 13 o
    8   m 5 s


Turn 133
================================================================
warning: entity 14 was directed to use 2 halite to move west, but only 1 halite was available
At command 5 of 8:
    3   m 5 o
    4   m 13 o
>>> 5   m 14 w
    6   m 1 e
    7   m 9 s


Turn 135
================================================================
warning: entity 9 was directed to use 3 halite to move west, but only 0 halite was available
At command 5 of 8:
    3   m 5 w
    4   m 13 o
>>> 5   m 9 w
    6   m 1 o
    7   m 14 e


Turn 138
================================================================
warning: entity 9 was directed to use 2 halite to move west, but only 0 halite was available
At command 7 of 9:
    5   m 7 o
    6   m 14 o
>>> 7   m 9 w
    8   m 1 e
    9   g


Turn 140
================================================================
warning: entity 16 was directed to use 3 halite to move east, but only 0 halite was available
At command 6 of 9:
    4   m 1 o
    5   m 14 o
>>> 6   m 16 e
    7   m 5 o
    8   m 7 o

warning: entity 9 was directed to use 7 halite to move west, but only 5 halite was available
At command 9 of 9:
    7   m 5 o
    8   m 7 o
>>> 9   m 9 w


Turn 143
================================================================
warning: entity 16 was directed to use 5 halite to move east, but only 1 halite was available
At command 8 of 8:
    6   m 9 w
    7   m 14 n
>>> 8   m 16 e


Turn 217
================================================================
warning: entity 14 was directed to use 5 halite to move west, but only 4 halite was available
At command 6 of 9:
    4   m 3 o
    5   m 1 s
>>> 6   m 14 w
    7   m 13 o
    8   m 16 e

warning: entity 16 was directed to use 2 halite to move east, but only 0 halite was available
At command 8 of 9:
    6   m 14 w
    7   m 13 o
>>> 8   m 16 e
    9   g


Turn 219
================================================================
warning: entity 16 was directed to use 6 halite to move east, but only 5 halite was available
At command 7 of 10:
    5   m 11 o
    6   m 13 o
>>> 7   m 16 e
    8   m 1 o
    9   m 19 e

warning: entity 19 was directed to use 5 halite to move east, but only 0 halite was available
At command 9 of 10:
    7   m 16 e
    8   m 1 o
>>> 9   m 19 e
    10   g


Turn 221
================================================================
warning: entity 20 was directed to use 2 halite to move east, but only 0 halite was available
At command 6 of 10:
    4   m 1 w
    5   m 7 s
>>> 6   m 20 e
    7   m 16 e
    8   m 19 s


Turn 223
================================================================
warning: entity 7 was directed to use 1 halite to move south, but only 0 halite was available
At command 8 of 10:
    6   m 13 o
    7   m 20 e
>>> 8   m 7 s
    9   m 1 s
    10   m 19 s


Turn 225
================================================================
warning: entity 20 was directed to use 3 halite to move east, but only 1 halite was available
At command 4 of 11:
    2   m 13 o
    3   m 16 o
>>> 4   m 20 e
    5   m 1 s
    6   m 9 o

warning: entity 1 was directed to use 4 halite to move south, but only 0 halite was available
At command 5 of 11:
    3   m 16 o
    4   m 20 e
>>> 5   m 1 s
    6   m 9 o
    7   m 14 o

warning: entity 7 was directed to use 6 halite to move south, but only 3 halite was available
At command 8 of 11:
    6   m 9 o
    7   m 14 o
>>> 8   m 7 s
    9   m 3 o
    10   m 19 o


Turn 227
================================================================
warning: entity 21 was directed to use 1 halite to move south, but only 0 halite was available
At command 11 of 12:
    9   m 1 s
    10   m 3 o
>>> 11   m 21 s
    12   g


Turn 229
================================================================
warning: entity 21 was directed to use 4 halite to move north, but only 3 halite was available
At command 10 of 12:
    8   m 1 e
    9   m 7 e
>>> 10   m 21 n
    11   m 20 s
    12   m 22 e

warning: entity 20 was directed to use 4 halite to move south, but only 2 halite was available
At command 11 of 12:
    9   m 7 e
    10   m 21 n
>>> 11   m 20 s
    12   m 22 e

warning: entity 22 was directed to use 3 halite to move east, but only 0 halite was available
At command 12 of 12:
    10   m 21 n
    11   m 20 s
>>> 12   m 22 e


Turn 231
================================================================
warning: entity 1 was directed to use 1 halite to move east, but only 0 halite was available
At command 8 of 12:
    6   m 3 o
    7   m 16 n
>>> 8   m 1 e
    9   m 21 n
    10   m 20 o

warning: entity 22 was directed to use 11 halite to move east, but only 6 halite was available
At command 11 of 12:
    9   m 21 n
    10   m 20 o
>>> 11   m 22 e
    12   m 7 o


Turn 246
================================================================
warning: entity 13 was directed to use 2 halite to move east, but only 0 halite was available
At command 10 of 12:
    8   m 16 o
    9   m 19 o
>>> 10   m 13 e
    11   m 1 o
    12   m 21 n


Turn 249
================================================================
warning: entity 13 was directed to use 3 halite to move north, but only 2 halite was available
At command 12 of 12:
    10   m 16 o
    11   m 22 o
>>> 12   m 13 n


Turn 251
================================================================
warning: entity 13 was directed to use 11 halite to move south, but only 9 halite was available
At command 8 of 12:
    6   m 16 o
    7   m 22 o
>>> 8   m 13 s
    9   m 3 o
    10   m 9 o


Turn 278
================================================================
warning: entity 3 was directed to use 1 halite to move south, but only 0 halite was available
At command 9 of 12:
    7   m 22 o
    8   m 1 o
>>> 9   m 3 s
    10   m 19 o
    11   m 13 o


Turn 280
================================================================
warning: entity 3 was directed to use 8 halite to move south, but only 3 halite was available
At command 7 of 12:
    5   m 7 o
    6   m 13 o
>>> 7   m 3 s
    8   m 20 o
    9   m 16 o


Turn 286
================================================================
warning: entity 11 was directed to use 2 halite to move north, but only 0 halite was available
At command 11 of 12:
    9   m 19 o
    10   m 3 o
>>> 11   m 11 n
    12   m 20 o


Turn 289
================================================================
warning: entity 11 was directed to use 1 halite to move north, but only 0 halite was available
At command 12 of 12:
    10   m 7 o
    11   m 22 o
>>> 12   m 11 n


Turn 292
================================================================
warning: entity 11 was directed to use 1 halite to move west, but only 0 halite was available
At command 12 of 12:
    10   m 21 e
    11   m 13 e
>>> 12   m 11 w


Turn 295
================================================================
warning: entity 11 was directed to use 1 halite to move south, but only 0 halite was available
At command 10 of 12:
    8   m 1 o
    9   m 21 e
>>> 10   m 11 s
    11   m 19 o
    12   m 22 o


Turn 298
================================================================
warning: entity 11 was directed to use 1 halite to move south, but only 0 halite was available
At command 7 of 12:
    5   m 16 o
    6   m 14 o
>>> 7   m 11 s
    8   m 3 o
    9   m 21 w


Turn 301
================================================================
warning: entity 11 was directed to use 3 halite to move east, but only 2 halite was available
At command 8 of 12:
    6   m 9 o
    7   m 16 o
>>> 8   m 11 e
    9   m 20 n
    10   m 13 o


Turn 307
================================================================
warning: entity 21 was directed to use 2 halite to move west, but only 0 halite was available
At command 12 of 12:
    10   m 7 o
    11   m 14 o
>>> 12   m 21 w


Turn 309
================================================================
warning: entity 21 was directed to use 9 halite to move west, but only 4 halite was available
At command 11 of 12:
    9   m 9 o
    10   m 14 o
>>> 11   m 21 w
    12   m 3 o


Turn 314
================================================================
warning: entity 21 was directed to use 7 halite to move west, but only 6 halite was available
At command 12 of 12:
    10   m 19 n
    11   m 16 n
>>> 12   m 21 w


Turn 320
================================================================
warning: entity 19 was directed to use 1 halite to move west, but only 0 halite was available
At command 8 of 12:
    6   m 9 w
    7   m 21 o
>>> 8   m 19 w
    9   m 16 s
    10   m 1 e


Turn 322
================================================================
warning: entity 19 was directed to use 5 halite to move north, but only 3 halite was available
At command 10 of 12:
    8   m 20 o
    9   m 14 n
>>> 10   m 19 n
    11   m 1 n
    12   m 16 s


Turn 325
================================================================
warning: entity 19 was directed to use 15 halite to move west, but only 12 halite was available
At command 10 of 12:
    8   m 11 o
    9   m 20 o
>>> 10   m 19 w
    11   m 1 o
    12   m 14 n


Turn 332
================================================================
warning: entity 14 was directed to use 3 halite to move north, but only 0 halite was available
At command 12 of 12:
    10   m 11 o
    11   m 16 n
>>> 12   m 14 n


Turn 333
================================================================
warning: entity 16 was directed to use 1 halite to move north, but only 0 halite was available
At command 12 of 12:
    10   m 19 o
    11   m 3 o
>>> 12   m 16 n


Turn 335
================================================================
warning: entity 16 was directed to use 6 halite to move north, but only 3 halite was available
At command 10 of 12:
    8   m 7 o
    9   m 9 o
>>> 10   m 16 n
    11   m 22 w
    12   m 14 w


Turn 356
================================================================
warning: entity 22 was directed to use 4 halite to move east, but only 0 halite was available
At command 10 of 12:
    8   m 19 e
    9   m 20 w
>>> 10   m 22 e
    11   m 21 o
    12   m 7 e


Turn 375
================================================================
warning: entity 9 was directed to use 2 halite to move east, but only 0 halite was available
At command 11 of 12:
    9   m 7 n
    10   m 22 o
>>> 11   m 9 e
    12   m 3 o


Turn 378
================================================================
warning: entity 9 was directed to use 9 halite to move north, but only 4 halite was available
At command 9 of 12:
    7   m 1 n
    8   m 19 o
>>> 9   m 9 n
    10   m 22 o
    11   m 3 o


Turn 379
================================================================
warning: entity 7 was directed to use 3 halite to move west, but only 0 halite was available
At command 9 of 12:
    7   m 22 o
    8   m 3 o
>>> 9   m 7 w
    10   m 14 o
    11   m 21 o

