
Turn 5
================================================================
warning: entity 2 was directed to use 18 halite to move west, but only 0 halite was available
At command 2 of 3:
    1   m 0 o
>>> 2   m 2 w
    3   g


Turn 9
================================================================
warning: entity 6 was directed to use 13 halite to move east, but only 0 halite was available
At command 4 of 5:
    2   m 0 o
    3   m 2 o
>>> 4   m 6 e
    5   g


Turn 11
================================================================
warning: entity 8 was directed to use 3 halite to move east, but only 0 halite was available
At command 1 of 5:
>>> 1   m 8 e
    2   m 0 o
    3   m 2 n


Turn 87
================================================================
warning: entity 0 was directed to use 16 halite to move east, but only 0 halite was available
At command 1 of 5:
>>> 1   m 0 e
    2   m 8 s
    3   m 6 n


Turn 117
================================================================
warning: entity 4 was directed to use 5 halite to move west, but only 0 halite was available
At command 5 of 6:
    3   m 6 o
    4   m 2 n
>>> 5   m 4 w
    6   g


Turn 119
================================================================
warning: entity 10 was directed to use 2 halite to move north, but only 0 halite was available
At command 6 of 6:
    4   m 4 n
    5   m 2 s
>>> 6   m 10 n


Turn 121
================================================================
warning: entity 10 was directed to use 8 halite to move north, but only 5 halite was available
At command 4 of 6:
    2   m 0 e
    3   m 6 n
>>> 4   m 10 n
    5   m 2 n
    6   m 4 o


Turn 124
================================================================
warning: entity 2 was directed to use 10 halite to move west, but only 0 halite was available
At command 5 of 7:
    3   m 4 o
    4   m 6 o
>>> 5   m 2 w
    6   m 10 n
    7   g


Turn 126
================================================================
warning: entity 12 was directed to use 12 halite to move west, but only 0 halite was available
At command 3 of 7:
    1   m 8 e
    2   m 0 o
>>> 3   m 12 w
    4   m 4 o
    5   m 6 o


Turn 138
================================================================
warning: entity 8 was directed to use 7 halite to move east, but only 0 halite was available
At command 5 of 8:
    3   m 12 o
    4   m 4 o
>>> 5   m 8 e
    6   m 0 o
    7   m 6 o


Turn 195
================================================================
warning: entity 6 was directed to use 5 halite to move south, but only 0 halite was available
At command 7 of 8:
    5   m 15 o
    6   m 8 o
>>> 7   m 6 s
    8   g


Turn 197
================================================================
warning: entity 17 was directed to use 2 halite to move west, but only 0 halite was available
At command 5 of 8:
    3   m 4 s
    4   m 12 o
>>> 5   m 17 w
    6   m 15 o
    7   m 8 o


Turn 198
================================================================
warning: entity 6 was directed to use 3 halite to move west, but only 0 halite was available
At command 8 of 8:
    6   m 15 o
    7   m 8 o
>>> 8   m 6 w


Turn 199
================================================================
warning: entity 17 was directed to use 6 halite to move west, but only 4 halite was available
At command 8 of 8:
    6   m 8 o
    7   m 6 w
>>> 8   m 17 w


Turn 207
================================================================
warning: entity 4 was directed to use 6 halite to move east, but only 0 halite was available
At command 5 of 9:
    3   m 17 o
    4   m 8 o
>>> 5   m 4 e
    6   m 12 o
    7   m 15 o


Turn 209
================================================================
warning: entity 18 was directed to use 4 halite to move west, but only 0 halite was available
At command 6 of 9:
    4   m 15 o
    5   m 6 o
>>> 6   m 18 w
    7   m 2 o
    8   m 4 e


Turn 211
================================================================
warning: entity 18 was directed to use 11 halite to move west, but only 8 halite was available
At command 6 of 9:
    4   m 17 o
    5   m 15 o
>>> 6   m 18 w
    7   m 12 s
    8   m 4 s


Turn 231
================================================================
warning: entity 10 was directed to use 3 halite to move west, but only 0 halite was available
At command 6 of 10:
    4   m 4 o
    5   m 2 n
>>> 6   m 10 w
    7   m 15 o
    8   m 6 o


Turn 233
================================================================
warning: entity 23 was directed to use 1 halite to move north, but only 0 halite was available
At command 10 of 11:
    8   m 10 s
    9   m 12 e
>>> 10   m 23 n
    11   g


Turn 235
================================================================
warning: entity 23 was directed to use 6 halite to move north, but only 3 halite was available
At command 9 of 11:
    7   m 10 s
    8   m 15 o
>>> 9   m 23 n
    10   m 12 n
    11   m 24 e

warning: entity 12 was directed to use 1 halite to move north, but only 0 halite was available
At command 10 of 11:
    8   m 15 o
    9   m 23 n
>>> 10   m 12 n
    11   m 24 e

warning: entity 24 was directed to use 3 halite to move east, but only 0 halite was available
At command 11 of 11:
    9   m 23 n
    10   m 12 n
>>> 11   m 24 e


Turn 237
================================================================
warning: entity 24 was directed to use 10 halite to move north, but only 8 halite was available
At command 10 of 11:
    8   m 6 o
    9   m 23 n
>>> 10   m 24 n
    11   m 2 o


Turn 258
================================================================
warning: entity 2 was directed to use 2 halite to move west, but only 0 halite was available
At command 11 of 11:
    9   m 17 o
    10   m 15 n
>>> 11   m 2 w


Turn 260
================================================================
warning: entity 2 was directed to use 8 halite to move west, but only 5 halite was available
At command 11 of 11:
    9   m 15 n
    10   m 18 o
>>> 11   m 2 w


Turn 269
================================================================
warning: entity 15 was directed to use 1 halite to move north, but only 0 halite was available
At command 10 of 11:
    8   m 24 e
    9   m 23 s
>>> 10   m 15 n
    11   m 12 o


Turn 271
================================================================
warning: entity 15 was directed to use 4 halite to move north, but only 3 halite was available
At command 10 of 11:
    8   m 17 o
    9   m 24 o
>>> 10   m 15 n
    11   m 23 o


Turn 298
================================================================
warning: entity 8 was directed to use 9 halite to move east, but only 0 halite was available
At command 11 of 11:
    9   m 12 o
    10   m 17 n
>>> 11   m 8 e


Turn 301
================================================================
warning: entity 18 was directed to use 1 halite to move east, but only 0 halite was available
At command 10 of 11:
    8   m 15 o
    9   m 8 n
>>> 10   m 18 e
    11   m 17 n


Turn 303
================================================================
warning: entity 18 was directed to use 6 halite to move south, but only 4 halite was available
At command 10 of 11:
    8   m 8 o
    9   m 4 w
>>> 10   m 18 s
    11   m 17 n


Turn 311
================================================================
warning: entity 17 was directed to use 1 halite to move east, but only 0 halite was available
At command 6 of 11:
    4   m 10 w
    5   m 23 o
>>> 6   m 17 e
    7   m 2 o
    8   m 15 o


Turn 313
================================================================
warning: entity 17 was directed to use 5 halite to move south, but only 3 halite was available
At command 9 of 11:
    7   m 10 o
    8   m 2 o
>>> 9   m 17 s
    10   m 4 n
    11   m 18 o


Turn 320
================================================================
warning: entity 4 was directed to use 2 halite to move east, but only 0 halite was available
At command 11 of 11:
    9   m 12 o
    10   m 8 e
>>> 11   m 4 e


Turn 322
================================================================
warning: entity 4 was directed to use 7 halite to move east, but only 5 halite was available
At command 11 of 11:
    9   m 8 o
    10   m 6 o
>>> 11   m 4 e


Turn 344
================================================================
warning: entity 23 was directed to use 1 halite to move west, but only 0 halite was available
At command 11 of 11:
    9   m 10 e
    10   m 18 o
>>> 11   m 23 w


Turn 350
================================================================
warning: entity 24 was directed to use 7 halite to move east, but only 0 halite was available
At command 7 of 11:
    5   m 6 e
    6   m 18 o
>>> 7   m 24 e
    8   m 10 e
    9   m 23 o


Turn 351
================================================================
warning: entity 10 was directed to use 2 halite to move east, but only 0 halite was available
At command 9 of 11:
    7   m 23 o
    8   m 6 o
>>> 9   m 10 e
    10   m 15 e
    11   m 12 s


Turn 369
================================================================
warning: entity 15 was directed to use 4 halite to move south, but only 0 halite was available
At command 10 of 11:
    8   m 12 s
    9   m 4 n
>>> 10   m 15 s
    11   m 10 o


Turn 376
================================================================
warning: entity 12 was directed to use 2 halite to move north, but only 0 halite was available
At command 7 of 11:
    5   m 6 o
    6   m 2 o
>>> 7   m 12 n
    8   m 24 o
    9   m 8 w


Turn 392
================================================================
warning: entity 8 was directed to use 2 halite to move north, but only 0 halite was available
At command 9 of 11:
    7   m 23 o
    8   m 15 s
>>> 9   m 8 n
    10   m 4 s
    11   m 6 e

warning: entity 4 was directed to use 3 halite to move south, but only 0 halite was available
At command 10 of 11:
    8   m 15 s
    9   m 8 n
>>> 10   m 4 s
    11   m 6 e


Turn 393
================================================================
warning: entity 6 was directed to use 1 halite to move east, but only 0 halite was available
At command 11 of 11:
    9   m 24 o
    10   m 15 n
>>> 11   m 6 e


Turn 395
================================================================
warning: entity 6 was directed to use 4 halite to move west, but only 3 halite was available
At command 7 of 11:
    5   m 15 o
    6   m 2 o
>>> 7   m 6 w
    8   m 17 o
    9   m 23 n

