
Turn 5
================================================================
warning: entity 2 was directed to use 15 halite to move west, but only 0 halite was available
At command 2 of 3:
    1   m 0 o
>>> 2   m 2 w
    3   g


Turn 7
================================================================
warning: entity 4 was directed to use 4 halite to move west, but only 0 halite was available
At command 3 of 4:
    1   m 0 n
    2   m 2 o
>>> 3   m 4 w
    4   g


Turn 12
================================================================
warning: entity 8 was directed to use 12 halite to move east, but only 0 halite was available
At command 3 of 5:
    1   m 6 n
    2   m 0 o
>>> 3   m 8 e
    4   m 2 o
    5   m 4 n


Turn 31
================================================================
warning: entity 0 was directed to use 1 halite to move north, but only 0 halite was available
At command 1 of 5:
>>> 1   m 0 n
    2   m 8 o
    3   m 4 o


Turn 33
================================================================
warning: entity 0 was directed to use 7 halite to move south, but only 4 halite was available
At command 1 of 5:
>>> 1   m 0 s
    2   m 8 o
    3   m 4 w


Turn 37
================================================================
warning: entity 2 was directed to use 8 halite to move east, but only 0 halite was available
At command 5 of 6:
    3   m 4 o
    4   m 6 o
>>> 5   m 2 e
    6   g


Turn 41
================================================================
warning: entity 8 was directed to use 9 halite to move east, but only 0 halite was available
At command 1 of 7:
>>> 1   m 8 e
    2   m 0 o
    3   m 10 w

warning: entity 10 was directed to use 12 halite to move west, but only 3 halite was available
At command 3 of 7:
    1   m 8 e
    2   m 0 o
>>> 3   m 10 w
    4   m 2 w
    5   m 4 o


Turn 43
================================================================
warning: entity 11 was directed to use 11 halite to move south, but only 0 halite was available
At command 7 of 7:
    5   m 4 e
    6   m 6 s
>>> 7   m 11 s


Turn 44
================================================================
warning: entity 8 was directed to use 16 halite to move south, but only 9 halite was available
At command 1 of 7:
>>> 1   m 8 s
    2   m 0 o
    3   m 10 o


Turn 46
================================================================
warning: entity 6 was directed to use 9 halite to move west, but only 0 halite was available
At command 7 of 8:
    5   m 12 e
    6   m 4 o
>>> 7   m 6 w
    8   m 11 w


Turn 47
================================================================
warning: entity 12 was directed to use 6 halite to move east, but only 0 halite was available
At command 1 of 8:
>>> 1   m 12 e
    2   m 4 o
    3   m 6 w

warning: entity 11 was directed to use 16 halite to move south, but only 8 halite was available
At command 8 of 8:
    6   m 2 o
    7   m 10 o
>>> 8   m 11 s


Turn 50
================================================================
warning: entity 12 was directed to use 11 halite to move north, but only 5 halite was available
At command 1 of 8:
>>> 1   m 12 n
    2   m 4 o
    3   m 0 o

warning: entity 6 was directed to use 18 halite to move east, but only 9 halite was available
At command 8 of 8:
    6   m 10 o
    7   m 11 o
>>> 8   m 6 e


Turn 53
================================================================
warning: entity 12 was directed to use 43 halite to move west, but only 11 halite was available
At command 5 of 8:
    3   m 6 o
    4   m 4 o
>>> 5   m 12 w
    6   m 8 o
    7   m 0 o


Turn 85
================================================================
warning: entity 12 was directed to use 5 halite to move north, but only 0 halite was available
At command 7 of 8:
    5   m 6 n
    6   m 4 o
>>> 7   m 12 n
    8   m 11 n


Turn 87
================================================================
warning: entity 12 was directed to use 11 halite to move north, but only 10 halite was available
At command 6 of 9:
    4   m 8 o
    5   m 0 s
>>> 6   m 12 n
    7   m 4 e
    8   m 6 n

warning: entity 6 was directed to use 6 halite to move north, but only 0 halite was available
At command 8 of 9:
    6   m 12 n
    7   m 4 e
>>> 8   m 6 n
    9   g


Turn 89
================================================================
warning: entity 6 was directed to use 22 halite to move north, but only 11 halite was available
At command 6 of 9:
    4   m 0 e
    5   m 4 e
>>> 6   m 6 n
    7   m 8 n
    8   m 2 o


Turn 90
================================================================
warning: entity 17 was directed to use 5 halite to move south, but only 0 halite was available
At command 5 of 9:
    3   m 2 o
    4   m 10 e
>>> 5   m 17 s
    6   m 0 s
    7   m 8 n


Turn 91
================================================================
warning: entity 10 was directed to use 3 halite to move north, but only 0 halite was available
At command 6 of 9:
    4   m 6 n
    5   m 0 s
>>> 6   m 10 n
    7   m 4 s
    8   m 8 n


Turn 93
================================================================
warning: entity 17 was directed to use 7 halite to move south, but only 3 halite was available
At command 6 of 9:
    4   m 10 e
    5   m 0 s
>>> 6   m 17 s
    7   m 8 n
    8   m 11 s


Turn 94
================================================================
warning: entity 10 was directed to use 18 halite to move north, but only 0 halite was available
At command 6 of 9:
    4   m 12 n
    5   m 2 o
>>> 6   m 10 n
    7   m 0 w
    8   m 11 s

warning: entity 11 was directed to use 4 halite to move south, but only 0 halite was available
At command 8 of 9:
    6   m 10 n
    7   m 0 w
>>> 8   m 11 s
    9   m 8 s


Turn 97
================================================================
warning: entity 0 was directed to use 6 halite to move north, but only 3 halite was available
At command 5 of 9:
    3   m 12 o
    4   m 17 s
>>> 5   m 0 n
    6   m 6 o
    7   m 11 w

warning: entity 11 was directed to use 12 halite to move west, but only 1 halite was available
At command 7 of 9:
    5   m 0 n
    6   m 6 o
>>> 7   m 11 w
    8   m 10 w
    9   m 4 e

warning: entity 10 was directed to use 21 halite to move west, but only 16 halite was available
At command 8 of 9:
    6   m 6 o
    7   m 11 w
>>> 8   m 10 w
    9   m 4 e

warning: entity 4 was directed to use 2 halite to move east, but only 0 halite was available
At command 9 of 9:
    7   m 11 w
    8   m 10 w
>>> 9   m 4 e


Turn 99
================================================================
warning: entity 4 was directed to use 8 halite to move east, but only 5 halite was available
At command 8 of 10:
    6   m 0 n
    7   m 11 o
>>> 8   m 4 e
    9   m 8 n
    10   g

warning: entity 8 was directed to use 4 halite to move north, but only 0 halite was available
At command 9 of 10:
    7   m 11 o
    8   m 4 e
>>> 9   m 8 n
    10   g


Turn 101
================================================================
warning: entity 19 was directed to use 2 halite to move west, but only 0 halite was available
At command 10 of 11:
    8   m 8 n
    9   m 0 w
>>> 10   m 19 w
    11   g


Turn 104
================================================================
warning: entity 20 was directed to use 5 halite to move west, but only 0 halite was available
At command 6 of 12:
    4   m 0 n
    5   m 6 o
>>> 6   m 20 w
    7   m 2 o
    8   m 4 e

warning: entity 19 was directed to use 9 halite to move west, but only 2 halite was available
At command 10 of 12:
    8   m 4 e
    9   m 8 n
>>> 10   m 19 w
    11   m 10 o
    12   m 21 n


Turn 105
================================================================
warning: entity 21 was directed to use 3 halite to move north, but only 0 halite was available
At command 12 of 13:
    10   m 8 n
    11   m 4 e
>>> 12   m 21 n
    13   g


Turn 106
================================================================
warning: entity 8 was directed to use 9 halite to move east, but only 4 halite was available
At command 10 of 13:
    8   m 4 o
    9   m 20 o
>>> 10   m 8 e
    11   m 2 o
    12   m 19 s


Turn 107
================================================================
warning: entity 21 was directed to use 16 halite to move south, but only 7 halite was available
At command 12 of 14:
    10   m 2 w
    11   m 19 s
>>> 12   m 21 s
    13   m 22 e
    14   g

warning: entity 22 was directed to use 2 halite to move east, but only 0 halite was available
At command 13 of 14:
    11   m 19 s
    12   m 21 s
>>> 13   m 22 e
    14   g


Turn 108
================================================================
warning: entity 8 was directed to use 35 halite to move north, but only 21 halite was available
At command 12 of 14:
    10   m 20 s
    11   m 2 n
>>> 12   m 8 n
    13   m 19 s
    14   m 23 n

warning: entity 19 was directed to use 13 halite to move south, but only 0 halite was available
At command 13 of 14:
    11   m 2 n
    12   m 8 n
>>> 13   m 19 s
    14   m 23 n


Turn 109
================================================================
warning: entity 20 was directed to use 9 halite to move east, but only 8 halite was available
At command 12 of 14:
    10   m 4 o
    11   m 21 e
>>> 12   m 20 e
    13   m 22 n
    14   m 23 n

warning: entity 22 was directed to use 6 halite to move north, but only 5 halite was available
At command 13 of 14:
    11   m 21 e
    12   m 20 e
>>> 13   m 22 n
    14   m 23 n

warning: entity 23 was directed to use 2 halite to move north, but only 0 halite was available
At command 14 of 14:
    12   m 20 e
    13   m 22 n
>>> 14   m 23 n


Turn 111
================================================================
warning: entity 23 was directed to use 12 halite to move north, but only 5 halite was available
At command 10 of 14:
    8   m 4 o
    9   m 22 n
>>> 10   m 23 n
    11   m 10 o
    12   m 19 o


Turn 112
================================================================
warning: entity 22 was directed to use 13 halite to move north, but only 4 halite was available
At command 11 of 14:
    9   m 12 o
    10   m 17 o
>>> 11   m 22 n
    12   m 6 o
    13   m 20 w

warning: entity 21 was directed to use 23 halite to move north, but only 2 halite was available
At command 14 of 14:
    12   m 6 o
    13   m 20 w
>>> 14   m 21 n


Turn 113
================================================================
warning: entity 20 was directed to use 18 halite to move south, but only 10 halite was available
At command 13 of 14:
    11   m 8 o
    12   m 0 o
>>> 13   m 20 s
    14   m 23 o


Turn 117
================================================================
warning: entity 23 was directed to use 35 halite to move north, but only 13 halite was available
At command 14 of 14:
    12   m 0 s
    13   m 17 n
>>> 14   m 23 n


Turn 120
================================================================
warning: entity 12 was directed to use 1 halite to move north, but only 0 halite was available
At command 14 of 15:
    12   m 21 o
    13   m 20 e
>>> 14   m 12 n
    15   g


Turn 122
================================================================
warning: entity 12 was directed to use 4 halite to move south, but only 3 halite was available
At command 13 of 15:
    11   m 20 o
    12   m 2 e
>>> 13   m 12 s
    14   m 29 n
    15   m 17 n


Turn 123
================================================================
warning: entity 29 was directed to use 3 halite to move north, but only 0 halite was available
At command 12 of 15:
    10   m 12 s
    11   m 8 o
>>> 12   m 29 n
    13   m 6 o
    14   m 2 e


Turn 125
================================================================
warning: entity 12 was directed to use 24 halite to move south, but only 0 halite was available
At command 14 of 16:
    12   m 6 w
    13   m 2 e
>>> 14   m 12 s
    15   m 29 n
    16   g


Turn 126
================================================================
warning: entity 17 was directed to use 2 halite to move north, but only 0 halite was available
At command 13 of 16:
    11   m 2 e
    12   m 19 o
>>> 13   m 17 n
    14   m 4 o
    15   m 29 n


Turn 127
================================================================
warning: entity 29 was directed to use 5 halite to move north, but only 2 halite was available
At command 15 of 16:
    13   m 6 w
    14   m 2 s
>>> 15   m 29 n
    16   m 30 o


Turn 130
================================================================
warning: entity 29 was directed to use 16 halite to move west, but only 4 halite was available
At command 13 of 16:
    11   m 19 o
    12   m 4 w
>>> 13   m 29 w
    14   m 23 s
    15   m 12 s


Turn 135
================================================================
warning: entity 30 was directed to use 4 halite to move north, but only 2 halite was available
At command 16 of 16:
    14   m 6 s
    15   m 21 s
>>> 16   m 30 n


Turn 138
================================================================
warning: entity 6 was directed to use 3 halite to move south, but only 0 halite was available
At command 16 of 16:
    14   m 11 w
    15   m 21 w
>>> 16   m 6 s


Turn 140
================================================================
warning: entity 6 was directed to use 7 halite to move south, but only 6 halite was available
At command 14 of 16:
    12   m 19 n
    13   m 23 e
>>> 14   m 6 s
    15   m 21 s
    16   m 11 n


Turn 141
================================================================
warning: entity 23 was directed to use 1 halite to move south, but only 0 halite was available
At command 13 of 16:
    11   m 30 o
    12   m 8 o
>>> 13   m 23 s
    14   m 19 n
    15   m 11 n


Turn 143
================================================================
warning: entity 23 was directed to use 6 halite to move south, but only 3 halite was available
At command 13 of 16:
    11   m 20 o
    12   m 10 w
>>> 13   m 23 s
    14   m 2 w
    15   m 29 o

warning: entity 2 was directed to use 1 halite to move west, but only 0 halite was available
At command 14 of 16:
    12   m 10 w
    13   m 23 s
>>> 14   m 2 w
    15   m 29 o
    16   m 11 n


Turn 145
================================================================
warning: entity 23 was directed to use 22 halite to move south, but only 16 halite was available
At command 15 of 16:
    13   m 19 n
    14   m 2 s
>>> 15   m 23 s
    16   m 11 n


Turn 146
================================================================
warning: entity 2 was directed to use 5 halite to move east, but only 1 halite was available
At command 11 of 16:
    9   m 23 s
    10   m 22 s
>>> 11   m 2 e
    12   m 21 w
    13   m 8 o


Turn 148
================================================================
warning: entity 8 was directed to use 16 halite to move south, but only 10 halite was available
At command 12 of 16:
    10   m 29 n
    11   m 2 n
>>> 12   m 8 s
    13   m 4 s
    14   m 6 s

warning: entity 6 was directed to use 32 halite to move south, but only 6 halite was available
At command 14 of 16:
    12   m 8 s
    13   m 4 s
>>> 14   m 6 s
    15   m 23 s
    16   m 21 o


Turn 151
================================================================
warning: entity 23 was directed to use 39 halite to move south, but only 3 halite was available
At command 9 of 17:
    7   m 20 w
    8   m 29 s
>>> 9   m 23 s
    10   m 21 s
    11   m 4 s

warning: entity 2 was directed to use 10 halite to move south, but only 0 halite was available
At command 16 of 17:
    14   m 22 s
    15   m 8 s
>>> 16   m 2 s
    17   g


Turn 152
================================================================
warning: entity 19 was directed to use 2 halite to move south, but only 0 halite was available
At command 14 of 17:
    12   m 21 o
    13   m 20 o
>>> 14   m 19 s
    15   m 8 s
    16   m 22 s


Turn 153
================================================================
warning: entity 8 was directed to use 18 halite to move south, but only 5 halite was available
At command 11 of 17:
    9   m 10 w
    10   m 23 o
>>> 11   m 8 s
    12   m 2 s
    13   m 11 o


Turn 154
================================================================
warning: entity 19 was directed to use 6 halite to move south, but only 5 halite was available
At command 11 of 17:
    9   m 21 w
    10   m 4 s
>>> 11   m 19 s
    12   m 10 w
    13   m 2 w

warning: entity 2 was directed to use 24 halite to move west, but only 13 halite was available
At command 13 of 17:
    11   m 19 s
    12   m 10 w
>>> 13   m 2 w
    14   m 0 e
    15   m 29 s

warning: entity 34 was directed to use 3 halite to move east, but only 0 halite was available
At command 16 of 17:
    14   m 0 e
    15   m 29 s
>>> 16   m 34 e
    17   m 22 e


Turn 155
================================================================
warning: entity 21 was directed to use 7 halite to move north, but only 6 halite was available
At command 14 of 18:
    12   m 22 e
    13   m 11 w
>>> 14   m 21 n
    15   m 4 s
    16   m 0 e


Turn 156
================================================================
warning: entity 19 was directed to use 34 halite to move east, but only 18 halite was available
At command 8 of 18:
    6   m 21 s
    7   m 30 o
>>> 8   m 19 e
    9   m 34 s
    10   m 2 s

warning: entity 34 was directed to use 12 halite to move south, but only 8 halite was available
At command 9 of 18:
    7   m 30 o
    8   m 19 e
>>> 9   m 34 s
    10   m 2 s
    11   m 4 s

warning: entity 8 was directed to use 21 halite to move south, but only 15 halite was available
At command 12 of 18:
    10   m 2 s
    11   m 4 s
>>> 12   m 8 s
    13   m 10 s
    14   m 11 w

warning: entity 11 was directed to use 6 halite to move west, but only 0 halite was available
At command 14 of 18:
    12   m 8 s
    13   m 10 s
>>> 14   m 11 w
    15   m 22 o
    16   m 0 e


Turn 158
================================================================
warning: entity 36 was directed to use 2 halite to move south, but only 0 halite was available
At command 18 of 19:
    16   m 4 o
    17   m 29 s
>>> 18   m 36 s
    19   m 38 e


Turn 159
================================================================
warning: entity 2 was directed to use 13 halite to move south, but only 6 halite was available
At command 11 of 19:
    9   m 22 s
    10   m 10 s
>>> 11   m 2 s
    12   m 17 o
    13   m 12 o

warning: entity 11 was directed to use 9 halite to move west, but only 3 halite was available
At command 14 of 19:
    12   m 17 o
    13   m 12 o
>>> 14   m 11 w
    15   m 0 s
    16   m 19 s


Turn 160
================================================================
warning: entity 38 was directed to use 8 halite to move north, but only 0 halite was available
At command 12 of 19:
    10   m 11 w
    11   m 4 n
>>> 12   m 38 n
    13   m 36 s
    14   m 29 e

warning: entity 36 was directed to use 12 halite to move south, but only 5 halite was available
At command 13 of 19:
    11   m 4 n
    12   m 38 n
>>> 13   m 36 s
    14   m 29 e
    15   m 22 s

warning: entity 22 was directed to use 18 halite to move south, but only 6 halite was available
At command 15 of 19:
    13   m 36 s
    14   m 29 e
>>> 15   m 22 s
    16   m 19 s
    17   m 10 o

warning: entity 34 was directed to use 8 halite to move south, but only 5 halite was available
At command 19 of 19:
    17   m 10 o
    18   m 0 s
>>> 19   m 34 s


Turn 163
================================================================
warning: entity 36 was directed to use 6 halite to move south, but only 3 halite was available
At command 14 of 21:
    12   m 2 o
    13   m 21 o
>>> 14   m 36 s
    15   m 8 o
    16   m 38 n

warning: entity 38 was directed to use 11 halite to move north, but only 5 halite was available
At command 16 of 21:
    14   m 36 s
    15   m 8 o
>>> 16   m 38 n
    17   m 22 s
    18   m 39 o


Turn 164
================================================================
warning: entity 34 was directed to use 9 halite to move east, but only 6 halite was available
At command 14 of 21:
    12   m 20 s
    13   m 12 o
>>> 14   m 34 e
    15   m 29 o
    16   m 19 s

warning: entity 4 was directed to use 2 halite to move north, but only 0 halite was available
At command 17 of 21:
    15   m 29 o
    16   m 19 s
>>> 17   m 4 n
    18   m 22 s
    19   m 11 o


Turn 166
================================================================
warning: entity 40 was directed to use 6 halite to move north, but only 0 halite was available
At command 17 of 21:
    15   m 2 o
    16   m 34 s
>>> 17   m 40 n
    18   m 29 w
    19   m 4 n

warning: entity 36 was directed to use 10 halite to move south, but only 8 halite was available
At command 20 of 21:
    18   m 29 w
    19   m 4 n
>>> 20   m 36 s
    21   m 38 n


Turn 168
================================================================
warning: entity 29 was directed to use 1 halite to move north, but only 0 halite was available
At command 19 of 21:
    17   m 10 n
    18   m 36 s
>>> 19   m 29 n
    20   m 4 n
    21   m 38 n

warning: entity 4 was directed to use 4 halite to move north, but only 0 halite was available
At command 20 of 21:
    18   m 36 s
    19   m 29 n
>>> 20   m 4 n
    21   m 38 n

warning: entity 38 was directed to use 5 halite to move north, but only 1 halite was available
At command 21 of 21:
    19   m 29 n
    20   m 4 n
>>> 21   m 38 n


Turn 169
================================================================
warning: entity 40 was directed to use 8 halite to move north, but only 2 halite was available
At command 18 of 22:
    16   m 10 o
    17   m 17 s
>>> 18   m 40 n
    19   m 39 o
    20   m 0 o

warning: entity 36 was directed to use 16 halite to move south, but only 5 halite was available
At command 21 of 22:
    19   m 39 o
    20   m 0 o
>>> 21   m 36 s
    22   g


Turn 171
================================================================
warning: entity 29 was directed to use 2 halite to move north, but only 1 halite was available
At command 21 of 22:
    19   m 21 w
    20   m 38 e
>>> 21   m 29 n
    22   m 4 n


Turn 172
================================================================
warning: entity 38 was directed to use 2 halite to move north, but only 0 halite was available
At command 10 of 22:
    8   m 8 o
    9   m 29 n
>>> 10   m 38 n
    11   m 39 w
    12   m 36 o

warning: entity 39 was directed to use 9 halite to move west, but only 5 halite was available
At command 11 of 22:
    9   m 29 n
    10   m 38 n
>>> 11   m 39 w
    12   m 36 o
    13   m 23 o

warning: entity 40 was directed to use 8 halite to move north, but only 7 halite was available
At command 19 of 22:
    17   m 10 o
    18   m 41 w
>>> 19   m 40 n
    20   m 17 s
    21   m 21 o

warning: entity 4 was directed to use 13 halite to move north, but only 1 halite was available
At command 22 of 22:
    20   m 17 s
    21   m 21 o
>>> 22   m 4 n


Turn 174
================================================================
warning: entity 41 was directed to use 1 halite to move north, but only 0 halite was available
At command 19 of 22:
    17   m 10 o
    18   m 40 n
>>> 19   m 41 n
    20   m 4 n
    21   m 22 e

warning: entity 4 was directed to use 29 halite to move north, but only 25 halite was available
At command 20 of 22:
    18   m 40 n
    19   m 41 n
>>> 20   m 4 n
    21   m 22 e
    22   m 17 s


Turn 175
================================================================
warning: entity 38 was directed to use 8 halite to move east, but only 3 halite was available
At command 18 of 23:
    16   m 34 o
    17   m 22 o
>>> 18   m 38 e
    19   m 39 n
    20   m 0 w


Turn 176
================================================================
warning: entity 0 was directed to use 1 halite to move north, but only 0 halite was available
At command 21 of 23:
    19   m 29 n
    20   m 39 n
>>> 21   m 0 n
    22   m 40 e
    23   m 42 e


Turn 177
================================================================
warning: entity 40 was directed to use 12 halite to move east, but only 10 halite was available
At command 22 of 24:
    20   m 36 o
    21   m 29 o
>>> 22   m 40 e
    23   m 42 e
    24   g


Turn 178
================================================================
warning: entity 0 was directed to use 6 halite to move south, but only 3 halite was available
At command 15 of 24:
    13   m 29 w
    14   m 40 e
>>> 15   m 0 s
    16   m 6 s
    17   m 41 w

warning: entity 42 was directed to use 1 halite to move north, but only 0 halite was available
At command 23 of 24:
    21   m 39 n
    22   m 10 w
>>> 23   m 42 n
    24   m 43 n


Turn 179
================================================================
warning: entity 41 was directed to use 4 halite to move north, but only 1 halite was available
At command 11 of 25:
    9   m 19 o
    10   m 42 n
>>> 11   m 41 n
    12   m 8 o
    13   m 20 e

warning: entity 39 was directed to use 7 halite to move north, but only 3 halite was available
At command 23 of 25:
    21   m 17 s
    22   m 23 w
>>> 23   m 39 n
    24   m 10 o
    25   g


Turn 180
================================================================
warning: entity 42 was directed to use 13 halite to move north, but only 4 halite was available
At command 18 of 25:
    16   m 0 w
    17   m 43 w
>>> 18   m 42 n
    19   m 29 n
    20   m 20 e


Turn 181
================================================================
warning: entity 43 was directed to use 4 halite to move north, but only 0 halite was available
At command 18 of 26:
    16   m 6 w
    17   m 39 n
>>> 18   m 43 n
    19   m 0 s
    20   m 29 n

warning: entity 40 was directed to use 14 halite to move east, but only 10 halite was available
At command 23 of 26:
    21   m 20 e
    22   m 34 o
>>> 23   m 40 e
    24   m 17 w
    25   m 23 w


Turn 182
================================================================
warning: entity 44 was directed to use 1 halite to move east, but only 0 halite was available
At command 19 of 26:
    17   m 39 o
    18   m 17 s
>>> 19   m 44 e
    20   m 0 s
    21   m 41 w

warning: entity 0 was directed to use 14 halite to move south, but only 1 halite was available
At command 20 of 26:
    18   m 17 s
    19   m 44 e
>>> 20   m 0 s
    21   m 41 w
    22   m 6 w

warning: entity 29 was directed to use 5 halite to move west, but only 4 halite was available
At command 23 of 26:
    21   m 41 w
    22   m 6 w
>>> 23   m 29 w
    24   m 20 n
    25   m 23 o


Turn 183
================================================================
warning: entity 41 was directed to use 4 halite to move north, but only 1 halite was available
At command 23 of 26:
    21   m 42 e
    22   m 10 n
>>> 23   m 41 n
    24   m 6 o
    25   m 20 n


Turn 184
================================================================
warning: entity 40 was directed to use 30 halite to move north, but only 22 halite was available
At command 13 of 26:
    11   m 8 o
    12   m 19 w
>>> 13   m 40 n
    14   m 12 o
    15   m 34 o

warning: entity 44 was directed to use 8 halite to move east, but only 3 halite was available
At command 17 of 26:
    15   m 34 o
    16   m 39 o
>>> 17   m 44 e
    18   m 0 s
    19   m 23 n


Turn 185
================================================================
warning: entity 41 was directed to use 12 halite to move north, but only 10 halite was available
At command 15 of 27:
    13   m 21 o
    14   m 19 o
>>> 15   m 41 n
    16   m 2 e
    17   m 0 s

warning: entity 42 was directed to use 19 halite to move east, but only 0 halite was available
At command 21 of 27:
    19   m 36 s
    20   m 23 w
>>> 21   m 42 e
    22   m 29 n
    23   m 43 n

warning: entity 45 was directed to use 5 halite to move west, but only 0 halite was available
At command 24 of 27:
    22   m 29 n
    23   m 43 n
>>> 24   m 45 w
    25   m 17 w
    26   m 20 n


Turn 186
================================================================
warning: entity 29 was directed to use 11 halite to move north, but only 6 halite was available
At command 24 of 27:
    22   m 36 o
    23   m 23 n
>>> 24   m 29 n
    25   m 43 o
    26   m 17 w

warning: entity 17 was directed to use 3 halite to move west, but only 0 halite was available
At command 26 of 27:
    24   m 29 n
    25   m 43 o
>>> 26   m 17 w
    27   m 46 n


Turn 188
================================================================
warning: entity 45 was directed to use 5 halite to move south, but only 0 halite was available
At command 12 of 27:
    10   m 11 s
    11   m 10 o
>>> 12   m 45 s
    13   m 38 o
    14   m 17 w

warning: entity 44 was directed to use 27 halite to move east, but only 5 halite was available
At command 18 of 27:
    16   m 29 w
    17   m 43 w
>>> 18   m 44 e
    19   m 20 n
    20   m 41 w

warning: entity 46 was directed to use 4 halite to move east, but only 0 halite was available
At command 27 of 27:
    25   m 2 o
    26   m 23 e
>>> 27   m 46 e


Turn 190
================================================================
warning: entity 46 was directed to use 10 halite to move north, but only 9 halite was available
At command 19 of 27:
    17   m 20 n
    18   m 10 o
>>> 19   m 46 n
    20   m 45 s
    21   m 0 s

warning: entity 0 was directed to use 13 halite to move south, but only 5 halite was available
At command 21 of 27:
    19   m 46 n
    20   m 45 s
>>> 21   m 0 s
    22   m 2 e
    23   m 44 e


Turn 191
================================================================
warning: entity 45 was directed to use 7 halite to move south, but only 0 halite was available
At command 23 of 27:
    21   m 41 o
    22   m 20 e
>>> 23   m 45 s
    24   m 44 n
    25   m 43 n


Turn 192
================================================================
warning: entity 42 was directed to use 10 halite to move north, but only 4 halite was available
At command 23 of 28:
    21   m 17 o
    22   m 6 e
>>> 23   m 42 n
    24   m 44 n
    25   m 43 n

warning: entity 43 was directed to use 5 halite to move north, but only 3 halite was available
At command 25 of 28:
    23   m 42 n
    24   m 44 n
>>> 25   m 43 n
    26   m 30 e
    27   m 23 n


Turn 193
================================================================
warning: entity 20 was directed to use 1 halite to move east, but only 0 halite was available
At command 22 of 28:
    20   m 45 s
    21   m 39 o
>>> 22   m 20 e
    23   m 2 n
    24   m 6 w


Turn 195
================================================================
warning: entity 20 was directed to use 6 halite to move east, but only 3 halite was available
At command 9 of 28:
    7   m 10 o
    8   m 42 o
>>> 9   m 20 e
    10   m 41 n
    11   m 0 o

warning: entity 46 was directed to use 12 halite to move east, but only 0 halite was available
At command 22 of 28:
    20   m 17 s
    21   m 43 n
>>> 22   m 46 e
    23   m 23 n
    24   m 30 e

warning: entity 44 was directed to use 9 halite to move north, but only 6 halite was available
At command 27 of 28:
    25   m 45 s
    26   m 2 n
>>> 27   m 44 n
    28   m 47 e

warning: entity 47 was directed to use 3 halite to move east, but only 0 halite was available
At command 28 of 28:
    26   m 2 n
    27   m 44 n
>>> 28   m 47 e


Turn 196
================================================================
warning: entity 45 was directed to use 9 halite to move south, but only 4 halite was available
At command 14 of 28:
    12   m 44 e
    13   m 47 e
>>> 14   m 45 s
    15   m 34 o
    16   m 19 e

warning: entity 43 was directed to use 10 halite to move west, but only 3 halite was available
At command 26 of 28:
    24   m 30 s
    25   m 17 s
>>> 26   m 43 w
    27   m 23 n
    28   m 2 n


Turn 198
================================================================
warning: entity 47 was directed to use 16 halite to move north, but only 0 halite was available
At command 19 of 28:
    17   m 44 n
    18   m 20 n
>>> 19   m 47 n
    20   m 12 n
    21   m 46 n


Turn 199
================================================================
warning: entity 23 was directed to use 2 halite to move east, but only 0 halite was available
At command 18 of 28:
    16   m 11 e
    17   m 2 s
>>> 18   m 23 e
    19   m 43 o
    20   m 20 w

warning: entity 20 was directed to use 9 halite to move west, but only 1 halite was available
At command 20 of 28:
    18   m 23 e
    19   m 43 o
>>> 20   m 20 w
    21   m 44 o
    22   m 12 o


Turn 200
================================================================
warning: entity 45 was directed to use 19 halite to move south, but only 2 halite was available
At command 20 of 28:
    18   m 41 o
    19   m 47 o
>>> 20   m 45 s
    21   m 30 s
    22   m 11 e

warning: entity 46 was directed to use 4 halite to move north, but only 0 halite was available
At command 24 of 28:
    22   m 11 e
    23   m 2 w
>>> 24   m 46 n
    25   m 19 n
    26   m 21 n


Turn 201
================================================================
warning: entity 23 was directed to use 7 halite to move east, but only 6 halite was available
At command 17 of 28:
    15   m 45 s
    16   m 46 n
>>> 17   m 23 e
    18   m 17 o
    19   m 20 n


Turn 202
================================================================
warning: entity 20 was directed to use 15 halite to move east, but only 4 halite was available
At command 16 of 28:
    14   m 8 n
    15   m 6 n
>>> 16   m 20 e
    17   m 40 o
    18   m 0 o

warning: entity 46 was directed to use 9 halite to move north, but only 8 halite was available
At command 23 of 28:
    21   m 12 e
    22   m 19 n
>>> 23   m 46 n
    24   m 11 e
    25   m 30 s

warning: entity 2 was directed to use 3 halite to move west, but only 0 halite was available
At command 26 of 28:
    24   m 11 e
    25   m 30 s
>>> 26   m 2 w
    27   m 21 n
    28   m 4 e


Turn 203
================================================================
warning: entity 12 was directed to use 1 halite to move west, but only 0 halite was available
At command 18 of 28:
    16   m 2 w
    17   m 6 w
>>> 18   m 12 w
    19   m 8 n
    20   m 36 o


Turn 204
================================================================
warning: entity 2 was directed to use 10 halite to move south, but only 8 halite was available
At command 11 of 29:
    9   m 22 o
    10   m 39 o
>>> 11   m 2 s
    12   m 38 o
    13   m 0 o


Turn 205
================================================================
warning: entity 12 was directed to use 5 halite to move east, but only 4 halite was available
At command 20 of 29:
    18   m 43 o
    19   m 46 n
>>> 20   m 12 e
    21   m 23 n
    22   m 20 n

warning: entity 23 was directed to use 7 halite to move north, but only 2 halite was available
At command 21 of 29:
    19   m 46 n
    20   m 12 e
>>> 21   m 23 n
    22   m 20 n
    23   m 4 s

warning: entity 6 was directed to use 2 halite to move north, but only 0 halite was available
At command 24 of 29:
    22   m 20 n
    23   m 4 s
>>> 24   m 6 n
    25   m 11 e
    26   m 47 n


Turn 207
================================================================
warning: entity 46 was directed to use 19 halite to move east, but only 2 halite was available
At command 27 of 28:
    25   m 47 n
    26   m 11 n
>>> 27   m 46 e
    28   m 48 e

warning: entity 48 was directed to use 2 halite to move east, but only 0 halite was available
At command 28 of 28:
    26   m 11 n
    27   m 46 e
>>> 28   m 48 e


Turn 208
================================================================
warning: entity 6 was directed to use 3 halite to move north, but only 2 halite was available
At command 19 of 29:
    17   m 23 e
    18   m 19 n
>>> 19   m 6 n
    20   m 8 n
    21   m 12 n

warning: entity 12 was directed to use 10 halite to move north, but only 3 halite was available
At command 21 of 29:
    19   m 6 n
    20   m 8 n
>>> 21   m 12 n
    22   m 30 e
    23   m 2 w

warning: entity 2 was directed to use 22 halite to move west, but only 12 halite was available
At command 23 of 29:
    21   m 12 n
    22   m 30 e
>>> 23   m 2 w
    24   m 4 w
    25   m 38 w


Turn 209
================================================================
warning: entity 23 was directed to use 14 halite to move east, but only 3 halite was available
At command 19 of 29:
    17   m 39 o
    18   m 29 o
>>> 19   m 23 e
    20   m 19 n
    21   m 46 n

warning: entity 48 was directed to use 9 halite to move south, but only 5 halite was available
At command 22 of 29:
    20   m 19 n
    21   m 46 n
>>> 22   m 48 s
    23   m 8 n
    24   m 36 o

warning: entity 30 was directed to use 1 halite to move east, but only 0 halite was available
At command 26 of 29:
    24   m 36 o
    25   m 4 e
>>> 26   m 30 e
    27   m 38 w
    28   m 21 o


Turn 212
================================================================
warning: entity 30 was directed to use 12 halite to move north, but only 0 halite was available
At command 23 of 29:
    21   m 12 n
    22   m 48 s
>>> 23   m 30 n
    24   m 6 n
    25   m 2 w

warning: entity 6 was directed to use 5 halite to move north, but only 4 halite was available
At command 24 of 29:
    22   m 48 s
    23   m 30 n
>>> 24   m 6 n
    25   m 2 w
    26   m 21 w


Turn 213
================================================================
warning: entity 12 was directed to use 3 halite to move north, but only 1 halite was available
At command 18 of 29:
    16   m 6 n
    17   m 49 o
>>> 18   m 12 n
    19   m 11 s
    20   m 45 o

warning: entity 21 was directed to use 2 halite to move north, but only 0 halite was available
At command 23 of 29:
    21   m 36 w
    22   m 19 o
>>> 23   m 21 n
    24   m 2 w
    25   m 23 e

warning: entity 48 was directed to use 6 halite to move south, but only 5 halite was available
At command 27 of 29:
    25   m 23 e
    26   m 8 o
>>> 27   m 48 s
    28   m 4 s
    29   m 38 e


Turn 215
================================================================
warning: entity 11 was directed to use 1 halite to move south, but only 0 halite was available
At command 26 of 29:
    24   m 6 n
    25   m 19 w
>>> 26   m 11 s
    27   m 23 e
    28   m 4 o


Turn 216
================================================================
warning: entity 21 was directed to use 2 halite to move north, but only 1 halite was available
At command 20 of 29:
    18   m 8 o
    19   m 30 n
>>> 20   m 21 n
    21   m 22 w
    22   m 40 w

warning: entity 48 was directed to use 22 halite to move south, but only 9 halite was available
At command 24 of 29:
    22   m 40 w
    23   m 36 n
>>> 24   m 48 s
    25   m 12 e
    26   m 6 n

warning: entity 12 was directed to use 10 halite to move east, but only 0 halite was available
At command 25 of 29:
    23   m 36 n
    24   m 48 s
>>> 25   m 12 e
    26   m 6 n
    27   m 19 w


Turn 217
================================================================
warning: entity 11 was directed to use 6 halite to move south, but only 3 halite was available
At command 20 of 29:
    18   m 44 o
    19   m 49 n
>>> 20   m 11 s
    21   m 4 e
    22   m 2 o

warning: entity 19 was directed to use 1 halite to move north, but only 0 halite was available
At command 23 of 29:
    21   m 4 e
    22   m 2 o
>>> 23   m 19 n
    24   m 30 n
    25   m 40 w


Turn 218
================================================================
warning: entity 6 was directed to use 5 halite to move east, but only 1 halite was available
At command 27 of 29:
    25   m 30 n
    26   m 36 n
>>> 27   m 6 e
    28   m 23 n
    29   m 38 w


Turn 219
================================================================
warning: entity 21 was directed to use 4 halite to move north, but only 2 halite was available
At command 21 of 29:
    19   m 22 w
    20   m 10 e
>>> 21   m 21 n
    22   m 48 s
    23   m 38 s

warning: entity 12 was directed to use 22 halite to move north, but only 7 halite was available
At command 24 of 29:
    22   m 48 s
    23   m 38 s
>>> 24   m 12 n
    25   m 40 w
    26   m 49 n


Turn 220
================================================================
warning: entity 11 was directed to use 4 halite to move south, but only 2 halite was available
At command 16 of 30:
    14   m 36 n
    15   m 34 w
>>> 16   m 11 s
    17   m 10 e
    18   m 29 e

warning: entity 19 was directed to use 2 halite to move north, but only 0 halite was available
At command 22 of 30:
    20   m 6 n
    21   m 8 e
>>> 22   m 19 n
    23   m 22 w
    24   m 48 s

warning: entity 4 was directed to use 2 halite to move north, but only 0 halite was available
At command 29 of 30:
    27   m 40 o
    28   m 49 n
>>> 29   m 4 n
    30   g


Turn 221
================================================================
warning: entity 2 was directed to use 46 halite to move east, but only 22 halite was available
At command 24 of 30:
    22   m 34 n
    23   m 29 e
>>> 24   m 2 e
    25   m 6 w
    26   m 48 s

warning: entity 6 was directed to use 22 halite to move west, but only 2 halite was available
At command 25 of 30:
    23   m 29 e
    24   m 2 e
>>> 25   m 6 w
    26   m 48 s
    27   m 30 n

warning: entity 30 was directed to use 11 halite to move north, but only 10 halite was available
At command 27 of 30:
    25   m 6 w
    26   m 48 s
>>> 27   m 30 n
    28   m 38 s
    29   m 49 e


Turn 223
================================================================
warning: entity 21 was directed to use 6 halite to move north, but only 0 halite was available
At command 15 of 31:
    13   m 0 e
    14   m 50 e
>>> 15   m 21 n
    16   m 2 n
    17   m 6 s

warning: entity 4 was directed to use 7 halite to move west, but only 0 halite was available
At command 18 of 31:
    16   m 2 n
    17   m 6 s
>>> 18   m 4 w
    19   m 30 e
    20   m 11 s

warning: entity 11 was directed to use 8 halite to move south, but only 7 halite was available
At command 20 of 31:
    18   m 4 w
    19   m 30 e
>>> 20   m 11 s
    21   m 42 o
    22   m 8 e

warning: entity 48 was directed to use 6 halite to move south, but only 5 halite was available
At command 25 of 31:
    23   m 36 n
    24   m 10 s
>>> 25   m 48 s
    26   m 34 w
    27   m 22 o

warning: entity 49 was directed to use 7 halite to move north, but only 6 halite was available
At command 30 of 31:
    28   m 29 e
    29   m 38 s
>>> 30   m 49 n
    31   m 51 n


Turn 224
================================================================
warning: entity 50 was directed to use 2 halite to move east, but only 0 halite was available
At command 23 of 32:
    21   m 19 o
    22   m 0 e
>>> 23   m 50 e
    24   m 8 e
    25   m 2 s

warning: entity 8 was directed to use 4 halite to move east, but only 0 halite was available
At command 24 of 32:
    22   m 0 e
    23   m 50 e
>>> 24   m 8 e
    25   m 2 s
    26   m 36 n


Turn 225
================================================================
warning: entity 30 was directed to use 8 halite to move east, but only 1 halite was available
At command 25 of 32:
    23   m 36 n
    24   m 6 w
>>> 25   m 30 e
    26   m 0 e
    27   m 2 w


Turn 226
================================================================
warning: entity 51 was directed to use 10 halite to move north, but only 0 halite was available
At command 15 of 33:
    13   m 42 s
    14   m 41 e
>>> 15   m 51 n
    16   m 50 s
    17   m 38 e

warning: entity 50 was directed to use 5 halite to move south, but only 4 halite was available
At command 16 of 33:
    14   m 41 e
    15   m 51 n
>>> 16   m 50 s
    17   m 38 e
    18   m 8 e

warning: entity 11 was directed to use 6 halite to move east, but only 4 halite was available
At command 25 of 33:
    23   m 21 n
    24   m 4 e
>>> 25   m 11 e
    26   m 34 n
    27   m 49 n

warning: entity 49 was directed to use 28 halite to move north, but only 18 halite was available
At command 27 of 33:
    25   m 11 e
    26   m 34 n
>>> 27   m 49 n
    28   m 0 e
    29   m 2 o


Turn 227
================================================================
warning: entity 48 was directed to use 12 halite to move south, but only 1 halite was available
At command 18 of 33:
    16   m 39 e
    17   m 22 n
>>> 18   m 48 s
    19   m 10 s
    20   m 30 n

warning: entity 8 was directed to use 5 halite to move north, but only 2 halite was available
At command 24 of 33:
    22   m 41 e
    23   m 21 n
>>> 24   m 8 n
    25   m 38 s
    26   m 36 n


Turn 228
================================================================
warning: entity 52 was directed to use 2 halite to move west, but only 0 halite was available
At command 33 of 33:
    31   m 0 e
    32   m 53 w
>>> 33   m 52 w


Turn 229
================================================================
warning: entity 6 was directed to use 6 halite to move north, but only 4 halite was available
At command 16 of 33:
    14   m 11 s
    15   m 40 s
>>> 16   m 6 n
    17   m 48 s
    18   m 4 e

warning: entity 50 was directed to use 6 halite to move south, but only 4 halite was available
At command 23 of 33:
    21   m 29 s
    22   m 42 w
>>> 23   m 50 s
    24   m 51 e
    25   m 10 s

warning: entity 53 was directed to use 1 halite to move west, but only 0 halite was available
At command 33 of 33:
    31   m 36 e
    32   m 0 e
>>> 33   m 53 w


Turn 230
================================================================
warning: entity 51 was directed to use 5 halite to move east, but only 4 halite was available
At command 15 of 33:
    13   m 50 s
    14   m 53 n
>>> 15   m 51 e
    16   m 34 n
    17   m 10 s

warning: entity 52 was directed to use 7 halite to move west, but only 5 halite was available
At command 19 of 33:
    17   m 10 s
    18   m 47 o
>>> 19   m 52 w
    20   m 40 s
    21   m 22 n

warning: entity 8 was directed to use 4 halite to move east, but only 2 halite was available
At command 23 of 33:
    21   m 22 n
    22   m 11 s
>>> 23   m 8 e
    24   m 48 o
    25   m 4 e


Turn 231
================================================================
warning: entity 4 was directed to use 6 halite to move west, but only 0 halite was available
At command 28 of 33:
    26   m 40 s
    27   m 11 e
>>> 28   m 4 w
    29   m 29 s
    30   m 42 s


Turn 232
================================================================
warning: entity 53 was directed to use 1 halite to move west, but only 0 halite was available
At command 26 of 33:
    24   m 6 o
    25   m 22 n
>>> 26   m 53 w
    27   m 36 e
    28   m 10 s

warning: entity 36 was directed to use 1 halite to move east, but only 0 halite was available
At command 27 of 33:
    25   m 22 n
    26   m 53 w
>>> 27   m 36 e
    28   m 10 s
    29   m 11 e

warning: entity 11 was directed to use 6 halite to move east, but only 3 halite was available
At command 29 of 33:
    27   m 36 e
    28   m 10 s
>>> 29   m 11 e
    30   m 29 s
    31   m 42 w


Turn 234
================================================================
warning: entity 8 was directed to use 7 halite to move east, but only 5 halite was available
At command 23 of 34:
    21   m 38 w
    22   m 36 e
>>> 23   m 8 e
    24   m 45 e
    25   m 19 w


Turn 235
================================================================
warning: entity 36 was directed to use 12 halite to move east, but only 0 halite was available
At command 16 of 34:
    14   m 39 s
    15   m 34 e
>>> 16   m 36 e
    17   m 10 o
    18   m 42 w

warning: entity 4 was directed to use 18 halite to move east, but only 4 halite was available
At command 21 of 34:
    19   m 21 n
    20   m 40 o
>>> 21   m 4 e
    22   m 11 n
    23   m 0 n

warning: entity 11 was directed to use 16 halite to move north, but only 2 halite was available
At command 22 of 34:
    20   m 40 o
    21   m 4 e
>>> 22   m 11 n
    23   m 0 n
    24   m 53 n

warning: entity 53 was directed to use 1 halite to move north, but only 0 halite was available
At command 24 of 34:
    22   m 11 n
    23   m 0 n
>>> 24   m 53 n
    25   m 38 w
    26   m 45 n

warning: entity 52 was directed to use 6 halite to move west, but only 3 halite was available
At command 30 of 34:
    28   m 22 n
    29   m 29 s
>>> 30   m 52 w
    31   m 51 e
    32   m 50 e


Turn 236
================================================================
warning: entity 34 was directed to use 1 halite to move east, but only 0 halite was available
At command 18 of 34:
    16   m 52 w
    17   m 29 o
>>> 18   m 34 e
    19   m 46 o
    20   m 42 s

warning: entity 38 was directed to use 2 halite to move west, but only 0 halite was available
At command 28 of 34:
    26   m 21 n
    27   m 39 n
>>> 28   m 38 w
    29   m 45 n
    30   m 19 w


Turn 237
================================================================
warning: entity 51 was directed to use 3 halite to move east, but only 2 halite was available
At command 33 of 34:
    31   m 21 n
    32   m 39 s
>>> 33   m 51 e
    34   m 54 s


Turn 238
================================================================
warning: entity 54 was directed to use 5 halite to move east, but only 0 halite was available
At command 34 of 34:
    32   m 21 o
    33   m 39 s
>>> 34   m 54 e


Turn 239
================================================================
warning: entity 34 was directed to use 10 halite to move east, but only 0 halite was available
At command 22 of 33:
    20   m 30 o
    21   m 29 w
>>> 22   m 34 e
    23   m 8 n
    24   m 51 e

warning: entity 38 was directed to use 4 halite to move south, but only 2 halite was available
At command 28 of 33:
    26   m 41 o
    27   m 39 s
>>> 28   m 38 s
    29   m 0 n
    30   m 36 e

warning: entity 53 was directed to use 3 halite to move west, but only 2 halite was available
At command 31 of 33:
    29   m 0 n
    30   m 36 e
>>> 31   m 53 w
    32   m 22 e
    33   m 45 n


Turn 240
================================================================
warning: entity 40 was directed to use 2 halite to move west, but only 0 halite was available
At command 18 of 33:
    16   m 29 e
    17   m 47 o
>>> 18   m 40 w
    19   m 54 s
    20   m 48 o

warning: entity 54 was directed to use 14 halite to move south, but only 10 halite was available
At command 19 of 33:
    17   m 47 o
    18   m 40 w
>>> 19   m 54 s
    20   m 48 o
    21   m 12 n

warning: entity 52 was directed to use 2 halite to move south, but only 1 halite was available
At command 25 of 33:
    23   m 46 o
    24   m 43 e
>>> 25   m 52 s
    26   m 0 n
    27   m 50 s

warning: entity 8 was directed to use 7 halite to move north, but only 1 halite was available
At command 28 of 33:
    26   m 0 n
    27   m 50 s
>>> 28   m 8 n
    29   m 51 n
    30   m 39 s


Turn 241
================================================================
warning: entity 36 was directed to use 16 halite to move south, but only 4 halite was available
At command 32 of 33:
    30   m 51 n
    31   m 39 s
>>> 32   m 36 s
    33   m 45 n


Turn 242
================================================================
warning: entity 34 was directed to use 4 halite to move south, but only 0 halite was available
At command 28 of 33:
    26   m 10 w
    27   m 17 e
>>> 28   m 34 s
    29   m 29 o
    30   m 38 s

warning: entity 38 was directed to use 5 halite to move south, but only 3 halite was available
At command 30 of 33:
    28   m 34 s
    29   m 29 o
>>> 30   m 38 s
    31   m 53 s
    32   m 0 w


Turn 243
================================================================
warning: entity 40 was directed to use 3 halite to move south, but only 1 halite was available
At command 25 of 32:
    23   m 42 o
    24   m 36 s
>>> 25   m 40 s
    26   m 52 s
    27   m 51 o


Turn 246
================================================================
warning: entity 10 was directed to use 4 halite to move west, but only 1 halite was available
At command 18 of 32:
    16   m 8 e
    17   m 22 w
>>> 18   m 10 w
    19   m 39 w
    20   m 17 n

warning: entity 40 was directed to use 3 halite to move south, but only 0 halite was available
At command 26 of 32:
    24   m 41 w
    25   m 34 s
>>> 26   m 40 s
    27   m 46 w
    28   m 38 s


Turn 247
================================================================
warning: entity 52 was directed to use 34 halite to move south, but only 11 halite was available
At command 19 of 32:
    17   m 48 w
    18   m 50 e
>>> 19   m 52 s
    20   m 0 e
    21   m 8 e


Turn 248
================================================================
warning: entity 22 was directed to use 5 halite to move west, but only 0 halite was available
At command 24 of 31:
    22   m 48 w
    23   m 8 o
>>> 24   m 22 w
    25   m 36 s
    26   m 49 o

warning: entity 38 was directed to use 4 halite to move south, but only 0 halite was available
At command 30 of 31:
    28   m 46 s
    29   m 53 n
>>> 30   m 38 s
    31   m 45 e


Turn 249
================================================================
warning: entity 29 was directed to use 3 halite to move north, but only 0 halite was available
At command 19 of 31:
    17   m 11 o
    18   m 10 s
>>> 19   m 29 n
    20   m 17 n
    21   m 30 o


Turn 250
================================================================
warning: entity 10 was directed to use 2 halite to move west, but only 0 halite was available
At command 22 of 31:
    20   m 46 s
    21   m 44 w
>>> 22   m 10 w
    23   m 0 n
    24   m 43 e


Turn 251
================================================================
warning: entity 0 was directed to use 6 halite to move north, but only 0 halite was available
At command 22 of 31:
    20   m 46 s
    21   m 22 o
>>> 22   m 0 n
    23   m 39 s
    24   m 29 s


Turn 252
================================================================
warning: entity 42 was directed to use 1 halite to move west, but only 0 halite was available
At command 15 of 31:
    13   m 0 e
    14   m 53 o
>>> 15   m 42 w
    16   m 47 n
    17   m 10 s

warning: entity 10 was directed to use 88 halite to move south, but only 6 halite was available
At command 17 of 31:
    15   m 42 w
    16   m 47 n
>>> 17   m 10 s
    18   m 44 w
    19   m 21 o

warning: entity 38 was directed to use 5 halite to move south, but only 2 halite was available
At command 29 of 31:
    27   m 29 o
    28   m 2 o
>>> 29   m 38 s
    30   m 43 e
    31   m 48 n


Turn 255
================================================================
warning: entity 42 was directed to use 2 halite to move south, but only 0 halite was available
At command 18 of 31:
    16   m 10 s
    17   m 29 n
>>> 18   m 42 s
    19   m 17 n
    20   m 2 n

warning: entity 38 was directed to use 12 halite to move south, but only 5 halite was available
At command 21 of 31:
    19   m 17 n
    20   m 2 n
>>> 21   m 38 s
    22   m 44 s
    23   m 45 w

warning: entity 0 was directed to use 11 halite to move north, but only 5 halite was available
At command 26 of 31:
    24   m 47 w
    25   m 22 s
>>> 26   m 0 n
    27   m 48 n
    28   m 12 w

warning: entity 41 was directed to use 5 halite to move north, but only 0 halite was available
At command 30 of 31:
    28   m 12 w
    29   m 46 s
>>> 30   m 41 n
    31   m 43 s


Turn 256
================================================================
warning: entity 45 was directed to use 2 halite to move west, but only 0 halite was available
At command 27 of 31:
    25   m 22 s
    26   m 44 n
>>> 27   m 45 w
    28   m 47 w
    29   m 48 n


Turn 258
================================================================
warning: entity 42 was directed to use 2 halite to move south, but only 0 halite was available
At command 18 of 31:
    16   m 43 s
    17   m 45 w
>>> 18   m 42 s
    19   m 38 s
    20   m 29 n

warning: entity 39 was directed to use 3 halite to move east, but only 0 halite was available
At command 22 of 31:
    20   m 29 n
    21   m 46 s
>>> 22   m 39 e
    23   m 30 w
    24   m 17 n

warning: entity 22 was directed to use 9 halite to move south, but only 6 halite was available
At command 29 of 31:
    27   m 2 n
    28   m 44 s
>>> 29   m 22 s
    30   m 12 w
    31   m 47 w


Turn 259
================================================================
warning: entity 45 was directed to use 4 halite to move west, but only 1 halite was available
At command 16 of 31:
    14   m 38 o
    15   m 43 s
>>> 16   m 45 w
    17   m 21 e
    18   m 34 s

warning: entity 41 was directed to use 8 halite to move north, but only 3 halite was available
At command 22 of 31:
    20   m 0 n
    21   m 48 n
>>> 22   m 41 n
    23   m 29 n
    24   m 46 w


Turn 260
================================================================
warning: entity 42 was directed to use 66 halite to move south, but only 5 halite was available
At command 19 of 31:
    17   m 6 o
    18   m 46 e
>>> 19   m 42 s
    20   m 44 s
    21   m 39 e

warning: entity 29 was directed to use 7 halite to move north, but only 2 halite was available
At command 26 of 31:
    24   m 0 n
    25   m 48 n
>>> 26   m 29 n
    27   m 30 w
    28   m 17 n


Turn 261
================================================================
warning: entity 39 was directed to use 4 halite to move north, but only 3 halite was available
At command 26 of 31:
    24   m 41 n
    25   m 44 s
>>> 26   m 39 n
    27   m 21 e
    28   m 0 n


Turn 262
================================================================
warning: entity 0 was directed to use 7 halite to move north, but only 4 halite was available
At command 29 of 31:
    27   m 41 n
    28   m 21 e
>>> 29   m 0 n
    30   m 48 n
    31   m 30 w


Turn 263
================================================================
warning: entity 45 was directed to use 49 halite to move west, but only 3 halite was available
At command 26 of 31:
    24   m 22 o
    25   m 47 s
>>> 26   m 45 w
    27   m 23 s
    28   m 44 o


Turn 264
================================================================
warning: entity 17 was directed to use 1 halite to move east, but only 0 halite was available
At command 23 of 31:
    21   m 11 n
    22   m 48 n
>>> 23   m 17 e
    24   m 39 n
    25   m 4 w


Turn 265
================================================================
warning: entity 39 was directed to use 5 halite to move north, but only 2 halite was available
At command 22 of 31:
    20   m 36 s
    21   m 12 s
>>> 22   m 39 n
    23   m 46 s
    24   m 11 w

warning: entity 41 was directed to use 7 halite to move north, but only 2 halite was available
At command 30 of 31:
    28   m 47 s
    29   m 23 s
>>> 30   m 41 n
    31   m 21 e


Turn 267
================================================================
warning: entity 17 was directed to use 13 halite to move south, but only 0 halite was available
At command 15 of 31:
    13   m 10 n
    14   m 52 n
>>> 15   m 17 s
    16   m 12 s
    17   m 29 n

warning: entity 46 was directed to use 6 halite to move south, but only 0 halite was available
At command 28 of 31:
    26   m 36 o
    27   m 23 w
>>> 28   m 46 s
    29   m 6 o
    30   m 42 s


Turn 269
================================================================
warning: entity 46 was directed to use 24 halite to move south, but only 13 halite was available
At command 19 of 31:
    17   m 48 n
    18   m 52 e
>>> 19   m 46 s
    20   m 29 s
    21   m 12 s

warning: entity 2 was directed to use 3 halite to move south, but only 0 halite was available
At command 26 of 31:
    24   m 42 o
    25   m 30 o
>>> 26   m 2 s
    27   m 45 e
    28   m 21 s


Turn 270
================================================================
warning: entity 39 was directed to use 3 halite to move north, but only 1 halite was available
At command 25 of 31:
    23   m 52 e
    24   m 11 e
>>> 25   m 39 n
    26   m 29 n
    27   m 12 s

warning: entity 41 was directed to use 14 halite to move north, but only 6 halite was available
At command 30 of 31:
    28   m 23 w
    29   m 45 w
>>> 30   m 41 n
    31   m 21 w


Turn 271
================================================================
warning: entity 44 was directed to use 2 halite to move east, but only 0 halite was available
At command 26 of 31:
    24   m 4 w
    25   m 52 e
>>> 26   m 44 e
    27   m 11 w
    28   m 12 s


Turn 272
================================================================
warning: entity 17 was directed to use 17 halite to move south, but only 12 halite was available
At command 25 of 31:
    23   m 23 s
    24   m 48 s
>>> 25   m 17 s
    26   m 21 s
    27   m 2 s

warning: entity 2 was directed to use 8 halite to move south, but only 4 halite was available
At command 27 of 31:
    25   m 17 s
    26   m 21 s
>>> 27   m 2 s
    28   m 47 s
    29   m 4 w


Turn 273
================================================================
warning: entity 41 was directed to use 11 halite to move north, but only 7 halite was available
At command 25 of 31:
    23   m 46 o
    24   m 30 s
>>> 25   m 41 n
    26   m 23 s
    27   m 48 s

warning: entity 48 was directed to use 3 halite to move south, but only 0 halite was available
At command 27 of 31:
    25   m 41 n
    26   m 23 s
>>> 27   m 48 s
    28   m 21 s
    29   m 47 s


Turn 274
================================================================
warning: entity 44 was directed to use 5 halite to move north, but only 2 halite was available
At command 20 of 31:
    18   m 49 w
    19   m 12 s
>>> 20   m 44 n
    21   m 38 o
    22   m 39 o


Turn 275
================================================================
warning: entity 2 was directed to use 18 halite to move south, but only 12 halite was available
At command 21 of 31:
    19   m 36 o
    20   m 46 s
>>> 21   m 2 s
    22   m 48 s
    23   m 17 s

warning: entity 48 was directed to use 10 halite to move south, but only 8 halite was available
At command 22 of 31:
    20   m 46 s
    21   m 2 s
>>> 22   m 48 s
    23   m 17 s
    24   m 49 w


Turn 276
================================================================
warning: entity 41 was directed to use 17 halite to move north, but only 13 halite was available
At command 22 of 31:
    20   m 51 w
    21   m 4 w
>>> 22   m 41 n
    23   m 44 n
    24   m 22 o


Turn 277
================================================================
warning: entity 44 was directed to use 8 halite to move north, but only 7 halite was available
At command 25 of 31:
    23   m 11 w
    24   m 4 w
>>> 25   m 44 n
    26   m 46 s
    27   m 49 w


Turn 279
================================================================
warning: entity 41 was directed to use 40 halite to move east, but only 15 halite was available
At command 14 of 31:
    12   m 30 o
    13   m 21 o
>>> 14   m 41 e
    15   m 11 n
    16   m 17 s

warning: entity 43 was directed to use 14 halite to move east, but only 0 halite was available
At command 26 of 31:
    24   m 36 o
    25   m 48 s
>>> 26   m 43 e
    27   m 23 w
    28   m 51 w


Turn 280
================================================================
warning: entity 17 was directed to use 17 halite to move south, but only 5 halite was available
At command 20 of 31:
    18   m 53 n
    19   m 49 e
>>> 20   m 17 s
    21   m 45 o
    22   m 12 e

warning: entity 12 was directed to use 4 halite to move east, but only 0 halite was available
At command 22 of 31:
    20   m 17 s
    21   m 45 o
>>> 22   m 12 e
    23   m 44 n
    24   m 0 s

warning: entity 2 was directed to use 10 halite to move south, but only 4 halite was available
At command 27 of 31:
    25   m 23 w
    26   m 47 w
>>> 27   m 2 s
    28   m 48 s
    29   m 51 e


Turn 281
================================================================
warning: entity 48 was directed to use 12 halite to move south, but only 4 halite was available
At command 29 of 31:
    27   m 23 e
    28   m 47 s
>>> 29   m 48 s
    30   m 51 w
    31   m 52 n


Turn 282
================================================================
warning: entity 2 was directed to use 27 halite to move south, but only 23 halite was available
At command 16 of 31:
    14   m 30 w
    15   m 49 n
>>> 16   m 2 s
    17   m 50 o
    18   m 21 s

warning: entity 12 was directed to use 10 halite to move east, but only 8 halite was available
At command 22 of 31:
    20   m 29 o
    21   m 43 e
>>> 22   m 12 e
    23   m 17 o
    24   m 4 s


Turn 284
================================================================
warning: entity 23 was directed to use 2 halite to move south, but only 0 halite was available
At command 24 of 31:
    22   m 30 s
    23   m 47 e
>>> 24   m 23 s
    25   m 11 n
    26   m 48 s

warning: entity 44 was directed to use 14 halite to move north, but only 2 halite was available
At command 30 of 31:
    28   m 43 e
    29   m 4 o
>>> 30   m 44 n
    31   m 52 o


Turn 286
================================================================
warning: entity 23 was directed to use 7 halite to move east, but only 4 halite was available
At command 18 of 31:
    16   m 47 e
    17   m 45 o
>>> 18   m 23 e
    19   m 38 o
    20   m 0 o


Turn 287
================================================================
warning: entity 44 was directed to use 29 halite to move north, but only 15 halite was available
At command 24 of 31:
    22   m 11 w
    23   m 30 e
>>> 24   m 44 n
    25   m 50 w
    26   m 51 w

warning: entity 48 was directed to use 6 halite to move east, but only 5 halite was available
At command 30 of 31:
    28   m 12 w
    29   m 49 e
>>> 30   m 48 e
    31   m 43 e


Turn 288
================================================================
warning: entity 30 was directed to use 1 halite to move east, but only 0 halite was available
At command 25 of 31:
    23   m 46 o
    24   m 23 e
>>> 25   m 30 e
    26   m 47 s
    27   m 50 w

warning: entity 43 was directed to use 6 halite to move east, but only 2 halite was available
At command 31 of 31:
    29   m 12 o
    30   m 49 n
>>> 31   m 43 e


Turn 289
================================================================
warning: entity 47 was directed to use 8 halite to move east, but only 1 halite was available
At command 28 of 31:
    26   m 11 e
    27   m 23 s
>>> 28   m 47 e
    29   m 50 w
    30   m 51 n


Turn 290
================================================================
warning: entity 30 was directed to use 10 halite to move south, but only 3 halite was available
At command 19 of 31:
    17   m 36 o
    18   m 34 o
>>> 19   m 30 s
    20   m 6 e
    21   m 4 s

warning: entity 52 was directed to use 2 halite to move south, but only 0 halite was available
At command 28 of 31:
    26   m 48 o
    27   m 38 e
>>> 28   m 52 s
    29   m 23 s
    30   m 51 w


Turn 292
================================================================
warning: entity 23 was directed to use 1 halite to move west, but only 0 halite was available
At command 29 of 31:
    27   m 47 e
    28   m 38 e
>>> 29   m 23 w
    30   m 51 s
    31   m 49 w


Turn 293
================================================================
warning: entity 52 was directed to use 6 halite to move south, but only 3 halite was available
At command 24 of 31:
    22   m 41 o
    23   m 12 n
>>> 24   m 52 s
    25   m 4 e
    26   m 47 e

warning: entity 30 was directed to use 60 halite to move east, but only 17 halite was available
At command 27 of 31:
    25   m 4 e
    26   m 47 e
>>> 27   m 30 e
    28   m 50 e
    29   m 38 e


Turn 294
================================================================
warning: entity 12 was directed to use 26 halite to move north, but only 3 halite was available
At command 25 of 31:
    23   m 23 e
    24   m 21 o
>>> 25   m 12 n
    26   m 4 e
    27   m 47 e


Turn 295
================================================================
warning: entity 47 was directed to use 8 halite to move east, but only 6 halite was available
At command 18 of 31:
    16   m 12 e
    17   m 48 o
>>> 18   m 47 e
    19   m 23 e
    20   m 51 s

warning: entity 4 was directed to use 1 halite to move east, but only 0 halite was available
At command 28 of 31:
    26   m 30 e
    27   m 6 s
>>> 28   m 4 e
    29   m 49 n
    30   m 50 w


Turn 296
================================================================
warning: entity 11 was directed to use 1 halite to move south, but only 0 halite was available
At command 26 of 31:
    24   m 30 e
    25   m 51 s
>>> 26   m 11 s
    27   m 52 s
    28   m 6 e

warning: entity 52 was directed to use 13 halite to move south, but only 7 halite was available
At command 27 of 31:
    25   m 51 s
    26   m 11 s
>>> 27   m 52 s
    28   m 6 e
    29   m 49 n


Turn 297
================================================================
warning: entity 4 was directed to use 9 halite to move east, but only 3 halite was available
At command 19 of 31:
    17   m 51 s
    18   m 30 e
>>> 19   m 4 e
    20   m 17 o
    21   m 12 n


Turn 298
================================================================
warning: entity 23 was directed to use 1 halite to move east, but only 0 halite was available
At command 29 of 31:
    27   m 47 e
    28   m 21 s
>>> 29   m 23 e
    30   m 6 e
    31   m 49 o


Turn 299
================================================================
warning: entity 52 was directed to use 9 halite to move south, but only 3 halite was available
At command 30 of 31:
    28   m 51 e
    29   m 53 e
>>> 30   m 52 s
    31   m 6 n


Turn 301
================================================================
warning: entity 11 was directed to use 7 halite to move south, but only 4 halite was available
At command 27 of 31:
    25   m 22 e
    26   m 6 n
>>> 27   m 11 s
    28   m 47 o
    29   m 38 n


Turn 302
================================================================
warning: entity 51 was directed to use 3 halite to move north, but only 0 halite was available
At command 23 of 31:
    21   m 10 o
    22   m 45 o
>>> 23   m 51 n
    24   m 29 o
    25   m 50 n

warning: entity 52 was directed to use 19 halite to move south, but only 2 halite was available
At command 26 of 31:
    24   m 29 o
    25   m 50 n
>>> 26   m 52 s
    27   m 4 e
    28   m 6 s


Turn 303
================================================================
warning: entity 4 was directed to use 5 halite to move east, but only 1 halite was available
At command 25 of 31:
    23   m 11 s
    24   m 49 n
>>> 25   m 4 e
    26   m 36 w
    27   m 22 e


Turn 304
================================================================
warning: entity 11 was directed to use 28 halite to move south, but only 7 halite was available
At command 18 of 31:
    16   m 22 e
    17   m 17 o
>>> 18   m 11 s
    19   m 49 n
    20   m 43 o


Turn 306
================================================================
warning: entity 52 was directed to use 10 halite to move west, but only 9 halite was available
At command 28 of 31:
    26   m 4 n
    27   m 22 e
>>> 28   m 52 w
    29   m 36 w
    30   m 6 s


Turn 307
================================================================
warning: entity 51 was directed to use 4 halite to move west, but only 0 halite was available
At command 17 of 31:
    15   m 47 o
    16   m 44 o
>>> 17   m 51 w
    18   m 43 o
    19   m 39 o


Turn 310
================================================================
warning: entity 49 was directed to use 1 halite to move west, but only 0 halite was available
At command 27 of 31:
    25   m 51 w
    26   m 6 s
>>> 27   m 49 w
    28   m 4 o
    29   m 50 n


Turn 312
================================================================
warning: entity 49 was directed to use 4 halite to move south, but only 3 halite was available
At command 26 of 31:
    24   m 38 n
    25   m 21 s
>>> 26   m 49 s
    27   m 22 n
    28   m 11 o


Turn 315
================================================================
warning: entity 49 was directed to use 10 halite to move south, but only 6 halite was available
At command 25 of 31:
    23   m 47 s
    24   m 11 o
>>> 25   m 49 s
    26   m 36 n
    27   m 51 n


Turn 316
================================================================
warning: entity 51 was directed to use 5 halite to move north, but only 0 halite was available
At command 24 of 31:
    22   m 30 o
    23   m 43 w
>>> 24   m 51 n
    25   m 45 o
    26   m 10 s


Turn 319
================================================================
warning: entity 6 was directed to use 2 halite to move north, but only 0 halite was available
At command 17 of 31:
    15   m 46 o
    16   m 38 s
>>> 17   m 6 n
    18   m 0 o
    19   m 47 o

warning: entity 49 was directed to use 16 halite to move south, but only 4 halite was available
At command 25 of 31:
    23   m 45 e
    24   m 22 o
>>> 25   m 49 s
    26   m 21 o
    27   m 11 o


Turn 320
================================================================
warning: entity 51 was directed to use 12 halite to move north, but only 2 halite was available
At command 25 of 31:
    23   m 30 o
    24   m 53 e
>>> 25   m 51 n
    26   m 38 n
    27   m 2 o


Turn 321
================================================================
warning: entity 6 was directed to use 6 halite to move north, but only 5 halite was available
At command 18 of 31:
    16   m 39 o
    17   m 43 w
>>> 18   m 6 n
    19   m 17 s
    20   m 34 o


Turn 322
================================================================
warning: entity 50 was directed to use 1 halite to move south, but only 0 halite was available
At command 27 of 31:
    25   m 22 w
    26   m 17 o
>>> 27   m 50 s
    28   m 38 w
    29   m 53 n


Turn 323
================================================================
warning: entity 53 was directed to use 1 halite to move north, but only 0 halite was available
At command 29 of 31:
    27   m 51 o
    28   m 38 w
>>> 29   m 53 n
    30   m 36 o
    31   m 42 n


Turn 324
================================================================
warning: entity 49 was directed to use 20 halite to move south, but only 14 halite was available
At command 19 of 31:
    17   m 23 o
    18   m 29 o
>>> 19   m 49 s
    20   m 21 o
    21   m 30 o

warning: entity 50 was directed to use 5 halite to move south, but only 3 halite was available
At command 25 of 31:
    23   m 22 n
    24   m 34 w
>>> 25   m 50 s
    26   m 45 e
    27   m 43 w


Turn 325
================================================================
warning: entity 38 was directed to use 3 halite to move west, but only 0 halite was available
At command 30 of 31:
    28   m 43 w
    29   m 6 n
>>> 30   m 38 w
    31   m 42 n


Turn 326
================================================================
warning: entity 53 was directed to use 11 halite to move north, but only 0 halite was available
At command 16 of 31:
    14   m 44 o
    15   m 38 w
>>> 16   m 53 n
    17   m 39 o
    18   m 11 o


Turn 327
================================================================
warning: entity 6 was directed to use 6 halite to move north, but only 1 halite was available
At command 30 of 31:
    28   m 45 e
    29   m 10 n
>>> 30   m 6 n
    31   m 42 n


Turn 329
================================================================
warning: entity 6 was directed to use 16 halite to move north, but only 13 halite was available
At command 25 of 31:
    23   m 22 w
    24   m 39 w
>>> 25   m 6 n
    26   m 0 w
    27   m 43 n


Turn 330
================================================================
warning: entity 53 was directed to use 12 halite to move north, but only 7 halite was available
At command 21 of 31:
    19   m 30 o
    20   m 22 w
>>> 21   m 53 n
    22   m 47 o
    23   m 21 o


Turn 332
================================================================
warning: entity 50 was directed to use 9 halite to move south, but only 8 halite was available
At command 19 of 31:
    17   m 12 o
    18   m 53 e
>>> 19   m 50 s
    20   m 36 e
    21   m 41 w

warning: entity 36 was directed to use 1 halite to move east, but only 0 halite was available
At command 20 of 31:
    18   m 53 e
    19   m 50 s
>>> 20   m 36 e
    21   m 41 w
    22   m 29 w

warning: entity 22 was directed to use 1 halite to move west, but only 0 halite was available
At command 24 of 31:
    22   m 29 w
    23   m 42 w
>>> 24   m 22 w
    25   m 6 n
    26   m 10 n

warning: entity 6 was directed to use 26 halite to move north, but only 23 halite was available
At command 25 of 31:
    23   m 42 w
    24   m 22 w
>>> 25   m 6 n
    26   m 10 n
    27   m 39 w

warning: entity 38 was directed to use 2 halite to move north, but only 1 halite was available
At command 30 of 31:
    28   m 0 w
    29   m 43 o
>>> 30   m 38 n
    31   m 45 n


Turn 334
================================================================
warning: entity 36 was directed to use 7 halite to move north, but only 3 halite was available
At command 22 of 31:
    20   m 45 n
    21   m 50 s
>>> 22   m 36 n
    23   m 53 n
    24   m 22 w


Turn 335
================================================================
warning: entity 22 was directed to use 1 halite to move west, but only 0 halite was available
At command 24 of 31:
    22   m 50 s
    23   m 53 o
>>> 24   m 22 w
    25   m 0 w
    26   m 38 n


Turn 337
================================================================
warning: entity 42 was directed to use 3 halite to move west, but only 0 halite was available
At command 27 of 31:
    25   m 45 n
    26   m 50 s
>>> 27   m 42 w
    28   m 29 w
    29   m 41 n


Turn 338
================================================================
warning: entity 53 was directed to use 19 halite to move north, but only 17 halite was available
At command 24 of 31:
    22   m 36 n
    23   m 6 o
>>> 24   m 53 n
    25   m 0 s
    26   m 22 n


Turn 339
================================================================
warning: entity 36 was directed to use 4 halite to move north, but only 2 halite was available
At command 27 of 31:
    25   m 50 o
    26   m 34 o
>>> 27   m 36 n
    28   m 22 n
    29   m 43 s

warning: entity 43 was directed to use 7 halite to move south, but only 0 halite was available
At command 29 of 31:
    27   m 36 n
    28   m 22 n
>>> 29   m 43 s
    30   m 41 n
    31   m 39 s


Turn 341
================================================================
warning: entity 38 was directed to use 3 halite to move north, but only 0 halite was available
At command 24 of 31:
    22   m 50 o
    23   m 29 w
>>> 24   m 38 n
    25   m 10 w
    26   m 0 s

warning: entity 10 was directed to use 2 halite to move west, but only 0 halite was available
At command 25 of 31:
    23   m 29 w
    24   m 38 n
>>> 25   m 10 w
    26   m 0 s
    27   m 39 s


Turn 342
================================================================
warning: entity 53 was directed to use 33 halite to move north, but only 7 halite was available
At command 24 of 31:
    22   m 6 o
    23   m 45 e
>>> 24   m 53 n
    25   m 36 e
    26   m 29 s


Turn 343
================================================================
warning: entity 36 was directed to use 2 halite to move south, but only 0 halite was available
At command 15 of 31:
    13   m 2 o
    14   m 29 w
>>> 15   m 36 s
    16   m 30 o
    17   m 23 o


Turn 344
================================================================
warning: entity 45 was directed to use 4 halite to move east, but only 0 halite was available
At command 26 of 31:
    24   m 0 s
    25   m 42 n
>>> 26   m 45 e
    27   m 22 n
    28   m 43 s

warning: entity 22 was directed to use 1 halite to move north, but only 0 halite was available
At command 27 of 31:
    25   m 42 n
    26   m 45 e
>>> 27   m 22 n
    28   m 43 s
    29   m 39 s


Turn 346
================================================================
warning: entity 10 was directed to use 2 halite to move north, but only 1 halite was available
At command 29 of 31:
    27   m 23 o
    28   m 53 o
>>> 29   m 10 n
    30   m 42 w
    31   m 46 n


Turn 347
================================================================
warning: entity 22 was directed to use 77 halite to move west, but only 0 halite was available
At command 29 of 31:
    27   m 45 s
    28   m 0 w
>>> 29   m 22 w
    30   m 8 e
    31   m 46 e


Turn 349
================================================================
warning: entity 42 was directed to use 1 halite to move north, but only 0 halite was available
At command 27 of 31:
    25   m 2 e
    26   m 29 o
>>> 27   m 42 n
    28   m 43 e
    29   m 0 w


Turn 350
================================================================
warning: entity 0 was directed to use 1 halite to move west, but only 0 halite was available
At command 30 of 31:
    28   m 2 e
    29   m 43 e
>>> 30   m 0 w
    31   m 46 n


Turn 352
================================================================
warning: entity 41 was directed to use 2 halite to move west, but only 0 halite was available
At command 24 of 31:
    22   m 0 w
    23   m 39 s
>>> 24   m 41 w
    25   m 52 o
    26   m 45 s


Turn 354
================================================================
warning: entity 45 was directed to use 2 halite to move south, but only 0 halite was available
At command 27 of 31:
    25   m 44 w
    26   m 43 e
>>> 27   m 45 s
    28   m 10 n
    29   m 8 s


Turn 355
================================================================
warning: entity 10 was directed to use 3 halite to move north, but only 2 halite was available
At command 21 of 31:
    19   m 4 o
    20   m 34 w
>>> 21   m 10 n
    22   m 39 s
    23   m 38 o

warning: entity 0 was directed to use 2 halite to move north, but only 0 halite was available
At command 24 of 31:
    22   m 39 s
    23   m 38 o
>>> 24   m 0 n
    25   m 6 s
    26   m 12 o


Turn 357
================================================================
warning: entity 45 was directed to use 10 halite to move east, but only 2 halite was available
At command 27 of 31:
    25   m 10 w
    26   m 2 n
>>> 27   m 45 e
    28   m 41 n
    29   m 6 o


Turn 359
================================================================
warning: entity 10 was directed to use 58 halite to move north, but only 5 halite was available
At command 29 of 31:
    27   m 41 n
    28   m 46 o
>>> 29   m 10 n
    30   m 2 n
    31   m 44 s


Turn 361
================================================================
warning: entity 8 was directed to use 1 halite to move west, but only 0 halite was available
At command 19 of 31:
    17   m 53 e
    18   m 50 o
>>> 19   m 8 w
    20   m 48 w
    21   m 22 o

warning: entity 41 was directed to use 1 halite to move north, but only 0 halite was available
At command 29 of 31:
    27   m 39 o
    28   m 34 w
>>> 29   m 41 n
    30   m 2 w
    31   m 44 s


Turn 364
================================================================
warning: entity 41 was directed to use 2 halite to move north, but only 1 halite was available
At command 24 of 31:
    22   m 29 w
    23   m 8 n
>>> 24   m 41 n
    25   m 0 n
    26   m 46 n


Turn 365
================================================================
warning: entity 29 was directed to use 1 halite to move west, but only 0 halite was available
At command 18 of 31:
    16   m 52 o
    17   m 41 n
>>> 18   m 29 w
    19   m 49 e
    20   m 43 o


Turn 367
================================================================
warning: entity 39 was directed to use 1 halite to move west, but only 0 halite was available
At command 27 of 31:
    25   m 21 e
    26   m 46 s
>>> 27   m 39 w
    28   m 44 s
    29   m 51 e


Turn 368
================================================================
warning: entity 29 was directed to use 3 halite to move west, but only 2 halite was available
At command 15 of 30:
    13   m 42 o
    14   m 39 w
>>> 15   m 29 w
    16   m 45 o
    17   m 11 o


Turn 370
================================================================
warning: entity 0 was directed to use 43 halite to move north, but only 12 halite was available
At command 16 of 30:
    14   m 48 w
    15   m 44 w
>>> 16   m 0 n
    17   m 52 e
    18   m 21 s

warning: entity 8 was directed to use 1 halite to move north, but only 0 halite was available
At command 27 of 30:
    25   m 34 n
    26   m 49 n
>>> 27   m 8 n
    28   m 2 e
    29   m 46 e

warning: entity 46 was directed to use 3 halite to move east, but only 0 halite was available
At command 29 of 30:
    27   m 8 n
    28   m 2 e
>>> 29   m 46 e
    30   m 51 s


Turn 372
================================================================
warning: entity 39 was directed to use 1 halite to move west, but only 0 halite was available
At command 19 of 29:
    17   m 0 s
    18   m 4 o
>>> 19   m 39 w
    20   m 8 n
    21   m 52 e


Turn 374
================================================================
warning: entity 2 was directed to use 3 halite to move north, but only 0 halite was available
At command 24 of 29:
    22   m 22 o
    23   m 45 o
>>> 24   m 2 n
    25   m 52 s
    26   m 21 e


Turn 376
================================================================
warning: entity 44 was directed to use 1 halite to move north, but only 0 halite was available
At command 23 of 29:
    21   m 50 o
    22   m 34 n
>>> 23   m 44 n
    24   m 29 n
    25   m 39 n


Turn 377
================================================================
warning: entity 2 was directed to use 6 halite to move north, but only 4 halite was available
At command 25 of 29:
    23   m 21 e
    24   m 52 n
>>> 25   m 2 n
    26   m 29 o
    27   m 49 n


Turn 379
================================================================
warning: entity 44 was directed to use 3 halite to move north, but only 2 halite was available
At command 25 of 29:
    23   m 34 e
    24   m 51 s
>>> 25   m 44 n
    26   m 52 n
    27   m 21 o


Turn 383
================================================================
warning: entity 44 was directed to use 4 halite to move north, but only 3 halite was available
At command 19 of 28:
    17   m 34 o
    18   m 8 o
>>> 19   m 44 n
    20   m 2 n
    21   m 10 o


Turn 387
================================================================
warning: entity 51 was directed to use 5 halite to move north, but only 0 halite was available
At command 20 of 27:
    18   m 43 o
    19   m 21 n
>>> 20   m 51 n
    21   m 34 e
    22   m 52 n


Turn 388
================================================================
warning: entity 44 was directed to use 8 halite to move north, but only 1 halite was available
At command 26 of 27:
    24   m 2 s
    25   m 52 n
>>> 26   m 44 n
    27   m 48 n


Turn 389
================================================================
warning: entity 48 was directed to use 4 halite to move north, but only 0 halite was available
At command 18 of 27:
    16   m 42 e
    17   m 21 n
>>> 18   m 48 n
    19   m 34 n
    20   m 49 s


Turn 390
================================================================
warning: entity 44 was directed to use 33 halite to move north, but only 16 halite was available
At command 20 of 27:
    18   m 52 o
    19   m 10 o
>>> 20   m 44 n
    21   m 42 e
    22   m 34 n

warning: entity 34 was directed to use 1 halite to move north, but only 0 halite was available
At command 22 of 27:
    20   m 44 n
    21   m 42 e
>>> 22   m 34 n
    23   m 21 n
    24   m 49 w

warning: entity 51 was directed to use 17 halite to move north, but only 2 halite was available
At command 26 of 27:
    24   m 49 w
    25   m 23 s
>>> 26   m 51 n
    27   m 22 e


Turn 392
================================================================
warning: entity 49 was directed to use 1 halite to move west, but only 0 halite was available
At command 20 of 27:
    18   m 6 o
    19   m 42 e
>>> 20   m 49 w
    21   m 2 o
    22   m 51 n


Turn 395
================================================================
warning: entity 48 was directed to use 13 halite to move north, but only 8 halite was available
At command 21 of 27:
    19   m 44 o
    20   m 23 w
>>> 21   m 48 n
    22   m 50 w
    23   m 51 n

warning: entity 49 was directed to use 3 halite to move west, but only 0 halite was available
At command 24 of 27:
    22   m 50 w
    23   m 51 n
>>> 24   m 49 w
    25   m 42 e
    26   m 52 w


Turn 396
================================================================
warning: entity 34 was directed to use 6 halite to move north, but only 4 halite was available
At command 22 of 27:
    20   m 45 o
    21   m 21 e
>>> 22   m 34 n
    23   m 50 w
    24   m 22 s

warning: entity 51 was directed to use 20 halite to move north, but only 18 halite was available
At command 25 of 27:
    23   m 50 w
    24   m 22 s
>>> 25   m 51 n
    26   m 42 e
    27   m 52 w


Turn 398
================================================================
warning: entity 52 was directed to use 1 halite to move west, but only 0 halite was available
At command 19 of 27:
    17   m 34 n
    18   m 48 n
>>> 19   m 52 w
    20   m 22 s
    21   m 23 w

warning: entity 49 was directed to use 3 halite to move west, but only 1 halite was available
At command 22 of 27:
    20   m 22 s
    21   m 23 w
>>> 22   m 49 w
    23   m 10 o
    24   m 17 n

warning: entity 21 was directed to use 1 halite to move north, but only 0 halite was available
At command 25 of 27:
    23   m 10 o
    24   m 17 n
>>> 25   m 21 n
    26   m 50 w
    27   m 42 e

