
Turn 5
================================================================
warning: entity 2 was directed to use 9 halite to move east, but only 0 halite was available
At command 2 of 3:
    1   m 0 o
>>> 2   m 2 e
    3   g


Turn 7
================================================================
warning: entity 4 was directed to use 22 halite to move south, but only 0 halite was available
At command 3 of 4:
    1   m 0 o
    2   m 2 o
>>> 3   m 4 s
    4   g


Turn 9
================================================================
warning: entity 6 was directed to use 5 halite to move north, but only 0 halite was available
At command 1 of 5:
>>> 1   m 6 n
    2   m 4 s
    3   m 0 o


Turn 11
================================================================
warning: entity 8 was directed to use 7 halite to move north, but only 0 halite was available
At command 1 of 5:
>>> 1   m 8 n
    2   m 0 s
    3   m 2 o


Turn 51
================================================================
warning: entity 0 was directed to use 16 halite to move west, but only 0 halite was available
At command 2 of 5:
    1   m 6 n
>>> 2   m 0 w
    3   m 8 w
    4   m 4 o


Turn 54
================================================================
warning: entity 0 was directed to use 4 halite to move west, but only 0 halite was available
At command 1 of 5:
>>> 1   m 0 w
    2   m 8 n
    3   m 4 o


Turn 75
================================================================
warning: entity 2 was directed to use 12 halite to move east, but only 0 halite was available
At command 5 of 5:
    3   m 6 s
    4   m 4 n
>>> 5   m 2 e


Turn 77
================================================================
warning: entity 4 was directed to use 5 halite to move north, but only 0 halite was available
At command 5 of 6:
    3   m 2 s
    4   m 6 s
>>> 5   m 4 n
    6   g


Turn 79
================================================================
warning: entity 13 was directed to use 9 halite to move east, but only 0 halite was available
At command 6 of 7:
    4   m 2 o
    5   m 6 s
>>> 6   m 13 e
    7   g


Turn 81
================================================================
warning: entity 14 was directed to use 12 halite to move west, but only 0 halite was available
At command 7 of 7:
    5   m 13 e
    6   m 6 s
>>> 7   m 14 w


Turn 83
================================================================
warning: entity 6 was directed to use 4 halite to move east, but only 0 halite was available
At command 6 of 8:
    4   m 4 o
    5   m 14 s
>>> 6   m 6 e
    7   m 13 o
    8   g


Turn 85
================================================================
warning: entity 16 was directed to use 3 halite to move west, but only 0 halite was available
At command 1 of 8:
>>> 1   m 16 w
    2   m 0 n
    3   m 8 o


Turn 88
================================================================
warning: entity 16 was directed to use 3 halite to move west, but only 0 halite was available
At command 2 of 8:
    1   m 8 o
>>> 2   m 16 w
    3   m 0 o
    4   m 4 o


Turn 105
================================================================
warning: entity 0 was directed to use 9 halite to move west, but only 0 halite was available
At command 8 of 9:
    6   m 16 e
    7   m 8 e
>>> 8   m 0 w
    9   g


Turn 107
================================================================
warning: entity 17 was directed to use 3 halite to move east, but only 0 halite was available
At command 7 of 9:
    5   m 16 e
    6   m 2 o
>>> 7   m 17 e
    8   m 13 o
    9   m 0 o


Turn 110
================================================================
warning: entity 17 was directed to use 1 halite to move east, but only 0 halite was available
At command 6 of 9:
    4   m 13 n
    5   m 2 n
>>> 6   m 17 e
    7   m 8 e
    8   m 0 s

warning: entity 8 was directed to use 6 halite to move east, but only 0 halite was available
At command 7 of 9:
    5   m 2 n
    6   m 17 e
>>> 7   m 8 e
    8   m 0 s
    9   m 16 e


Turn 112
================================================================
warning: entity 16 was directed to use 2 halite to move east, but only 0 halite was available
At command 9 of 10:
    7   m 4 o
    8   m 6 o
>>> 9   m 16 e
    10   g


Turn 113
================================================================
warning: entity 17 was directed to use 7 halite to move south, but only 3 halite was available
At command 8 of 10:
    6   m 16 w
    7   m 13 w
>>> 8   m 17 s
    9   m 8 e
    10   m 20 w

warning: entity 8 was directed to use 11 halite to move east, but only 7 halite was available
At command 9 of 10:
    7   m 13 w
    8   m 17 s
>>> 9   m 8 e
    10   m 20 w


Turn 114
================================================================
warning: entity 20 was directed to use 2 halite to move west, but only 0 halite was available
At command 9 of 11:
    7   m 6 n
    8   m 16 w
>>> 9   m 20 w
    10   m 13 w
    11   g


Turn 116
================================================================
warning: entity 20 was directed to use 6 halite to move south, but only 5 halite was available
At command 6 of 11:
    4   m 6 s
    5   m 0 o
>>> 6   m 20 s
    7   m 16 w
    8   m 13 w

warning: entity 16 was directed to use 3 halite to move west, but only 2 halite was available
At command 7 of 11:
    5   m 0 o
    6   m 20 s
>>> 7   m 16 w
    8   m 13 w
    9   m 21 e

warning: entity 21 was directed to use 5 halite to move east, but only 0 halite was available
At command 9 of 11:
    7   m 16 w
    8   m 13 w
>>> 9   m 21 e
    10   m 14 e
    11   m 8 e


Turn 119
================================================================
warning: entity 21 was directed to use 7 halite to move east, but only 4 halite was available
At command 8 of 11:
    6   m 14 e
    7   m 13 w
>>> 8   m 21 e
    9   m 20 s
    10   m 16 o


Turn 120
================================================================
warning: entity 20 was directed to use 8 halite to move south, but only 5 halite was available
At command 11 of 11:
    9   m 14 n
    10   m 13 s
>>> 11   m 20 s


Turn 122
================================================================
warning: entity 13 was directed to use 1 halite to move west, but only 0 halite was available
At command 10 of 12:
    8   m 0 o
    9   m 20 o
>>> 10   m 13 w
    11   m 14 n
    12   g


Turn 123
================================================================
warning: entity 21 was directed to use 15 halite to move north, but only 7 halite was available
At command 9 of 12:
    7   m 20 w
    8   m 13 w
>>> 9   m 21 n
    10   m 2 w
    11   m 14 o


Turn 124
================================================================
warning: entity 24 was directed to use 1 halite to move east, but only 0 halite was available
At command 12 of 12:
    10   m 13 w
    11   m 2 w
>>> 12   m 24 e


Turn 125
================================================================
warning: entity 13 was directed to use 2 halite to move west, but only 0 halite was available
At command 12 of 12:
    10   m 21 o
    11   m 2 w
>>> 12   m 13 w


Turn 126
================================================================
warning: entity 24 was directed to use 6 halite to move east, but only 3 halite was available
At command 9 of 13:
    7   m 13 w
    8   m 4 o
>>> 9   m 24 e
    10   m 17 o
    11   m 14 w

warning: entity 14 was directed to use 5 halite to move west, but only 0 halite was available
At command 11 of 13:
    9   m 24 e
    10   m 17 o
>>> 11   m 14 w
    12   m 2 w
    13   g


Turn 127
================================================================
warning: entity 13 was directed to use 6 halite to move west, but only 5 halite was available
At command 11 of 13:
    9   m 6 s
    10   m 0 o
>>> 11   m 13 w
    12   m 2 o
    13   m 25 e


Turn 128
================================================================
warning: entity 25 was directed to use 3 halite to move east, but only 0 halite was available
At command 7 of 13:
    5   m 13 w
    6   m 2 n
>>> 7   m 25 e
    8   m 20 o
    9   m 4 w


Turn 130
================================================================
warning: entity 14 was directed to use 6 halite to move west, but only 5 halite was available
At command 8 of 13:
    6   m 4 s
    7   m 25 s
>>> 8   m 14 w
    9   m 2 n
    10   m 13 s

warning: entity 13 was directed to use 13 halite to move south, but only 9 halite was available
At command 10 of 13:
    8   m 14 w
    9   m 2 n
>>> 10   m 13 s
    11   m 8 e
    12   m 24 e


Turn 131
================================================================
warning: entity 2 was directed to use 1 halite to move west, but only 0 halite was available
At command 8 of 14:
    6   m 14 w
    7   m 13 s
>>> 8   m 2 w
    9   m 4 s
    10   m 25 s

warning: entity 25 was directed to use 8 halite to move south, but only 2 halite was available
At command 10 of 14:
    8   m 2 w
    9   m 4 s
>>> 10   m 25 s
    11   m 24 n
    12   m 8 o


Turn 132
================================================================
warning: entity 24 was directed to use 9 halite to move east, but only 2 halite was available
At command 12 of 14:
    10   m 6 o
    11   m 13 o
>>> 12   m 24 e
    13   m 14 w
    14   m 26 o


Turn 133
================================================================
warning: entity 2 was directed to use 5 halite to move east, but only 3 halite was available
At command 9 of 14:
    7   m 24 e
    8   m 26 w
>>> 9   m 2 e
    10   m 25 e
    11   m 20 o


Turn 134
================================================================
warning: entity 26 was directed to use 1 halite to move south, but only 0 halite was available
At command 7 of 14:
    5   m 20 o
    6   m 14 w
>>> 7   m 26 s
    8   m 4 s
    9   m 21 w


Turn 136
================================================================
warning: entity 26 was directed to use 4 halite to move west, but only 3 halite was available
At command 8 of 14:
    6   m 14 o
    7   m 17 o
>>> 8   m 26 w
    9   m 4 s
    10   m 21 s

warning: entity 25 was directed to use 12 halite to move south, but only 7 halite was available
At command 13 of 14:
    11   m 6 e
    12   m 2 o
>>> 13   m 25 s
    14   m 0 w


Turn 142
================================================================
warning: entity 21 was directed to use 3 halite to move south, but only 0 halite was available
At command 13 of 15:
    11   m 14 o
    12   m 13 w
>>> 13   m 21 s
    14   m 6 e
    15   g


Turn 146
================================================================
warning: entity 4 was directed to use 2 halite to move south, but only 0 halite was available
At command 14 of 15:
    12   m 13 o
    13   m 6 s
>>> 14   m 4 s
    15   m 21 n


Turn 147
================================================================
warning: entity 21 was directed to use 6 halite to move south, but only 0 halite was available
At command 15 of 15:
    13   m 14 o
    14   m 6 w
>>> 15   m 21 s


Turn 150
================================================================
warning: entity 31 was directed to use 2 halite to move south, but only 0 halite was available
At command 16 of 16:
    14   m 4 e
    15   m 20 e
>>> 16   m 31 s


Turn 151
================================================================
warning: entity 6 was directed to use 3 halite to move west, but only 1 halite was available
At command 13 of 16:
    11   m 21 w
    12   m 25 o
>>> 13   m 6 w
    14   m 14 e
    15   m 4 e

warning: entity 4 was directed to use 7 halite to move east, but only 0 halite was available
At command 15 of 16:
    13   m 6 w
    14   m 14 e
>>> 15   m 4 e
    16   m 20 e


Turn 152
================================================================
warning: entity 21 was directed to use 18 halite to move west, but only 1 halite was available
At command 14 of 16:
    12   m 16 o
    13   m 8 o
>>> 14   m 21 w
    15   m 14 e
    16   m 20 n


Turn 153
================================================================
warning: entity 31 was directed to use 4 halite to move west, but only 3 halite was available
At command 16 of 16:
    14   m 20 n
    15   m 6 s
>>> 16   m 31 w


Turn 154
================================================================
warning: entity 4 was directed to use 10 halite to move east, but only 8 halite was available
At command 14 of 16:
    12   m 24 o
    13   m 14 e
>>> 14   m 4 e
    15   m 13 e
    16   m 6 w

warning: entity 6 was directed to use 8 halite to move west, but only 4 halite was available
At command 16 of 16:
    14   m 4 e
    15   m 13 e
>>> 16   m 6 w


Turn 162
================================================================
warning: entity 13 was directed to use 2 halite to move south, but only 0 halite was available
At command 15 of 15:
    13   m 16 w
    14   m 8 s
>>> 15   m 13 s


Turn 164
================================================================
warning: entity 14 was directed to use 3 halite to move west, but only 0 halite was available
At command 14 of 15:
    12   m 0 e
    13   m 29 s
>>> 14   m 14 w
    15   m 8 n


Turn 165
================================================================
warning: entity 13 was directed to use 13 halite to move south, but only 2 halite was available
At command 11 of 16:
    9   m 6 n
    10   m 31 o
>>> 11   m 13 s
    12   m 0 e
    13   m 20 s


Turn 171
================================================================
warning: entity 14 was directed to use 5 halite to move north, but only 0 halite was available
At command 13 of 18:
    11   m 31 o
    12   m 8 n
>>> 13   m 14 n
    14   m 2 o
    15   m 25 n

warning: entity 36 was directed to use 2 halite to move south, but only 0 halite was available
At command 17 of 18:
    15   m 25 n
    16   m 0 w
>>> 17   m 36 s
    18   g


Turn 174
================================================================
warning: entity 0 was directed to use 2 halite to move west, but only 0 halite was available
At command 13 of 19:
    11   m 4 o
    12   m 37 w
>>> 13   m 0 w
    14   m 20 s
    15   m 36 w

warning: entity 36 was directed to use 4 halite to move west, but only 1 halite was available
At command 15 of 19:
    13   m 0 w
    14   m 20 s
>>> 15   m 36 w
    16   m 31 o
    17   m 8 n


Turn 175
================================================================
warning: entity 35 was directed to use 6 halite to move south, but only 3 halite was available
At command 15 of 19:
    13   m 21 o
    14   m 17 w
>>> 15   m 35 s
    16   m 37 w
    17   m 38 w

warning: entity 20 was directed to use 15 halite to move south, but only 3 halite was available
At command 18 of 19:
    16   m 37 w
    17   m 38 w
>>> 18   m 20 s
    19   m 25 w


Turn 176
================================================================
warning: entity 38 was directed to use 2 halite to move west, but only 0 halite was available
At command 13 of 19:
    11   m 16 o
    12   m 37 s
>>> 13   m 38 w
    14   m 2 o
    15   m 0 w


Turn 177
================================================================
warning: entity 20 was directed to use 38 halite to move south, but only 32 halite was available
At command 15 of 20:
    13   m 35 s
    14   m 0 w
>>> 15   m 20 s
    16   m 37 s
    17   m 8 e

warning: entity 37 was directed to use 7 halite to move south, but only 0 halite was available
At command 16 of 20:
    14   m 0 w
    15   m 20 s
>>> 16   m 37 s
    17   m 8 e
    18   m 17 w


Turn 178
================================================================
warning: entity 35 was directed to use 11 halite to move east, but only 8 halite was available
At command 18 of 20:
    16   m 36 o
    17   m 0 w
>>> 18   m 35 e
    19   m 8 e
    20   m 39 n

warning: entity 8 was directed to use 3 halite to move east, but only 0 halite was available
At command 19 of 20:
    17   m 0 w
    18   m 35 e
>>> 19   m 8 e
    20   m 39 n


Turn 179
================================================================
warning: entity 0 was directed to use 4 halite to move west, but only 0 halite was available
At command 16 of 20:
    14   m 2 o
    15   m 20 e
>>> 16   m 0 w
    17   m 37 w
    18   m 21 e


Turn 180
================================================================
warning: entity 39 was directed to use 4 halite to move north, but only 0 halite was available
At command 20 of 20:
    18   m 37 s
    19   m 21 e
>>> 20   m 39 n


Turn 181
================================================================
warning: entity 35 was directed to use 12 halite to move east, but only 4 halite was available
At command 17 of 20:
    15   m 25 n
    16   m 16 o
>>> 17   m 35 e
    18   m 8 e
    19   m 21 e


Turn 182
================================================================
warning: entity 8 was directed to use 5 halite to move south, but only 1 halite was available
At command 13 of 20:
    11   m 6 e
    12   m 39 o
>>> 13   m 8 s
    14   m 0 w
    15   m 20 o

warning: entity 38 was directed to use 2 halite to move north, but only 1 halite was available
At command 17 of 20:
    15   m 20 o
    16   m 17 o
>>> 17   m 38 n
    18   m 25 s
    19   m 21 e


Turn 185
================================================================
warning: entity 25 was directed to use 1 halite to move west, but only 0 halite was available
At command 20 of 20:
    18   m 21 n
    19   m 38 n
>>> 20   m 25 w


Turn 186
================================================================
warning: entity 38 was directed to use 5 halite to move north, but only 1 halite was available
At command 19 of 21:
    17   m 37 s
    18   m 0 o
>>> 19   m 38 n
    20   m 6 e
    21   g


Turn 187
================================================================
warning: entity 25 was directed to use 6 halite to move north, but only 3 halite was available
At command 17 of 21:
    15   m 37 o
    16   m 21 o
>>> 17   m 25 n
    18   m 36 w
    19   m 6 e

warning: entity 8 was directed to use 8 halite to move south, but only 0 halite was available
At command 20 of 21:
    18   m 36 w
    19   m 6 e
>>> 20   m 8 s
    21   m 40 e


Turn 188
================================================================
warning: entity 40 was directed to use 1 halite to move north, but only 0 halite was available
At command 18 of 21:
    16   m 8 s
    17   m 4 o
>>> 18   m 40 n
    19   m 6 e
    20   m 38 n


Turn 189
================================================================
warning: entity 38 was directed to use 7 halite to move north, but only 4 halite was available
At command 21 of 21:
    19   m 8 s
    20   m 6 n
>>> 21   m 38 n


Turn 190
================================================================
warning: entity 40 was directed to use 4 halite to move west, but only 3 halite was available
At command 19 of 21:
    17   m 4 e
    18   m 25 e
>>> 19   m 40 w
    20   m 6 n
    21   m 8 s


Turn 192
================================================================
warning: entity 21 was directed to use 1 halite to move north, but only 0 halite was available
At command 21 of 21:
    19   m 13 o
    20   m 16 w
>>> 21   m 21 n


Turn 196
================================================================
warning: entity 25 was directed to use 9 halite to move north, but only 0 halite was available
At command 14 of 23:
    12   m 26 o
    13   m 14 o
>>> 14   m 25 n
    15   m 6 n
    16   m 20 e

warning: entity 41 was directed to use 2 halite to move south, but only 0 halite was available
At command 18 of 23:
    16   m 20 e
    17   m 37 o
>>> 18   m 41 s
    19   m 21 n
    20   m 35 e

warning: entity 21 was directed to use 3 halite to move north, but only 1 halite was available
At command 19 of 23:
    17   m 37 o
    18   m 41 s
>>> 19   m 21 n
    20   m 35 e
    21   m 40 w


Turn 198
================================================================
warning: entity 41 was directed to use 6 halite to move south, but only 5 halite was available
At command 18 of 23:
    16   m 0 o
    17   m 2 o
>>> 18   m 41 s
    19   m 40 e
    20   m 25 n


Turn 199
================================================================
warning: entity 21 was directed to use 11 halite to move north, but only 3 halite was available
At command 23 of 23:
    21   m 4 w
    22   m 40 n
>>> 23   m 21 n


Turn 200
================================================================
warning: entity 25 was directed to use 19 halite to move north, but only 5 halite was available
At command 21 of 23:
    19   m 13 s
    20   m 41 s
>>> 21   m 25 n
    22   m 6 o
    23   m 40 n

warning: entity 40 was directed to use 2 halite to move north, but only 1 halite was available
At command 23 of 23:
    21   m 25 n
    22   m 6 o
>>> 23   m 40 n


Turn 202
================================================================
warning: entity 40 was directed to use 9 halite to move north, but only 6 halite was available
At command 21 of 23:
    19   m 6 n
    20   m 25 o
>>> 21   m 40 n
    22   m 41 s
    23   m 4 n

warning: entity 41 was directed to use 8 halite to move south, but only 6 halite was available
At command 22 of 23:
    20   m 25 o
    21   m 40 n
>>> 22   m 41 s
    23   m 4 n


Turn 205
================================================================
warning: entity 6 was directed to use 11 halite to move north, but only 2 halite was available
At command 23 of 23:
    21   m 41 s
    22   m 16 e
>>> 23   m 6 n


Turn 206
================================================================
warning: entity 41 was directed to use 9 halite to move south, but only 0 halite was available
At command 22 of 23:
    20   m 25 o
    21   m 40 n
>>> 22   m 41 s
    23   m 16 e


Turn 207
================================================================
warning: entity 6 was directed to use 28 halite to move north, but only 22 halite was available
At command 21 of 24:
    19   m 4 w
    20   m 26 o
>>> 21   m 6 n
    22   m 8 o
    23   m 40 n

warning: entity 40 was directed to use 11 halite to move north, but only 4 halite was available
At command 23 of 24:
    21   m 6 n
    22   m 8 o
>>> 23   m 40 n
    24   g


Turn 208
================================================================
warning: entity 4 was directed to use 2 halite to move west, but only 0 halite was available
At command 17 of 24:
    15   m 40 n
    16   m 14 e
>>> 17   m 4 w
    18   m 20 o
    19   m 21 w

warning: entity 41 was directed to use 26 halite to move east, but only 17 halite was available
At command 22 of 24:
    20   m 16 e
    21   m 25 n
>>> 22   m 41 e
    23   m 29 e
    24   m 43 n


Turn 211
================================================================
warning: entity 4 was directed to use 6 halite to move south, but only 3 halite was available
At command 16 of 24:
    14   m 21 o
    15   m 40 o
>>> 16   m 4 s
    17   m 35 o
    18   m 13 o

warning: entity 6 was directed to use 51 halite to move north, but only 7 halite was available
At command 21 of 24:
    19   m 20 o
    20   m 41 s
>>> 21   m 6 n
    22   m 36 o
    23   m 16 o


Turn 213
================================================================
warning: entity 41 was directed to use 12 halite to move south, but only 11 halite was available
At command 23 of 24:
    21   m 4 s
    22   m 8 o
>>> 23   m 41 s
    24   m 31 o


Turn 215
================================================================
warning: entity 4 was directed to use 14 halite to move south, but only 0 halite was available
At command 24 of 24:
    22   m 2 o
    23   m 29 n
>>> 24   m 4 s


Turn 219
================================================================
warning: entity 4 was directed to use 8 halite to move north, but only 7 halite was available
At command 18 of 24:
    16   m 35 n
    17   m 8 o
>>> 18   m 4 n
    19   m 26 e
    20   m 17 s


Turn 222
================================================================
warning: entity 17 was directed to use 2 halite to move west, but only 0 halite was available
At command 11 of 24:
    9   m 8 n
    10   m 43 e
>>> 11   m 17 w
    12   m 41 o
    13   m 14 o

warning: entity 4 was directed to use 13 halite to move north, but only 4 halite was available
At command 15 of 24:
    13   m 14 o
    14   m 21 n
>>> 15   m 4 n
    16   m 31 n
    17   m 42 n


Turn 223
================================================================
warning: entity 43 was directed to use 6 halite to move east, but only 3 halite was available
At command 16 of 24:
    14   m 16 e
    15   m 8 o
>>> 16   m 43 e
    17   m 21 o
    18   m 31 e


Turn 224
================================================================
warning: entity 16 was directed to use 19 halite to move east, but only 0 halite was available
At command 22 of 24:
    20   m 31 e
    21   m 17 e
>>> 22   m 16 e
    23   m 35 n
    24   m 44 o


Turn 227
================================================================
warning: entity 44 was directed to use 2 halite to move east, but only 0 halite was available
At command 17 of 24:
    15   m 25 o
    16   m 36 o
>>> 17   m 44 e
    18   m 29 w
    19   m 17 n


Turn 228
================================================================
warning: entity 17 was directed to use 2 halite to move north, but only 0 halite was available
At command 18 of 25:
    16   m 20 e
    17   m 39 s
>>> 18   m 17 n
    19   m 26 s
    20   m 16 s


Turn 231
================================================================
warning: entity 17 was directed to use 2 halite to move east, but only 0 halite was available
At command 18 of 26:
    16   m 31 e
    17   m 14 o
>>> 18   m 17 e
    19   m 8 w
    20   m 16 e

warning: entity 16 was directed to use 10 halite to move east, but only 3 halite was available
At command 20 of 26:
    18   m 17 e
    19   m 8 w
>>> 20   m 16 e
    21   m 26 s
    22   m 35 n

warning: entity 29 was directed to use 1 halite to move north, but only 0 halite was available
At command 24 of 26:
    22   m 35 n
    23   m 20 w
>>> 24   m 29 n
    25   m 45 e
    26   m 46 s

warning: entity 45 was directed to use 1 halite to move east, but only 0 halite was available
At command 25 of 26:
    23   m 20 w
    24   m 29 n
>>> 25   m 45 e
    26   m 46 s


Turn 232
================================================================
warning: entity 44 was directed to use 2 halite to move west, but only 1 halite was available
At command 13 of 26:
    11   m 45 e
    12   m 35 n
>>> 13   m 44 w
    14   m 40 o
    15   m 41 o


Turn 233
================================================================
warning: entity 46 was directed to use 14 halite to move east, but only 0 halite was available
At command 12 of 26:
    10   m 29 n
    11   m 36 w
>>> 12   m 46 e
    13   m 35 n
    14   m 6 o

warning: entity 45 was directed to use 4 halite to move east, but only 3 halite was available
At command 18 of 26:
    16   m 42 n
    17   m 17 n
>>> 18   m 45 e
    19   m 43 o
    20   m 13 e


Turn 234
================================================================
warning: entity 29 was directed to use 1 halite to move north, but only 0 halite was available
At command 19 of 26:
    17   m 44 n
    18   m 26 s
>>> 19   m 29 n
    20   m 35 o
    21   m 42 o

warning: entity 17 was directed to use 4 halite to move east, but only 1 halite was available
At command 22 of 26:
    20   m 35 o
    21   m 42 o
>>> 22   m 17 e
    23   m 13 e
    24   m 31 n


Turn 236
================================================================
warning: entity 44 was directed to use 6 halite to move north, but only 1 halite was available
At command 23 of 26:
    21   m 16 e
    22   m 46 e
>>> 23   m 44 n
    24   m 26 e
    25   m 13 n


Turn 237
================================================================
warning: entity 16 was directed to use 5 halite to move south, but only 4 halite was available
At command 15 of 26:
    13   m 44 n
    14   m 31 o
>>> 15   m 16 s
    16   m 14 o
    17   m 39 o

warning: entity 29 was directed to use 3 halite to move north, but only 1 halite was available
At command 19 of 26:
    17   m 39 o
    18   m 35 n
>>> 19   m 29 n
    20   m 38 s
    21   m 37 e

warning: entity 45 was directed to use 11 halite to move south, but only 0 halite was available
At command 22 of 26:
    20   m 38 s
    21   m 37 e
>>> 22   m 45 s
    23   m 8 n
    24   m 26 e

warning: entity 26 was directed to use 1 halite to move east, but only 0 halite was available
At command 24 of 26:
    22   m 45 s
    23   m 8 n
>>> 24   m 26 e
    25   m 46 e
    26   m 13 n


Turn 239
================================================================
warning: entity 35 was directed to use 1 halite to move north, but only 0 halite was available
At command 10 of 26:
    8   m 14 o
    9   m 42 o
>>> 10   m 35 n
    11   m 43 n
    12   m 46 e


Turn 240
================================================================
warning: entity 46 was directed to use 3 halite to move west, but only 1 halite was available
At command 17 of 27:
    15   m 4 o
    16   m 17 s
>>> 17   m 46 w
    18   m 29 s
    19   m 45 e

warning: entity 26 was directed to use 2 halite to move west, but only 0 halite was available
At command 22 of 27:
    20   m 31 n
    21   m 13 n
>>> 22   m 26 w
    23   m 38 s
    24   m 44 e


Turn 241
================================================================
warning: entity 44 was directed to use 5 halite to move north, but only 0 halite was available
At command 24 of 27:
    22   m 38 s
    23   m 31 n
>>> 24   m 44 n
    25   m 37 e
    26   m 8 n


Turn 242
================================================================
warning: entity 20 was directed to use 3 halite to move east, but only 0 halite was available
At command 19 of 27:
    17   m 42 o
    18   m 35 n
>>> 19   m 20 e
    20   m 29 n
    21   m 17 n

warning: entity 29 was directed to use 2 halite to move north, but only 1 halite was available
At command 20 of 27:
    18   m 35 n
    19   m 20 e
>>> 20   m 29 n
    21   m 17 n
    22   m 13 n


Turn 243
================================================================
warning: entity 35 was directed to use 2 halite to move north, but only 1 halite was available
At command 14 of 27:
    12   m 29 n
    13   m 8 o
>>> 14   m 35 n
    15   m 0 o
    16   m 39 o

warning: entity 26 was directed to use 5 halite to move south, but only 1 halite was available
At command 19 of 27:
    17   m 14 e
    18   m 45 s
>>> 19   m 26 s
    20   m 44 o
    21   m 47 n


Turn 244
================================================================
warning: entity 20 was directed to use 7 halite to move south, but only 6 halite was available
At command 19 of 26:
    17   m 13 n
    18   m 6 s
>>> 19   m 20 s
    20   m 38 s
    21   m 29 n

warning: entity 29 was directed to use 7 halite to move north, but only 6 halite was available
At command 21 of 26:
    19   m 20 s
    20   m 38 s
>>> 21   m 29 n
    22   m 45 e
    23   m 47 n

warning: entity 47 was directed to use 1 halite to move north, but only 0 halite was available
At command 23 of 26:
    21   m 29 n
    22   m 45 e
>>> 23   m 47 n
    24   m 14 e
    25   m 31 w


Turn 246
================================================================
warning: entity 26 was directed to use 8 halite to move south, but only 5 halite was available
At command 13 of 27:
    11   m 38 o
    12   m 31 n
>>> 13   m 26 s
    14   m 25 w
    15   m 43 e

warning: entity 35 was directed to use 8 halite to move north, but only 2 halite was available
At command 23 of 27:
    21   m 14 e
    22   m 8 o
>>> 23   m 35 n
    24   m 13 w
    25   m 6 s


Turn 247
================================================================
warning: entity 47 was directed to use 2 halite to move north, but only 1 halite was available
At command 21 of 27:
    19   m 43 n
    20   m 45 e
>>> 21   m 47 n
    22   m 20 s
    23   m 14 e


Turn 248
================================================================
warning: entity 29 was directed to use 9 halite to move north, but only 6 halite was available
At command 19 of 28:
    17   m 8 n
    18   m 35 n
>>> 19   m 29 n
    20   m 25 w
    21   m 14 e


Turn 249
================================================================
warning: entity 8 was directed to use 1 halite to move west, but only 0 halite was available
At command 19 of 28:
    17   m 4 o
    18   m 21 o
>>> 19   m 8 w
    20   m 35 w
    21   m 25 s


Turn 250
================================================================
warning: entity 47 was directed to use 4 halite to move west, but only 1 halite was available
At command 19 of 28:
    17   m 31 s
    18   m 26 s
>>> 19   m 47 w
    20   m 6 n
    21   m 35 w

warning: entity 35 was directed to use 19 halite to move west, but only 11 halite was available
At command 21 of 28:
    19   m 47 w
    20   m 6 n
>>> 21   m 35 w
    22   m 25 s
    23   m 14 e

warning: entity 45 was directed to use 8 halite to move south, but only 1 halite was available
At command 25 of 28:
    23   m 14 e
    24   m 49 e
>>> 25   m 45 s
    26   m 20 s
    27   m 37 n

warning: entity 20 was directed to use 2 halite to move south, but only 1 halite was available
At command 26 of 28:
    24   m 49 e
    25   m 45 s
>>> 26   m 20 s
    27   m 37 n
    28   m 48 w


Turn 251
================================================================
warning: entity 48 was directed to use 1 halite to move west, but only 0 halite was available
At command 28 of 28:
    26   m 14 e
    27   m 37 n
>>> 28   m 48 w


Turn 252
================================================================
warning: entity 29 was directed to use 18 halite to move west, but only 13 halite was available
At command 22 of 28:
    20   m 20 s
    21   m 14 e
>>> 22   m 29 w
    23   m 6 s
    24   m 44 o

warning: entity 49 was directed to use 2 halite to move south, but only 0 halite was available
At command 25 of 28:
    23   m 6 s
    24   m 44 o
>>> 25   m 49 s
    26   m 31 w
    27   m 37 n

warning: entity 26 was directed to use 10 halite to move south, but only 3 halite was available
At command 28 of 28:
    26   m 31 w
    27   m 37 n
>>> 28   m 26 s


Turn 253
================================================================
warning: entity 20 was directed to use 7 halite to move south, but only 3 halite was available
At command 24 of 28:
    22   m 8 o
    23   m 35 n
>>> 24   m 20 s
    25   m 14 s
    26   m 6 s


Turn 254
================================================================
warning: entity 48 was directed to use 3 halite to move west, but only 0 halite was available
At command 24 of 28:
    22   m 44 s
    23   m 25 s
>>> 24   m 48 w
    25   m 35 n
    26   m 31 n


Turn 255
================================================================
warning: entity 38 was directed to use 1 halite to move north, but only 0 halite was available
At command 18 of 28:
    16   m 20 s
    17   m 31 n
>>> 18   m 38 n
    19   m 45 e
    20   m 47 n

warning: entity 47 was directed to use 14 halite to move north, but only 13 halite was available
At command 20 of 28:
    18   m 38 n
    19   m 45 e
>>> 20   m 47 n
    21   m 41 e
    22   m 13 e

warning: entity 13 was directed to use 11 halite to move east, but only 0 halite was available
At command 22 of 28:
    20   m 47 n
    21   m 41 e
>>> 22   m 13 e
    23   m 49 s
    24   m 37 n


Turn 256
================================================================
warning: entity 31 was directed to use 5 halite to move north, but only 0 halite was available
At command 15 of 28:
    13   m 44 o
    14   m 14 e
>>> 15   m 31 n
    16   m 20 o
    17   m 43 w

warning: entity 49 was directed to use 6 halite to move south, but only 3 halite was available
At command 26 of 28:
    24   m 41 e
    25   m 37 e
>>> 26   m 49 s
    27   m 25 o
    28   m 35 o


Turn 258
================================================================
warning: entity 26 was directed to use 10 halite to move south, but only 8 halite was available
At command 21 of 28:
    19   m 16 o
    20   m 49 w
>>> 21   m 26 s
    22   m 38 n
    23   m 48 s

warning: entity 38 was directed to use 3 halite to move north, but only 2 halite was available
At command 22 of 28:
    20   m 49 w
    21   m 26 s
>>> 22   m 38 n
    23   m 48 s
    24   m 47 n


Turn 260
================================================================
warning: entity 49 was directed to use 6 halite to move south, but only 3 halite was available
At command 16 of 28:
    14   m 48 n
    15   m 25 s
>>> 16   m 49 s
    17   m 26 o
    18   m 39 o

warning: entity 31 was directed to use 7 halite to move north, but only 2 halite was available
At command 24 of 28:
    22   m 14 s
    23   m 8 n
>>> 24   m 31 n
    25   m 6 o
    26   m 13 o


Turn 262
================================================================
warning: entity 8 was directed to use 6 halite to move north, but only 2 halite was available
At command 14 of 28:
    12   m 14 s
    13   m 47 n
>>> 14   m 8 n
    15   m 6 w
    16   m 49 s

warning: entity 48 was directed to use 5 halite to move north, but only 0 halite was available
At command 24 of 28:
    22   m 31 n
    23   m 0 e
>>> 24   m 48 n
    25   m 25 o
    26   m 37 e

warning: entity 38 was directed to use 4 halite to move north, but only 1 halite was available
At command 27 of 28:
    25   m 25 o
    26   m 37 e
>>> 27   m 38 n
    28   m 4 n


Turn 263
================================================================
warning: entity 37 was directed to use 1 halite to move south, but only 0 halite was available
At command 27 of 28:
    25   m 31 n
    26   m 0 e
>>> 27   m 37 s
    28   m 4 n


Turn 264
================================================================
warning: entity 49 was directed to use 8 halite to move south, but only 6 halite was available
At command 24 of 28:
    22   m 29 o
    23   m 13 s
>>> 24   m 49 s
    25   m 14 s
    26   m 31 s


Turn 265
================================================================
warning: entity 38 was directed to use 21 halite to move west, but only 1 halite was available
At command 18 of 28:
    16   m 16 o
    17   m 37 s
>>> 18   m 38 w
    19   m 41 n
    20   m 6 s

warning: entity 6 was directed to use 1 halite to move south, but only 0 halite was available
At command 20 of 28:
    18   m 38 w
    19   m 41 n
>>> 20   m 6 s
    21   m 8 n
    22   m 13 o


Turn 266
================================================================
warning: entity 14 was directed to use 8 halite to move east, but only 0 halite was available
At command 26 of 28:
    24   m 25 s
    25   m 0 o
>>> 26   m 14 e
    27   m 31 o
    28   m 4 n


Turn 267
================================================================
warning: entity 6 was directed to use 5 halite to move south, but only 4 halite was available
At command 24 of 28:
    22   m 13 o
    23   m 38 n
>>> 24   m 6 s
    25   m 48 o
    26   m 39 o


Turn 268
================================================================
warning: entity 49 was directed to use 3 halite to move south, but only 2 halite was available
At command 20 of 28:
    18   m 21 o
    19   m 8 n
>>> 20   m 49 s
    21   m 4 n
    22   m 0 e

warning: entity 37 was directed to use 4 halite to move north, but only 0 halite was available
At command 25 of 28:
    23   m 14 e
    24   m 31 o
>>> 25   m 37 n
    26   m 41 n
    27   m 38 n

warning: entity 38 was directed to use 34 halite to move north, but only 14 halite was available
At command 27 of 28:
    25   m 37 n
    26   m 41 n
>>> 27   m 38 n
    28   m 25 w

warning: entity 25 was directed to use 1 halite to move west, but only 0 halite was available
At command 28 of 28:
    26   m 41 n
    27   m 38 n
>>> 28   m 25 w


Turn 269
================================================================
warning: entity 8 was directed to use 14 halite to move north, but only 8 halite was available
At command 26 of 28:
    24   m 6 s
    25   m 48 o
>>> 26   m 8 n
    27   m 4 n
    28   m 14 s


Turn 270
================================================================
warning: entity 6 was directed to use 10 halite to move south, but only 8 halite was available
At command 23 of 28:
    21   m 37 s
    22   m 25 n
>>> 23   m 6 s
    24   m 36 e
    25   m 41 n


Turn 272
================================================================
warning: entity 37 was directed to use 2 halite to move south, but only 1 halite was available
At command 12 of 28:
    10   m 16 w
    11   m 31 o
>>> 12   m 37 s
    13   m 20 o
    14   m 8 n

warning: entity 49 was directed to use 7 halite to move south, but only 1 halite was available
At command 22 of 28:
    20   m 39 o
    21   m 38 o
>>> 22   m 49 s
    23   m 25 w
    24   m 36 e


Turn 274
================================================================
warning: entity 14 was directed to use 4 halite to move south, but only 0 halite was available
At command 27 of 28:
    25   m 25 n
    26   m 36 e
>>> 27   m 14 s
    28   m 4 e


Turn 275
================================================================
warning: entity 6 was directed to use 5 halite to move south, but only 3 halite was available
At command 16 of 28:
    14   m 47 o
    15   m 17 o
>>> 16   m 6 s
    17   m 44 o
    18   m 13 e

warning: entity 4 was directed to use 6 halite to move north, but only 0 halite was available
At command 24 of 28:
    22   m 21 e
    23   m 48 o
>>> 24   m 4 n
    25   m 41 n
    26   m 0 e

warning: entity 25 was directed to use 1 halite to move north, but only 0 halite was available
At command 27 of 28:
    25   m 41 n
    26   m 0 e
>>> 27   m 25 n
    28   m 36 n


Turn 278
================================================================
warning: entity 6 was directed to use 6 halite to move south, but only 0 halite was available
At command 21 of 28:
    19   m 43 o
    20   m 37 e
>>> 21   m 6 s
    22   m 39 e
    23   m 48 o


Turn 279
================================================================
warning: entity 4 was directed to use 5 halite to move south, but only 2 halite was available
At command 25 of 28:
    23   m 37 e
    24   m 39 o
>>> 25   m 4 s
    26   m 41 e
    27   m 25 n

warning: entity 41 was directed to use 2 halite to move east, but only 0 halite was available
At command 26 of 28:
    24   m 39 o
    25   m 4 s
>>> 26   m 41 e
    27   m 25 n
    28   m 21 s

warning: entity 25 was directed to use 4 halite to move north, but only 0 halite was available
At command 27 of 28:
    25   m 4 s
    26   m 41 e
>>> 27   m 25 n
    28   m 21 s


Turn 280
================================================================
warning: entity 6 was directed to use 18 halite to move south, but only 12 halite was available
At command 24 of 28:
    22   m 0 s
    23   m 29 o
>>> 24   m 6 s
    25   m 36 n
    26   m 14 e


Turn 282
================================================================
warning: entity 4 was directed to use 12 halite to move south, but only 7 halite was available
At command 17 of 28:
    15   m 31 o
    16   m 43 o
>>> 17   m 4 s
    18   m 6 s
    19   m 42 o


Turn 283
================================================================
warning: entity 25 was directed to use 6 halite to move north, but only 4 halite was available
At command 19 of 28:
    17   m 26 n
    18   m 36 n
>>> 19   m 25 n
    20   m 39 o
    21   m 44 e


Turn 284
================================================================
warning: entity 41 was directed to use 6 halite to move east, but only 1 halite was available
At command 25 of 28:
    23   m 36 n
    24   m 6 s
>>> 25   m 41 e
    26   m 40 w
    27   m 0 e


Turn 285
================================================================
warning: entity 0 was directed to use 1 halite to move east, but only 0 halite was available
At command 27 of 28:
    25   m 6 o
    26   m 40 w
>>> 27   m 0 e
    28   m 21 s


Turn 287
================================================================
warning: entity 41 was directed to use 10 halite to move east, but only 8 halite was available
At command 23 of 28:
    21   m 40 w
    22   m 0 e
>>> 23   m 41 e
    24   m 25 w
    25   m 48 o


Turn 288
================================================================
warning: entity 25 was directed to use 3 halite to move west, but only 1 halite was available
At command 26 of 28:
    24   m 0 e
    25   m 40 n
>>> 26   m 25 w
    27   m 4 e
    28   m 21 w

warning: entity 4 was directed to use 5 halite to move east, but only 0 halite was available
At command 27 of 28:
    25   m 40 n
    26   m 25 w
>>> 27   m 4 e
    28   m 21 w


Turn 289
================================================================
warning: entity 36 was directed to use 1 halite to move east, but only 0 halite was available
At command 26 of 28:
    24   m 21 e
    25   m 45 o
>>> 26   m 36 e
    27   m 0 e
    28   m 40 n

warning: entity 0 was directed to use 4 halite to move east, but only 3 halite was available
At command 27 of 28:
    25   m 45 o
    26   m 36 e
>>> 27   m 0 e
    28   m 40 n


Turn 290
================================================================
warning: entity 4 was directed to use 13 halite to move east, but only 11 halite was available
At command 24 of 28:
    22   m 25 n
    23   m 41 e
>>> 24   m 4 e
    25   m 26 w
    26   m 16 s


Turn 291
================================================================
warning: entity 36 was directed to use 5 halite to move east, but only 3 halite was available
At command 26 of 28:
    24   m 20 o
    25   m 21 s
>>> 26   m 36 e
    27   m 26 w
    28   m 16 w


Turn 295
================================================================
warning: entity 0 was directed to use 53 halite to move east, but only 16 halite was available
At command 24 of 28:
    22   m 40 n
    23   m 25 o
>>> 24   m 0 e
    25   m 36 n
    26   m 41 o

warning: entity 36 was directed to use 5 halite to move north, but only 4 halite was available
At command 25 of 28:
    23   m 25 o
    24   m 0 e
>>> 25   m 36 n
    26   m 41 o
    27   m 26 n


Turn 301
================================================================
warning: entity 21 was directed to use 5 halite to move south, but only 0 halite was available
At command 25 of 27:
    23   m 0 s
    24   m 36 e
>>> 25   m 21 s
    26   m 16 n
    27   m 40 n


Turn 306
================================================================
warning: entity 21 was directed to use 6 halite to move south, but only 2 halite was available
At command 17 of 26:
    15   m 39 w
    16   m 47 o
>>> 17   m 21 s
    18   m 8 o
    19   m 44 e


Turn 307
================================================================
warning: entity 40 was directed to use 3 halite to move east, but only 0 halite was available
At command 24 of 26:
    22   m 43 n
    23   m 44 o
>>> 24   m 40 e
    25   m 16 w
    26   m 35 e


Turn 308
================================================================
warning: entity 21 was directed to use 22 halite to move south, but only 14 halite was available
At command 18 of 26:
    16   m 39 o
    17   m 49 o
>>> 18   m 21 s
    19   m 14 o
    20   m 6 o


Turn 309
================================================================
warning: entity 16 was directed to use 3 halite to move south, but only 0 halite was available
At command 17 of 26:
    15   m 4 e
    16   m 29 e
>>> 17   m 16 s
    18   m 26 n
    19   m 42 o


Turn 310
================================================================
warning: entity 40 was directed to use 7 halite to move east, but only 2 halite was available
At command 16 of 26:
    14   m 48 o
    15   m 4 o
>>> 16   m 40 e
    17   m 25 o
    18   m 35 w


Turn 311
================================================================
warning: entity 26 was directed to use 1 halite to move north, but only 0 halite was available
At command 26 of 26:
    24   m 35 e
    25   m 21 s
>>> 26   m 26 n


Turn 313
================================================================
warning: entity 16 was directed to use 2 halite to move south, but only 1 halite was available
At command 23 of 26:
    21   m 48 o
    22   m 29 o
>>> 23   m 16 s
    24   m 26 n
    25   m 47 e


Turn 314
================================================================
warning: entity 26 was directed to use 3 halite to move south, but only 1 halite was available
At command 24 of 26:
    22   m 37 o
    23   m 43 n
>>> 24   m 26 s
    25   m 40 e
    26   m 47 n


Turn 316
================================================================
warning: entity 16 was directed to use 16 halite to move south, but only 2 halite was available
At command 24 of 26:
    22   m 26 w
    23   m 40 e
>>> 24   m 16 s
    25   m 35 n
    26   m 47 n


Turn 318
================================================================
warning: entity 26 was directed to use 3 halite to move north, but only 2 halite was available
At command 24 of 26:
    22   m 29 o
    23   m 43 n
>>> 24   m 26 n
    25   m 40 o
    26   m 35 n


Turn 332
================================================================
warning: entity 43 was directed to use 2 halite to move north, but only 0 halite was available
At command 24 of 25:
    22   m 47 w
    23   m 42 n
>>> 24   m 43 n
    25   m 48 e


Turn 333
================================================================
warning: entity 47 was directed to use 1 halite to move west, but only 0 halite was available
At command 23 of 25:
    21   m 20 n
    22   m 35 n
>>> 23   m 47 w
    24   m 42 n
    25   m 48 e


Turn 334
================================================================
warning: entity 35 was directed to use 1 halite to move north, but only 0 halite was available
At command 24 of 25:
    22   m 49 o
    23   m 42 n
>>> 24   m 35 n
    25   m 48 e


Turn 335
================================================================
warning: entity 43 was directed to use 4 halite to move north, but only 2 halite was available
At command 21 of 25:
    19   m 48 e
    20   m 14 w
>>> 21   m 43 n
    22   m 4 w
    23   m 29 o


Turn 336
================================================================
warning: entity 47 was directed to use 4 halite to move west, but only 2 halite was available
At command 24 of 25:
    22   m 13 o
    23   m 4 w
>>> 24   m 47 w
    25   m 42 n


Turn 339
================================================================
warning: entity 35 was directed to use 2 halite to move north, but only 1 halite was available
At command 22 of 25:
    20   m 4 w
    21   m 49 o
>>> 22   m 35 n
    23   m 43 s
    24   m 20 n


Turn 340
================================================================
warning: entity 43 was directed to use 3 halite to move north, but only 2 halite was available
At command 21 of 25:
    19   m 42 w
    20   m 16 o
>>> 21   m 43 n
    22   m 20 n
    23   m 47 s


Turn 341
================================================================
warning: entity 20 was directed to use 4 halite to move north, but only 0 halite was available
At command 23 of 25:
    21   m 49 o
    22   m 47 s
>>> 23   m 20 n
    24   m 4 w
    25   m 48 e


Turn 342
================================================================
warning: entity 47 was directed to use 4 halite to move south, but only 0 halite was available
At command 21 of 25:
    19   m 43 n
    20   m 21 e
>>> 21   m 47 s
    22   m 42 e
    23   m 4 n


Turn 344
================================================================
warning: entity 47 was directed to use 12 halite to move south, but only 9 halite was available
At command 17 of 25:
    15   m 49 o
    16   m 20 n
>>> 17   m 47 s
    18   m 31 o
    19   m 6 n


Turn 345
================================================================
warning: entity 35 was directed to use 8 halite to move north, but only 0 halite was available
At command 22 of 25:
    20   m 38 w
    21   m 20 n
>>> 22   m 35 n
    23   m 42 n
    24   m 4 w


Turn 347
================================================================
warning: entity 42 was directed to use 3 halite to move south, but only 0 halite was available
At command 24 of 25:
    22   m 21 n
    23   m 20 n
>>> 24   m 42 s
    25   m 48 s


Turn 349
================================================================
warning: entity 20 was directed to use 4 halite to move north, but only 1 halite was available
At command 24 of 24:
    22   m 14 o
    23   m 21 n
>>> 24   m 20 n


Turn 356
================================================================
warning: entity 42 was directed to use 8 halite to move north, but only 5 halite was available
At command 22 of 23:
    20   m 4 n
    21   m 49 o
>>> 22   m 42 n
    23   m 6 n


Turn 362
================================================================
warning: entity 6 was directed to use 1 halite to move west, but only 0 halite was available
At command 18 of 23:
    16   m 29 s
    17   m 4 w
>>> 18   m 6 w
    19   m 17 o
    20   m 38 n


Turn 365
================================================================
warning: entity 6 was directed to use 2 halite to move north, but only 1 halite was available
At command 18 of 23:
    16   m 38 n
    17   m 20 o
>>> 18   m 6 n
    19   m 14 n
    20   m 17 o


Turn 369
================================================================
warning: entity 6 was directed to use 4 halite to move north, but only 1 halite was available
At command 18 of 23:
    16   m 25 w
    17   m 17 o
>>> 18   m 6 n
    19   m 31 n
    20   m 14 n


Turn 371
================================================================
warning: entity 4 was directed to use 1 halite to move south, but only 0 halite was available
At command 23 of 23:
    21   m 39 n
    22   m 8 e
>>> 23   m 4 s


Turn 373
================================================================
warning: entity 6 was directed to use 17 halite to move east, but only 2 halite was available
At command 21 of 23:
    19   m 44 w
    20   m 31 n
>>> 21   m 6 e
    22   m 8 e
    23   m 39 e


Turn 376
================================================================
warning: entity 38 was directed to use 4 halite to move east, but only 0 halite was available
At command 20 of 23:
    18   m 37 e
    19   m 4 e
>>> 20   m 38 e
    21   m 49 e
    22   m 44 e


Turn 377
================================================================
warning: entity 49 was directed to use 2 halite to move east, but only 0 halite was available
At command 19 of 23:
    17   m 8 e
    18   m 44 e
>>> 19   m 49 e
    20   m 31 w
    21   m 16 n

warning: entity 4 was directed to use 6 halite to move south, but only 3 halite was available
At command 23 of 23:
    21   m 16 n
    22   m 39 n
>>> 23   m 4 s


Turn 380
================================================================
warning: entity 4 was directed to use 11 halite to move south, but only 5 halite was available
At command 16 of 23:
    14   m 35 o
    15   m 49 e
>>> 16   m 4 s
    17   m 25 o
    18   m 17 w

warning: entity 29 was directed to use 2 halite to move south, but only 0 halite was available
At command 21 of 23:
    19   m 31 n
    20   m 44 e
>>> 21   m 29 s
    22   m 16 n
    23   m 39 n


Turn 383
================================================================
warning: entity 14 was directed to use 2 halite to move south, but only 0 halite was available
At command 18 of 23:
    16   m 16 n
    17   m 29 s
>>> 18   m 14 s
    19   m 8 n
    20   m 49 e


Turn 384
================================================================
warning: entity 29 was directed to use 7 halite to move south, but only 3 halite was available
At command 12 of 23:
    10   m 42 o
    11   m 16 n
>>> 12   m 29 s
    13   m 17 w
    14   m 47 e


Turn 385
================================================================
warning: entity 49 was directed to use 5 halite to move east, but only 3 halite was available
At command 16 of 23:
    14   m 37 o
    15   m 14 e
>>> 16   m 49 e
    17   m 38 s
    18   m 16 n


Turn 386
================================================================
warning: entity 14 was directed to use 4 halite to move south, but only 3 halite was available
At command 18 of 23:
    16   m 29 s
    17   m 39 n
>>> 18   m 14 s
    19   m 16 n
    20   m 38 s

warning: entity 31 was directed to use 3 halite to move west, but only 0 halite was available
At command 22 of 23:
    20   m 38 s
    21   m 17 s
>>> 22   m 31 w
    23   m 44 o


Turn 387
================================================================
warning: entity 29 was directed to use 15 halite to move south, but only 3 halite was available
At command 19 of 23:
    17   m 49 w
    18   m 8 n
>>> 19   m 29 s
    20   m 39 s
    21   m 16 o


Turn 389
================================================================
warning: entity 39 was directed to use 3 halite to move east, but only 0 halite was available
At command 21 of 23:
    19   m 17 n
    20   m 29 o
>>> 21   m 39 e
    22   m 31 w
    23   m 49 e


Turn 390
================================================================
warning: entity 14 was directed to use 6 halite to move south, but only 3 halite was available
At command 17 of 23:
    15   m 47 o
    16   m 40 n
>>> 17   m 14 s
    18   m 16 n
    19   m 44 s


Turn 392
================================================================
warning: entity 44 was directed to use 3 halite to move north, but only 0 halite was available
At command 17 of 23:
    15   m 25 o
    16   m 17 n
>>> 17   m 44 n
    18   m 6 o
    19   m 29 o


Turn 394
================================================================
warning: entity 44 was directed to use 10 halite to move south, but only 6 halite was available
At command 16 of 23:
    14   m 13 o
    15   m 25 e
>>> 16   m 44 s
    17   m 6 o
    18   m 4 s

warning: entity 39 was directed to use 2 halite to move south, but only 1 halite was available
At command 20 of 23:
    18   m 4 s
    19   m 17 n
>>> 20   m 39 s
    21   m 31 o
    22   m 14 w


Turn 396
================================================================
warning: entity 8 was directed to use 2 halite to move south, but only 0 halite was available
At command 21 of 23:
    19   m 44 s
    20   m 39 e
>>> 21   m 8 s
    22   m 4 n
    23   m 14 s


Turn 397
================================================================
warning: entity 39 was directed to use 4 halite to move south, but only 2 halite was available
At command 19 of 23:
    17   m 17 s
    18   m 14 o
>>> 19   m 39 s
    20   m 16 n
    21   m 44 s


Turn 398
================================================================
warning: entity 8 was directed to use 7 halite to move east, but only 5 halite was available
At command 15 of 23:
    13   m 40 o
    14   m 20 o
>>> 15   m 8 e
    16   m 38 o
    17   m 49 e

warning: entity 44 was directed to use 23 halite to move south, but only 17 halite was available
At command 19 of 23:
    17   m 49 e
    18   m 6 o
>>> 19   m 44 s
    20   m 17 o
    21   m 16 w

